[2025-03-27T13:52:17.210+0000] {local_task_job_runner.py:123} INFO - ::group::Pre task execution logs
[2025-03-27T13:52:17.230+0000] {taskinstance.py:2614} INFO - Dependencies all met for dep_context=non-requeueable deps ti=<TaskInstance: split_web_scraping_v01.scrape_and_store manual__2025-03-27T13:17:11.585897+00:00 [queued]>
[2025-03-27T13:52:17.239+0000] {taskinstance.py:2614} INFO - Dependencies all met for dep_context=requeueable deps ti=<TaskInstance: split_web_scraping_v01.scrape_and_store manual__2025-03-27T13:17:11.585897+00:00 [queued]>
[2025-03-27T13:52:17.240+0000] {taskinstance.py:2867} INFO - Starting attempt 2 of 6
[2025-03-27T13:52:17.257+0000] {taskinstance.py:2890} INFO - Executing <Task(PythonOperator): scrape_and_store> on 2025-03-27 13:17:11.585897+00:00
[2025-03-27T13:52:17.263+0000] {standard_task_runner.py:72} INFO - Started process 15036 to run task
[2025-03-27T13:52:17.267+0000] {standard_task_runner.py:104} INFO - Running: ['***', 'tasks', 'run', 'split_web_scraping_v01', 'scrape_and_store', 'manual__2025-03-27T13:17:11.585897+00:00', '--job-id', '75', '--raw', '--subdir', 'DAGS_FOLDER/split_web_scraping.py', '--cfg-path', '/tmp/tmpea27dqz6']
[2025-03-27T13:52:17.271+0000] {standard_task_runner.py:105} INFO - Job 75: Subtask scrape_and_store
[2025-03-27T13:52:17.328+0000] {task_command.py:467} INFO - Running <TaskInstance: split_web_scraping_v01.scrape_and_store manual__2025-03-27T13:17:11.585897+00:00 [running]> on host c79bd584e644
[2025-03-27T13:52:17.416+0000] {taskinstance.py:3134} INFO - Exporting env vars: AIRFLOW_CTX_DAG_OWNER='waiyong' AIRFLOW_CTX_DAG_ID='split_web_scraping_v01' AIRFLOW_CTX_TASK_ID='scrape_and_store' AIRFLOW_CTX_EXECUTION_DATE='2025-03-27T13:17:11.585897+00:00' AIRFLOW_CTX_TRY_NUMBER='2' AIRFLOW_CTX_DAG_RUN_ID='manual__2025-03-27T13:17:11.585897+00:00'
[2025-03-27T13:52:17.419+0000] {taskinstance.py:732} INFO - ::endgroup::
[2025-03-27T13:52:17.434+0000] {logging_mixin.py:190} INFO - Processing batch 1: pages 1 to 10
[2025-03-27T13:52:17.435+0000] {logging_mixin.py:190} INFO - Scraping page 1...
[2025-03-27T13:52:32.916+0000] {logging_mixin.py:190} INFO - Scraping page 2...
[2025-03-27T13:52:49.290+0000] {logging_mixin.py:190} INFO - Scraping page 3...
[2025-03-27T13:53:08.278+0000] {logging_mixin.py:190} INFO - Scraping page 4...
[2025-03-27T13:53:27.777+0000] {logging_mixin.py:190} INFO - Scraping page 5...
[2025-03-27T13:53:45.645+0000] {logging_mixin.py:190} INFO - Scraping page 6...
[2025-03-27T13:54:03.257+0000] {logging_mixin.py:190} INFO - Error scraping https://teduh.kpkt.gov.my/project-swasta/30693-1: HTTPSConnectionPool(host='teduh.kpkt.gov.my', port=443): Max retries exceeded with url: /project-swasta/30693-1 (Caused by ConnectTimeoutError(<urllib3.connection.HTTPSConnection object at 0x7fca68b7f1c0>, 'Connection to teduh.kpkt.gov.my timed out. (connect timeout=10)'))
[2025-03-27T13:54:13.829+0000] {logging_mixin.py:190} INFO - Scraping page 7...
[2025-03-27T13:54:30.439+0000] {logging_mixin.py:190} INFO - Scraping page 8...
[2025-03-27T13:54:46.327+0000] {logging_mixin.py:190} INFO - Scraping page 9...
[2025-03-27T13:55:05.696+0000] {logging_mixin.py:190} INFO - Scraping page 10...
[2025-03-27T13:55:23.028+0000] {logging_mixin.py:190} INFO - Columns before rename: ['BIL.', 'KOD PROJEK', 'PEMAJU', 'PROJEK', 'NO. PERMIT', 'STATUS PROJEK KESELURUHAN', 'RINGKASAN PROJEK', 'Daerah Projek', 'Negeri Projek', 'Harga Minimum (RM)', 'Harga Maksimum (RM)']
[2025-03-27T13:55:23.045+0000] {logging_mixin.py:190} INFO -   Bil  ...                                  RINGKASAN PROJEK
0   1  ...  https://teduh.kpkt.gov.my/project-swasta/30969-1
1   2  ...  https://teduh.kpkt.gov.my/project-swasta/30946-1
2   3  ...  https://teduh.kpkt.gov.my/project-swasta/30937-1
3   4  ...  https://teduh.kpkt.gov.my/project-swasta/30921-1
4   5  ...  https://teduh.kpkt.gov.my/project-swasta/30920-1
5   6  ...  https://teduh.kpkt.gov.my/project-swasta/30914-1
6   7  ...  https://teduh.kpkt.gov.my/project-swasta/30913-1
7   8  ...  https://teduh.kpkt.gov.my/project-swasta/30909-1
8   9  ...  https://teduh.kpkt.gov.my/project-swasta/30908-1
9  10  ...  https://teduh.kpkt.gov.my/project-swasta/30902-1

[10 rows x 11 columns]
[2025-03-27T13:55:23.051+0000] {logging_mixin.py:190} INFO - CSV file created: /tmp/construction_20250327_batch_1_pages_1_10.csv
[2025-03-27T13:55:23.105+0000] {logging_mixin.py:190} INFO - Uploaded /tmp/construction_20250327_batch_1_pages_1_10.csv to minio://construction-web-scraping/teduh/construction_20250327_batch_1_pages_1_10.csv
[2025-03-27T13:55:23.106+0000] {logging_mixin.py:190} INFO - Batch 1 processed with 250 rows.
[2025-03-27T13:55:23.107+0000] {logging_mixin.py:190} INFO - Processing batch 2: pages 11 to 20
[2025-03-27T13:55:23.108+0000] {logging_mixin.py:190} INFO - Scraping page 11...
[2025-03-27T13:55:42.064+0000] {logging_mixin.py:190} INFO - Scraping page 12...
[2025-03-27T13:55:58.177+0000] {logging_mixin.py:190} INFO - Scraping page 13...
[2025-03-27T13:56:16.317+0000] {logging_mixin.py:190} INFO - Scraping page 14...
[2025-03-27T13:56:32.355+0000] {logging_mixin.py:190} INFO - Scraping page 15...
[2025-03-27T13:56:48.338+0000] {logging_mixin.py:190} INFO - Scraping page 16...
[2025-03-27T13:57:04.236+0000] {logging_mixin.py:190} INFO - Scraping page 17...
[2025-03-27T13:57:20.930+0000] {logging_mixin.py:190} INFO - Scraping page 18...
[2025-03-27T13:57:37.291+0000] {logging_mixin.py:190} INFO - Scraping page 19...
[2025-03-27T13:57:53.297+0000] {logging_mixin.py:190} INFO - Scraping page 20...
[2025-03-27T13:58:09.328+0000] {logging_mixin.py:190} INFO - Columns before rename: ['BIL.', 'KOD PROJEK', 'PEMAJU', 'PROJEK', 'NO. PERMIT', 'STATUS PROJEK KESELURUHAN', 'RINGKASAN PROJEK', 'Daerah Projek', 'Negeri Projek', 'Harga Minimum (RM)', 'Harga Maksimum (RM)']
[2025-03-27T13:58:09.351+0000] {logging_mixin.py:190} INFO -    Bil  ...                                  RINGKASAN PROJEK
0  251  ...  https://teduh.kpkt.gov.my/project-swasta/30557-1
1  252  ...  https://teduh.kpkt.gov.my/project-swasta/30555-1
2  253  ...  https://teduh.kpkt.gov.my/project-swasta/30552-2
3  254  ...  https://teduh.kpkt.gov.my/project-swasta/30552-1
4  255  ...  https://teduh.kpkt.gov.my/project-swasta/30550-1
5  256  ...  https://teduh.kpkt.gov.my/project-swasta/30549-1
6  257  ...  https://teduh.kpkt.gov.my/project-swasta/30548-4
7  258  ...  https://teduh.kpkt.gov.my/project-swasta/30548-3
8  259  ...  https://teduh.kpkt.gov.my/project-swasta/30548-2
9  260  ...  https://teduh.kpkt.gov.my/project-swasta/30548-1

[10 rows x 11 columns]
[2025-03-27T13:58:09.357+0000] {logging_mixin.py:190} INFO - CSV file created: /tmp/construction_20250327_batch_2_pages_11_20.csv
[2025-03-27T13:58:09.420+0000] {logging_mixin.py:190} INFO - Uploaded /tmp/construction_20250327_batch_2_pages_11_20.csv to minio://construction-web-scraping/teduh/construction_20250327_batch_2_pages_11_20.csv
[2025-03-27T13:58:09.422+0000] {logging_mixin.py:190} INFO - Batch 2 processed with 250 rows.
[2025-03-27T13:58:09.423+0000] {logging_mixin.py:190} INFO - Processing batch 3: pages 21 to 30
[2025-03-27T13:58:09.425+0000] {logging_mixin.py:190} INFO - Scraping page 21...
[2025-03-27T13:58:25.683+0000] {logging_mixin.py:190} INFO - Scraping page 22...
[2025-03-27T13:58:41.920+0000] {logging_mixin.py:190} INFO - Scraping page 23...
[2025-03-27T13:58:59.857+0000] {logging_mixin.py:190} INFO - Scraping page 24...
[2025-03-27T13:59:16.041+0000] {logging_mixin.py:190} INFO - Scraping page 25...
[2025-03-27T13:59:31.157+0000] {logging_mixin.py:190} INFO - Scraping page 26...
[2025-03-27T13:59:47.358+0000] {logging_mixin.py:190} INFO - Scraping page 27...
[2025-03-27T14:00:03.678+0000] {logging_mixin.py:190} INFO - Scraping page 28...
[2025-03-27T14:00:23.367+0000] {logging_mixin.py:190} INFO - Scraping page 29...
[2025-03-27T14:00:46.679+0000] {logging_mixin.py:190} INFO - Scraping page 30...
[2025-03-27T14:01:02.276+0000] {logging_mixin.py:190} INFO - Columns before rename: ['BIL.', 'KOD PROJEK', 'PEMAJU', 'PROJEK', 'NO. PERMIT', 'STATUS PROJEK KESELURUHAN', 'RINGKASAN PROJEK', 'Daerah Projek', 'Negeri Projek', 'Harga Minimum (RM)', 'Harga Maksimum (RM)']
[2025-03-27T14:01:02.294+0000] {logging_mixin.py:190} INFO -    Bil  ...                                  RINGKASAN PROJEK
0  501  ...  https://teduh.kpkt.gov.my/project-swasta/30306-4
1  502  ...  https://teduh.kpkt.gov.my/project-swasta/30306-3
2  503  ...  https://teduh.kpkt.gov.my/project-swasta/30306-2
3  504  ...  https://teduh.kpkt.gov.my/project-swasta/30306-1
4  505  ...  https://teduh.kpkt.gov.my/project-swasta/30305-1
5  506  ...  https://teduh.kpkt.gov.my/project-swasta/30304-1
6  507  ...  https://teduh.kpkt.gov.my/project-swasta/30303-1
7  508  ...  https://teduh.kpkt.gov.my/project-swasta/30302-1
8  509  ...  https://teduh.kpkt.gov.my/project-swasta/30301-1
9  510  ...  https://teduh.kpkt.gov.my/project-swasta/30300-2

[10 rows x 11 columns]
[2025-03-27T14:01:02.298+0000] {logging_mixin.py:190} INFO - CSV file created: /tmp/construction_20250327_batch_3_pages_21_30.csv
[2025-03-27T14:01:02.342+0000] {logging_mixin.py:190} INFO - Uploaded /tmp/construction_20250327_batch_3_pages_21_30.csv to minio://construction-web-scraping/teduh/construction_20250327_batch_3_pages_21_30.csv
[2025-03-27T14:01:02.343+0000] {logging_mixin.py:190} INFO - Batch 3 processed with 250 rows.
[2025-03-27T14:01:02.344+0000] {logging_mixin.py:190} INFO - Processing batch 4: pages 31 to 40
[2025-03-27T14:01:02.345+0000] {logging_mixin.py:190} INFO - Scraping page 31...
[2025-03-27T14:01:17.527+0000] {logging_mixin.py:190} INFO - Scraping page 32...
[2025-03-27T14:01:33.389+0000] {logging_mixin.py:190} INFO - Scraping page 33...
[2025-03-27T14:01:49.599+0000] {logging_mixin.py:190} INFO - Scraping page 34...
[2025-03-27T14:02:09.082+0000] {logging_mixin.py:190} INFO - Scraping page 35...
[2025-03-27T14:02:25.004+0000] {logging_mixin.py:190} INFO - Scraping page 36...
[2025-03-27T14:02:41.094+0000] {logging_mixin.py:190} INFO - Scraping page 37...
[2025-03-27T14:03:01.768+0000] {logging_mixin.py:190} INFO - Scraping page 38...
[2025-03-27T14:03:20.404+0000] {logging_mixin.py:190} INFO - Scraping page 39...
[2025-03-27T14:03:36.730+0000] {logging_mixin.py:190} INFO - Scraping page 40...
[2025-03-27T14:03:51.462+0000] {logging_mixin.py:190} INFO - Columns before rename: ['BIL.', 'KOD PROJEK', 'PEMAJU', 'PROJEK', 'NO. PERMIT', 'STATUS PROJEK KESELURUHAN', 'RINGKASAN PROJEK', 'Daerah Projek', 'Negeri Projek', 'Harga Minimum (RM)', 'Harga Maksimum (RM)']
[2025-03-27T14:03:51.478+0000] {logging_mixin.py:190} INFO -    Bil  ...                                  RINGKASAN PROJEK
0  751  ...  https://teduh.kpkt.gov.my/project-swasta/30101-3
1  752  ...  https://teduh.kpkt.gov.my/project-swasta/30101-2
2  753  ...  https://teduh.kpkt.gov.my/project-swasta/30101-1
3  754  ...  https://teduh.kpkt.gov.my/project-swasta/30100-3
4  755  ...  https://teduh.kpkt.gov.my/project-swasta/30100-2
5  756  ...  https://teduh.kpkt.gov.my/project-swasta/30100-1
6  757  ...  https://teduh.kpkt.gov.my/project-swasta/30099-1
7  758  ...  https://teduh.kpkt.gov.my/project-swasta/30097-1
8  759  ...  https://teduh.kpkt.gov.my/project-swasta/30096-1
9  760  ...  https://teduh.kpkt.gov.my/project-swasta/30095-1

[10 rows x 11 columns]
[2025-03-27T14:03:51.482+0000] {logging_mixin.py:190} INFO - CSV file created: /tmp/construction_20250327_batch_4_pages_31_40.csv
[2025-03-27T14:03:51.525+0000] {logging_mixin.py:190} INFO - Uploaded /tmp/construction_20250327_batch_4_pages_31_40.csv to minio://construction-web-scraping/teduh/construction_20250327_batch_4_pages_31_40.csv
[2025-03-27T14:03:51.526+0000] {logging_mixin.py:190} INFO - Batch 4 processed with 250 rows.
[2025-03-27T14:03:51.527+0000] {logging_mixin.py:190} INFO - Processing batch 5: pages 41 to 50
[2025-03-27T14:03:51.528+0000] {logging_mixin.py:190} INFO - Scraping page 41...
[2025-03-27T14:04:07.482+0000] {logging_mixin.py:190} INFO - Scraping page 42...
[2025-03-27T14:04:24.522+0000] {logging_mixin.py:190} INFO - Scraping page 43...
[2025-03-27T14:04:41.678+0000] {logging_mixin.py:190} INFO - Scraping page 44...
[2025-03-27T14:04:59.455+0000] {logging_mixin.py:190} INFO - Scraping page 45...
[2025-03-27T14:05:15.616+0000] {logging_mixin.py:190} INFO - Scraping page 46...
[2025-03-27T14:05:31.467+0000] {logging_mixin.py:190} INFO - Scraping page 47...
[2025-03-27T14:05:48.292+0000] {logging_mixin.py:190} INFO - Scraping page 48...
[2025-03-27T14:06:05.961+0000] {logging_mixin.py:190} INFO - Scraping page 49...
[2025-03-27T14:06:22.579+0000] {logging_mixin.py:190} INFO - Scraping page 50...
[2025-03-27T14:06:39.473+0000] {logging_mixin.py:190} INFO - Columns before rename: ['BIL.', 'KOD PROJEK', 'PEMAJU', 'PROJEK', 'NO. PERMIT', 'STATUS PROJEK KESELURUHAN', 'RINGKASAN PROJEK', 'Daerah Projek', 'Negeri Projek', 'Harga Minimum (RM)', 'Harga Maksimum (RM)']
[2025-03-27T14:06:39.488+0000] {logging_mixin.py:190} INFO -     Bil  ...                                  RINGKASAN PROJEK
0  1001  ...  https://teduh.kpkt.gov.my/project-swasta/20179-1
1  1002  ...  https://teduh.kpkt.gov.my/project-swasta/20178-2
2  1003  ...  https://teduh.kpkt.gov.my/project-swasta/20178-1
3  1004  ...  https://teduh.kpkt.gov.my/project-swasta/20177-1
4  1005  ...  https://teduh.kpkt.gov.my/project-swasta/20176-1
5  1006  ...  https://teduh.kpkt.gov.my/project-swasta/20175-2
6  1007  ...  https://teduh.kpkt.gov.my/project-swasta/20175-1
7  1008  ...  https://teduh.kpkt.gov.my/project-swasta/20174-1
8  1009  ...  https://teduh.kpkt.gov.my/project-swasta/20173-3
9  1010  ...  https://teduh.kpkt.gov.my/project-swasta/20173-2

[10 rows x 11 columns]
[2025-03-27T14:06:39.492+0000] {logging_mixin.py:190} INFO - CSV file created: /tmp/construction_20250327_batch_5_pages_41_50.csv
[2025-03-27T14:06:39.542+0000] {logging_mixin.py:190} INFO - Uploaded /tmp/construction_20250327_batch_5_pages_41_50.csv to minio://construction-web-scraping/teduh/construction_20250327_batch_5_pages_41_50.csv
[2025-03-27T14:06:39.543+0000] {logging_mixin.py:190} INFO - Batch 5 processed with 250 rows.
[2025-03-27T14:06:39.544+0000] {logging_mixin.py:190} INFO - Processing batch 6: pages 51 to 60
[2025-03-27T14:06:39.545+0000] {logging_mixin.py:190} INFO - Scraping page 51...
[2025-03-27T14:06:55.929+0000] {logging_mixin.py:190} INFO - Scraping page 52...
[2025-03-27T14:07:15.482+0000] {logging_mixin.py:190} INFO - Scraping page 53...
[2025-03-27T14:07:32.060+0000] {logging_mixin.py:190} INFO - Scraping page 54...
[2025-03-27T14:07:47.938+0000] {logging_mixin.py:190} INFO - Scraping page 55...
[2025-03-27T14:08:06.638+0000] {logging_mixin.py:190} INFO - Scraping page 56...
[2025-03-27T14:08:29.585+0000] {logging_mixin.py:190} INFO - Scraping page 57...
[2025-03-27T14:08:46.084+0000] {logging_mixin.py:190} INFO - Scraping page 58...
[2025-03-27T14:09:03.082+0000] {logging_mixin.py:190} INFO - Scraping page 59...
[2025-03-27T14:09:22.560+0000] {logging_mixin.py:190} INFO - Scraping page 60...
[2025-03-27T14:09:45.407+0000] {logging_mixin.py:190} INFO - Columns before rename: ['BIL.', 'KOD PROJEK', 'PEMAJU', 'PROJEK', 'NO. PERMIT', 'STATUS PROJEK KESELURUHAN', 'RINGKASAN PROJEK', 'Daerah Projek', 'Negeri Projek', 'Harga Minimum (RM)', 'Harga Maksimum (RM)']
[2025-03-27T14:09:45.421+0000] {logging_mixin.py:190} INFO -     Bil  ...                                  RINGKASAN PROJEK
0  1251  ...  https://teduh.kpkt.gov.my/project-swasta/20030-1
1  1252  ...  https://teduh.kpkt.gov.my/project-swasta/20029-1
2  1253  ...  https://teduh.kpkt.gov.my/project-swasta/20028-1
3  1254  ...  https://teduh.kpkt.gov.my/project-swasta/20027-2
4  1255  ...  https://teduh.kpkt.gov.my/project-swasta/20027-1
5  1256  ...  https://teduh.kpkt.gov.my/project-swasta/20026-3
6  1257  ...  https://teduh.kpkt.gov.my/project-swasta/20026-2
7  1258  ...  https://teduh.kpkt.gov.my/project-swasta/20026-1
8  1259  ...  https://teduh.kpkt.gov.my/project-swasta/20025-1
9  1260  ...  https://teduh.kpkt.gov.my/project-swasta/20024-1

[10 rows x 11 columns]
[2025-03-27T14:09:45.425+0000] {logging_mixin.py:190} INFO - CSV file created: /tmp/construction_20250327_batch_6_pages_51_60.csv
[2025-03-27T14:09:45.843+0000] {logging_mixin.py:190} INFO - Uploaded /tmp/construction_20250327_batch_6_pages_51_60.csv to minio://construction-web-scraping/teduh/construction_20250327_batch_6_pages_51_60.csv
[2025-03-27T14:09:45.845+0000] {logging_mixin.py:190} INFO - Batch 6 processed with 250 rows.
[2025-03-27T14:09:45.846+0000] {logging_mixin.py:190} INFO - Processing batch 7: pages 61 to 70
[2025-03-27T14:09:45.847+0000] {logging_mixin.py:190} INFO - Scraping page 61...
[2025-03-27T14:10:03.375+0000] {logging_mixin.py:190} INFO - Scraping page 62...
[2025-03-27T14:10:25.512+0000] {logging_mixin.py:190} INFO - Scraping page 63...
[2025-03-27T14:10:47.645+0000] {logging_mixin.py:190} INFO - Scraping page 64...
[2025-03-27T14:11:06.398+0000] {logging_mixin.py:190} INFO - Scraping page 65...
[2025-03-27T14:11:25.850+0000] {logging_mixin.py:190} INFO - Scraping page 66...
[2025-03-27T14:11:42.425+0000] {logging_mixin.py:190} INFO - Scraping page 67...
[2025-03-27T14:12:01.280+0000] {logging_mixin.py:190} INFO - Scraping page 68...
[2025-03-27T14:12:24.584+0000] {logging_mixin.py:190} INFO - Scraping page 69...
[2025-03-27T14:12:40.969+0000] {logging_mixin.py:190} INFO - Scraping page 70...
[2025-03-27T14:12:55.961+0000] {logging_mixin.py:190} INFO - Columns before rename: ['BIL.', 'KOD PROJEK', 'PEMAJU', 'PROJEK', 'NO. PERMIT', 'STATUS PROJEK KESELURUHAN', 'RINGKASAN PROJEK', 'Daerah Projek', 'Negeri Projek', 'Harga Minimum (RM)', 'Harga Maksimum (RM)']
[2025-03-27T14:12:55.977+0000] {logging_mixin.py:190} INFO -     Bil  ...                                  RINGKASAN PROJEK
0  1501  ...  https://teduh.kpkt.gov.my/project-swasta/19878-1
1  1502  ...  https://teduh.kpkt.gov.my/project-swasta/19877-1
2  1503  ...  https://teduh.kpkt.gov.my/project-swasta/19876-1
3  1504  ...  https://teduh.kpkt.gov.my/project-swasta/19875-1
4  1505  ...  https://teduh.kpkt.gov.my/project-swasta/19874-1
5  1506  ...  https://teduh.kpkt.gov.my/project-swasta/19873-2
6  1507  ...  https://teduh.kpkt.gov.my/project-swasta/19873-1
7  1508  ...  https://teduh.kpkt.gov.my/project-swasta/19872-1
8  1509  ...  https://teduh.kpkt.gov.my/project-swasta/19871-2
9  1510  ...  https://teduh.kpkt.gov.my/project-swasta/19871-1

[10 rows x 11 columns]
[2025-03-27T14:12:55.980+0000] {logging_mixin.py:190} INFO - CSV file created: /tmp/construction_20250327_batch_7_pages_61_70.csv
[2025-03-27T14:12:56.028+0000] {logging_mixin.py:190} INFO - Uploaded /tmp/construction_20250327_batch_7_pages_61_70.csv to minio://construction-web-scraping/teduh/construction_20250327_batch_7_pages_61_70.csv
[2025-03-27T14:12:56.029+0000] {logging_mixin.py:190} INFO - Batch 7 processed with 250 rows.
[2025-03-27T14:12:56.030+0000] {logging_mixin.py:190} INFO - Processing batch 8: pages 71 to 80
[2025-03-27T14:12:56.031+0000] {logging_mixin.py:190} INFO - Scraping page 71...
[2025-03-27T14:13:16.076+0000] {logging_mixin.py:190} INFO - Scraping page 72...
[2025-03-27T14:13:32.260+0000] {logging_mixin.py:190} INFO - Scraping page 73...
[2025-03-27T14:13:47.878+0000] {logging_mixin.py:190} INFO - Scraping page 74...
[2025-03-27T14:14:03.799+0000] {logging_mixin.py:190} INFO - Scraping page 75...
[2025-03-27T14:14:21.827+0000] {logging_mixin.py:190} INFO - Scraping page 76...
[2025-03-27T14:14:37.162+0000] {logging_mixin.py:190} INFO - Scraping page 77...
[2025-03-27T14:14:57.338+0000] {logging_mixin.py:190} INFO - Scraping page 78...
[2025-03-27T14:15:20.999+0000] {logging_mixin.py:190} INFO - Scraping page 79...
[2025-03-27T14:15:40.546+0000] {logging_mixin.py:190} INFO - Scraping page 80...
[2025-03-27T14:15:56.807+0000] {logging_mixin.py:190} INFO - Columns before rename: ['BIL.', 'KOD PROJEK', 'PEMAJU', 'PROJEK', 'NO. PERMIT', 'STATUS PROJEK KESELURUHAN', 'RINGKASAN PROJEK', 'Daerah Projek', 'Negeri Projek', 'Harga Minimum (RM)', 'Harga Maksimum (RM)']
[2025-03-27T14:15:56.821+0000] {logging_mixin.py:190} INFO -     Bil  ...                                   RINGKASAN PROJEK
0  1751  ...   https://teduh.kpkt.gov.my/project-swasta/19738-1
1  1752  ...   https://teduh.kpkt.gov.my/project-swasta/19737-3
2  1753  ...   https://teduh.kpkt.gov.my/project-swasta/19737-2
3  1754  ...   https://teduh.kpkt.gov.my/project-swasta/19737-1
4  1755  ...   https://teduh.kpkt.gov.my/project-swasta/19736-1
5  1756  ...  https://teduh.kpkt.gov.my/project-swasta/19735-16
6  1757  ...  https://teduh.kpkt.gov.my/project-swasta/19735-15
7  1758  ...  https://teduh.kpkt.gov.my/project-swasta/19735-14
8  1759  ...  https://teduh.kpkt.gov.my/project-swasta/19735-13
9  1760  ...  https://teduh.kpkt.gov.my/project-swasta/19735-12

[10 rows x 11 columns]
[2025-03-27T14:15:56.825+0000] {logging_mixin.py:190} INFO - CSV file created: /tmp/construction_20250327_batch_8_pages_71_80.csv
[2025-03-27T14:15:56.882+0000] {logging_mixin.py:190} INFO - Uploaded /tmp/construction_20250327_batch_8_pages_71_80.csv to minio://construction-web-scraping/teduh/construction_20250327_batch_8_pages_71_80.csv
[2025-03-27T14:15:56.884+0000] {logging_mixin.py:190} INFO - Batch 8 processed with 250 rows.
[2025-03-27T14:15:56.886+0000] {logging_mixin.py:190} INFO - Processing batch 9: pages 81 to 90
[2025-03-27T14:15:56.887+0000] {logging_mixin.py:190} INFO - Scraping page 81...
[2025-03-27T14:16:12.301+0000] {logging_mixin.py:190} INFO - Scraping page 82...
[2025-03-27T14:16:28.337+0000] {logging_mixin.py:190} INFO - Scraping page 83...
[2025-03-27T14:16:43.669+0000] {logging_mixin.py:190} INFO - Scraping page 84...
[2025-03-27T14:17:05.454+0000] {logging_mixin.py:190} INFO - Scraping page 85...
[2025-03-27T14:17:23.205+0000] {logging_mixin.py:190} INFO - Scraping page 86...
[2025-03-27T14:17:38.495+0000] {logging_mixin.py:190} INFO - Scraping page 87...
[2025-03-27T14:17:54.565+0000] {logging_mixin.py:190} INFO - Scraping page 88...
[2025-03-27T14:18:14.476+0000] {logging_mixin.py:190} INFO - Scraping page 89...
[2025-03-27T14:18:32.449+0000] {logging_mixin.py:190} INFO - Scraping page 90...
[2025-03-27T14:18:47.172+0000] {logging_mixin.py:190} INFO - Columns before rename: ['BIL.', 'KOD PROJEK', 'PEMAJU', 'PROJEK', 'NO. PERMIT', 'STATUS PROJEK KESELURUHAN', 'RINGKASAN PROJEK', 'Daerah Projek', 'Negeri Projek', 'Harga Minimum (RM)', 'Harga Maksimum (RM)']
[2025-03-27T14:18:47.188+0000] {logging_mixin.py:190} INFO -     Bil  ...                                  RINGKASAN PROJEK
0  2001  ...  https://teduh.kpkt.gov.my/project-swasta/19611-1
1  2002  ...  https://teduh.kpkt.gov.my/project-swasta/19610-1
2  2003  ...  https://teduh.kpkt.gov.my/project-swasta/19609-1
3  2004  ...  https://teduh.kpkt.gov.my/project-swasta/19608-1
4  2005  ...  https://teduh.kpkt.gov.my/project-swasta/19607-2
5  2006  ...  https://teduh.kpkt.gov.my/project-swasta/19607-1
6  2007  ...  https://teduh.kpkt.gov.my/project-swasta/19606-1
7  2008  ...  https://teduh.kpkt.gov.my/project-swasta/19605-2
8  2009  ...  https://teduh.kpkt.gov.my/project-swasta/19605-1
9  2010  ...  https://teduh.kpkt.gov.my/project-swasta/19604-1

[10 rows x 11 columns]
[2025-03-27T14:18:47.191+0000] {logging_mixin.py:190} INFO - CSV file created: /tmp/construction_20250327_batch_9_pages_81_90.csv
[2025-03-27T14:18:47.251+0000] {logging_mixin.py:190} INFO - Uploaded /tmp/construction_20250327_batch_9_pages_81_90.csv to minio://construction-web-scraping/teduh/construction_20250327_batch_9_pages_81_90.csv
[2025-03-27T14:18:47.252+0000] {logging_mixin.py:190} INFO - Batch 9 processed with 250 rows.
[2025-03-27T14:18:47.253+0000] {logging_mixin.py:190} INFO - Processing batch 10: pages 91 to 100
[2025-03-27T14:18:47.255+0000] {logging_mixin.py:190} INFO - Scraping page 91...
[2025-03-27T14:19:03.238+0000] {logging_mixin.py:190} INFO - Scraping page 92...
[2025-03-27T14:19:19.154+0000] {logging_mixin.py:190} INFO - Scraping page 93...
[2025-03-27T14:19:35.425+0000] {logging_mixin.py:190} INFO - Scraping page 94...
[2025-03-27T14:19:57.699+0000] {logging_mixin.py:190} INFO - Scraping page 95...
[2025-03-27T14:20:13.244+0000] {logging_mixin.py:190} INFO - Scraping page 96...
[2025-03-27T14:20:29.600+0000] {logging_mixin.py:190} INFO - Scraping page 97...
[2025-03-27T14:20:56.679+0000] {logging_mixin.py:190} INFO - Scraping page 98...
[2025-03-27T14:21:12.553+0000] {logging_mixin.py:190} INFO - Scraping page 99...
[2025-03-27T14:21:27.870+0000] {logging_mixin.py:190} INFO - Scraping page 100...
[2025-03-27T14:21:44.914+0000] {logging_mixin.py:190} INFO - Columns before rename: ['BIL.', 'KOD PROJEK', 'PEMAJU', 'PROJEK', 'NO. PERMIT', 'STATUS PROJEK KESELURUHAN', 'RINGKASAN PROJEK', 'Daerah Projek', 'Negeri Projek', 'Harga Minimum (RM)', 'Harga Maksimum (RM)']
[2025-03-27T14:21:44.929+0000] {logging_mixin.py:190} INFO -     Bil  ...                                   RINGKASAN PROJEK
0  2251  ...   https://teduh.kpkt.gov.my/project-swasta/19469-2
1  2252  ...   https://teduh.kpkt.gov.my/project-swasta/19469-1
2  2253  ...   https://teduh.kpkt.gov.my/project-swasta/19468-4
3  2254  ...   https://teduh.kpkt.gov.my/project-swasta/19468-3
4  2255  ...   https://teduh.kpkt.gov.my/project-swasta/19468-2
5  2256  ...   https://teduh.kpkt.gov.my/project-swasta/19468-1
6  2257  ...   https://teduh.kpkt.gov.my/project-swasta/19467-1
7  2258  ...  https://teduh.kpkt.gov.my/project-swasta/19466-10
8  2259  ...   https://teduh.kpkt.gov.my/project-swasta/19466-9
9  2260  ...   https://teduh.kpkt.gov.my/project-swasta/19466-8

[10 rows x 11 columns]
[2025-03-27T14:21:44.933+0000] {logging_mixin.py:190} INFO - CSV file created: /tmp/construction_20250327_batch_10_pages_91_100.csv
[2025-03-27T14:21:44.982+0000] {logging_mixin.py:190} INFO - Uploaded /tmp/construction_20250327_batch_10_pages_91_100.csv to minio://construction-web-scraping/teduh/construction_20250327_batch_10_pages_91_100.csv
[2025-03-27T14:21:44.983+0000] {logging_mixin.py:190} INFO - Batch 10 processed with 250 rows.
[2025-03-27T14:21:44.984+0000] {logging_mixin.py:190} INFO - Processing batch 11: pages 101 to 110
[2025-03-27T14:21:44.985+0000] {logging_mixin.py:190} INFO - Scraping page 101...
[2025-03-27T14:22:02.444+0000] {logging_mixin.py:190} INFO - Scraping page 102...
[2025-03-27T14:22:17.321+0000] {timeout.py:68} ERROR - Process timed out, PID: 15036
[2025-03-27T14:22:17.332+0000] {taskinstance.py:3313} ERROR - Task failed with exception
Traceback (most recent call last):
  File "/home/airflow/.local/lib/python3.10/site-packages/airflow/models/taskinstance.py", line 763, in _execute_task
    result = _execute_callable(context=context, **execute_callable_kwargs)
  File "/home/airflow/.local/lib/python3.10/site-packages/airflow/models/taskinstance.py", line 734, in _execute_callable
    return ExecutionCallableRunner(
  File "/home/airflow/.local/lib/python3.10/site-packages/airflow/utils/operator_helpers.py", line 252, in run
    return self.func(*args, **kwargs)
  File "/home/airflow/.local/lib/python3.10/site-packages/airflow/models/baseoperator.py", line 424, in wrapper
    return func(self, *args, **kwargs)
  File "/home/airflow/.local/lib/python3.10/site-packages/airflow/operators/python.py", line 238, in execute
    return_value = self.execute_callable()
  File "/home/airflow/.local/lib/python3.10/site-packages/airflow/operators/python.py", line 256, in execute_callable
    return runner.run(*self.op_args, **self.op_kwargs)
  File "/home/airflow/.local/lib/python3.10/site-packages/airflow/utils/operator_helpers.py", line 252, in run
    return self.func(*args, **kwargs)
  File "/opt/airflow/dags/split_web_scraping.py", line 190, in run_scraper
    time.sleep(1)  # Polite delay between pages
  File "/home/airflow/.local/lib/python3.10/site-packages/airflow/utils/timeout.py", line 69, in handle_timeout
    raise AirflowTaskTimeout(self.error_message)
airflow.exceptions.AirflowTaskTimeout: Timeout, PID: 15036
[2025-03-27T14:22:17.346+0000] {taskinstance.py:1226} INFO - Marking task as UP_FOR_RETRY. dag_id=split_web_scraping_v01, task_id=scrape_and_store, run_id=manual__2025-03-27T13:17:11.585897+00:00, execution_date=20250327T131711, start_date=20250327T135217, end_date=20250327T142217
[2025-03-27T14:22:17.382+0000] {taskinstance.py:341} INFO - ::group::Post task execution logs
[2025-03-27T14:22:17.410+0000] {local_task_job_runner.py:266} INFO - Task exited with return code 2
[2025-03-27T14:22:17.431+0000] {taskinstance.py:3901} INFO - 0 downstream tasks scheduled from follow-on schedule check
[2025-03-27T14:22:17.435+0000] {local_task_job_runner.py:245} INFO - ::endgroup::
