[2025-03-27T13:17:15.489+0000] {local_task_job_runner.py:123} INFO - ::group::Pre task execution logs
[2025-03-27T13:17:15.511+0000] {taskinstance.py:2614} INFO - Dependencies all met for dep_context=non-requeueable deps ti=<TaskInstance: split_web_scraping_v01.scrape_and_store manual__2025-03-27T13:17:11.585897+00:00 [queued]>
[2025-03-27T13:17:15.522+0000] {taskinstance.py:2614} INFO - Dependencies all met for dep_context=requeueable deps ti=<TaskInstance: split_web_scraping_v01.scrape_and_store manual__2025-03-27T13:17:11.585897+00:00 [queued]>
[2025-03-27T13:17:15.524+0000] {taskinstance.py:2867} INFO - Starting attempt 1 of 6
[2025-03-27T13:17:15.545+0000] {taskinstance.py:2890} INFO - Executing <Task(PythonOperator): scrape_and_store> on 2025-03-27 13:17:11.585897+00:00
[2025-03-27T13:17:15.551+0000] {standard_task_runner.py:72} INFO - Started process 13793 to run task
[2025-03-27T13:17:15.685+0000] {standard_task_runner.py:104} INFO - Running: ['***', 'tasks', 'run', 'split_web_scraping_v01', 'scrape_and_store', 'manual__2025-03-27T13:17:11.585897+00:00', '--job-id', '74', '--raw', '--subdir', 'DAGS_FOLDER/split_web_scraping.py', '--cfg-path', '/tmp/tmp2yqyhqbj']
[2025-03-27T13:17:15.696+0000] {standard_task_runner.py:105} INFO - Job 74: Subtask scrape_and_store
[2025-03-27T13:17:15.780+0000] {task_command.py:467} INFO - Running <TaskInstance: split_web_scraping_v01.scrape_and_store manual__2025-03-27T13:17:11.585897+00:00 [running]> on host c79bd584e644
[2025-03-27T13:17:15.904+0000] {taskinstance.py:3134} INFO - Exporting env vars: AIRFLOW_CTX_DAG_OWNER='waiyong' AIRFLOW_CTX_DAG_ID='split_web_scraping_v01' AIRFLOW_CTX_TASK_ID='scrape_and_store' AIRFLOW_CTX_EXECUTION_DATE='2025-03-27T13:17:11.585897+00:00' AIRFLOW_CTX_TRY_NUMBER='1' AIRFLOW_CTX_DAG_RUN_ID='manual__2025-03-27T13:17:11.585897+00:00'
[2025-03-27T13:17:15.906+0000] {taskinstance.py:732} INFO - ::endgroup::
[2025-03-27T13:17:16.141+0000] {logging_mixin.py:190} INFO - Processing batch 1: pages 10 to 19
[2025-03-27T13:17:16.142+0000] {logging_mixin.py:190} INFO - Scraping page 10...
[2025-03-27T13:17:34.445+0000] {logging_mixin.py:190} INFO - Scraping page 11...
[2025-03-27T13:17:50.411+0000] {logging_mixin.py:190} INFO - Scraping page 12...
[2025-03-27T13:18:07.155+0000] {logging_mixin.py:190} INFO - Scraping page 13...
[2025-03-27T13:18:23.463+0000] {logging_mixin.py:190} INFO - Scraping page 14...
[2025-03-27T13:18:42.558+0000] {logging_mixin.py:190} INFO - Scraping page 15...
[2025-03-27T13:19:01.152+0000] {logging_mixin.py:190} INFO - Scraping page 16...
[2025-03-27T13:19:20.150+0000] {logging_mixin.py:190} INFO - Scraping page 17...
[2025-03-27T13:19:42.910+0000] {logging_mixin.py:190} INFO - Error scraping https://teduh.kpkt.gov.my/project-swasta/30376-4: HTTPSConnectionPool(host='teduh.kpkt.gov.my', port=443): Max retries exceeded with url: /project-swasta/30376-4 (Caused by ConnectTimeoutError(<urllib3.connection.HTTPSConnection object at 0x7fca68937eb0>, 'Connection to teduh.kpkt.gov.my timed out. (connect timeout=10)'))
[2025-03-27T13:19:47.355+0000] {logging_mixin.py:190} INFO - Scraping page 18...
[2025-03-27T13:20:07.609+0000] {logging_mixin.py:190} INFO - Error scraping https://teduh.kpkt.gov.my/project-swasta/30361-1: HTTPSConnectionPool(host='teduh.kpkt.gov.my', port=443): Max retries exceeded with url: /project-swasta/30361-1 (Caused by ConnectTimeoutError(<urllib3.connection.HTTPSConnection object at 0x7fca68e5e560>, 'Connection to teduh.kpkt.gov.my timed out. (connect timeout=10)'))
[2025-03-27T13:20:14.024+0000] {logging_mixin.py:190} INFO - Scraping page 19...
[2025-03-27T13:20:36.436+0000] {logging_mixin.py:190} INFO - Columns before rename: ['BIL.', 'KOD PROJEK', 'PEMAJU', 'PROJEK', 'NO. PERMIT', 'STATUS PROJEK KESELURUHAN', 'RINGKASAN PROJEK', 'Daerah Projek', 'Negeri Projek', 'Harga Minimum (RM)', 'Harga Maksimum (RM)']
[2025-03-27T13:20:36.479+0000] {logging_mixin.py:190} INFO -    Bil  ...                                  RINGKASAN PROJEK
0  226  ...  https://teduh.kpkt.gov.my/project-swasta/30584-1
1  227  ...  https://teduh.kpkt.gov.my/project-swasta/30582-1
2  228  ...  https://teduh.kpkt.gov.my/project-swasta/30581-1
3  229  ...  https://teduh.kpkt.gov.my/project-swasta/30580-1
4  230  ...  https://teduh.kpkt.gov.my/project-swasta/30578-1
5  231  ...  https://teduh.kpkt.gov.my/project-swasta/30577-1
6  232  ...  https://teduh.kpkt.gov.my/project-swasta/30576-1
7  233  ...  https://teduh.kpkt.gov.my/project-swasta/30575-1
8  234  ...  https://teduh.kpkt.gov.my/project-swasta/30574-1
9  235  ...  https://teduh.kpkt.gov.my/project-swasta/30573-1

[10 rows x 11 columns]
[2025-03-27T13:20:36.486+0000] {logging_mixin.py:190} INFO - CSV file created: /tmp/construction_20250327_batch_1_pages_10_19.csv
[2025-03-27T13:20:36.553+0000] {logging_mixin.py:190} INFO - Uploaded /tmp/construction_20250327_batch_1_pages_10_19.csv to minio://construction-web-scraping/teduh/construction_20250327_batch_1_pages_10_19.csv
[2025-03-27T13:20:36.554+0000] {logging_mixin.py:190} INFO - Batch 1 processed with 250 rows.
[2025-03-27T13:20:36.555+0000] {logging_mixin.py:190} INFO - Processing batch 2: pages 20 to 29
[2025-03-27T13:20:36.556+0000] {logging_mixin.py:190} INFO - Scraping page 20...
[2025-03-27T13:20:55.092+0000] {logging_mixin.py:190} INFO - Scraping page 21...
[2025-03-27T13:21:11.308+0000] {logging_mixin.py:190} INFO - Scraping page 22...
[2025-03-27T13:21:28.920+0000] {logging_mixin.py:190} INFO - Scraping page 23...
[2025-03-27T13:21:49.801+0000] {logging_mixin.py:190} INFO - Scraping page 24...
[2025-03-27T13:22:11.884+0000] {logging_mixin.py:190} INFO - Error scraping https://teduh.kpkt.gov.my/project-swasta/30222-2: HTTPSConnectionPool(host='teduh.kpkt.gov.my', port=443): Max retries exceeded with url: /project-swasta/30222-2 (Caused by ConnectTimeoutError(<urllib3.connection.HTTPSConnection object at 0x7fca68a10310>, 'Connection to teduh.kpkt.gov.my timed out. (connect timeout=10)'))
[2025-03-27T13:22:15.107+0000] {logging_mixin.py:190} INFO - Scraping page 25...
[2025-03-27T13:22:30.581+0000] {logging_mixin.py:190} INFO - Scraping page 26...
[2025-03-27T13:22:54.971+0000] {logging_mixin.py:190} INFO - Error scraping https://teduh.kpkt.gov.my/project-swasta/30170-6: HTTPSConnectionPool(host='teduh.kpkt.gov.my', port=443): Max retries exceeded with url: /project-swasta/30170-6 (Caused by ConnectTimeoutError(<urllib3.connection.HTTPSConnection object at 0x7fca68cfd1b0>, 'Connection to teduh.kpkt.gov.my timed out. (connect timeout=10)'))
[2025-03-27T13:22:55.973+0000] {logging_mixin.py:190} INFO - Scraping page 27...
[2025-03-27T13:23:14.629+0000] {logging_mixin.py:190} INFO - Scraping page 28...
[2025-03-27T13:23:32.267+0000] {logging_mixin.py:190} INFO - Scraping page 29...
[2025-03-27T13:23:53.300+0000] {logging_mixin.py:190} INFO - Error processing batch 2: HTTPSConnectionPool(host='teduh.kpkt.gov.my', port=443): Max retries exceeded with url: /project-swasta?page=29 (Caused by NewConnectionError('<urllib3.connection.HTTPSConnection object at 0x7fca68ba3760>: Failed to establish a new connection: [Errno 111] Connection refused'))
[2025-03-27T13:23:53.302+0000] {logging_mixin.py:190} INFO - Processing batch 3: pages 30 to 39
[2025-03-27T13:23:53.304+0000] {logging_mixin.py:190} INFO - Scraping page 30...
[2025-03-27T13:24:09.413+0000] {logging_mixin.py:190} INFO - Scraping page 31...
[2025-03-27T13:24:25.639+0000] {logging_mixin.py:190} INFO - Scraping page 32...
[2025-03-27T13:24:42.382+0000] {logging_mixin.py:190} INFO - Scraping page 33...
[2025-03-27T13:24:58.529+0000] {logging_mixin.py:190} INFO - Scraping page 34...
[2025-03-27T13:25:22.278+0000] {logging_mixin.py:190} INFO - Scraping page 35...
[2025-03-27T13:25:39.619+0000] {logging_mixin.py:190} INFO - Scraping page 36...
[2025-03-27T13:25:56.460+0000] {logging_mixin.py:190} INFO - Error scraping https://teduh.kpkt.gov.my/project-swasta/20256-1: HTTPSConnectionPool(host='teduh.kpkt.gov.my', port=443): Max retries exceeded with url: /project-swasta/20256-1 (Caused by ConnectTimeoutError(<urllib3.connection.HTTPSConnection object at 0x7fca68973760>, 'Connection to teduh.kpkt.gov.my timed out. (connect timeout=10)'))
[2025-03-27T13:26:06.817+0000] {logging_mixin.py:190} INFO - Scraping page 37...
[2025-03-27T13:26:29.243+0000] {logging_mixin.py:190} INFO - Scraping page 38...
[2025-03-27T13:26:45.614+0000] {logging_mixin.py:190} INFO - Scraping page 39...
[2025-03-27T13:27:06.377+0000] {logging_mixin.py:190} INFO - Columns before rename: ['BIL.', 'KOD PROJEK', 'PEMAJU', 'PROJEK', 'NO. PERMIT', 'STATUS PROJEK KESELURUHAN', 'RINGKASAN PROJEK', 'Daerah Projek', 'Negeri Projek', 'Harga Minimum (RM)', 'Harga Maksimum (RM)']
[2025-03-27T13:27:06.395+0000] {logging_mixin.py:190} INFO -    Bil  ...                                  RINGKASAN PROJEK
0  726  ...  https://teduh.kpkt.gov.my/project-swasta/30118-1
1  727  ...  https://teduh.kpkt.gov.my/project-swasta/30117-1
2  728  ...  https://teduh.kpkt.gov.my/project-swasta/30116-1
3  729  ...  https://teduh.kpkt.gov.my/project-swasta/30115-1
4  730  ...  https://teduh.kpkt.gov.my/project-swasta/30113-2
5  731  ...  https://teduh.kpkt.gov.my/project-swasta/30113-1
6  732  ...  https://teduh.kpkt.gov.my/project-swasta/30112-3
7  733  ...  https://teduh.kpkt.gov.my/project-swasta/30112-2
8  734  ...  https://teduh.kpkt.gov.my/project-swasta/30112-1
9  735  ...  https://teduh.kpkt.gov.my/project-swasta/30110-1

[10 rows x 11 columns]
[2025-03-27T13:27:06.398+0000] {logging_mixin.py:190} INFO - CSV file created: /tmp/construction_20250327_batch_3_pages_30_39.csv
[2025-03-27T13:27:06.447+0000] {logging_mixin.py:190} INFO - Uploaded /tmp/construction_20250327_batch_3_pages_30_39.csv to minio://construction-web-scraping/teduh/construction_20250327_batch_3_pages_30_39.csv
[2025-03-27T13:27:06.448+0000] {logging_mixin.py:190} INFO - Batch 3 processed with 250 rows.
[2025-03-27T13:27:06.450+0000] {logging_mixin.py:190} INFO - Processing batch 4: pages 40 to 49
[2025-03-27T13:27:06.451+0000] {logging_mixin.py:190} INFO - Scraping page 40...
[2025-03-27T13:27:23.678+0000] {logging_mixin.py:190} INFO - Error scraping https://teduh.kpkt.gov.my/project-swasta/20193-1: HTTPSConnectionPool(host='teduh.kpkt.gov.my', port=443): Max retries exceeded with url: /project-swasta/20193-1 (Caused by ConnectTimeoutError(<urllib3.connection.HTTPSConnection object at 0x7fca68cfe590>, 'Connection to teduh.kpkt.gov.my timed out. (connect timeout=10)'))
[2025-03-27T13:27:34.299+0000] {logging_mixin.py:190} INFO - Scraping page 41...
[2025-03-27T13:27:56.967+0000] {logging_mixin.py:190} INFO - Scraping page 42...
[2025-03-27T13:28:13.962+0000] {logging_mixin.py:190} INFO - Scraping page 43...
[2025-03-27T13:28:31.222+0000] {logging_mixin.py:190} INFO - Scraping page 44...
[2025-03-27T13:28:59.243+0000] {logging_mixin.py:190} INFO - Error scraping https://teduh.kpkt.gov.my/project-swasta/20117-1: HTTPSConnectionPool(host='teduh.kpkt.gov.my', port=443): Max retries exceeded with url: /project-swasta/20117-1 (Caused by ConnectTimeoutError(<urllib3.connection.HTTPSConnection object at 0x7fca68f9bfa0>, 'Connection to teduh.kpkt.gov.my timed out. (connect timeout=10)'))
[2025-03-27T13:29:00.246+0000] {logging_mixin.py:190} INFO - Scraping page 45...
[2025-03-27T13:29:16.737+0000] {logging_mixin.py:190} INFO - Scraping page 46...
[2025-03-27T13:29:43.635+0000] {logging_mixin.py:190} INFO - Error scraping https://teduh.kpkt.gov.my/project-swasta/20089-1: HTTPSConnectionPool(host='teduh.kpkt.gov.my', port=443): Max retries exceeded with url: /project-swasta/20089-1 (Caused by ConnectTimeoutError(<urllib3.connection.HTTPSConnection object at 0x7fca690fcb20>, 'Connection to teduh.kpkt.gov.my timed out. (connect timeout=10)'))
[2025-03-27T13:29:46.186+0000] {logging_mixin.py:190} INFO - Scraping page 47...
[2025-03-27T13:30:03.321+0000] {logging_mixin.py:190} INFO - Error scraping https://teduh.kpkt.gov.my/project-swasta/20081-2: HTTPSConnectionPool(host='teduh.kpkt.gov.my', port=443): Max retries exceeded with url: /project-swasta/20081-2 (Caused by ConnectTimeoutError(<urllib3.connection.HTTPSConnection object at 0x7fca68f9bc10>, 'Connection to teduh.kpkt.gov.my timed out. (connect timeout=10)'))
[2025-03-27T13:30:13.145+0000] {logging_mixin.py:190} INFO - Scraping page 48...
[2025-03-27T13:30:36.448+0000] {logging_mixin.py:190} INFO - Scraping page 49...
[2025-03-27T13:30:52.727+0000] {logging_mixin.py:190} INFO - Columns before rename: ['BIL.', 'KOD PROJEK', 'PEMAJU', 'PROJEK', 'NO. PERMIT', 'STATUS PROJEK KESELURUHAN', 'RINGKASAN PROJEK', 'Daerah Projek', 'Negeri Projek', 'Harga Minimum (RM)', 'Harga Maksimum (RM)']
[2025-03-27T13:30:52.745+0000] {logging_mixin.py:190} INFO -    Bil  ...                                  RINGKASAN PROJEK
0  976  ...  https://teduh.kpkt.gov.my/project-swasta/20196-1
1  977  ...  https://teduh.kpkt.gov.my/project-swasta/20195-1
2  978  ...  https://teduh.kpkt.gov.my/project-swasta/20194-2
3  979  ...  https://teduh.kpkt.gov.my/project-swasta/20194-1
4  980  ...  https://teduh.kpkt.gov.my/project-swasta/20193-1
5  981  ...  https://teduh.kpkt.gov.my/project-swasta/20192-1
6  982  ...  https://teduh.kpkt.gov.my/project-swasta/20191-1
7  983  ...  https://teduh.kpkt.gov.my/project-swasta/20190-3
8  984  ...  https://teduh.kpkt.gov.my/project-swasta/20190-2
9  985  ...  https://teduh.kpkt.gov.my/project-swasta/20190-1

[10 rows x 11 columns]
[2025-03-27T13:30:52.749+0000] {logging_mixin.py:190} INFO - CSV file created: /tmp/construction_20250327_batch_4_pages_40_49.csv
[2025-03-27T13:30:52.793+0000] {logging_mixin.py:190} INFO - Uploaded /tmp/construction_20250327_batch_4_pages_40_49.csv to minio://construction-web-scraping/teduh/construction_20250327_batch_4_pages_40_49.csv
[2025-03-27T13:30:52.794+0000] {logging_mixin.py:190} INFO - Batch 4 processed with 250 rows.
[2025-03-27T13:30:52.795+0000] {logging_mixin.py:190} INFO - Processing batch 5: pages 50 to 59
[2025-03-27T13:30:52.796+0000] {logging_mixin.py:190} INFO - Scraping page 50...
[2025-03-27T13:31:09.995+0000] {logging_mixin.py:190} INFO - Scraping page 51...
[2025-03-27T13:31:26.417+0000] {logging_mixin.py:190} INFO - Scraping page 52...
[2025-03-27T13:31:47.035+0000] {logging_mixin.py:190} INFO - Scraping page 53...
[2025-03-27T13:32:07.115+0000] {logging_mixin.py:190} INFO - Scraping page 54...
[2025-03-27T13:32:24.473+0000] {logging_mixin.py:190} INFO - Scraping page 55...
[2025-03-27T13:32:41.638+0000] {logging_mixin.py:190} INFO - Scraping page 56...
[2025-03-27T13:33:03.630+0000] {logging_mixin.py:190} INFO - Scraping page 57...
[2025-03-27T13:33:22.965+0000] {logging_mixin.py:190} INFO - Scraping page 58...
[2025-03-27T13:33:44.525+0000] {logging_mixin.py:190} INFO - Scraping page 59...
[2025-03-27T13:34:04.510+0000] {logging_mixin.py:190} INFO - Columns before rename: ['BIL.', 'KOD PROJEK', 'PEMAJU', 'PROJEK', 'NO. PERMIT', 'STATUS PROJEK KESELURUHAN', 'RINGKASAN PROJEK', 'Daerah Projek', 'Negeri Projek', 'Harga Minimum (RM)', 'Harga Maksimum (RM)']
[2025-03-27T13:34:04.528+0000] {logging_mixin.py:190} INFO -     Bil  ...                                  RINGKASAN PROJEK
0  1226  ...  https://teduh.kpkt.gov.my/project-swasta/20046-1
1  1227  ...  https://teduh.kpkt.gov.my/project-swasta/20045-2
2  1228  ...  https://teduh.kpkt.gov.my/project-swasta/20045-1
3  1229  ...  https://teduh.kpkt.gov.my/project-swasta/20044-1
4  1230  ...  https://teduh.kpkt.gov.my/project-swasta/20043-1
5  1231  ...  https://teduh.kpkt.gov.my/project-swasta/20042-1
6  1232  ...  https://teduh.kpkt.gov.my/project-swasta/20041-1
7  1233  ...  https://teduh.kpkt.gov.my/project-swasta/20040-2
8  1234  ...  https://teduh.kpkt.gov.my/project-swasta/20040-1
9  1235  ...  https://teduh.kpkt.gov.my/project-swasta/20039-1

[10 rows x 11 columns]
[2025-03-27T13:34:04.534+0000] {logging_mixin.py:190} INFO - CSV file created: /tmp/construction_20250327_batch_5_pages_50_59.csv
[2025-03-27T13:34:04.581+0000] {logging_mixin.py:190} INFO - Uploaded /tmp/construction_20250327_batch_5_pages_50_59.csv to minio://construction-web-scraping/teduh/construction_20250327_batch_5_pages_50_59.csv
[2025-03-27T13:34:04.582+0000] {logging_mixin.py:190} INFO - Batch 5 processed with 250 rows.
[2025-03-27T13:34:04.583+0000] {logging_mixin.py:190} INFO - Processing batch 6: pages 60 to 69
[2025-03-27T13:34:04.584+0000] {logging_mixin.py:190} INFO - Scraping page 60...
[2025-03-27T13:34:25.944+0000] {logging_mixin.py:190} INFO - Scraping page 61...
[2025-03-27T13:34:43.094+0000] {logging_mixin.py:190} INFO - Scraping page 62...
[2025-03-27T13:35:01.883+0000] {logging_mixin.py:190} INFO - Scraping page 63...
[2025-03-27T13:35:20.699+0000] {logging_mixin.py:190} INFO - Scraping page 64...
[2025-03-27T13:35:35.545+0000] {logging_mixin.py:190} INFO - Scraping page 65...
[2025-03-27T13:35:52.238+0000] {logging_mixin.py:190} INFO - Scraping page 66...
[2025-03-27T13:36:12.231+0000] {logging_mixin.py:190} INFO - Scraping page 67...
[2025-03-27T13:36:27.505+0000] {logging_mixin.py:190} INFO - Scraping page 68...
[2025-03-27T13:36:46.336+0000] {logging_mixin.py:190} INFO - Scraping page 69...
[2025-03-27T13:37:03.378+0000] {logging_mixin.py:190} INFO - Error scraping https://teduh.kpkt.gov.my/project-swasta/19762-1: HTTPSConnectionPool(host='teduh.kpkt.gov.my', port=443): Max retries exceeded with url: /project-swasta/19762-1 (Caused by ConnectTimeoutError(<urllib3.connection.HTTPSConnection object at 0x7fca683f17b0>, 'Connection to teduh.kpkt.gov.my timed out. (connect timeout=10)'))
[2025-03-27T13:37:14.183+0000] {logging_mixin.py:190} INFO - Columns before rename: ['BIL.', 'KOD PROJEK', 'PEMAJU', 'PROJEK', 'NO. PERMIT', 'STATUS PROJEK KESELURUHAN', 'RINGKASAN PROJEK', 'Daerah Projek', 'Negeri Projek', 'Harga Minimum (RM)', 'Harga Maksimum (RM)']
[2025-03-27T13:37:14.199+0000] {logging_mixin.py:190} INFO -     Bil  ...                                  RINGKASAN PROJEK
0  1476  ...  https://teduh.kpkt.gov.my/project-swasta/19893-1
1  1477  ...  https://teduh.kpkt.gov.my/project-swasta/19892-2
2  1478  ...  https://teduh.kpkt.gov.my/project-swasta/19892-1
3  1479  ...  https://teduh.kpkt.gov.my/project-swasta/19891-1
4  1480  ...  https://teduh.kpkt.gov.my/project-swasta/19890-1
5  1481  ...  https://teduh.kpkt.gov.my/project-swasta/19889-1
6  1482  ...  https://teduh.kpkt.gov.my/project-swasta/19888-2
7  1483  ...  https://teduh.kpkt.gov.my/project-swasta/19888-1
8  1484  ...  https://teduh.kpkt.gov.my/project-swasta/19887-1
9  1485  ...  https://teduh.kpkt.gov.my/project-swasta/19886-6

[10 rows x 11 columns]
[2025-03-27T13:37:14.203+0000] {logging_mixin.py:190} INFO - CSV file created: /tmp/construction_20250327_batch_6_pages_60_69.csv
[2025-03-27T13:37:14.258+0000] {logging_mixin.py:190} INFO - Uploaded /tmp/construction_20250327_batch_6_pages_60_69.csv to minio://construction-web-scraping/teduh/construction_20250327_batch_6_pages_60_69.csv
[2025-03-27T13:37:14.259+0000] {logging_mixin.py:190} INFO - Batch 6 processed with 250 rows.
[2025-03-27T13:37:14.260+0000] {logging_mixin.py:190} INFO - Processing batch 7: pages 70 to 79
[2025-03-27T13:37:14.261+0000] {logging_mixin.py:190} INFO - Scraping page 70...
[2025-03-27T13:37:32.243+0000] {logging_mixin.py:190} INFO - Scraping page 71...
[2025-03-27T13:37:56.396+0000] {logging_mixin.py:190} INFO - Error scraping https://teduh.kpkt.gov.my/project-swasta/19734-1: HTTPSConnectionPool(host='teduh.kpkt.gov.my', port=443): Max retries exceeded with url: /project-swasta/19734-1 (Caused by ConnectTimeoutError(<urllib3.connection.HTTPSConnection object at 0x7fca68ced810>, 'Connection to teduh.kpkt.gov.my timed out. (connect timeout=10)'))
[2025-03-27T13:37:57.862+0000] {logging_mixin.py:190} INFO - Scraping page 72...
[2025-03-27T13:38:19.291+0000] {logging_mixin.py:190} INFO - Scraping page 73...
[2025-03-27T13:38:35.809+0000] {logging_mixin.py:190} INFO - Scraping page 74...
[2025-03-27T13:38:51.062+0000] {logging_mixin.py:190} INFO - Scraping page 75...
[2025-03-27T13:39:06.503+0000] {logging_mixin.py:190} INFO - Scraping page 76...
[2025-03-27T13:39:26.453+0000] {logging_mixin.py:190} INFO - Scraping page 77...
[2025-03-27T13:39:47.430+0000] {logging_mixin.py:190} INFO - Scraping page 78...
[2025-03-27T13:40:02.487+0000] {logging_mixin.py:190} INFO - Scraping page 79...
[2025-03-27T13:40:18.252+0000] {logging_mixin.py:190} INFO - Columns before rename: ['BIL.', 'KOD PROJEK', 'PEMAJU', 'PROJEK', 'NO. PERMIT', 'STATUS PROJEK KESELURUHAN', 'RINGKASAN PROJEK', 'Daerah Projek', 'Negeri Projek', 'Harga Minimum (RM)', 'Harga Maksimum (RM)']
[2025-03-27T13:40:18.266+0000] {logging_mixin.py:190} INFO -     Bil  ...                                  RINGKASAN PROJEK
0  1726  ...  https://teduh.kpkt.gov.my/project-swasta/19748-1
1  1727  ...  https://teduh.kpkt.gov.my/project-swasta/19747-1
2  1728  ...  https://teduh.kpkt.gov.my/project-swasta/19746-3
3  1729  ...  https://teduh.kpkt.gov.my/project-swasta/19746-2
4  1730  ...  https://teduh.kpkt.gov.my/project-swasta/19746-1
5  1731  ...  https://teduh.kpkt.gov.my/project-swasta/19745-1
6  1732  ...  https://teduh.kpkt.gov.my/project-swasta/19744-7
7  1733  ...  https://teduh.kpkt.gov.my/project-swasta/19744-6
8  1734  ...  https://teduh.kpkt.gov.my/project-swasta/19744-5
9  1735  ...  https://teduh.kpkt.gov.my/project-swasta/19744-4

[10 rows x 11 columns]
[2025-03-27T13:40:18.270+0000] {logging_mixin.py:190} INFO - CSV file created: /tmp/construction_20250327_batch_7_pages_70_79.csv
[2025-03-27T13:40:18.316+0000] {logging_mixin.py:190} INFO - Uploaded /tmp/construction_20250327_batch_7_pages_70_79.csv to minio://construction-web-scraping/teduh/construction_20250327_batch_7_pages_70_79.csv
[2025-03-27T13:40:18.318+0000] {logging_mixin.py:190} INFO - Batch 7 processed with 250 rows.
[2025-03-27T13:40:18.319+0000] {logging_mixin.py:190} INFO - Processing batch 8: pages 80 to 89
[2025-03-27T13:40:18.320+0000] {logging_mixin.py:190} INFO - Scraping page 80...
[2025-03-27T13:40:33.866+0000] {logging_mixin.py:190} INFO - Scraping page 81...
[2025-03-27T13:40:49.345+0000] {logging_mixin.py:190} INFO - Scraping page 82...
[2025-03-27T13:41:05.329+0000] {logging_mixin.py:190} INFO - Scraping page 83...
[2025-03-27T13:41:21.139+0000] {logging_mixin.py:190} INFO - Scraping page 84...
[2025-03-27T13:41:36.780+0000] {logging_mixin.py:190} INFO - Scraping page 85...
[2025-03-27T13:41:52.960+0000] {logging_mixin.py:190} INFO - Scraping page 86...
[2025-03-27T13:42:09.433+0000] {logging_mixin.py:190} INFO - Scraping page 87...
[2025-03-27T13:42:24.966+0000] {logging_mixin.py:190} INFO - Scraping page 88...
[2025-03-27T13:42:40.906+0000] {logging_mixin.py:190} INFO - Scraping page 89...
[2025-03-27T13:42:58.012+0000] {logging_mixin.py:190} INFO - Columns before rename: ['BIL.', 'KOD PROJEK', 'PEMAJU', 'PROJEK', 'NO. PERMIT', 'STATUS PROJEK KESELURUHAN', 'RINGKASAN PROJEK', 'Daerah Projek', 'Negeri Projek', 'Harga Minimum (RM)', 'Harga Maksimum (RM)']
[2025-03-27T13:42:58.027+0000] {logging_mixin.py:190} INFO -     Bil  ...                                  RINGKASAN PROJEK
0  1976  ...  https://teduh.kpkt.gov.my/project-swasta/19629-1
1  1977  ...  https://teduh.kpkt.gov.my/project-swasta/19628-1
2  1978  ...  https://teduh.kpkt.gov.my/project-swasta/19627-1
3  1979  ...  https://teduh.kpkt.gov.my/project-swasta/19626-3
4  1980  ...  https://teduh.kpkt.gov.my/project-swasta/19626-2
5  1981  ...  https://teduh.kpkt.gov.my/project-swasta/19626-1
6  1982  ...  https://teduh.kpkt.gov.my/project-swasta/19625-1
7  1983  ...  https://teduh.kpkt.gov.my/project-swasta/19624-2
8  1984  ...  https://teduh.kpkt.gov.my/project-swasta/19624-1
9  1985  ...  https://teduh.kpkt.gov.my/project-swasta/19623-3

[10 rows x 11 columns]
[2025-03-27T13:42:58.030+0000] {logging_mixin.py:190} INFO - CSV file created: /tmp/construction_20250327_batch_8_pages_80_89.csv
[2025-03-27T13:42:58.079+0000] {logging_mixin.py:190} INFO - Uploaded /tmp/construction_20250327_batch_8_pages_80_89.csv to minio://construction-web-scraping/teduh/construction_20250327_batch_8_pages_80_89.csv
[2025-03-27T13:42:58.081+0000] {logging_mixin.py:190} INFO - Batch 8 processed with 250 rows.
[2025-03-27T13:42:58.082+0000] {logging_mixin.py:190} INFO - Processing batch 9: pages 90 to 99
[2025-03-27T13:42:58.083+0000] {logging_mixin.py:190} INFO - Scraping page 90...
[2025-03-27T13:43:13.973+0000] {logging_mixin.py:190} INFO - Scraping page 91...
[2025-03-27T13:43:29.848+0000] {logging_mixin.py:190} INFO - Scraping page 92...
[2025-03-27T13:43:46.471+0000] {logging_mixin.py:190} INFO - Scraping page 93...
[2025-03-27T13:44:00.973+0000] {logging_mixin.py:190} INFO - Scraping page 94...
[2025-03-27T13:44:16.977+0000] {logging_mixin.py:190} INFO - Scraping page 95...
[2025-03-27T13:44:31.603+0000] {logging_mixin.py:190} INFO - Scraping page 96...
[2025-03-27T13:44:46.766+0000] {logging_mixin.py:190} INFO - Scraping page 97...
[2025-03-27T13:45:02.338+0000] {logging_mixin.py:190} INFO - Scraping page 98...
[2025-03-27T13:45:18.010+0000] {logging_mixin.py:190} INFO - Scraping page 99...
[2025-03-27T13:45:33.382+0000] {logging_mixin.py:190} INFO - Columns before rename: ['BIL.', 'KOD PROJEK', 'PEMAJU', 'PROJEK', 'NO. PERMIT', 'STATUS PROJEK KESELURUHAN', 'RINGKASAN PROJEK', 'Daerah Projek', 'Negeri Projek', 'Harga Minimum (RM)', 'Harga Maksimum (RM)']
[2025-03-27T13:45:33.397+0000] {logging_mixin.py:190} INFO -     Bil  ...                                  RINGKASAN PROJEK
0  2226  ...  https://teduh.kpkt.gov.my/project-swasta/19487-1
1  2227  ...  https://teduh.kpkt.gov.my/project-swasta/19486-1
2  2228  ...  https://teduh.kpkt.gov.my/project-swasta/19485-1
3  2229  ...  https://teduh.kpkt.gov.my/project-swasta/19484-1
4  2230  ...  https://teduh.kpkt.gov.my/project-swasta/19483-2
5  2231  ...  https://teduh.kpkt.gov.my/project-swasta/19483-1
6  2232  ...  https://teduh.kpkt.gov.my/project-swasta/19482-1
7  2233  ...  https://teduh.kpkt.gov.my/project-swasta/19481-2
8  2234  ...  https://teduh.kpkt.gov.my/project-swasta/19481-1
9  2235  ...  https://teduh.kpkt.gov.my/project-swasta/19480-1

[10 rows x 11 columns]
[2025-03-27T13:45:33.400+0000] {logging_mixin.py:190} INFO - CSV file created: /tmp/construction_20250327_batch_9_pages_90_99.csv
[2025-03-27T13:45:33.460+0000] {logging_mixin.py:190} INFO - Uploaded /tmp/construction_20250327_batch_9_pages_90_99.csv to minio://construction-web-scraping/teduh/construction_20250327_batch_9_pages_90_99.csv
[2025-03-27T13:45:33.461+0000] {logging_mixin.py:190} INFO - Batch 9 processed with 250 rows.
[2025-03-27T13:45:33.462+0000] {logging_mixin.py:190} INFO - Processing batch 10: pages 100 to 109
[2025-03-27T13:45:33.463+0000] {logging_mixin.py:190} INFO - Scraping page 100...
[2025-03-27T13:45:49.557+0000] {logging_mixin.py:190} INFO - Scraping page 101...
[2025-03-27T13:46:05.536+0000] {logging_mixin.py:190} INFO - Scraping page 102...
[2025-03-27T13:46:21.305+0000] {logging_mixin.py:190} INFO - Scraping page 103...
[2025-03-27T13:46:36.227+0000] {logging_mixin.py:190} INFO - Scraping page 104...
[2025-03-27T13:46:51.738+0000] {logging_mixin.py:190} INFO - Scraping page 105...
[2025-03-27T13:47:07.929+0000] {logging_mixin.py:190} INFO - Scraping page 106...
[2025-03-27T13:47:15.818+0000] {timeout.py:68} ERROR - Process timed out, PID: 13793
[2025-03-27T13:47:15.831+0000] {taskinstance.py:3313} ERROR - Task failed with exception
Traceback (most recent call last):
  File "/home/airflow/.local/lib/python3.10/site-packages/airflow/models/taskinstance.py", line 763, in _execute_task
    result = _execute_callable(context=context, **execute_callable_kwargs)
  File "/home/airflow/.local/lib/python3.10/site-packages/airflow/models/taskinstance.py", line 734, in _execute_callable
    return ExecutionCallableRunner(
  File "/home/airflow/.local/lib/python3.10/site-packages/airflow/utils/operator_helpers.py", line 252, in run
    return self.func(*args, **kwargs)
  File "/home/airflow/.local/lib/python3.10/site-packages/airflow/models/baseoperator.py", line 424, in wrapper
    return func(self, *args, **kwargs)
  File "/home/airflow/.local/lib/python3.10/site-packages/airflow/operators/python.py", line 238, in execute
    return_value = self.execute_callable()
  File "/home/airflow/.local/lib/python3.10/site-packages/airflow/operators/python.py", line 256, in execute_callable
    return runner.run(*self.op_args, **self.op_kwargs)
  File "/home/airflow/.local/lib/python3.10/site-packages/airflow/utils/operator_helpers.py", line 252, in run
    return self.func(*args, **kwargs)
  File "/opt/airflow/dags/split_web_scraping.py", line 179, in run_scraper
    daerah, negeri, harga_min, harga_maks = scrape_additional_data(link)
  File "/opt/airflow/dags/split_web_scraping.py", line 41, in scrape_additional_data
    response = requests.get(link, timeout=10)
  File "/home/airflow/.local/lib/python3.10/site-packages/requests/api.py", line 73, in get
    return request("get", url, params=params, **kwargs)
  File "/home/airflow/.local/lib/python3.10/site-packages/requests/api.py", line 59, in request
    return session.request(method=method, url=url, **kwargs)
  File "/home/airflow/.local/lib/python3.10/site-packages/requests/sessions.py", line 589, in request
    resp = self.send(prep, **send_kwargs)
  File "/home/airflow/.local/lib/python3.10/site-packages/requests/sessions.py", line 703, in send
    r = adapter.send(request, **kwargs)
  File "/home/airflow/.local/lib/python3.10/site-packages/requests/adapters.py", line 667, in send
    resp = conn.urlopen(
  File "/home/airflow/.local/lib/python3.10/site-packages/urllib3/connectionpool.py", line 787, in urlopen
    response = self._make_request(
  File "/home/airflow/.local/lib/python3.10/site-packages/urllib3/connectionpool.py", line 534, in _make_request
    response = conn.getresponse()
  File "/home/airflow/.local/lib/python3.10/site-packages/urllib3/connection.py", line 516, in getresponse
    httplib_response = super().getresponse()
  File "/usr/local/lib/python3.10/http/client.py", line 1375, in getresponse
    response.begin()
  File "/usr/local/lib/python3.10/http/client.py", line 318, in begin
    version, status, reason = self._read_status()
  File "/usr/local/lib/python3.10/http/client.py", line 279, in _read_status
    line = str(self.fp.readline(_MAXLINE + 1), "iso-8859-1")
  File "/usr/local/lib/python3.10/socket.py", line 717, in readinto
    return self._sock.recv_into(b)
  File "/usr/local/lib/python3.10/ssl.py", line 1307, in recv_into
    return self.read(nbytes, buffer)
  File "/usr/local/lib/python3.10/ssl.py", line 1163, in read
    return self._sslobj.read(len, buffer)
  File "/home/airflow/.local/lib/python3.10/site-packages/airflow/utils/timeout.py", line 69, in handle_timeout
    raise AirflowTaskTimeout(self.error_message)
airflow.exceptions.AirflowTaskTimeout: Timeout, PID: 13793
[2025-03-27T13:47:15.847+0000] {taskinstance.py:1226} INFO - Marking task as UP_FOR_RETRY. dag_id=split_web_scraping_v01, task_id=scrape_and_store, run_id=manual__2025-03-27T13:17:11.585897+00:00, execution_date=20250327T131711, start_date=20250327T131715, end_date=20250327T134715
[2025-03-27T13:47:15.881+0000] {taskinstance.py:341} INFO - ::group::Post task execution logs
[2025-03-27T13:47:15.916+0000] {local_task_job_runner.py:266} INFO - Task exited with return code 2
[2025-03-27T13:47:15.927+0000] {local_task_job_runner.py:245} INFO - ::endgroup::
