[2025-03-28T05:42:54.892+0000] {local_task_job_runner.py:123} INFO - ::group::Pre task execution logs
[2025-03-28T05:42:54.911+0000] {taskinstance.py:2614} INFO - Dependencies all met for dep_context=non-requeueable deps ti=<TaskInstance: split_web_scraping_v01.scrape_and_store manual__2025-03-28T05:37:07.809707+00:00 [queued]>
[2025-03-28T05:42:54.921+0000] {taskinstance.py:2614} INFO - Dependencies all met for dep_context=requeueable deps ti=<TaskInstance: split_web_scraping_v01.scrape_and_store manual__2025-03-28T05:37:07.809707+00:00 [queued]>
[2025-03-28T05:42:54.923+0000] {taskinstance.py:2867} INFO - Starting attempt 3 of 8
[2025-03-28T05:42:54.944+0000] {taskinstance.py:2890} INFO - Executing <Task(PythonOperator): scrape_and_store> on 2025-03-28 05:37:07.809707+00:00
[2025-03-28T05:42:54.951+0000] {standard_task_runner.py:72} INFO - Started process 490 to run task
[2025-03-28T05:42:54.958+0000] {standard_task_runner.py:104} INFO - Running: ['***', 'tasks', 'run', 'split_web_scraping_v01', 'scrape_and_store', 'manual__2025-03-28T05:37:07.809707+00:00', '--job-id', '87', '--raw', '--subdir', 'DAGS_FOLDER/split_web_scraping.py', '--cfg-path', '/tmp/tmpa6dd0aiu']
[2025-03-28T05:42:54.962+0000] {standard_task_runner.py:105} INFO - Job 87: Subtask scrape_and_store
[2025-03-28T05:42:55.025+0000] {task_command.py:467} INFO - Running <TaskInstance: split_web_scraping_v01.scrape_and_store manual__2025-03-28T05:37:07.809707+00:00 [running]> on host ce237b7c39e9
[2025-03-28T05:42:55.131+0000] {taskinstance.py:3134} INFO - Exporting env vars: AIRFLOW_CTX_DAG_OWNER='waiyong' AIRFLOW_CTX_DAG_ID='split_web_scraping_v01' AIRFLOW_CTX_TASK_ID='scrape_and_store' AIRFLOW_CTX_EXECUTION_DATE='2025-03-28T05:37:07.809707+00:00' AIRFLOW_CTX_TRY_NUMBER='3' AIRFLOW_CTX_DAG_RUN_ID='manual__2025-03-28T05:37:07.809707+00:00'
[2025-03-28T05:42:55.133+0000] {taskinstance.py:732} INFO - ::endgroup::
[2025-03-28T05:42:55.160+0000] {logging_mixin.py:190} INFO - Processing batch 1: pages 1 to 10
[2025-03-28T05:42:55.161+0000] {logging_mixin.py:190} INFO - Scraping page 1...
[2025-03-28T05:42:55.180+0000] {logging_mixin.py:190} INFO - Error processing batch 1: HTTPSConnectionPool(host='default.url', port=443): Max retries exceeded with url: /project-swasta?page=1 (Caused by NameResolutionError("<urllib3.connection.HTTPSConnection object at 0x7f25e143ea40>: Failed to resolve 'default.url' ([Errno -2] Name or service not known)"))
[2025-03-28T05:42:55.195+0000] {logging_mixin.py:190} INFO - Processing batch 2: pages 11 to 20
[2025-03-28T05:42:55.196+0000] {logging_mixin.py:190} INFO - Scraping page 11...
[2025-03-28T05:42:55.201+0000] {logging_mixin.py:190} INFO - Error processing batch 2: HTTPSConnectionPool(host='default.url', port=443): Max retries exceeded with url: /project-swasta?page=11 (Caused by NameResolutionError("<urllib3.connection.HTTPSConnection object at 0x7f25e143f9a0>: Failed to resolve 'default.url' ([Errno -2] Name or service not known)"))
[2025-03-28T05:42:55.215+0000] {logging_mixin.py:190} INFO - Processing batch 3: pages 21 to 30
[2025-03-28T05:42:55.216+0000] {logging_mixin.py:190} INFO - Scraping page 21...
[2025-03-28T05:42:55.222+0000] {logging_mixin.py:190} INFO - Error processing batch 3: HTTPSConnectionPool(host='default.url', port=443): Max retries exceeded with url: /project-swasta?page=21 (Caused by NameResolutionError("<urllib3.connection.HTTPSConnection object at 0x7f25e143e170>: Failed to resolve 'default.url' ([Errno -2] Name or service not known)"))
[2025-03-28T05:42:55.235+0000] {logging_mixin.py:190} INFO - Processing batch 4: pages 31 to 40
[2025-03-28T05:42:55.237+0000] {logging_mixin.py:190} INFO - Scraping page 31...
[2025-03-28T05:42:55.241+0000] {logging_mixin.py:190} INFO - Error processing batch 4: HTTPSConnectionPool(host='default.url', port=443): Max retries exceeded with url: /project-swasta?page=31 (Caused by NameResolutionError("<urllib3.connection.HTTPSConnection object at 0x7f25e143eb30>: Failed to resolve 'default.url' ([Errno -2] Name or service not known)"))
[2025-03-28T05:42:55.255+0000] {logging_mixin.py:190} INFO - Processing batch 5: pages 41 to 50
[2025-03-28T05:42:55.256+0000] {logging_mixin.py:190} INFO - Scraping page 41...
[2025-03-28T05:42:55.261+0000] {logging_mixin.py:190} INFO - Error processing batch 5: HTTPSConnectionPool(host='default.url', port=443): Max retries exceeded with url: /project-swasta?page=41 (Caused by NameResolutionError("<urllib3.connection.HTTPSConnection object at 0x7f25e143c8e0>: Failed to resolve 'default.url' ([Errno -2] Name or service not known)"))
[2025-03-28T05:42:55.276+0000] {logging_mixin.py:190} INFO - Processing batch 6: pages 51 to 60
[2025-03-28T05:42:55.277+0000] {logging_mixin.py:190} INFO - Scraping page 51...
[2025-03-28T05:42:55.282+0000] {logging_mixin.py:190} INFO - Error processing batch 6: HTTPSConnectionPool(host='default.url', port=443): Max retries exceeded with url: /project-swasta?page=51 (Caused by NameResolutionError("<urllib3.connection.HTTPSConnection object at 0x7f25e143df90>: Failed to resolve 'default.url' ([Errno -2] Name or service not known)"))
[2025-03-28T05:42:55.297+0000] {logging_mixin.py:190} INFO - Processing batch 7: pages 61 to 70
[2025-03-28T05:42:55.299+0000] {logging_mixin.py:190} INFO - Scraping page 61...
[2025-03-28T05:42:55.305+0000] {logging_mixin.py:190} INFO - Error processing batch 7: HTTPSConnectionPool(host='default.url', port=443): Max retries exceeded with url: /project-swasta?page=61 (Caused by NameResolutionError("<urllib3.connection.HTTPSConnection object at 0x7f25e143ffa0>: Failed to resolve 'default.url' ([Errno -2] Name or service not known)"))
[2025-03-28T05:42:55.322+0000] {logging_mixin.py:190} INFO - Processing batch 8: pages 71 to 80
[2025-03-28T05:42:55.324+0000] {logging_mixin.py:190} INFO - Scraping page 71...
[2025-03-28T05:42:55.342+0000] {logging_mixin.py:190} INFO - Error processing batch 8: HTTPSConnectionPool(host='default.url', port=443): Max retries exceeded with url: /project-swasta?page=71 (Caused by NameResolutionError("<urllib3.connection.HTTPSConnection object at 0x7f25e143ca60>: Failed to resolve 'default.url' ([Errno -2] Name or service not known)"))
[2025-03-28T05:42:55.367+0000] {logging_mixin.py:190} INFO - Processing batch 9: pages 81 to 90
[2025-03-28T05:42:55.369+0000] {logging_mixin.py:190} INFO - Scraping page 81...
[2025-03-28T05:42:55.380+0000] {logging_mixin.py:190} INFO - Error processing batch 9: HTTPSConnectionPool(host='default.url', port=443): Max retries exceeded with url: /project-swasta?page=81 (Caused by NameResolutionError("<urllib3.connection.HTTPSConnection object at 0x7f25e143eda0>: Failed to resolve 'default.url' ([Errno -2] Name or service not known)"))
[2025-03-28T05:42:55.412+0000] {logging_mixin.py:190} INFO - Processing batch 10: pages 91 to 100
[2025-03-28T05:42:55.414+0000] {logging_mixin.py:190} INFO - Scraping page 91...
[2025-03-28T05:42:55.428+0000] {logging_mixin.py:190} INFO - Error processing batch 10: HTTPSConnectionPool(host='default.url', port=443): Max retries exceeded with url: /project-swasta?page=91 (Caused by NameResolutionError("<urllib3.connection.HTTPSConnection object at 0x7f25e143f0a0>: Failed to resolve 'default.url' ([Errno -2] Name or service not known)"))
[2025-03-28T05:42:55.452+0000] {logging_mixin.py:190} INFO - Processing batch 11: pages 101 to 110
[2025-03-28T05:42:55.455+0000] {logging_mixin.py:190} INFO - Scraping page 101...
[2025-03-28T05:42:55.462+0000] {logging_mixin.py:190} INFO - Error processing batch 11: HTTPSConnectionPool(host='default.url', port=443): Max retries exceeded with url: /project-swasta?page=101 (Caused by NameResolutionError("<urllib3.connection.HTTPSConnection object at 0x7f25e143eb30>: Failed to resolve 'default.url' ([Errno -2] Name or service not known)"))
[2025-03-28T05:42:55.476+0000] {logging_mixin.py:190} INFO - Processing batch 12: pages 111 to 120
[2025-03-28T05:42:55.477+0000] {logging_mixin.py:190} INFO - Scraping page 111...
[2025-03-28T05:42:55.483+0000] {logging_mixin.py:190} INFO - Error processing batch 12: HTTPSConnectionPool(host='default.url', port=443): Max retries exceeded with url: /project-swasta?page=111 (Caused by NameResolutionError("<urllib3.connection.HTTPSConnection object at 0x7f25e143f7c0>: Failed to resolve 'default.url' ([Errno -2] Name or service not known)"))
[2025-03-28T05:42:55.498+0000] {logging_mixin.py:190} INFO - Processing batch 13: pages 121 to 130
[2025-03-28T05:42:55.500+0000] {logging_mixin.py:190} INFO - Scraping page 121...
[2025-03-28T05:42:55.505+0000] {logging_mixin.py:190} INFO - Error processing batch 13: HTTPSConnectionPool(host='default.url', port=443): Max retries exceeded with url: /project-swasta?page=121 (Caused by NameResolutionError("<urllib3.connection.HTTPSConnection object at 0x7f25e143feb0>: Failed to resolve 'default.url' ([Errno -2] Name or service not known)"))
[2025-03-28T05:42:55.519+0000] {logging_mixin.py:190} INFO - Processing batch 14: pages 131 to 140
[2025-03-28T05:42:55.520+0000] {logging_mixin.py:190} INFO - Scraping page 131...
[2025-03-28T05:42:55.524+0000] {logging_mixin.py:190} INFO - Error processing batch 14: HTTPSConnectionPool(host='default.url', port=443): Max retries exceeded with url: /project-swasta?page=131 (Caused by NameResolutionError("<urllib3.connection.HTTPSConnection object at 0x7f25e143c760>: Failed to resolve 'default.url' ([Errno -2] Name or service not known)"))
[2025-03-28T05:42:55.538+0000] {logging_mixin.py:190} INFO - Processing batch 15: pages 141 to 150
[2025-03-28T05:42:55.539+0000] {logging_mixin.py:190} INFO - Scraping page 141...
[2025-03-28T05:42:55.544+0000] {logging_mixin.py:190} INFO - Error processing batch 15: HTTPSConnectionPool(host='default.url', port=443): Max retries exceeded with url: /project-swasta?page=141 (Caused by NameResolutionError("<urllib3.connection.HTTPSConnection object at 0x7f25e143fb80>: Failed to resolve 'default.url' ([Errno -2] Name or service not known)"))
[2025-03-28T05:42:55.557+0000] {logging_mixin.py:190} INFO - Processing batch 16: pages 151 to 160
[2025-03-28T05:42:55.558+0000] {logging_mixin.py:190} INFO - Scraping page 151...
[2025-03-28T05:42:55.563+0000] {logging_mixin.py:190} INFO - Error processing batch 16: HTTPSConnectionPool(host='default.url', port=443): Max retries exceeded with url: /project-swasta?page=151 (Caused by NameResolutionError("<urllib3.connection.HTTPSConnection object at 0x7f25e143dab0>: Failed to resolve 'default.url' ([Errno -2] Name or service not known)"))
[2025-03-28T05:42:55.578+0000] {logging_mixin.py:190} INFO - Processing batch 17: pages 161 to 170
[2025-03-28T05:42:55.579+0000] {logging_mixin.py:190} INFO - Scraping page 161...
[2025-03-28T05:42:55.585+0000] {logging_mixin.py:190} INFO - Error processing batch 17: HTTPSConnectionPool(host='default.url', port=443): Max retries exceeded with url: /project-swasta?page=161 (Caused by NameResolutionError("<urllib3.connection.HTTPSConnection object at 0x7f25e143e110>: Failed to resolve 'default.url' ([Errno -2] Name or service not known)"))
[2025-03-28T05:42:55.600+0000] {logging_mixin.py:190} INFO - Processing batch 18: pages 171 to 180
[2025-03-28T05:42:55.601+0000] {logging_mixin.py:190} INFO - Scraping page 171...
[2025-03-28T05:42:55.606+0000] {logging_mixin.py:190} INFO - Error processing batch 18: HTTPSConnectionPool(host='default.url', port=443): Max retries exceeded with url: /project-swasta?page=171 (Caused by NameResolutionError("<urllib3.connection.HTTPSConnection object at 0x7f25e143e7a0>: Failed to resolve 'default.url' ([Errno -2] Name or service not known)"))
[2025-03-28T05:42:55.621+0000] {logging_mixin.py:190} INFO - Processing batch 19: pages 181 to 190
[2025-03-28T05:42:55.623+0000] {logging_mixin.py:190} INFO - Scraping page 181...
[2025-03-28T05:42:55.627+0000] {logging_mixin.py:190} INFO - Error processing batch 19: HTTPSConnectionPool(host='default.url', port=443): Max retries exceeded with url: /project-swasta?page=181 (Caused by NameResolutionError("<urllib3.connection.HTTPSConnection object at 0x7f25e143f550>: Failed to resolve 'default.url' ([Errno -2] Name or service not known)"))
[2025-03-28T05:42:55.645+0000] {logging_mixin.py:190} INFO - Processing batch 20: pages 191 to 200
[2025-03-28T05:42:55.647+0000] {logging_mixin.py:190} INFO - Scraping page 191...
[2025-03-28T05:42:55.657+0000] {logging_mixin.py:190} INFO - Error processing batch 20: HTTPSConnectionPool(host='default.url', port=443): Max retries exceeded with url: /project-swasta?page=191 (Caused by NameResolutionError("<urllib3.connection.HTTPSConnection object at 0x7f25e143f9d0>: Failed to resolve 'default.url' ([Errno -2] Name or service not known)"))
[2025-03-28T05:42:55.675+0000] {logging_mixin.py:190} INFO - Processing batch 21: pages 201 to 210
[2025-03-28T05:42:55.676+0000] {logging_mixin.py:190} INFO - Scraping page 201...
[2025-03-28T05:42:55.685+0000] {logging_mixin.py:190} INFO - Error processing batch 21: HTTPSConnectionPool(host='default.url', port=443): Max retries exceeded with url: /project-swasta?page=201 (Caused by NameResolutionError("<urllib3.connection.HTTPSConnection object at 0x7f25e143de70>: Failed to resolve 'default.url' ([Errno -2] Name or service not known)"))
[2025-03-28T05:42:55.701+0000] {logging_mixin.py:190} INFO - Processing batch 22: pages 211 to 220
[2025-03-28T05:42:55.703+0000] {logging_mixin.py:190} INFO - Scraping page 211...
[2025-03-28T05:42:55.708+0000] {logging_mixin.py:190} INFO - Error processing batch 22: HTTPSConnectionPool(host='default.url', port=443): Max retries exceeded with url: /project-swasta?page=211 (Caused by NameResolutionError("<urllib3.connection.HTTPSConnection object at 0x7f25e143e320>: Failed to resolve 'default.url' ([Errno -2] Name or service not known)"))
[2025-03-28T05:42:55.724+0000] {logging_mixin.py:190} INFO - Processing batch 23: pages 221 to 230
[2025-03-28T05:42:55.725+0000] {logging_mixin.py:190} INFO - Scraping page 221...
[2025-03-28T05:42:55.730+0000] {logging_mixin.py:190} INFO - Error processing batch 23: HTTPSConnectionPool(host='default.url', port=443): Max retries exceeded with url: /project-swasta?page=221 (Caused by NameResolutionError("<urllib3.connection.HTTPSConnection object at 0x7f25e143c760>: Failed to resolve 'default.url' ([Errno -2] Name or service not known)"))
[2025-03-28T05:42:55.747+0000] {logging_mixin.py:190} INFO - Processing batch 24: pages 231 to 240
[2025-03-28T05:42:55.749+0000] {logging_mixin.py:190} INFO - Scraping page 231...
[2025-03-28T05:42:55.754+0000] {logging_mixin.py:190} INFO - Error processing batch 24: HTTPSConnectionPool(host='default.url', port=443): Max retries exceeded with url: /project-swasta?page=231 (Caused by NameResolutionError("<urllib3.connection.HTTPSConnection object at 0x7f25e143f2b0>: Failed to resolve 'default.url' ([Errno -2] Name or service not known)"))
[2025-03-28T05:42:55.768+0000] {logging_mixin.py:190} INFO - Processing batch 25: pages 241 to 250
[2025-03-28T05:42:55.769+0000] {logging_mixin.py:190} INFO - Scraping page 241...
[2025-03-28T05:42:55.773+0000] {logging_mixin.py:190} INFO - Error processing batch 25: HTTPSConnectionPool(host='default.url', port=443): Max retries exceeded with url: /project-swasta?page=241 (Caused by NameResolutionError("<urllib3.connection.HTTPSConnection object at 0x7f25e143ef20>: Failed to resolve 'default.url' ([Errno -2] Name or service not known)"))
[2025-03-28T05:42:55.786+0000] {logging_mixin.py:190} INFO - Processing batch 26: pages 251 to 260
[2025-03-28T05:42:55.786+0000] {logging_mixin.py:190} INFO - Scraping page 251...
[2025-03-28T05:42:55.790+0000] {logging_mixin.py:190} INFO - Error processing batch 26: HTTPSConnectionPool(host='default.url', port=443): Max retries exceeded with url: /project-swasta?page=251 (Caused by NameResolutionError("<urllib3.connection.HTTPSConnection object at 0x7f25e143ee90>: Failed to resolve 'default.url' ([Errno -2] Name or service not known)"))
[2025-03-28T05:42:55.803+0000] {logging_mixin.py:190} INFO - Processing batch 27: pages 261 to 270
[2025-03-28T05:42:55.804+0000] {logging_mixin.py:190} INFO - Scraping page 261...
[2025-03-28T05:42:55.808+0000] {logging_mixin.py:190} INFO - Error processing batch 27: HTTPSConnectionPool(host='default.url', port=443): Max retries exceeded with url: /project-swasta?page=261 (Caused by NameResolutionError("<urllib3.connection.HTTPSConnection object at 0x7f25e143fd90>: Failed to resolve 'default.url' ([Errno -2] Name or service not known)"))
[2025-03-28T05:42:55.822+0000] {logging_mixin.py:190} INFO - Processing batch 28: pages 271 to 280
[2025-03-28T05:42:55.823+0000] {logging_mixin.py:190} INFO - Scraping page 271...
[2025-03-28T05:42:55.828+0000] {logging_mixin.py:190} INFO - Error processing batch 28: HTTPSConnectionPool(host='default.url', port=443): Max retries exceeded with url: /project-swasta?page=271 (Caused by NameResolutionError("<urllib3.connection.HTTPSConnection object at 0x7f25e143db70>: Failed to resolve 'default.url' ([Errno -2] Name or service not known)"))
[2025-03-28T05:42:55.842+0000] {logging_mixin.py:190} INFO - Processing batch 29: pages 281 to 290
[2025-03-28T05:42:55.844+0000] {logging_mixin.py:190} INFO - Scraping page 281...
[2025-03-28T05:42:55.850+0000] {logging_mixin.py:190} INFO - Error processing batch 29: HTTPSConnectionPool(host='default.url', port=443): Max retries exceeded with url: /project-swasta?page=281 (Caused by NameResolutionError("<urllib3.connection.HTTPSConnection object at 0x7f25e143c820>: Failed to resolve 'default.url' ([Errno -2] Name or service not known)"))
[2025-03-28T05:42:55.865+0000] {logging_mixin.py:190} INFO - Processing batch 30: pages 291 to 300
[2025-03-28T05:42:55.867+0000] {logging_mixin.py:190} INFO - Scraping page 291...
[2025-03-28T05:42:55.872+0000] {logging_mixin.py:190} INFO - Error processing batch 30: HTTPSConnectionPool(host='default.url', port=443): Max retries exceeded with url: /project-swasta?page=291 (Caused by NameResolutionError("<urllib3.connection.HTTPSConnection object at 0x7f25e14bc610>: Failed to resolve 'default.url' ([Errno -2] Name or service not known)"))
[2025-03-28T05:42:55.887+0000] {logging_mixin.py:190} INFO - Processing batch 31: pages 301 to 310
[2025-03-28T05:42:55.889+0000] {logging_mixin.py:190} INFO - Scraping page 301...
[2025-03-28T05:42:55.894+0000] {logging_mixin.py:190} INFO - Error processing batch 31: HTTPSConnectionPool(host='default.url', port=443): Max retries exceeded with url: /project-swasta?page=301 (Caused by NameResolutionError("<urllib3.connection.HTTPSConnection object at 0x7f25e143c040>: Failed to resolve 'default.url' ([Errno -2] Name or service not known)"))
[2025-03-28T05:42:55.909+0000] {logging_mixin.py:190} INFO - Processing batch 32: pages 311 to 320
[2025-03-28T05:42:55.910+0000] {logging_mixin.py:190} INFO - Scraping page 311...
[2025-03-28T05:42:55.916+0000] {logging_mixin.py:190} INFO - Error processing batch 32: HTTPSConnectionPool(host='default.url', port=443): Max retries exceeded with url: /project-swasta?page=311 (Caused by NameResolutionError("<urllib3.connection.HTTPSConnection object at 0x7f25e143f160>: Failed to resolve 'default.url' ([Errno -2] Name or service not known)"))
[2025-03-28T05:42:55.930+0000] {logging_mixin.py:190} INFO - Processing batch 33: pages 321 to 330
[2025-03-28T05:42:55.931+0000] {logging_mixin.py:190} INFO - Scraping page 321...
[2025-03-28T05:42:55.937+0000] {logging_mixin.py:190} INFO - Error processing batch 33: HTTPSConnectionPool(host='default.url', port=443): Max retries exceeded with url: /project-swasta?page=321 (Caused by NameResolutionError("<urllib3.connection.HTTPSConnection object at 0x7f25e143f520>: Failed to resolve 'default.url' ([Errno -2] Name or service not known)"))
[2025-03-28T05:42:55.953+0000] {logging_mixin.py:190} INFO - Processing batch 34: pages 331 to 340
[2025-03-28T05:42:55.954+0000] {logging_mixin.py:190} INFO - Scraping page 331...
[2025-03-28T05:42:55.959+0000] {logging_mixin.py:190} INFO - Error processing batch 34: HTTPSConnectionPool(host='default.url', port=443): Max retries exceeded with url: /project-swasta?page=331 (Caused by NameResolutionError("<urllib3.connection.HTTPSConnection object at 0x7f25e14bc490>: Failed to resolve 'default.url' ([Errno -2] Name or service not known)"))
[2025-03-28T05:42:55.977+0000] {logging_mixin.py:190} INFO - Processing batch 35: pages 341 to 350
[2025-03-28T05:42:55.979+0000] {logging_mixin.py:190} INFO - Scraping page 341...
[2025-03-28T05:42:55.985+0000] {logging_mixin.py:190} INFO - Error processing batch 35: HTTPSConnectionPool(host='default.url', port=443): Max retries exceeded with url: /project-swasta?page=341 (Caused by NameResolutionError("<urllib3.connection.HTTPSConnection object at 0x7f25e143eda0>: Failed to resolve 'default.url' ([Errno -2] Name or service not known)"))
[2025-03-28T05:42:56.002+0000] {logging_mixin.py:190} INFO - Processing batch 36: pages 351 to 360
[2025-03-28T05:42:56.003+0000] {logging_mixin.py:190} INFO - Scraping page 351...
[2025-03-28T05:42:56.009+0000] {logging_mixin.py:190} INFO - Error processing batch 36: HTTPSConnectionPool(host='default.url', port=443): Max retries exceeded with url: /project-swasta?page=351 (Caused by NameResolutionError("<urllib3.connection.HTTPSConnection object at 0x7f25e143c0a0>: Failed to resolve 'default.url' ([Errno -2] Name or service not known)"))
[2025-03-28T05:42:56.025+0000] {logging_mixin.py:190} INFO - Processing batch 37: pages 361 to 370
[2025-03-28T05:42:56.026+0000] {logging_mixin.py:190} INFO - Scraping page 361...
[2025-03-28T05:42:56.032+0000] {logging_mixin.py:190} INFO - Error processing batch 37: HTTPSConnectionPool(host='default.url', port=443): Max retries exceeded with url: /project-swasta?page=361 (Caused by NameResolutionError("<urllib3.connection.HTTPSConnection object at 0x7f25e143cee0>: Failed to resolve 'default.url' ([Errno -2] Name or service not known)"))
[2025-03-28T05:42:56.047+0000] {logging_mixin.py:190} INFO - Processing batch 38: pages 371 to 380
[2025-03-28T05:42:56.050+0000] {logging_mixin.py:190} INFO - Scraping page 371...
[2025-03-28T05:42:56.055+0000] {logging_mixin.py:190} INFO - Error processing batch 38: HTTPSConnectionPool(host='default.url', port=443): Max retries exceeded with url: /project-swasta?page=371 (Caused by NameResolutionError("<urllib3.connection.HTTPSConnection object at 0x7f25e14bc400>: Failed to resolve 'default.url' ([Errno -2] Name or service not known)"))
[2025-03-28T05:42:56.072+0000] {logging_mixin.py:190} INFO - Processing batch 39: pages 381 to 390
[2025-03-28T05:42:56.074+0000] {logging_mixin.py:190} INFO - Scraping page 381...
[2025-03-28T05:42:56.079+0000] {logging_mixin.py:190} INFO - Error processing batch 39: HTTPSConnectionPool(host='default.url', port=443): Max retries exceeded with url: /project-swasta?page=381 (Caused by NameResolutionError("<urllib3.connection.HTTPSConnection object at 0x7f25e143d750>: Failed to resolve 'default.url' ([Errno -2] Name or service not known)"))
[2025-03-28T05:42:56.094+0000] {logging_mixin.py:190} INFO - Processing batch 40: pages 391 to 400
[2025-03-28T05:42:56.096+0000] {logging_mixin.py:190} INFO - Scraping page 391...
[2025-03-28T05:42:56.102+0000] {logging_mixin.py:190} INFO - Error processing batch 40: HTTPSConnectionPool(host='default.url', port=443): Max retries exceeded with url: /project-swasta?page=391 (Caused by NameResolutionError("<urllib3.connection.HTTPSConnection object at 0x7f25e143d7e0>: Failed to resolve 'default.url' ([Errno -2] Name or service not known)"))
[2025-03-28T05:42:56.118+0000] {logging_mixin.py:190} INFO - Processing batch 41: pages 401 to 410
[2025-03-28T05:42:56.120+0000] {logging_mixin.py:190} INFO - Scraping page 401...
[2025-03-28T05:42:56.126+0000] {logging_mixin.py:190} INFO - Error processing batch 41: HTTPSConnectionPool(host='default.url', port=443): Max retries exceeded with url: /project-swasta?page=401 (Caused by NameResolutionError("<urllib3.connection.HTTPSConnection object at 0x7f25e143df00>: Failed to resolve 'default.url' ([Errno -2] Name or service not known)"))
[2025-03-28T05:42:56.140+0000] {logging_mixin.py:190} INFO - Processing batch 42: pages 411 to 420
[2025-03-28T05:42:56.142+0000] {logging_mixin.py:190} INFO - Scraping page 411...
[2025-03-28T05:42:56.148+0000] {logging_mixin.py:190} INFO - Error processing batch 42: HTTPSConnectionPool(host='default.url', port=443): Max retries exceeded with url: /project-swasta?page=411 (Caused by NameResolutionError("<urllib3.connection.HTTPSConnection object at 0x7f25e14bc0a0>: Failed to resolve 'default.url' ([Errno -2] Name or service not known)"))
[2025-03-28T05:42:56.164+0000] {logging_mixin.py:190} INFO - Processing batch 43: pages 421 to 430
[2025-03-28T05:42:56.166+0000] {logging_mixin.py:190} INFO - Scraping page 421...
[2025-03-28T05:42:56.172+0000] {logging_mixin.py:190} INFO - Error processing batch 43: HTTPSConnectionPool(host='default.url', port=443): Max retries exceeded with url: /project-swasta?page=421 (Caused by NameResolutionError("<urllib3.connection.HTTPSConnection object at 0x7f25e143da80>: Failed to resolve 'default.url' ([Errno -2] Name or service not known)"))
[2025-03-28T05:42:56.187+0000] {logging_mixin.py:190} INFO - Processing batch 44: pages 431 to 440
[2025-03-28T05:42:56.189+0000] {logging_mixin.py:190} INFO - Scraping page 431...
[2025-03-28T05:42:56.194+0000] {logging_mixin.py:190} INFO - Error processing batch 44: HTTPSConnectionPool(host='default.url', port=443): Max retries exceeded with url: /project-swasta?page=431 (Caused by NameResolutionError("<urllib3.connection.HTTPSConnection object at 0x7f25e143cfd0>: Failed to resolve 'default.url' ([Errno -2] Name or service not known)"))
[2025-03-28T05:42:56.209+0000] {logging_mixin.py:190} INFO - Processing batch 45: pages 441 to 450
[2025-03-28T05:42:56.211+0000] {logging_mixin.py:190} INFO - Scraping page 441...
[2025-03-28T05:42:56.216+0000] {logging_mixin.py:190} INFO - Error processing batch 45: HTTPSConnectionPool(host='default.url', port=443): Max retries exceeded with url: /project-swasta?page=441 (Caused by NameResolutionError("<urllib3.connection.HTTPSConnection object at 0x7f25e143e560>: Failed to resolve 'default.url' ([Errno -2] Name or service not known)"))
[2025-03-28T05:42:56.230+0000] {logging_mixin.py:190} INFO - Processing batch 46: pages 451 to 460
[2025-03-28T05:42:56.231+0000] {logging_mixin.py:190} INFO - Scraping page 451...
[2025-03-28T05:42:56.237+0000] {logging_mixin.py:190} INFO - Error processing batch 46: HTTPSConnectionPool(host='default.url', port=443): Max retries exceeded with url: /project-swasta?page=451 (Caused by NameResolutionError("<urllib3.connection.HTTPSConnection object at 0x7f25e14bc7c0>: Failed to resolve 'default.url' ([Errno -2] Name or service not known)"))
[2025-03-28T05:42:56.252+0000] {logging_mixin.py:190} INFO - Processing batch 47: pages 461 to 470
[2025-03-28T05:42:56.254+0000] {logging_mixin.py:190} INFO - Scraping page 461...
[2025-03-28T05:42:56.259+0000] {logging_mixin.py:190} INFO - Error processing batch 47: HTTPSConnectionPool(host='default.url', port=443): Max retries exceeded with url: /project-swasta?page=461 (Caused by NameResolutionError("<urllib3.connection.HTTPSConnection object at 0x7f25e143fbb0>: Failed to resolve 'default.url' ([Errno -2] Name or service not known)"))
[2025-03-28T05:42:56.274+0000] {logging_mixin.py:190} INFO - Processing batch 48: pages 471 to 480
[2025-03-28T05:42:56.275+0000] {logging_mixin.py:190} INFO - Scraping page 471...
[2025-03-28T05:42:56.280+0000] {logging_mixin.py:190} INFO - Error processing batch 48: HTTPSConnectionPool(host='default.url', port=443): Max retries exceeded with url: /project-swasta?page=471 (Caused by NameResolutionError("<urllib3.connection.HTTPSConnection object at 0x7f25e143f4c0>: Failed to resolve 'default.url' ([Errno -2] Name or service not known)"))
[2025-03-28T05:42:56.294+0000] {logging_mixin.py:190} INFO - Processing batch 49: pages 481 to 490
[2025-03-28T05:42:56.295+0000] {logging_mixin.py:190} INFO - Scraping page 481...
[2025-03-28T05:42:56.301+0000] {logging_mixin.py:190} INFO - Error processing batch 49: HTTPSConnectionPool(host='default.url', port=443): Max retries exceeded with url: /project-swasta?page=481 (Caused by NameResolutionError("<urllib3.connection.HTTPSConnection object at 0x7f25e143df00>: Failed to resolve 'default.url' ([Errno -2] Name or service not known)"))
[2025-03-28T05:42:56.315+0000] {logging_mixin.py:190} INFO - Processing batch 50: pages 491 to 500
[2025-03-28T05:42:56.316+0000] {logging_mixin.py:190} INFO - Scraping page 491...
[2025-03-28T05:42:56.321+0000] {logging_mixin.py:190} INFO - Error processing batch 50: HTTPSConnectionPool(host='default.url', port=443): Max retries exceeded with url: /project-swasta?page=491 (Caused by NameResolutionError("<urllib3.connection.HTTPSConnection object at 0x7f25e14bc0d0>: Failed to resolve 'default.url' ([Errno -2] Name or service not known)"))
[2025-03-28T05:42:56.336+0000] {logging_mixin.py:190} INFO - Processing batch 51: pages 501 to 510
[2025-03-28T05:42:56.337+0000] {logging_mixin.py:190} INFO - Scraping page 501...
[2025-03-28T05:42:56.342+0000] {logging_mixin.py:190} INFO - Error processing batch 51: HTTPSConnectionPool(host='default.url', port=443): Max retries exceeded with url: /project-swasta?page=501 (Caused by NameResolutionError("<urllib3.connection.HTTPSConnection object at 0x7f25e143cca0>: Failed to resolve 'default.url' ([Errno -2] Name or service not known)"))
[2025-03-28T05:42:56.357+0000] {logging_mixin.py:190} INFO - Processing batch 52: pages 511 to 520
[2025-03-28T05:42:56.358+0000] {logging_mixin.py:190} INFO - Scraping page 511...
[2025-03-28T05:42:56.363+0000] {logging_mixin.py:190} INFO - Error processing batch 52: HTTPSConnectionPool(host='default.url', port=443): Max retries exceeded with url: /project-swasta?page=511 (Caused by NameResolutionError("<urllib3.connection.HTTPSConnection object at 0x7f25e143de70>: Failed to resolve 'default.url' ([Errno -2] Name or service not known)"))
[2025-03-28T05:42:56.378+0000] {logging_mixin.py:190} INFO - Processing batch 53: pages 521 to 530
[2025-03-28T05:42:56.379+0000] {logging_mixin.py:190} INFO - Scraping page 521...
[2025-03-28T05:42:56.385+0000] {logging_mixin.py:190} INFO - Error processing batch 53: HTTPSConnectionPool(host='default.url', port=443): Max retries exceeded with url: /project-swasta?page=521 (Caused by NameResolutionError("<urllib3.connection.HTTPSConnection object at 0x7f25e143f0a0>: Failed to resolve 'default.url' ([Errno -2] Name or service not known)"))
[2025-03-28T05:42:56.400+0000] {logging_mixin.py:190} INFO - Processing batch 54: pages 531 to 540
[2025-03-28T05:42:56.401+0000] {logging_mixin.py:190} INFO - Scraping page 531...
[2025-03-28T05:42:56.406+0000] {logging_mixin.py:190} INFO - Error processing batch 54: HTTPSConnectionPool(host='default.url', port=443): Max retries exceeded with url: /project-swasta?page=531 (Caused by NameResolutionError("<urllib3.connection.HTTPSConnection object at 0x7f25e14bcc40>: Failed to resolve 'default.url' ([Errno -2] Name or service not known)"))
[2025-03-28T05:42:56.420+0000] {logging_mixin.py:190} INFO - Processing batch 55: pages 541 to 550
[2025-03-28T05:42:56.422+0000] {logging_mixin.py:190} INFO - Scraping page 541...
[2025-03-28T05:42:56.427+0000] {logging_mixin.py:190} INFO - Error processing batch 55: HTTPSConnectionPool(host='default.url', port=443): Max retries exceeded with url: /project-swasta?page=541 (Caused by NameResolutionError("<urllib3.connection.HTTPSConnection object at 0x7f25e143e590>: Failed to resolve 'default.url' ([Errno -2] Name or service not known)"))
[2025-03-28T05:42:56.441+0000] {logging_mixin.py:190} INFO - Processing batch 56: pages 551 to 560
[2025-03-28T05:42:56.442+0000] {logging_mixin.py:190} INFO - Scraping page 551...
[2025-03-28T05:42:56.447+0000] {logging_mixin.py:190} INFO - Error processing batch 56: HTTPSConnectionPool(host='default.url', port=443): Max retries exceeded with url: /project-swasta?page=551 (Caused by NameResolutionError("<urllib3.connection.HTTPSConnection object at 0x7f25e143c0a0>: Failed to resolve 'default.url' ([Errno -2] Name or service not known)"))
[2025-03-28T05:42:56.461+0000] {logging_mixin.py:190} INFO - Processing batch 57: pages 561 to 570
[2025-03-28T05:42:56.462+0000] {logging_mixin.py:190} INFO - Scraping page 561...
[2025-03-28T05:42:56.468+0000] {logging_mixin.py:190} INFO - Error processing batch 57: HTTPSConnectionPool(host='default.url', port=443): Max retries exceeded with url: /project-swasta?page=561 (Caused by NameResolutionError("<urllib3.connection.HTTPSConnection object at 0x7f25e143ffa0>: Failed to resolve 'default.url' ([Errno -2] Name or service not known)"))
[2025-03-28T05:42:56.483+0000] {logging_mixin.py:190} INFO - Processing batch 58: pages 571 to 580
[2025-03-28T05:42:56.484+0000] {logging_mixin.py:190} INFO - Scraping page 571...
[2025-03-28T05:42:56.489+0000] {logging_mixin.py:190} INFO - Error processing batch 58: HTTPSConnectionPool(host='default.url', port=443): Max retries exceeded with url: /project-swasta?page=571 (Caused by NameResolutionError("<urllib3.connection.HTTPSConnection object at 0x7f25e14bcb80>: Failed to resolve 'default.url' ([Errno -2] Name or service not known)"))
[2025-03-28T05:42:56.504+0000] {logging_mixin.py:190} INFO - Processing batch 59: pages 581 to 590
[2025-03-28T05:42:56.506+0000] {logging_mixin.py:190} INFO - Scraping page 581...
[2025-03-28T05:42:56.511+0000] {logging_mixin.py:190} INFO - Error processing batch 59: HTTPSConnectionPool(host='default.url', port=443): Max retries exceeded with url: /project-swasta?page=581 (Caused by NameResolutionError("<urllib3.connection.HTTPSConnection object at 0x7f25e143cd30>: Failed to resolve 'default.url' ([Errno -2] Name or service not known)"))
[2025-03-28T05:42:56.526+0000] {logging_mixin.py:190} INFO - Processing batch 60: pages 591 to 600
[2025-03-28T05:42:56.528+0000] {logging_mixin.py:190} INFO - Scraping page 591...
[2025-03-28T05:42:56.533+0000] {logging_mixin.py:190} INFO - Error processing batch 60: HTTPSConnectionPool(host='default.url', port=443): Max retries exceeded with url: /project-swasta?page=591 (Caused by NameResolutionError("<urllib3.connection.HTTPSConnection object at 0x7f25e143fe50>: Failed to resolve 'default.url' ([Errno -2] Name or service not known)"))
[2025-03-28T05:42:56.547+0000] {logging_mixin.py:190} INFO - Processing batch 61: pages 601 to 610
[2025-03-28T05:42:56.549+0000] {logging_mixin.py:190} INFO - Scraping page 601...
[2025-03-28T05:42:56.554+0000] {logging_mixin.py:190} INFO - Error processing batch 61: HTTPSConnectionPool(host='default.url', port=443): Max retries exceeded with url: /project-swasta?page=601 (Caused by NameResolutionError("<urllib3.connection.HTTPSConnection object at 0x7f25e143e440>: Failed to resolve 'default.url' ([Errno -2] Name or service not known)"))
[2025-03-28T05:42:56.569+0000] {logging_mixin.py:190} INFO - Processing batch 62: pages 611 to 620
[2025-03-28T05:42:56.571+0000] {logging_mixin.py:190} INFO - Scraping page 611...
[2025-03-28T05:42:56.577+0000] {logging_mixin.py:190} INFO - Error processing batch 62: HTTPSConnectionPool(host='default.url', port=443): Max retries exceeded with url: /project-swasta?page=611 (Caused by NameResolutionError("<urllib3.connection.HTTPSConnection object at 0x7f25e14bc6d0>: Failed to resolve 'default.url' ([Errno -2] Name or service not known)"))
[2025-03-28T05:42:56.598+0000] {logging_mixin.py:190} INFO - Processing batch 63: pages 621 to 630
[2025-03-28T05:42:56.600+0000] {logging_mixin.py:190} INFO - Scraping page 621...
[2025-03-28T05:42:56.607+0000] {logging_mixin.py:190} INFO - Error processing batch 63: HTTPSConnectionPool(host='default.url', port=443): Max retries exceeded with url: /project-swasta?page=621 (Caused by NameResolutionError("<urllib3.connection.HTTPSConnection object at 0x7f25e143ca90>: Failed to resolve 'default.url' ([Errno -2] Name or service not known)"))
[2025-03-28T05:42:56.626+0000] {logging_mixin.py:190} INFO - Processing batch 64: pages 631 to 640
[2025-03-28T05:42:56.628+0000] {logging_mixin.py:190} INFO - Scraping page 631...
[2025-03-28T05:42:56.637+0000] {logging_mixin.py:190} INFO - Error processing batch 64: HTTPSConnectionPool(host='default.url', port=443): Max retries exceeded with url: /project-swasta?page=631 (Caused by NameResolutionError("<urllib3.connection.HTTPSConnection object at 0x7f25e143d9c0>: Failed to resolve 'default.url' ([Errno -2] Name or service not known)"))
[2025-03-28T05:42:56.676+0000] {logging_mixin.py:190} INFO - Processing batch 65: pages 641 to 650
[2025-03-28T05:42:56.679+0000] {logging_mixin.py:190} INFO - Scraping page 641...
[2025-03-28T05:42:56.685+0000] {logging_mixin.py:190} INFO - Error processing batch 65: HTTPSConnectionPool(host='default.url', port=443): Max retries exceeded with url: /project-swasta?page=641 (Caused by NameResolutionError("<urllib3.connection.HTTPSConnection object at 0x7f25e143f6a0>: Failed to resolve 'default.url' ([Errno -2] Name or service not known)"))
[2025-03-28T05:42:56.704+0000] {logging_mixin.py:190} INFO - Processing batch 66: pages 651 to 660
[2025-03-28T05:42:56.706+0000] {logging_mixin.py:190} INFO - Scraping page 651...
[2025-03-28T05:42:56.713+0000] {logging_mixin.py:190} INFO - Error processing batch 66: HTTPSConnectionPool(host='default.url', port=443): Max retries exceeded with url: /project-swasta?page=651 (Caused by NameResolutionError("<urllib3.connection.HTTPSConnection object at 0x7f25e14bc130>: Failed to resolve 'default.url' ([Errno -2] Name or service not known)"))
[2025-03-28T05:42:56.730+0000] {logging_mixin.py:190} INFO - Processing batch 67: pages 661 to 670
[2025-03-28T05:42:56.732+0000] {logging_mixin.py:190} INFO - Scraping page 661...
[2025-03-28T05:42:56.738+0000] {logging_mixin.py:190} INFO - Error processing batch 67: HTTPSConnectionPool(host='default.url', port=443): Max retries exceeded with url: /project-swasta?page=661 (Caused by NameResolutionError("<urllib3.connection.HTTPSConnection object at 0x7f25e143f6d0>: Failed to resolve 'default.url' ([Errno -2] Name or service not known)"))
[2025-03-28T05:42:56.754+0000] {logging_mixin.py:190} INFO - Processing batch 68: pages 671 to 680
[2025-03-28T05:42:56.755+0000] {logging_mixin.py:190} INFO - Scraping page 671...
[2025-03-28T05:42:56.760+0000] {logging_mixin.py:190} INFO - Error processing batch 68: HTTPSConnectionPool(host='default.url', port=443): Max retries exceeded with url: /project-swasta?page=671 (Caused by NameResolutionError("<urllib3.connection.HTTPSConnection object at 0x7f25e143e8c0>: Failed to resolve 'default.url' ([Errno -2] Name or service not known)"))
[2025-03-28T05:42:56.775+0000] {logging_mixin.py:190} INFO - Processing batch 69: pages 681 to 690
[2025-03-28T05:42:56.776+0000] {logging_mixin.py:190} INFO - Scraping page 681...
[2025-03-28T05:42:56.780+0000] {logging_mixin.py:190} INFO - Error processing batch 69: HTTPSConnectionPool(host='default.url', port=443): Max retries exceeded with url: /project-swasta?page=681 (Caused by NameResolutionError("<urllib3.connection.HTTPSConnection object at 0x7f25e143d570>: Failed to resolve 'default.url' ([Errno -2] Name or service not known)"))
[2025-03-28T05:42:56.794+0000] {logging_mixin.py:190} INFO - Processing batch 70: pages 691 to 700
[2025-03-28T05:42:56.795+0000] {logging_mixin.py:190} INFO - Scraping page 691...
[2025-03-28T05:42:56.801+0000] {logging_mixin.py:190} INFO - Error processing batch 70: HTTPSConnectionPool(host='default.url', port=443): Max retries exceeded with url: /project-swasta?page=691 (Caused by NameResolutionError("<urllib3.connection.HTTPSConnection object at 0x7f25e14bcd60>: Failed to resolve 'default.url' ([Errno -2] Name or service not known)"))
[2025-03-28T05:42:56.815+0000] {logging_mixin.py:190} INFO - Processing batch 71: pages 701 to 710
[2025-03-28T05:42:56.816+0000] {logging_mixin.py:190} INFO - Scraping page 701...
[2025-03-28T05:42:56.820+0000] {logging_mixin.py:190} INFO - Error processing batch 71: HTTPSConnectionPool(host='default.url', port=443): Max retries exceeded with url: /project-swasta?page=701 (Caused by NameResolutionError("<urllib3.connection.HTTPSConnection object at 0x7f25e143ff10>: Failed to resolve 'default.url' ([Errno -2] Name or service not known)"))
[2025-03-28T05:42:56.834+0000] {logging_mixin.py:190} INFO - Processing batch 72: pages 711 to 720
[2025-03-28T05:42:56.835+0000] {logging_mixin.py:190} INFO - Scraping page 711...
[2025-03-28T05:42:56.840+0000] {logging_mixin.py:190} INFO - Error processing batch 72: HTTPSConnectionPool(host='default.url', port=443): Max retries exceeded with url: /project-swasta?page=711 (Caused by NameResolutionError("<urllib3.connection.HTTPSConnection object at 0x7f25e143d8d0>: Failed to resolve 'default.url' ([Errno -2] Name or service not known)"))
[2025-03-28T05:42:56.853+0000] {logging_mixin.py:190} INFO - Processing batch 73: pages 721 to 730
[2025-03-28T05:42:56.854+0000] {logging_mixin.py:190} INFO - Scraping page 721...
[2025-03-28T05:42:56.858+0000] {logging_mixin.py:190} INFO - Error processing batch 73: HTTPSConnectionPool(host='default.url', port=443): Max retries exceeded with url: /project-swasta?page=721 (Caused by NameResolutionError("<urllib3.connection.HTTPSConnection object at 0x7f25e143d810>: Failed to resolve 'default.url' ([Errno -2] Name or service not known)"))
[2025-03-28T05:42:56.872+0000] {logging_mixin.py:190} INFO - Processing batch 74: pages 731 to 740
[2025-03-28T05:42:56.873+0000] {logging_mixin.py:190} INFO - Scraping page 731...
[2025-03-28T05:42:56.877+0000] {logging_mixin.py:190} INFO - Error processing batch 74: HTTPSConnectionPool(host='default.url', port=443): Max retries exceeded with url: /project-swasta?page=731 (Caused by NameResolutionError("<urllib3.connection.HTTPSConnection object at 0x7f25e14bc790>: Failed to resolve 'default.url' ([Errno -2] Name or service not known)"))
[2025-03-28T05:42:56.890+0000] {logging_mixin.py:190} INFO - Processing batch 75: pages 741 to 750
[2025-03-28T05:42:56.891+0000] {logging_mixin.py:190} INFO - Scraping page 741...
[2025-03-28T05:42:56.896+0000] {logging_mixin.py:190} INFO - Error processing batch 75: HTTPSConnectionPool(host='default.url', port=443): Max retries exceeded with url: /project-swasta?page=741 (Caused by NameResolutionError("<urllib3.connection.HTTPSConnection object at 0x7f25e143f6d0>: Failed to resolve 'default.url' ([Errno -2] Name or service not known)"))
[2025-03-28T05:42:56.911+0000] {logging_mixin.py:190} INFO - Processing batch 76: pages 751 to 760
[2025-03-28T05:42:56.912+0000] {logging_mixin.py:190} INFO - Scraping page 751...
[2025-03-28T05:42:56.918+0000] {logging_mixin.py:190} INFO - Error processing batch 76: HTTPSConnectionPool(host='default.url', port=443): Max retries exceeded with url: /project-swasta?page=751 (Caused by NameResolutionError("<urllib3.connection.HTTPSConnection object at 0x7f25e143d540>: Failed to resolve 'default.url' ([Errno -2] Name or service not known)"))
[2025-03-28T05:42:56.932+0000] {logging_mixin.py:190} INFO - Processing batch 77: pages 761 to 770
[2025-03-28T05:42:56.933+0000] {logging_mixin.py:190} INFO - Scraping page 761...
[2025-03-28T05:42:56.938+0000] {logging_mixin.py:190} INFO - Error processing batch 77: HTTPSConnectionPool(host='default.url', port=443): Max retries exceeded with url: /project-swasta?page=761 (Caused by NameResolutionError("<urllib3.connection.HTTPSConnection object at 0x7f25e143d720>: Failed to resolve 'default.url' ([Errno -2] Name or service not known)"))
[2025-03-28T05:42:56.953+0000] {logging_mixin.py:190} INFO - Processing batch 78: pages 771 to 780
[2025-03-28T05:42:56.954+0000] {logging_mixin.py:190} INFO - Scraping page 771...
[2025-03-28T05:42:56.959+0000] {logging_mixin.py:190} INFO - Error processing batch 78: HTTPSConnectionPool(host='default.url', port=443): Max retries exceeded with url: /project-swasta?page=771 (Caused by NameResolutionError("<urllib3.connection.HTTPSConnection object at 0x7f25e14bca30>: Failed to resolve 'default.url' ([Errno -2] Name or service not known)"))
[2025-03-28T05:42:56.974+0000] {logging_mixin.py:190} INFO - Processing batch 79: pages 781 to 790
[2025-03-28T05:42:56.975+0000] {logging_mixin.py:190} INFO - Scraping page 781...
[2025-03-28T05:42:56.980+0000] {logging_mixin.py:190} INFO - Error processing batch 79: HTTPSConnectionPool(host='default.url', port=443): Max retries exceeded with url: /project-swasta?page=781 (Caused by NameResolutionError("<urllib3.connection.HTTPSConnection object at 0x7f25e143f160>: Failed to resolve 'default.url' ([Errno -2] Name or service not known)"))
[2025-03-28T05:42:56.996+0000] {logging_mixin.py:190} INFO - Processing batch 80: pages 791 to 800
[2025-03-28T05:42:56.998+0000] {logging_mixin.py:190} INFO - Scraping page 791...
[2025-03-28T05:42:57.004+0000] {logging_mixin.py:190} INFO - Error processing batch 80: HTTPSConnectionPool(host='default.url', port=443): Max retries exceeded with url: /project-swasta?page=791 (Caused by NameResolutionError("<urllib3.connection.HTTPSConnection object at 0x7f25e143c280>: Failed to resolve 'default.url' ([Errno -2] Name or service not known)"))
[2025-03-28T05:42:57.019+0000] {logging_mixin.py:190} INFO - Processing batch 81: pages 801 to 810
[2025-03-28T05:42:57.019+0000] {logging_mixin.py:190} INFO - Scraping page 801...
[2025-03-28T05:42:57.024+0000] {logging_mixin.py:190} INFO - Error processing batch 81: HTTPSConnectionPool(host='default.url', port=443): Max retries exceeded with url: /project-swasta?page=801 (Caused by NameResolutionError("<urllib3.connection.HTTPSConnection object at 0x7f25e143f370>: Failed to resolve 'default.url' ([Errno -2] Name or service not known)"))
[2025-03-28T05:42:57.039+0000] {logging_mixin.py:190} INFO - Processing batch 82: pages 811 to 820
[2025-03-28T05:42:57.040+0000] {logging_mixin.py:190} INFO - Scraping page 811...
[2025-03-28T05:42:57.045+0000] {logging_mixin.py:190} INFO - Error processing batch 82: HTTPSConnectionPool(host='default.url', port=443): Max retries exceeded with url: /project-swasta?page=811 (Caused by NameResolutionError("<urllib3.connection.HTTPSConnection object at 0x7f25e14bc7f0>: Failed to resolve 'default.url' ([Errno -2] Name or service not known)"))
[2025-03-28T05:42:57.059+0000] {logging_mixin.py:190} INFO - Processing batch 83: pages 821 to 830
[2025-03-28T05:42:57.060+0000] {logging_mixin.py:190} INFO - Scraping page 821...
[2025-03-28T05:42:57.066+0000] {logging_mixin.py:190} INFO - Error processing batch 83: HTTPSConnectionPool(host='default.url', port=443): Max retries exceeded with url: /project-swasta?page=821 (Caused by NameResolutionError("<urllib3.connection.HTTPSConnection object at 0x7f25e143f2b0>: Failed to resolve 'default.url' ([Errno -2] Name or service not known)"))
[2025-03-28T05:42:57.081+0000] {logging_mixin.py:190} INFO - Processing batch 84: pages 831 to 840
[2025-03-28T05:42:57.082+0000] {logging_mixin.py:190} INFO - Scraping page 831...
[2025-03-28T05:42:57.087+0000] {logging_mixin.py:190} INFO - Error processing batch 84: HTTPSConnectionPool(host='default.url', port=443): Max retries exceeded with url: /project-swasta?page=831 (Caused by NameResolutionError("<urllib3.connection.HTTPSConnection object at 0x7f25e143ca90>: Failed to resolve 'default.url' ([Errno -2] Name or service not known)"))
[2025-03-28T05:42:57.102+0000] {logging_mixin.py:190} INFO - Processing batch 85: pages 841 to 850
[2025-03-28T05:42:57.104+0000] {logging_mixin.py:190} INFO - Scraping page 841...
[2025-03-28T05:42:57.109+0000] {logging_mixin.py:190} INFO - Error processing batch 85: HTTPSConnectionPool(host='default.url', port=443): Max retries exceeded with url: /project-swasta?page=841 (Caused by NameResolutionError("<urllib3.connection.HTTPSConnection object at 0x7f25e143cd00>: Failed to resolve 'default.url' ([Errno -2] Name or service not known)"))
[2025-03-28T05:42:57.124+0000] {logging_mixin.py:190} INFO - Processing batch 86: pages 851 to 860
[2025-03-28T05:42:57.126+0000] {logging_mixin.py:190} INFO - Scraping page 851...
[2025-03-28T05:42:57.133+0000] {logging_mixin.py:190} INFO - Error processing batch 86: HTTPSConnectionPool(host='default.url', port=443): Max retries exceeded with url: /project-swasta?page=851 (Caused by NameResolutionError("<urllib3.connection.HTTPSConnection object at 0x7f25e14bc2e0>: Failed to resolve 'default.url' ([Errno -2] Name or service not known)"))
[2025-03-28T05:42:57.150+0000] {logging_mixin.py:190} INFO - Processing batch 87: pages 861 to 870
[2025-03-28T05:42:57.151+0000] {logging_mixin.py:190} INFO - Scraping page 861...
[2025-03-28T05:42:57.156+0000] {logging_mixin.py:190} INFO - Error processing batch 87: HTTPSConnectionPool(host='default.url', port=443): Max retries exceeded with url: /project-swasta?page=861 (Caused by NameResolutionError("<urllib3.connection.HTTPSConnection object at 0x7f25e143d1e0>: Failed to resolve 'default.url' ([Errno -2] Name or service not known)"))
[2025-03-28T05:42:57.171+0000] {logging_mixin.py:190} INFO - Processing batch 88: pages 871 to 880
[2025-03-28T05:42:57.172+0000] {logging_mixin.py:190} INFO - Scraping page 871...
[2025-03-28T05:42:57.177+0000] {logging_mixin.py:190} INFO - Error processing batch 88: HTTPSConnectionPool(host='default.url', port=443): Max retries exceeded with url: /project-swasta?page=871 (Caused by NameResolutionError("<urllib3.connection.HTTPSConnection object at 0x7f25e143d270>: Failed to resolve 'default.url' ([Errno -2] Name or service not known)"))
[2025-03-28T05:42:57.192+0000] {logging_mixin.py:190} INFO - Processing batch 89: pages 881 to 890
[2025-03-28T05:42:57.193+0000] {logging_mixin.py:190} INFO - Scraping page 881...
[2025-03-28T05:42:57.199+0000] {logging_mixin.py:190} INFO - Error processing batch 89: HTTPSConnectionPool(host='default.url', port=443): Max retries exceeded with url: /project-swasta?page=881 (Caused by NameResolutionError("<urllib3.connection.HTTPSConnection object at 0x7f25e143d030>: Failed to resolve 'default.url' ([Errno -2] Name or service not known)"))
[2025-03-28T05:42:57.213+0000] {logging_mixin.py:190} INFO - Processing batch 90: pages 891 to 900
[2025-03-28T05:42:57.215+0000] {logging_mixin.py:190} INFO - Scraping page 891...
[2025-03-28T05:42:57.221+0000] {logging_mixin.py:190} INFO - Error processing batch 90: HTTPSConnectionPool(host='default.url', port=443): Max retries exceeded with url: /project-swasta?page=891 (Caused by NameResolutionError("<urllib3.connection.HTTPSConnection object at 0x7f25e14bca90>: Failed to resolve 'default.url' ([Errno -2] Name or service not known)"))
[2025-03-28T05:42:57.236+0000] {logging_mixin.py:190} INFO - Processing batch 91: pages 901 to 910
[2025-03-28T05:42:57.237+0000] {logging_mixin.py:190} INFO - Scraping page 901...
[2025-03-28T05:42:57.243+0000] {logging_mixin.py:190} INFO - Error processing batch 91: HTTPSConnectionPool(host='default.url', port=443): Max retries exceeded with url: /project-swasta?page=901 (Caused by NameResolutionError("<urllib3.connection.HTTPSConnection object at 0x7f25e143e0e0>: Failed to resolve 'default.url' ([Errno -2] Name or service not known)"))
[2025-03-28T05:42:57.258+0000] {logging_mixin.py:190} INFO - Processing batch 92: pages 911 to 920
[2025-03-28T05:42:57.259+0000] {logging_mixin.py:190} INFO - Scraping page 911...
[2025-03-28T05:42:57.265+0000] {logging_mixin.py:190} INFO - Error processing batch 92: HTTPSConnectionPool(host='default.url', port=443): Max retries exceeded with url: /project-swasta?page=911 (Caused by NameResolutionError("<urllib3.connection.HTTPSConnection object at 0x7f25e143c760>: Failed to resolve 'default.url' ([Errno -2] Name or service not known)"))
[2025-03-28T05:42:57.279+0000] {logging_mixin.py:190} INFO - Processing batch 93: pages 921 to 930
[2025-03-28T05:42:57.281+0000] {logging_mixin.py:190} INFO - Scraping page 921...
[2025-03-28T05:42:57.287+0000] {logging_mixin.py:190} INFO - Error processing batch 93: HTTPSConnectionPool(host='default.url', port=443): Max retries exceeded with url: /project-swasta?page=921 (Caused by NameResolutionError("<urllib3.connection.HTTPSConnection object at 0x7f25e143e3b0>: Failed to resolve 'default.url' ([Errno -2] Name or service not known)"))
[2025-03-28T05:42:57.302+0000] {logging_mixin.py:190} INFO - Processing batch 94: pages 931 to 940
[2025-03-28T05:42:57.304+0000] {logging_mixin.py:190} INFO - Scraping page 931...
[2025-03-28T05:42:57.309+0000] {logging_mixin.py:190} INFO - Error processing batch 94: HTTPSConnectionPool(host='default.url', port=443): Max retries exceeded with url: /project-swasta?page=931 (Caused by NameResolutionError("<urllib3.connection.HTTPSConnection object at 0x7f25e14bc280>: Failed to resolve 'default.url' ([Errno -2] Name or service not known)"))
[2025-03-28T05:42:57.324+0000] {logging_mixin.py:190} INFO - Processing batch 95: pages 941 to 950
[2025-03-28T05:42:57.325+0000] {logging_mixin.py:190} INFO - Scraping page 941...
[2025-03-28T05:42:57.330+0000] {logging_mixin.py:190} INFO - Error processing batch 95: HTTPSConnectionPool(host='default.url', port=443): Max retries exceeded with url: /project-swasta?page=941 (Caused by NameResolutionError("<urllib3.connection.HTTPSConnection object at 0x7f25e143c520>: Failed to resolve 'default.url' ([Errno -2] Name or service not known)"))
[2025-03-28T05:42:57.346+0000] {logging_mixin.py:190} INFO - Processing batch 96: pages 951 to 960
[2025-03-28T05:42:57.347+0000] {logging_mixin.py:190} INFO - Scraping page 951...
[2025-03-28T05:42:57.353+0000] {logging_mixin.py:190} INFO - Error processing batch 96: HTTPSConnectionPool(host='default.url', port=443): Max retries exceeded with url: /project-swasta?page=951 (Caused by NameResolutionError("<urllib3.connection.HTTPSConnection object at 0x7f25e143d4b0>: Failed to resolve 'default.url' ([Errno -2] Name or service not known)"))
[2025-03-28T05:42:57.369+0000] {logging_mixin.py:190} INFO - Processing batch 97: pages 961 to 970
[2025-03-28T05:42:57.370+0000] {logging_mixin.py:190} INFO - Scraping page 961...
[2025-03-28T05:42:57.375+0000] {logging_mixin.py:190} INFO - Error processing batch 97: HTTPSConnectionPool(host='default.url', port=443): Max retries exceeded with url: /project-swasta?page=961 (Caused by NameResolutionError("<urllib3.connection.HTTPSConnection object at 0x7f25e14bc970>: Failed to resolve 'default.url' ([Errno -2] Name or service not known)"))
[2025-03-28T05:42:57.390+0000] {logging_mixin.py:190} INFO - Processing batch 98: pages 971 to 980
[2025-03-28T05:42:57.391+0000] {logging_mixin.py:190} INFO - Scraping page 971...
[2025-03-28T05:42:57.396+0000] {logging_mixin.py:190} INFO - Error processing batch 98: HTTPSConnectionPool(host='default.url', port=443): Max retries exceeded with url: /project-swasta?page=971 (Caused by NameResolutionError("<urllib3.connection.HTTPSConnection object at 0x7f25e14bd0f0>: Failed to resolve 'default.url' ([Errno -2] Name or service not known)"))
[2025-03-28T05:42:57.411+0000] {logging_mixin.py:190} INFO - Processing batch 99: pages 981 to 990
[2025-03-28T05:42:57.412+0000] {logging_mixin.py:190} INFO - Scraping page 981...
[2025-03-28T05:42:57.418+0000] {logging_mixin.py:190} INFO - Error processing batch 99: HTTPSConnectionPool(host='default.url', port=443): Max retries exceeded with url: /project-swasta?page=981 (Caused by NameResolutionError("<urllib3.connection.HTTPSConnection object at 0x7f25e143d480>: Failed to resolve 'default.url' ([Errno -2] Name or service not known)"))
[2025-03-28T05:42:57.432+0000] {logging_mixin.py:190} INFO - Processing batch 100: pages 991 to 1000
[2025-03-28T05:42:57.433+0000] {logging_mixin.py:190} INFO - Scraping page 991...
[2025-03-28T05:42:57.438+0000] {logging_mixin.py:190} INFO - Error processing batch 100: HTTPSConnectionPool(host='default.url', port=443): Max retries exceeded with url: /project-swasta?page=991 (Caused by NameResolutionError("<urllib3.connection.HTTPSConnection object at 0x7f25e143ccd0>: Failed to resolve 'default.url' ([Errno -2] Name or service not known)"))
[2025-03-28T05:42:57.455+0000] {logging_mixin.py:190} INFO - Processing batch 101: pages 1001 to 1010
[2025-03-28T05:42:57.456+0000] {logging_mixin.py:190} INFO - Scraping page 1001...
[2025-03-28T05:42:57.462+0000] {logging_mixin.py:190} INFO - Error processing batch 101: HTTPSConnectionPool(host='default.url', port=443): Max retries exceeded with url: /project-swasta?page=1001 (Caused by NameResolutionError("<urllib3.connection.HTTPSConnection object at 0x7f25e14bc8b0>: Failed to resolve 'default.url' ([Errno -2] Name or service not known)"))
[2025-03-28T05:42:57.478+0000] {logging_mixin.py:190} INFO - Processing batch 102: pages 1011 to 1020
[2025-03-28T05:42:57.479+0000] {logging_mixin.py:190} INFO - Scraping page 1011...
[2025-03-28T05:42:57.486+0000] {logging_mixin.py:190} INFO - Error processing batch 102: HTTPSConnectionPool(host='default.url', port=443): Max retries exceeded with url: /project-swasta?page=1011 (Caused by NameResolutionError("<urllib3.connection.HTTPSConnection object at 0x7f25e14bd330>: Failed to resolve 'default.url' ([Errno -2] Name or service not known)"))
[2025-03-28T05:42:57.502+0000] {logging_mixin.py:190} INFO - Processing batch 103: pages 1021 to 1030
[2025-03-28T05:42:57.504+0000] {logging_mixin.py:190} INFO - Scraping page 1021...
[2025-03-28T05:42:57.509+0000] {logging_mixin.py:190} INFO - Error processing batch 103: HTTPSConnectionPool(host='default.url', port=443): Max retries exceeded with url: /project-swasta?page=1021 (Caused by NameResolutionError("<urllib3.connection.HTTPSConnection object at 0x7f25e143f880>: Failed to resolve 'default.url' ([Errno -2] Name or service not known)"))
[2025-03-28T05:42:57.524+0000] {logging_mixin.py:190} INFO - Processing batch 104: pages 1031 to 1040
[2025-03-28T05:42:57.525+0000] {logging_mixin.py:190} INFO - Scraping page 1031...
[2025-03-28T05:42:57.532+0000] {logging_mixin.py:190} INFO - Error processing batch 104: HTTPSConnectionPool(host='default.url', port=443): Max retries exceeded with url: /project-swasta?page=1031 (Caused by NameResolutionError("<urllib3.connection.HTTPSConnection object at 0x7f25e143d480>: Failed to resolve 'default.url' ([Errno -2] Name or service not known)"))
[2025-03-28T05:42:57.546+0000] {logging_mixin.py:190} INFO - Processing batch 105: pages 1041 to 1050
[2025-03-28T05:42:57.547+0000] {logging_mixin.py:190} INFO - Scraping page 1041...
[2025-03-28T05:42:57.553+0000] {logging_mixin.py:190} INFO - Error processing batch 105: HTTPSConnectionPool(host='default.url', port=443): Max retries exceeded with url: /project-swasta?page=1041 (Caused by NameResolutionError("<urllib3.connection.HTTPSConnection object at 0x7f25e14bcf40>: Failed to resolve 'default.url' ([Errno -2] Name or service not known)"))
[2025-03-28T05:42:57.569+0000] {logging_mixin.py:190} INFO - Processing batch 106: pages 1051 to 1060
[2025-03-28T05:42:57.570+0000] {logging_mixin.py:190} INFO - Scraping page 1051...
[2025-03-28T05:42:57.575+0000] {logging_mixin.py:190} INFO - Error processing batch 106: HTTPSConnectionPool(host='default.url', port=443): Max retries exceeded with url: /project-swasta?page=1051 (Caused by NameResolutionError("<urllib3.connection.HTTPSConnection object at 0x7f25e14bcc40>: Failed to resolve 'default.url' ([Errno -2] Name or service not known)"))
[2025-03-28T05:42:57.591+0000] {logging_mixin.py:190} INFO - Processing batch 107: pages 1061 to 1070
[2025-03-28T05:42:57.592+0000] {logging_mixin.py:190} INFO - Scraping page 1061...
[2025-03-28T05:42:57.597+0000] {logging_mixin.py:190} INFO - Error processing batch 107: HTTPSConnectionPool(host='default.url', port=443): Max retries exceeded with url: /project-swasta?page=1061 (Caused by NameResolutionError("<urllib3.connection.HTTPSConnection object at 0x7f25e143ee60>: Failed to resolve 'default.url' ([Errno -2] Name or service not known)"))
[2025-03-28T05:42:57.612+0000] {logging_mixin.py:190} INFO - Processing batch 108: pages 1071 to 1080
[2025-03-28T05:42:57.613+0000] {logging_mixin.py:190} INFO - Scraping page 1071...
[2025-03-28T05:42:57.619+0000] {logging_mixin.py:190} INFO - Error processing batch 108: HTTPSConnectionPool(host='default.url', port=443): Max retries exceeded with url: /project-swasta?page=1071 (Caused by NameResolutionError("<urllib3.connection.HTTPSConnection object at 0x7f25e143c400>: Failed to resolve 'default.url' ([Errno -2] Name or service not known)"))
[2025-03-28T05:42:57.635+0000] {logging_mixin.py:190} INFO - Processing batch 109: pages 1081 to 1090
[2025-03-28T05:42:57.636+0000] {logging_mixin.py:190} INFO - Scraping page 1081...
[2025-03-28T05:42:57.641+0000] {logging_mixin.py:190} INFO - Error processing batch 109: HTTPSConnectionPool(host='default.url', port=443): Max retries exceeded with url: /project-swasta?page=1081 (Caused by NameResolutionError("<urllib3.connection.HTTPSConnection object at 0x7f25e14bd030>: Failed to resolve 'default.url' ([Errno -2] Name or service not known)"))
[2025-03-28T05:42:57.655+0000] {logging_mixin.py:190} INFO - Processing batch 110: pages 1091 to 1100
[2025-03-28T05:42:57.657+0000] {logging_mixin.py:190} INFO - Scraping page 1091...
[2025-03-28T05:42:57.662+0000] {logging_mixin.py:190} INFO - Error processing batch 110: HTTPSConnectionPool(host='default.url', port=443): Max retries exceeded with url: /project-swasta?page=1091 (Caused by NameResolutionError("<urllib3.connection.HTTPSConnection object at 0x7f25e14bd1b0>: Failed to resolve 'default.url' ([Errno -2] Name or service not known)"))
[2025-03-28T05:42:57.677+0000] {logging_mixin.py:190} INFO - Processing batch 111: pages 1101 to 1110
[2025-03-28T05:42:57.678+0000] {logging_mixin.py:190} INFO - Scraping page 1101...
[2025-03-28T05:42:57.683+0000] {logging_mixin.py:190} INFO - Error processing batch 111: HTTPSConnectionPool(host='default.url', port=443): Max retries exceeded with url: /project-swasta?page=1101 (Caused by NameResolutionError("<urllib3.connection.HTTPSConnection object at 0x7f25e143f760>: Failed to resolve 'default.url' ([Errno -2] Name or service not known)"))
[2025-03-28T05:42:57.698+0000] {logging_mixin.py:190} INFO - Processing batch 112: pages 1111 to 1120
[2025-03-28T05:42:57.700+0000] {logging_mixin.py:190} INFO - Scraping page 1111...
[2025-03-28T05:42:57.705+0000] {logging_mixin.py:190} INFO - Error processing batch 112: HTTPSConnectionPool(host='default.url', port=443): Max retries exceeded with url: /project-swasta?page=1111 (Caused by NameResolutionError("<urllib3.connection.HTTPSConnection object at 0x7f25e143d1e0>: Failed to resolve 'default.url' ([Errno -2] Name or service not known)"))
[2025-03-28T05:42:57.720+0000] {logging_mixin.py:190} INFO - Processing batch 113: pages 1121 to 1130
[2025-03-28T05:42:57.721+0000] {logging_mixin.py:190} INFO - Scraping page 1121...
[2025-03-28T05:42:57.727+0000] {logging_mixin.py:190} INFO - Error processing batch 113: HTTPSConnectionPool(host='default.url', port=443): Max retries exceeded with url: /project-swasta?page=1121 (Caused by NameResolutionError("<urllib3.connection.HTTPSConnection object at 0x7f25e14bc4f0>: Failed to resolve 'default.url' ([Errno -2] Name or service not known)"))
[2025-03-28T05:42:57.740+0000] {logging_mixin.py:190} INFO - Processing batch 114: pages 1131 to 1140
[2025-03-28T05:42:57.741+0000] {logging_mixin.py:190} INFO - Scraping page 1131...
[2025-03-28T05:42:57.747+0000] {logging_mixin.py:190} INFO - Error processing batch 114: HTTPSConnectionPool(host='default.url', port=443): Max retries exceeded with url: /project-swasta?page=1131 (Caused by NameResolutionError("<urllib3.connection.HTTPSConnection object at 0x7f25e14bd300>: Failed to resolve 'default.url' ([Errno -2] Name or service not known)"))
[2025-03-28T05:42:57.762+0000] {logging_mixin.py:190} INFO - Processing batch 115: pages 1141 to 1150
[2025-03-28T05:42:57.763+0000] {logging_mixin.py:190} INFO - Scraping page 1141...
[2025-03-28T05:42:57.770+0000] {logging_mixin.py:190} INFO - Error processing batch 115: HTTPSConnectionPool(host='default.url', port=443): Max retries exceeded with url: /project-swasta?page=1141 (Caused by NameResolutionError("<urllib3.connection.HTTPSConnection object at 0x7f25e143e830>: Failed to resolve 'default.url' ([Errno -2] Name or service not known)"))
[2025-03-28T05:42:57.785+0000] {logging_mixin.py:190} INFO - Processing batch 116: pages 1151 to 1160
[2025-03-28T05:42:57.787+0000] {logging_mixin.py:190} INFO - Scraping page 1151...
[2025-03-28T05:42:57.792+0000] {logging_mixin.py:190} INFO - Error processing batch 116: HTTPSConnectionPool(host='default.url', port=443): Max retries exceeded with url: /project-swasta?page=1151 (Caused by NameResolutionError("<urllib3.connection.HTTPSConnection object at 0x7f25e143e770>: Failed to resolve 'default.url' ([Errno -2] Name or service not known)"))
[2025-03-28T05:42:57.807+0000] {logging_mixin.py:190} INFO - Processing batch 117: pages 1161 to 1170
[2025-03-28T05:42:57.808+0000] {logging_mixin.py:190} INFO - Scraping page 1161...
[2025-03-28T05:42:57.813+0000] {logging_mixin.py:190} INFO - Error processing batch 117: HTTPSConnectionPool(host='default.url', port=443): Max retries exceeded with url: /project-swasta?page=1161 (Caused by NameResolutionError("<urllib3.connection.HTTPSConnection object at 0x7f25e14bce20>: Failed to resolve 'default.url' ([Errno -2] Name or service not known)"))
[2025-03-28T05:42:57.828+0000] {logging_mixin.py:190} INFO - Processing batch 118: pages 1171 to 1180
[2025-03-28T05:42:57.829+0000] {logging_mixin.py:190} INFO - Scraping page 1171...
[2025-03-28T05:42:57.835+0000] {logging_mixin.py:190} INFO - Error processing batch 118: HTTPSConnectionPool(host='default.url', port=443): Max retries exceeded with url: /project-swasta?page=1171 (Caused by NameResolutionError("<urllib3.connection.HTTPSConnection object at 0x7f25e14bd810>: Failed to resolve 'default.url' ([Errno -2] Name or service not known)"))
[2025-03-28T05:42:57.849+0000] {logging_mixin.py:190} INFO - Processing batch 119: pages 1181 to 1190
[2025-03-28T05:42:57.851+0000] {logging_mixin.py:190} INFO - Scraping page 1181...
[2025-03-28T05:42:57.856+0000] {logging_mixin.py:190} INFO - Error processing batch 119: HTTPSConnectionPool(host='default.url', port=443): Max retries exceeded with url: /project-swasta?page=1181 (Caused by NameResolutionError("<urllib3.connection.HTTPSConnection object at 0x7f25e143da50>: Failed to resolve 'default.url' ([Errno -2] Name or service not known)"))
[2025-03-28T05:42:57.871+0000] {logging_mixin.py:190} INFO - Processing batch 120: pages 1191 to 1200
[2025-03-28T05:42:57.873+0000] {logging_mixin.py:190} INFO - Scraping page 1191...
[2025-03-28T05:42:57.879+0000] {logging_mixin.py:190} INFO - Error processing batch 120: HTTPSConnectionPool(host='default.url', port=443): Max retries exceeded with url: /project-swasta?page=1191 (Caused by NameResolutionError("<urllib3.connection.HTTPSConnection object at 0x7f25e143d990>: Failed to resolve 'default.url' ([Errno -2] Name or service not known)"))
[2025-03-28T05:42:57.893+0000] {logging_mixin.py:190} INFO - Processing batch 121: pages 1201 to 1210
[2025-03-28T05:42:57.894+0000] {logging_mixin.py:190} INFO - Scraping page 1201...
[2025-03-28T05:42:57.900+0000] {logging_mixin.py:190} INFO - Error processing batch 121: HTTPSConnectionPool(host='default.url', port=443): Max retries exceeded with url: /project-swasta?page=1201 (Caused by NameResolutionError("<urllib3.connection.HTTPSConnection object at 0x7f25e14bd8d0>: Failed to resolve 'default.url' ([Errno -2] Name or service not known)"))
[2025-03-28T05:42:57.916+0000] {logging_mixin.py:190} INFO - Processing batch 122: pages 1211 to 1220
[2025-03-28T05:42:57.917+0000] {logging_mixin.py:190} INFO - Scraping page 1211...
[2025-03-28T05:42:57.923+0000] {logging_mixin.py:190} INFO - Error processing batch 122: HTTPSConnectionPool(host='default.url', port=443): Max retries exceeded with url: /project-swasta?page=1211 (Caused by NameResolutionError("<urllib3.connection.HTTPSConnection object at 0x7f25e14bcd90>: Failed to resolve 'default.url' ([Errno -2] Name or service not known)"))
[2025-03-28T05:42:57.941+0000] {logging_mixin.py:190} INFO - Processing batch 123: pages 1221 to 1230
[2025-03-28T05:42:57.942+0000] {logging_mixin.py:190} INFO - Scraping page 1221...
[2025-03-28T05:42:57.949+0000] {logging_mixin.py:190} INFO - Error processing batch 123: HTTPSConnectionPool(host='default.url', port=443): Max retries exceeded with url: /project-swasta?page=1221 (Caused by NameResolutionError("<urllib3.connection.HTTPSConnection object at 0x7f25e143cbb0>: Failed to resolve 'default.url' ([Errno -2] Name or service not known)"))
[2025-03-28T05:42:57.966+0000] {logging_mixin.py:190} INFO - Processing batch 124: pages 1231 to 1240
[2025-03-28T05:42:57.968+0000] {logging_mixin.py:190} INFO - Scraping page 1231...
[2025-03-28T05:42:57.973+0000] {logging_mixin.py:190} INFO - Error processing batch 124: HTTPSConnectionPool(host='default.url', port=443): Max retries exceeded with url: /project-swasta?page=1231 (Caused by NameResolutionError("<urllib3.connection.HTTPSConnection object at 0x7f25e143d7b0>: Failed to resolve 'default.url' ([Errno -2] Name or service not known)"))
[2025-03-28T05:42:58.002+0000] {logging_mixin.py:190} INFO - Processing batch 125: pages 1241 to 1250
[2025-03-28T05:42:58.004+0000] {logging_mixin.py:190} INFO - Scraping page 1241...
[2025-03-28T05:42:58.011+0000] {logging_mixin.py:190} INFO - Error processing batch 125: HTTPSConnectionPool(host='default.url', port=443): Max retries exceeded with url: /project-swasta?page=1241 (Caused by NameResolutionError("<urllib3.connection.HTTPSConnection object at 0x7f25e14bc9a0>: Failed to resolve 'default.url' ([Errno -2] Name or service not known)"))
[2025-03-28T05:42:58.032+0000] {logging_mixin.py:190} INFO - Processing batch 126: pages 1251 to 1260
[2025-03-28T05:42:58.034+0000] {logging_mixin.py:190} INFO - Scraping page 1251...
[2025-03-28T05:42:58.040+0000] {logging_mixin.py:190} INFO - Error processing batch 126: HTTPSConnectionPool(host='default.url', port=443): Max retries exceeded with url: /project-swasta?page=1251 (Caused by NameResolutionError("<urllib3.connection.HTTPSConnection object at 0x7f25e14bd6f0>: Failed to resolve 'default.url' ([Errno -2] Name or service not known)"))
[2025-03-28T05:42:58.055+0000] {logging_mixin.py:190} INFO - Processing batch 127: pages 1261 to 1270
[2025-03-28T05:42:58.056+0000] {logging_mixin.py:190} INFO - Scraping page 1261...
[2025-03-28T05:42:58.062+0000] {logging_mixin.py:190} INFO - Error processing batch 127: HTTPSConnectionPool(host='default.url', port=443): Max retries exceeded with url: /project-swasta?page=1261 (Caused by NameResolutionError("<urllib3.connection.HTTPSConnection object at 0x7f25e143e320>: Failed to resolve 'default.url' ([Errno -2] Name or service not known)"))
[2025-03-28T05:42:58.079+0000] {logging_mixin.py:190} INFO - Processing batch 128: pages 1271 to 1280
[2025-03-28T05:42:58.081+0000] {logging_mixin.py:190} INFO - Scraping page 1271...
[2025-03-28T05:42:58.088+0000] {logging_mixin.py:190} INFO - Error processing batch 128: HTTPSConnectionPool(host='default.url', port=443): Max retries exceeded with url: /project-swasta?page=1271 (Caused by NameResolutionError("<urllib3.connection.HTTPSConnection object at 0x7f25e143f070>: Failed to resolve 'default.url' ([Errno -2] Name or service not known)"))
[2025-03-28T05:42:58.108+0000] {logging_mixin.py:190} INFO - Processing batch 129: pages 1281 to 1290
[2025-03-28T05:42:58.111+0000] {logging_mixin.py:190} INFO - Scraping page 1281...
[2025-03-28T05:42:58.120+0000] {logging_mixin.py:190} INFO - Error processing batch 129: HTTPSConnectionPool(host='default.url', port=443): Max retries exceeded with url: /project-swasta?page=1281 (Caused by NameResolutionError("<urllib3.connection.HTTPSConnection object at 0x7f25e14bd540>: Failed to resolve 'default.url' ([Errno -2] Name or service not known)"))
[2025-03-28T05:42:58.138+0000] {logging_mixin.py:190} INFO - Processing batch 130: pages 1291 to 1300
[2025-03-28T05:42:58.139+0000] {logging_mixin.py:190} INFO - Scraping page 1291...
[2025-03-28T05:42:58.146+0000] {logging_mixin.py:190} INFO - Error processing batch 130: HTTPSConnectionPool(host='default.url', port=443): Max retries exceeded with url: /project-swasta?page=1291 (Caused by NameResolutionError("<urllib3.connection.HTTPSConnection object at 0x7f25e14bca90>: Failed to resolve 'default.url' ([Errno -2] Name or service not known)"))
[2025-03-28T05:42:58.162+0000] {logging_mixin.py:190} INFO - Processing batch 131: pages 1301 to 1310
[2025-03-28T05:42:58.164+0000] {logging_mixin.py:190} INFO - Scraping page 1301...
[2025-03-28T05:42:58.172+0000] {logging_mixin.py:190} INFO - Error processing batch 131: HTTPSConnectionPool(host='default.url', port=443): Max retries exceeded with url: /project-swasta?page=1301 (Caused by NameResolutionError("<urllib3.connection.HTTPSConnection object at 0x7f25e143e0e0>: Failed to resolve 'default.url' ([Errno -2] Name or service not known)"))
[2025-03-28T05:42:58.189+0000] {logging_mixin.py:190} INFO - Scraping complete. Total rows scraped: 0
[2025-03-28T05:42:58.190+0000] {python.py:240} INFO - Done. Returned value was: None
[2025-03-28T05:42:58.202+0000] {taskinstance.py:341} INFO - ::group::Post task execution logs
[2025-03-28T05:42:58.204+0000] {taskinstance.py:353} INFO - Marking task as SUCCESS. dag_id=split_web_scraping_v01, task_id=scrape_and_store, run_id=manual__2025-03-28T05:37:07.809707+00:00, execution_date=20250328T053707, start_date=20250328T054254, end_date=20250328T054258
[2025-03-28T05:42:58.266+0000] {local_task_job_runner.py:266} INFO - Task exited with return code 0
[2025-03-28T05:42:58.290+0000] {taskinstance.py:3901} INFO - 0 downstream tasks scheduled from follow-on schedule check
[2025-03-28T05:42:58.292+0000] {local_task_job_runner.py:245} INFO - ::endgroup::
