[2025-03-28T05:39:03.835+0000] {local_task_job_runner.py:123} INFO - ::group::Pre task execution logs
[2025-03-28T05:39:03.858+0000] {taskinstance.py:2614} INFO - Dependencies all met for dep_context=non-requeueable deps ti=<TaskInstance: split_web_scraping_v01.scrape_and_store manual__2025-03-28T05:37:07.809707+00:00 [queued]>
[2025-03-28T05:39:03.870+0000] {taskinstance.py:2614} INFO - Dependencies all met for dep_context=requeueable deps ti=<TaskInstance: split_web_scraping_v01.scrape_and_store manual__2025-03-28T05:37:07.809707+00:00 [queued]>
[2025-03-28T05:39:03.872+0000] {taskinstance.py:2867} INFO - Starting attempt 2 of 7
[2025-03-28T05:39:03.891+0000] {taskinstance.py:2890} INFO - Executing <Task(PythonOperator): scrape_and_store> on 2025-03-28 05:37:07.809707+00:00
[2025-03-28T05:39:03.897+0000] {standard_task_runner.py:72} INFO - Started process 336 to run task
[2025-03-28T05:39:03.902+0000] {standard_task_runner.py:104} INFO - Running: ['***', 'tasks', 'run', 'split_web_scraping_v01', 'scrape_and_store', 'manual__2025-03-28T05:37:07.809707+00:00', '--job-id', '86', '--raw', '--subdir', 'DAGS_FOLDER/split_web_scraping.py', '--cfg-path', '/tmp/tmpc0a5oedr']
[2025-03-28T05:39:03.906+0000] {standard_task_runner.py:105} INFO - Job 86: Subtask scrape_and_store
[2025-03-28T05:39:03.964+0000] {task_command.py:467} INFO - Running <TaskInstance: split_web_scraping_v01.scrape_and_store manual__2025-03-28T05:37:07.809707+00:00 [running]> on host ce237b7c39e9
[2025-03-28T05:39:04.067+0000] {taskinstance.py:3134} INFO - Exporting env vars: AIRFLOW_CTX_DAG_OWNER='waiyong' AIRFLOW_CTX_DAG_ID='split_web_scraping_v01' AIRFLOW_CTX_TASK_ID='scrape_and_store' AIRFLOW_CTX_EXECUTION_DATE='2025-03-28T05:37:07.809707+00:00' AIRFLOW_CTX_TRY_NUMBER='2' AIRFLOW_CTX_DAG_RUN_ID='manual__2025-03-28T05:37:07.809707+00:00'
[2025-03-28T05:39:04.069+0000] {taskinstance.py:732} INFO - ::endgroup::
[2025-03-28T05:39:04.097+0000] {logging_mixin.py:190} INFO - Processing batch 1: pages 1 to 10
[2025-03-28T05:39:04.098+0000] {logging_mixin.py:190} INFO - Scraping page 1...
[2025-03-28T05:39:04.120+0000] {logging_mixin.py:190} INFO - Error processing batch 1: HTTPSConnectionPool(host='default.url', port=443): Max retries exceeded with url: /project-swasta?page=1 (Caused by NameResolutionError("<urllib3.connection.HTTPSConnection object at 0x7f25e1474250>: Failed to resolve 'default.url' ([Errno -2] Name or service not known)"))
[2025-03-28T05:39:04.137+0000] {logging_mixin.py:190} INFO - Processing batch 2: pages 11 to 20
[2025-03-28T05:39:04.139+0000] {logging_mixin.py:190} INFO - Scraping page 11...
[2025-03-28T05:39:04.145+0000] {logging_mixin.py:190} INFO - Error processing batch 2: HTTPSConnectionPool(host='default.url', port=443): Max retries exceeded with url: /project-swasta?page=11 (Caused by NameResolutionError("<urllib3.connection.HTTPSConnection object at 0x7f25e1474be0>: Failed to resolve 'default.url' ([Errno -2] Name or service not known)"))
[2025-03-28T05:39:04.159+0000] {logging_mixin.py:190} INFO - Processing batch 3: pages 21 to 30
[2025-03-28T05:39:04.160+0000] {logging_mixin.py:190} INFO - Scraping page 21...
[2025-03-28T05:39:04.167+0000] {logging_mixin.py:190} INFO - Error processing batch 3: HTTPSConnectionPool(host='default.url', port=443): Max retries exceeded with url: /project-swasta?page=21 (Caused by NameResolutionError("<urllib3.connection.HTTPSConnection object at 0x7f25e1475b10>: Failed to resolve 'default.url' ([Errno -2] Name or service not known)"))
[2025-03-28T05:39:04.183+0000] {logging_mixin.py:190} INFO - Processing batch 4: pages 31 to 40
[2025-03-28T05:39:04.184+0000] {logging_mixin.py:190} INFO - Scraping page 31...
[2025-03-28T05:39:04.189+0000] {logging_mixin.py:190} INFO - Error processing batch 4: HTTPSConnectionPool(host='default.url', port=443): Max retries exceeded with url: /project-swasta?page=31 (Caused by NameResolutionError("<urllib3.connection.HTTPSConnection object at 0x7f25e14759f0>: Failed to resolve 'default.url' ([Errno -2] Name or service not known)"))
[2025-03-28T05:39:04.204+0000] {logging_mixin.py:190} INFO - Processing batch 5: pages 41 to 50
[2025-03-28T05:39:04.206+0000] {logging_mixin.py:190} INFO - Scraping page 41...
[2025-03-28T05:39:04.211+0000] {logging_mixin.py:190} INFO - Error processing batch 5: HTTPSConnectionPool(host='default.url', port=443): Max retries exceeded with url: /project-swasta?page=41 (Caused by NameResolutionError("<urllib3.connection.HTTPSConnection object at 0x7f25e1474640>: Failed to resolve 'default.url' ([Errno -2] Name or service not known)"))
[2025-03-28T05:39:04.225+0000] {logging_mixin.py:190} INFO - Processing batch 6: pages 51 to 60
[2025-03-28T05:39:04.227+0000] {logging_mixin.py:190} INFO - Scraping page 51...
[2025-03-28T05:39:04.233+0000] {logging_mixin.py:190} INFO - Error processing batch 6: HTTPSConnectionPool(host='default.url', port=443): Max retries exceeded with url: /project-swasta?page=51 (Caused by NameResolutionError("<urllib3.connection.HTTPSConnection object at 0x7f25e1476bf0>: Failed to resolve 'default.url' ([Errno -2] Name or service not known)"))
[2025-03-28T05:39:04.250+0000] {logging_mixin.py:190} INFO - Processing batch 7: pages 61 to 70
[2025-03-28T05:39:04.251+0000] {logging_mixin.py:190} INFO - Scraping page 61...
[2025-03-28T05:39:04.257+0000] {logging_mixin.py:190} INFO - Error processing batch 7: HTTPSConnectionPool(host='default.url', port=443): Max retries exceeded with url: /project-swasta?page=61 (Caused by NameResolutionError("<urllib3.connection.HTTPSConnection object at 0x7f25e14775b0>: Failed to resolve 'default.url' ([Errno -2] Name or service not known)"))
[2025-03-28T05:39:04.276+0000] {logging_mixin.py:190} INFO - Processing batch 8: pages 71 to 80
[2025-03-28T05:39:04.278+0000] {logging_mixin.py:190} INFO - Scraping page 71...
[2025-03-28T05:39:04.288+0000] {logging_mixin.py:190} INFO - Error processing batch 8: HTTPSConnectionPool(host='default.url', port=443): Max retries exceeded with url: /project-swasta?page=71 (Caused by NameResolutionError("<urllib3.connection.HTTPSConnection object at 0x7f25e1474730>: Failed to resolve 'default.url' ([Errno -2] Name or service not known)"))
[2025-03-28T05:39:04.303+0000] {logging_mixin.py:190} INFO - Processing batch 9: pages 81 to 90
[2025-03-28T05:39:04.305+0000] {logging_mixin.py:190} INFO - Scraping page 81...
[2025-03-28T05:39:04.311+0000] {logging_mixin.py:190} INFO - Error processing batch 9: HTTPSConnectionPool(host='default.url', port=443): Max retries exceeded with url: /project-swasta?page=81 (Caused by NameResolutionError("<urllib3.connection.HTTPSConnection object at 0x7f25e1475870>: Failed to resolve 'default.url' ([Errno -2] Name or service not known)"))
[2025-03-28T05:39:04.329+0000] {logging_mixin.py:190} INFO - Processing batch 10: pages 91 to 100
[2025-03-28T05:39:04.333+0000] {logging_mixin.py:190} INFO - Scraping page 91...
[2025-03-28T05:39:04.339+0000] {logging_mixin.py:190} INFO - Error processing batch 10: HTTPSConnectionPool(host='default.url', port=443): Max retries exceeded with url: /project-swasta?page=91 (Caused by NameResolutionError("<urllib3.connection.HTTPSConnection object at 0x7f25e1475570>: Failed to resolve 'default.url' ([Errno -2] Name or service not known)"))
[2025-03-28T05:39:04.356+0000] {logging_mixin.py:190} INFO - Processing batch 11: pages 101 to 110
[2025-03-28T05:39:04.358+0000] {logging_mixin.py:190} INFO - Scraping page 101...
[2025-03-28T05:39:04.366+0000] {logging_mixin.py:190} INFO - Error processing batch 11: HTTPSConnectionPool(host='default.url', port=443): Max retries exceeded with url: /project-swasta?page=101 (Caused by NameResolutionError("<urllib3.connection.HTTPSConnection object at 0x7f25e14759f0>: Failed to resolve 'default.url' ([Errno -2] Name or service not known)"))
[2025-03-28T05:39:04.383+0000] {logging_mixin.py:190} INFO - Processing batch 12: pages 111 to 120
[2025-03-28T05:39:04.384+0000] {logging_mixin.py:190} INFO - Scraping page 111...
[2025-03-28T05:39:04.390+0000] {logging_mixin.py:190} INFO - Error processing batch 12: HTTPSConnectionPool(host='default.url', port=443): Max retries exceeded with url: /project-swasta?page=111 (Caused by NameResolutionError("<urllib3.connection.HTTPSConnection object at 0x7f25e1474fa0>: Failed to resolve 'default.url' ([Errno -2] Name or service not known)"))
[2025-03-28T05:39:04.407+0000] {logging_mixin.py:190} INFO - Processing batch 13: pages 121 to 130
[2025-03-28T05:39:04.409+0000] {logging_mixin.py:190} INFO - Scraping page 121...
[2025-03-28T05:39:04.417+0000] {logging_mixin.py:190} INFO - Error processing batch 13: HTTPSConnectionPool(host='default.url', port=443): Max retries exceeded with url: /project-swasta?page=121 (Caused by NameResolutionError("<urllib3.connection.HTTPSConnection object at 0x7f25e14774c0>: Failed to resolve 'default.url' ([Errno -2] Name or service not known)"))
[2025-03-28T05:39:04.434+0000] {logging_mixin.py:190} INFO - Processing batch 14: pages 131 to 140
[2025-03-28T05:39:04.436+0000] {logging_mixin.py:190} INFO - Scraping page 131...
[2025-03-28T05:39:04.441+0000] {logging_mixin.py:190} INFO - Error processing batch 14: HTTPSConnectionPool(host='default.url', port=443): Max retries exceeded with url: /project-swasta?page=131 (Caused by NameResolutionError("<urllib3.connection.HTTPSConnection object at 0x7f25e1476dd0>: Failed to resolve 'default.url' ([Errno -2] Name or service not known)"))
[2025-03-28T05:39:04.459+0000] {logging_mixin.py:190} INFO - Processing batch 15: pages 141 to 150
[2025-03-28T05:39:04.460+0000] {logging_mixin.py:190} INFO - Scraping page 141...
[2025-03-28T05:39:04.468+0000] {logging_mixin.py:190} INFO - Error processing batch 15: HTTPSConnectionPool(host='default.url', port=443): Max retries exceeded with url: /project-swasta?page=141 (Caused by NameResolutionError("<urllib3.connection.HTTPSConnection object at 0x7f25e1476260>: Failed to resolve 'default.url' ([Errno -2] Name or service not known)"))
[2025-03-28T05:39:04.486+0000] {logging_mixin.py:190} INFO - Processing batch 16: pages 151 to 160
[2025-03-28T05:39:04.487+0000] {logging_mixin.py:190} INFO - Scraping page 151...
[2025-03-28T05:39:04.492+0000] {logging_mixin.py:190} INFO - Error processing batch 16: HTTPSConnectionPool(host='default.url', port=443): Max retries exceeded with url: /project-swasta?page=151 (Caused by NameResolutionError("<urllib3.connection.HTTPSConnection object at 0x7f25e14764d0>: Failed to resolve 'default.url' ([Errno -2] Name or service not known)"))
[2025-03-28T05:39:04.510+0000] {logging_mixin.py:190} INFO - Processing batch 17: pages 161 to 170
[2025-03-28T05:39:04.511+0000] {logging_mixin.py:190} INFO - Scraping page 161...
[2025-03-28T05:39:04.520+0000] {logging_mixin.py:190} INFO - Error processing batch 17: HTTPSConnectionPool(host='default.url', port=443): Max retries exceeded with url: /project-swasta?page=161 (Caused by NameResolutionError("<urllib3.connection.HTTPSConnection object at 0x7f25e14765c0>: Failed to resolve 'default.url' ([Errno -2] Name or service not known)"))
[2025-03-28T05:39:04.538+0000] {logging_mixin.py:190} INFO - Processing batch 18: pages 171 to 180
[2025-03-28T05:39:04.539+0000] {logging_mixin.py:190} INFO - Scraping page 171...
[2025-03-28T05:39:04.545+0000] {logging_mixin.py:190} INFO - Error processing batch 18: HTTPSConnectionPool(host='default.url', port=443): Max retries exceeded with url: /project-swasta?page=171 (Caused by NameResolutionError("<urllib3.connection.HTTPSConnection object at 0x7f25e1477bb0>: Failed to resolve 'default.url' ([Errno -2] Name or service not known)"))
[2025-03-28T05:39:04.563+0000] {logging_mixin.py:190} INFO - Processing batch 19: pages 181 to 190
[2025-03-28T05:39:04.565+0000] {logging_mixin.py:190} INFO - Scraping page 181...
[2025-03-28T05:39:04.570+0000] {logging_mixin.py:190} INFO - Error processing batch 19: HTTPSConnectionPool(host='default.url', port=443): Max retries exceeded with url: /project-swasta?page=181 (Caused by NameResolutionError("<urllib3.connection.HTTPSConnection object at 0x7f25e1474ee0>: Failed to resolve 'default.url' ([Errno -2] Name or service not known)"))
[2025-03-28T05:39:04.585+0000] {logging_mixin.py:190} INFO - Processing batch 20: pages 191 to 200
[2025-03-28T05:39:04.586+0000] {logging_mixin.py:190} INFO - Scraping page 191...
[2025-03-28T05:39:04.591+0000] {logging_mixin.py:190} INFO - Error processing batch 20: HTTPSConnectionPool(host='default.url', port=443): Max retries exceeded with url: /project-swasta?page=191 (Caused by NameResolutionError("<urllib3.connection.HTTPSConnection object at 0x7f25e1474e20>: Failed to resolve 'default.url' ([Errno -2] Name or service not known)"))
[2025-03-28T05:39:04.606+0000] {logging_mixin.py:190} INFO - Processing batch 21: pages 201 to 210
[2025-03-28T05:39:04.607+0000] {logging_mixin.py:190} INFO - Scraping page 201...
[2025-03-28T05:39:04.612+0000] {logging_mixin.py:190} INFO - Error processing batch 21: HTTPSConnectionPool(host='default.url', port=443): Max retries exceeded with url: /project-swasta?page=201 (Caused by NameResolutionError("<urllib3.connection.HTTPSConnection object at 0x7f25e1476350>: Failed to resolve 'default.url' ([Errno -2] Name or service not known)"))
[2025-03-28T05:39:04.626+0000] {logging_mixin.py:190} INFO - Processing batch 22: pages 211 to 220
[2025-03-28T05:39:04.627+0000] {logging_mixin.py:190} INFO - Scraping page 211...
[2025-03-28T05:39:04.633+0000] {logging_mixin.py:190} INFO - Error processing batch 22: HTTPSConnectionPool(host='default.url', port=443): Max retries exceeded with url: /project-swasta?page=211 (Caused by NameResolutionError("<urllib3.connection.HTTPSConnection object at 0x7f25e14768f0>: Failed to resolve 'default.url' ([Errno -2] Name or service not known)"))
[2025-03-28T05:39:04.647+0000] {logging_mixin.py:190} INFO - Processing batch 23: pages 221 to 230
[2025-03-28T05:39:04.648+0000] {logging_mixin.py:190} INFO - Scraping page 221...
[2025-03-28T05:39:04.653+0000] {logging_mixin.py:190} INFO - Error processing batch 23: HTTPSConnectionPool(host='default.url', port=443): Max retries exceeded with url: /project-swasta?page=221 (Caused by NameResolutionError("<urllib3.connection.HTTPSConnection object at 0x7f25e1476e00>: Failed to resolve 'default.url' ([Errno -2] Name or service not known)"))
[2025-03-28T05:39:04.667+0000] {logging_mixin.py:190} INFO - Processing batch 24: pages 231 to 240
[2025-03-28T05:39:04.669+0000] {logging_mixin.py:190} INFO - Scraping page 231...
[2025-03-28T05:39:04.674+0000] {logging_mixin.py:190} INFO - Error processing batch 24: HTTPSConnectionPool(host='default.url', port=443): Max retries exceeded with url: /project-swasta?page=231 (Caused by NameResolutionError("<urllib3.connection.HTTPSConnection object at 0x7f25e1474a90>: Failed to resolve 'default.url' ([Errno -2] Name or service not known)"))
[2025-03-28T05:39:04.688+0000] {logging_mixin.py:190} INFO - Processing batch 25: pages 241 to 250
[2025-03-28T05:39:04.689+0000] {logging_mixin.py:190} INFO - Scraping page 241...
[2025-03-28T05:39:04.694+0000] {logging_mixin.py:190} INFO - Error processing batch 25: HTTPSConnectionPool(host='default.url', port=443): Max retries exceeded with url: /project-swasta?page=241 (Caused by NameResolutionError("<urllib3.connection.HTTPSConnection object at 0x7f25e1475390>: Failed to resolve 'default.url' ([Errno -2] Name or service not known)"))
[2025-03-28T05:39:04.708+0000] {logging_mixin.py:190} INFO - Processing batch 26: pages 251 to 260
[2025-03-28T05:39:04.710+0000] {logging_mixin.py:190} INFO - Scraping page 251...
[2025-03-28T05:39:04.715+0000] {logging_mixin.py:190} INFO - Error processing batch 26: HTTPSConnectionPool(host='default.url', port=443): Max retries exceeded with url: /project-swasta?page=251 (Caused by NameResolutionError("<urllib3.connection.HTTPSConnection object at 0x7f25e1474e50>: Failed to resolve 'default.url' ([Errno -2] Name or service not known)"))
[2025-03-28T05:39:04.729+0000] {logging_mixin.py:190} INFO - Processing batch 27: pages 261 to 270
[2025-03-28T05:39:04.731+0000] {logging_mixin.py:190} INFO - Scraping page 261...
[2025-03-28T05:39:04.736+0000] {logging_mixin.py:190} INFO - Error processing batch 27: HTTPSConnectionPool(host='default.url', port=443): Max retries exceeded with url: /project-swasta?page=261 (Caused by NameResolutionError("<urllib3.connection.HTTPSConnection object at 0x7f25e1474c10>: Failed to resolve 'default.url' ([Errno -2] Name or service not known)"))
[2025-03-28T05:39:04.749+0000] {logging_mixin.py:190} INFO - Processing batch 28: pages 271 to 280
[2025-03-28T05:39:04.751+0000] {logging_mixin.py:190} INFO - Scraping page 271...
[2025-03-28T05:39:04.756+0000] {logging_mixin.py:190} INFO - Error processing batch 28: HTTPSConnectionPool(host='default.url', port=443): Max retries exceeded with url: /project-swasta?page=271 (Caused by NameResolutionError("<urllib3.connection.HTTPSConnection object at 0x7f25e1475900>: Failed to resolve 'default.url' ([Errno -2] Name or service not known)"))
[2025-03-28T05:39:04.770+0000] {logging_mixin.py:190} INFO - Processing batch 29: pages 281 to 290
[2025-03-28T05:39:04.772+0000] {logging_mixin.py:190} INFO - Scraping page 281...
[2025-03-28T05:39:04.777+0000] {logging_mixin.py:190} INFO - Error processing batch 29: HTTPSConnectionPool(host='default.url', port=443): Max retries exceeded with url: /project-swasta?page=281 (Caused by NameResolutionError("<urllib3.connection.HTTPSConnection object at 0x7f25e1477670>: Failed to resolve 'default.url' ([Errno -2] Name or service not known)"))
[2025-03-28T05:39:04.792+0000] {logging_mixin.py:190} INFO - Processing batch 30: pages 291 to 300
[2025-03-28T05:39:04.793+0000] {logging_mixin.py:190} INFO - Scraping page 291...
[2025-03-28T05:39:04.800+0000] {logging_mixin.py:190} INFO - Error processing batch 30: HTTPSConnectionPool(host='default.url', port=443): Max retries exceeded with url: /project-swasta?page=291 (Caused by NameResolutionError("<urllib3.connection.HTTPSConnection object at 0x7f25e1477eb0>: Failed to resolve 'default.url' ([Errno -2] Name or service not known)"))
[2025-03-28T05:39:04.816+0000] {logging_mixin.py:190} INFO - Processing batch 31: pages 301 to 310
[2025-03-28T05:39:04.818+0000] {logging_mixin.py:190} INFO - Scraping page 301...
[2025-03-28T05:39:04.824+0000] {logging_mixin.py:190} INFO - Error processing batch 31: HTTPSConnectionPool(host='default.url', port=443): Max retries exceeded with url: /project-swasta?page=301 (Caused by NameResolutionError("<urllib3.connection.HTTPSConnection object at 0x7f25e14778e0>: Failed to resolve 'default.url' ([Errno -2] Name or service not known)"))
[2025-03-28T05:39:04.840+0000] {logging_mixin.py:190} INFO - Processing batch 32: pages 311 to 320
[2025-03-28T05:39:04.842+0000] {logging_mixin.py:190} INFO - Scraping page 311...
[2025-03-28T05:39:04.848+0000] {logging_mixin.py:190} INFO - Error processing batch 32: HTTPSConnectionPool(host='default.url', port=443): Max retries exceeded with url: /project-swasta?page=311 (Caused by NameResolutionError("<urllib3.connection.HTTPSConnection object at 0x7f25e1476dd0>: Failed to resolve 'default.url' ([Errno -2] Name or service not known)"))
[2025-03-28T05:39:04.866+0000] {logging_mixin.py:190} INFO - Processing batch 33: pages 321 to 330
[2025-03-28T05:39:04.868+0000] {logging_mixin.py:190} INFO - Scraping page 321...
[2025-03-28T05:39:04.873+0000] {logging_mixin.py:190} INFO - Error processing batch 33: HTTPSConnectionPool(host='default.url', port=443): Max retries exceeded with url: /project-swasta?page=321 (Caused by NameResolutionError("<urllib3.connection.HTTPSConnection object at 0x7f25e1475090>: Failed to resolve 'default.url' ([Errno -2] Name or service not known)"))
[2025-03-28T05:39:04.888+0000] {logging_mixin.py:190} INFO - Processing batch 34: pages 331 to 340
[2025-03-28T05:39:04.890+0000] {logging_mixin.py:190} INFO - Scraping page 331...
[2025-03-28T05:39:04.897+0000] {logging_mixin.py:190} INFO - Error processing batch 34: HTTPSConnectionPool(host='default.url', port=443): Max retries exceeded with url: /project-swasta?page=331 (Caused by NameResolutionError("<urllib3.connection.HTTPSConnection object at 0x7f25e14c0040>: Failed to resolve 'default.url' ([Errno -2] Name or service not known)"))
[2025-03-28T05:39:04.912+0000] {logging_mixin.py:190} INFO - Processing batch 35: pages 341 to 350
[2025-03-28T05:39:04.914+0000] {logging_mixin.py:190} INFO - Scraping page 341...
[2025-03-28T05:39:04.920+0000] {logging_mixin.py:190} INFO - Error processing batch 35: HTTPSConnectionPool(host='default.url', port=443): Max retries exceeded with url: /project-swasta?page=341 (Caused by NameResolutionError("<urllib3.connection.HTTPSConnection object at 0x7f25e1475810>: Failed to resolve 'default.url' ([Errno -2] Name or service not known)"))
[2025-03-28T05:39:04.940+0000] {logging_mixin.py:190} INFO - Processing batch 36: pages 351 to 360
[2025-03-28T05:39:04.942+0000] {logging_mixin.py:190} INFO - Scraping page 351...
[2025-03-28T05:39:04.947+0000] {logging_mixin.py:190} INFO - Error processing batch 36: HTTPSConnectionPool(host='default.url', port=443): Max retries exceeded with url: /project-swasta?page=351 (Caused by NameResolutionError("<urllib3.connection.HTTPSConnection object at 0x7f25e1477520>: Failed to resolve 'default.url' ([Errno -2] Name or service not known)"))
[2025-03-28T05:39:04.962+0000] {logging_mixin.py:190} INFO - Processing batch 37: pages 361 to 370
[2025-03-28T05:39:04.964+0000] {logging_mixin.py:190} INFO - Scraping page 361...
[2025-03-28T05:39:04.969+0000] {logging_mixin.py:190} INFO - Error processing batch 37: HTTPSConnectionPool(host='default.url', port=443): Max retries exceeded with url: /project-swasta?page=361 (Caused by NameResolutionError("<urllib3.connection.HTTPSConnection object at 0x7f25e1476680>: Failed to resolve 'default.url' ([Errno -2] Name or service not known)"))
[2025-03-28T05:39:04.985+0000] {logging_mixin.py:190} INFO - Processing batch 38: pages 371 to 380
[2025-03-28T05:39:04.987+0000] {logging_mixin.py:190} INFO - Scraping page 371...
[2025-03-28T05:39:04.992+0000] {logging_mixin.py:190} INFO - Error processing batch 38: HTTPSConnectionPool(host='default.url', port=443): Max retries exceeded with url: /project-swasta?page=371 (Caused by NameResolutionError("<urllib3.connection.HTTPSConnection object at 0x7f25e14c8100>: Failed to resolve 'default.url' ([Errno -2] Name or service not known)"))
[2025-03-28T05:39:05.008+0000] {logging_mixin.py:190} INFO - Processing batch 39: pages 381 to 390
[2025-03-28T05:39:05.009+0000] {logging_mixin.py:190} INFO - Scraping page 381...
[2025-03-28T05:39:05.015+0000] {logging_mixin.py:190} INFO - Error processing batch 39: HTTPSConnectionPool(host='default.url', port=443): Max retries exceeded with url: /project-swasta?page=381 (Caused by NameResolutionError("<urllib3.connection.HTTPSConnection object at 0x7f25e1476e00>: Failed to resolve 'default.url' ([Errno -2] Name or service not known)"))
[2025-03-28T05:39:05.030+0000] {logging_mixin.py:190} INFO - Processing batch 40: pages 391 to 400
[2025-03-28T05:39:05.032+0000] {logging_mixin.py:190} INFO - Scraping page 391...
[2025-03-28T05:39:05.037+0000] {logging_mixin.py:190} INFO - Error processing batch 40: HTTPSConnectionPool(host='default.url', port=443): Max retries exceeded with url: /project-swasta?page=391 (Caused by NameResolutionError("<urllib3.connection.HTTPSConnection object at 0x7f25e1477520>: Failed to resolve 'default.url' ([Errno -2] Name or service not known)"))
[2025-03-28T05:39:05.051+0000] {logging_mixin.py:190} INFO - Processing batch 41: pages 401 to 410
[2025-03-28T05:39:05.053+0000] {logging_mixin.py:190} INFO - Scraping page 401...
[2025-03-28T05:39:05.058+0000] {logging_mixin.py:190} INFO - Error processing batch 41: HTTPSConnectionPool(host='default.url', port=443): Max retries exceeded with url: /project-swasta?page=401 (Caused by NameResolutionError("<urllib3.connection.HTTPSConnection object at 0x7f25e1475f00>: Failed to resolve 'default.url' ([Errno -2] Name or service not known)"))
[2025-03-28T05:39:05.072+0000] {logging_mixin.py:190} INFO - Processing batch 42: pages 411 to 420
[2025-03-28T05:39:05.073+0000] {logging_mixin.py:190} INFO - Scraping page 411...
[2025-03-28T05:39:05.079+0000] {logging_mixin.py:190} INFO - Error processing batch 42: HTTPSConnectionPool(host='default.url', port=443): Max retries exceeded with url: /project-swasta?page=411 (Caused by NameResolutionError("<urllib3.connection.HTTPSConnection object at 0x7f25e14c01c0>: Failed to resolve 'default.url' ([Errno -2] Name or service not known)"))
[2025-03-28T05:39:05.095+0000] {logging_mixin.py:190} INFO - Processing batch 43: pages 421 to 430
[2025-03-28T05:39:05.097+0000] {logging_mixin.py:190} INFO - Scraping page 421...
[2025-03-28T05:39:05.102+0000] {logging_mixin.py:190} INFO - Error processing batch 43: HTTPSConnectionPool(host='default.url', port=443): Max retries exceeded with url: /project-swasta?page=421 (Caused by NameResolutionError("<urllib3.connection.HTTPSConnection object at 0x7f25e1477c10>: Failed to resolve 'default.url' ([Errno -2] Name or service not known)"))
[2025-03-28T05:39:05.117+0000] {logging_mixin.py:190} INFO - Processing batch 44: pages 431 to 440
[2025-03-28T05:39:05.118+0000] {logging_mixin.py:190} INFO - Scraping page 431...
[2025-03-28T05:39:05.124+0000] {logging_mixin.py:190} INFO - Error processing batch 44: HTTPSConnectionPool(host='default.url', port=443): Max retries exceeded with url: /project-swasta?page=431 (Caused by NameResolutionError("<urllib3.connection.HTTPSConnection object at 0x7f25e14759c0>: Failed to resolve 'default.url' ([Errno -2] Name or service not known)"))
[2025-03-28T05:39:05.138+0000] {logging_mixin.py:190} INFO - Processing batch 45: pages 441 to 450
[2025-03-28T05:39:05.140+0000] {logging_mixin.py:190} INFO - Scraping page 441...
[2025-03-28T05:39:05.145+0000] {logging_mixin.py:190} INFO - Error processing batch 45: HTTPSConnectionPool(host='default.url', port=443): Max retries exceeded with url: /project-swasta?page=441 (Caused by NameResolutionError("<urllib3.connection.HTTPSConnection object at 0x7f25e1477040>: Failed to resolve 'default.url' ([Errno -2] Name or service not known)"))
[2025-03-28T05:39:05.160+0000] {logging_mixin.py:190} INFO - Processing batch 46: pages 451 to 460
[2025-03-28T05:39:05.162+0000] {logging_mixin.py:190} INFO - Scraping page 451...
[2025-03-28T05:39:05.168+0000] {logging_mixin.py:190} INFO - Error processing batch 46: HTTPSConnectionPool(host='default.url', port=443): Max retries exceeded with url: /project-swasta?page=451 (Caused by NameResolutionError("<urllib3.connection.HTTPSConnection object at 0x7f25e14c0250>: Failed to resolve 'default.url' ([Errno -2] Name or service not known)"))
[2025-03-28T05:39:05.188+0000] {logging_mixin.py:190} INFO - Processing batch 47: pages 461 to 470
[2025-03-28T05:39:05.189+0000] {logging_mixin.py:190} INFO - Scraping page 461...
[2025-03-28T05:39:05.195+0000] {logging_mixin.py:190} INFO - Error processing batch 47: HTTPSConnectionPool(host='default.url', port=443): Max retries exceeded with url: /project-swasta?page=461 (Caused by NameResolutionError("<urllib3.connection.HTTPSConnection object at 0x7f25e14768f0>: Failed to resolve 'default.url' ([Errno -2] Name or service not known)"))
[2025-03-28T05:39:05.209+0000] {logging_mixin.py:190} INFO - Processing batch 48: pages 471 to 480
[2025-03-28T05:39:05.211+0000] {logging_mixin.py:190} INFO - Scraping page 471...
[2025-03-28T05:39:05.217+0000] {logging_mixin.py:190} INFO - Error processing batch 48: HTTPSConnectionPool(host='default.url', port=443): Max retries exceeded with url: /project-swasta?page=471 (Caused by NameResolutionError("<urllib3.connection.HTTPSConnection object at 0x7f25e14765f0>: Failed to resolve 'default.url' ([Errno -2] Name or service not known)"))
[2025-03-28T05:39:05.233+0000] {logging_mixin.py:190} INFO - Processing batch 49: pages 481 to 490
[2025-03-28T05:39:05.234+0000] {logging_mixin.py:190} INFO - Scraping page 481...
[2025-03-28T05:39:05.239+0000] {logging_mixin.py:190} INFO - Error processing batch 49: HTTPSConnectionPool(host='default.url', port=443): Max retries exceeded with url: /project-swasta?page=481 (Caused by NameResolutionError("<urllib3.connection.HTTPSConnection object at 0x7f25e1477b50>: Failed to resolve 'default.url' ([Errno -2] Name or service not known)"))
[2025-03-28T05:39:05.253+0000] {logging_mixin.py:190} INFO - Processing batch 50: pages 491 to 500
[2025-03-28T05:39:05.254+0000] {logging_mixin.py:190} INFO - Scraping page 491...
[2025-03-28T05:39:05.259+0000] {logging_mixin.py:190} INFO - Error processing batch 50: HTTPSConnectionPool(host='default.url', port=443): Max retries exceeded with url: /project-swasta?page=491 (Caused by NameResolutionError("<urllib3.connection.HTTPSConnection object at 0x7f25e14c0700>: Failed to resolve 'default.url' ([Errno -2] Name or service not known)"))
[2025-03-28T05:39:05.274+0000] {logging_mixin.py:190} INFO - Processing batch 51: pages 501 to 510
[2025-03-28T05:39:05.275+0000] {logging_mixin.py:190} INFO - Scraping page 501...
[2025-03-28T05:39:05.281+0000] {logging_mixin.py:190} INFO - Error processing batch 51: HTTPSConnectionPool(host='default.url', port=443): Max retries exceeded with url: /project-swasta?page=501 (Caused by NameResolutionError("<urllib3.connection.HTTPSConnection object at 0x7f25e1475360>: Failed to resolve 'default.url' ([Errno -2] Name or service not known)"))
[2025-03-28T05:39:05.294+0000] {logging_mixin.py:190} INFO - Processing batch 52: pages 511 to 520
[2025-03-28T05:39:05.296+0000] {logging_mixin.py:190} INFO - Scraping page 511...
[2025-03-28T05:39:05.301+0000] {logging_mixin.py:190} INFO - Error processing batch 52: HTTPSConnectionPool(host='default.url', port=443): Max retries exceeded with url: /project-swasta?page=511 (Caused by NameResolutionError("<urllib3.connection.HTTPSConnection object at 0x7f25e1477e80>: Failed to resolve 'default.url' ([Errno -2] Name or service not known)"))
[2025-03-28T05:39:05.315+0000] {logging_mixin.py:190} INFO - Processing batch 53: pages 521 to 530
[2025-03-28T05:39:05.316+0000] {logging_mixin.py:190} INFO - Scraping page 521...
[2025-03-28T05:39:05.321+0000] {logging_mixin.py:190} INFO - Error processing batch 53: HTTPSConnectionPool(host='default.url', port=443): Max retries exceeded with url: /project-swasta?page=521 (Caused by NameResolutionError("<urllib3.connection.HTTPSConnection object at 0x7f25e14772e0>: Failed to resolve 'default.url' ([Errno -2] Name or service not known)"))
[2025-03-28T05:39:05.336+0000] {logging_mixin.py:190} INFO - Processing batch 54: pages 531 to 540
[2025-03-28T05:39:05.337+0000] {logging_mixin.py:190} INFO - Scraping page 531...
[2025-03-28T05:39:05.343+0000] {logging_mixin.py:190} INFO - Error processing batch 54: HTTPSConnectionPool(host='default.url', port=443): Max retries exceeded with url: /project-swasta?page=531 (Caused by NameResolutionError("<urllib3.connection.HTTPSConnection object at 0x7f25e14c0970>: Failed to resolve 'default.url' ([Errno -2] Name or service not known)"))
[2025-03-28T05:39:05.358+0000] {logging_mixin.py:190} INFO - Processing batch 55: pages 541 to 550
[2025-03-28T05:39:05.360+0000] {logging_mixin.py:190} INFO - Scraping page 541...
[2025-03-28T05:39:05.366+0000] {logging_mixin.py:190} INFO - Error processing batch 55: HTTPSConnectionPool(host='default.url', port=443): Max retries exceeded with url: /project-swasta?page=541 (Caused by NameResolutionError("<urllib3.connection.HTTPSConnection object at 0x7f25e14760b0>: Failed to resolve 'default.url' ([Errno -2] Name or service not known)"))
[2025-03-28T05:39:05.381+0000] {logging_mixin.py:190} INFO - Processing batch 56: pages 551 to 560
[2025-03-28T05:39:05.382+0000] {logging_mixin.py:190} INFO - Scraping page 551...
[2025-03-28T05:39:05.387+0000] {logging_mixin.py:190} INFO - Error processing batch 56: HTTPSConnectionPool(host='default.url', port=443): Max retries exceeded with url: /project-swasta?page=551 (Caused by NameResolutionError("<urllib3.connection.HTTPSConnection object at 0x7f25e1476020>: Failed to resolve 'default.url' ([Errno -2] Name or service not known)"))
[2025-03-28T05:39:05.402+0000] {logging_mixin.py:190} INFO - Processing batch 57: pages 561 to 570
[2025-03-28T05:39:05.403+0000] {logging_mixin.py:190} INFO - Scraping page 561...
[2025-03-28T05:39:05.408+0000] {logging_mixin.py:190} INFO - Error processing batch 57: HTTPSConnectionPool(host='default.url', port=443): Max retries exceeded with url: /project-swasta?page=561 (Caused by NameResolutionError("<urllib3.connection.HTTPSConnection object at 0x7f25e1475cf0>: Failed to resolve 'default.url' ([Errno -2] Name or service not known)"))
[2025-03-28T05:39:05.421+0000] {logging_mixin.py:190} INFO - Processing batch 58: pages 571 to 580
[2025-03-28T05:39:05.423+0000] {logging_mixin.py:190} INFO - Scraping page 571...
[2025-03-28T05:39:05.428+0000] {logging_mixin.py:190} INFO - Error processing batch 58: HTTPSConnectionPool(host='default.url', port=443): Max retries exceeded with url: /project-swasta?page=571 (Caused by NameResolutionError("<urllib3.connection.HTTPSConnection object at 0x7f25e14c0340>: Failed to resolve 'default.url' ([Errno -2] Name or service not known)"))
[2025-03-28T05:39:05.443+0000] {logging_mixin.py:190} INFO - Processing batch 59: pages 581 to 590
[2025-03-28T05:39:05.445+0000] {logging_mixin.py:190} INFO - Scraping page 581...
[2025-03-28T05:39:05.451+0000] {logging_mixin.py:190} INFO - Error processing batch 59: HTTPSConnectionPool(host='default.url', port=443): Max retries exceeded with url: /project-swasta?page=581 (Caused by NameResolutionError("<urllib3.connection.HTTPSConnection object at 0x7f25e14740d0>: Failed to resolve 'default.url' ([Errno -2] Name or service not known)"))
[2025-03-28T05:39:05.466+0000] {logging_mixin.py:190} INFO - Processing batch 60: pages 591 to 600
[2025-03-28T05:39:05.467+0000] {logging_mixin.py:190} INFO - Scraping page 591...
[2025-03-28T05:39:05.477+0000] {logging_mixin.py:190} INFO - Error processing batch 60: HTTPSConnectionPool(host='default.url', port=443): Max retries exceeded with url: /project-swasta?page=591 (Caused by NameResolutionError("<urllib3.connection.HTTPSConnection object at 0x7f25e1474eb0>: Failed to resolve 'default.url' ([Errno -2] Name or service not known)"))
[2025-03-28T05:39:05.494+0000] {logging_mixin.py:190} INFO - Processing batch 61: pages 601 to 610
[2025-03-28T05:39:05.496+0000] {logging_mixin.py:190} INFO - Scraping page 601...
[2025-03-28T05:39:05.506+0000] {logging_mixin.py:190} INFO - Error processing batch 61: HTTPSConnectionPool(host='default.url', port=443): Max retries exceeded with url: /project-swasta?page=601 (Caused by NameResolutionError("<urllib3.connection.HTTPSConnection object at 0x7f25e1476500>: Failed to resolve 'default.url' ([Errno -2] Name or service not known)"))
[2025-03-28T05:39:05.525+0000] {logging_mixin.py:190} INFO - Processing batch 62: pages 611 to 620
[2025-03-28T05:39:05.527+0000] {logging_mixin.py:190} INFO - Scraping page 611...
[2025-03-28T05:39:05.534+0000] {logging_mixin.py:190} INFO - Error processing batch 62: HTTPSConnectionPool(host='default.url', port=443): Max retries exceeded with url: /project-swasta?page=611 (Caused by NameResolutionError("<urllib3.connection.HTTPSConnection object at 0x7f25e14c0310>: Failed to resolve 'default.url' ([Errno -2] Name or service not known)"))
[2025-03-28T05:39:05.552+0000] {logging_mixin.py:190} INFO - Processing batch 63: pages 621 to 630
[2025-03-28T05:39:05.553+0000] {logging_mixin.py:190} INFO - Scraping page 621...
[2025-03-28T05:39:05.559+0000] {logging_mixin.py:190} INFO - Error processing batch 63: HTTPSConnectionPool(host='default.url', port=443): Max retries exceeded with url: /project-swasta?page=621 (Caused by NameResolutionError("<urllib3.connection.HTTPSConnection object at 0x7f25e1477d60>: Failed to resolve 'default.url' ([Errno -2] Name or service not known)"))
[2025-03-28T05:39:05.581+0000] {logging_mixin.py:190} INFO - Processing batch 64: pages 631 to 640
[2025-03-28T05:39:05.583+0000] {logging_mixin.py:190} INFO - Scraping page 631...
[2025-03-28T05:39:05.588+0000] {logging_mixin.py:190} INFO - Error processing batch 64: HTTPSConnectionPool(host='default.url', port=443): Max retries exceeded with url: /project-swasta?page=631 (Caused by NameResolutionError("<urllib3.connection.HTTPSConnection object at 0x7f25e14750f0>: Failed to resolve 'default.url' ([Errno -2] Name or service not known)"))
[2025-03-28T05:39:05.606+0000] {logging_mixin.py:190} INFO - Processing batch 65: pages 641 to 650
[2025-03-28T05:39:05.607+0000] {logging_mixin.py:190} INFO - Scraping page 641...
[2025-03-28T05:39:05.616+0000] {logging_mixin.py:190} INFO - Error processing batch 65: HTTPSConnectionPool(host='default.url', port=443): Max retries exceeded with url: /project-swasta?page=641 (Caused by NameResolutionError("<urllib3.connection.HTTPSConnection object at 0x7f25e1477b80>: Failed to resolve 'default.url' ([Errno -2] Name or service not known)"))
[2025-03-28T05:39:05.633+0000] {logging_mixin.py:190} INFO - Processing batch 66: pages 651 to 660
[2025-03-28T05:39:05.635+0000] {logging_mixin.py:190} INFO - Scraping page 651...
[2025-03-28T05:39:05.639+0000] {logging_mixin.py:190} INFO - Error processing batch 66: HTTPSConnectionPool(host='default.url', port=443): Max retries exceeded with url: /project-swasta?page=651 (Caused by NameResolutionError("<urllib3.connection.HTTPSConnection object at 0x7f25e14c04c0>: Failed to resolve 'default.url' ([Errno -2] Name or service not known)"))
[2025-03-28T05:39:05.655+0000] {logging_mixin.py:190} INFO - Processing batch 67: pages 661 to 670
[2025-03-28T05:39:05.656+0000] {logging_mixin.py:190} INFO - Scraping page 661...
[2025-03-28T05:39:05.661+0000] {logging_mixin.py:190} INFO - Error processing batch 67: HTTPSConnectionPool(host='default.url', port=443): Max retries exceeded with url: /project-swasta?page=661 (Caused by NameResolutionError("<urllib3.connection.HTTPSConnection object at 0x7f25e1475900>: Failed to resolve 'default.url' ([Errno -2] Name or service not known)"))
[2025-03-28T05:39:05.690+0000] {logging_mixin.py:190} INFO - Processing batch 68: pages 671 to 680
[2025-03-28T05:39:05.691+0000] {logging_mixin.py:190} INFO - Scraping page 671...
[2025-03-28T05:39:05.697+0000] {logging_mixin.py:190} INFO - Error processing batch 68: HTTPSConnectionPool(host='default.url', port=443): Max retries exceeded with url: /project-swasta?page=671 (Caused by NameResolutionError("<urllib3.connection.HTTPSConnection object at 0x7f25e1475b40>: Failed to resolve 'default.url' ([Errno -2] Name or service not known)"))
[2025-03-28T05:39:05.714+0000] {logging_mixin.py:190} INFO - Processing batch 69: pages 681 to 690
[2025-03-28T05:39:05.717+0000] {logging_mixin.py:190} INFO - Scraping page 681...
[2025-03-28T05:39:05.723+0000] {logging_mixin.py:190} INFO - Error processing batch 69: HTTPSConnectionPool(host='default.url', port=443): Max retries exceeded with url: /project-swasta?page=681 (Caused by NameResolutionError("<urllib3.connection.HTTPSConnection object at 0x7f25e1477010>: Failed to resolve 'default.url' ([Errno -2] Name or service not known)"))
[2025-03-28T05:39:05.736+0000] {logging_mixin.py:190} INFO - Processing batch 70: pages 691 to 700
[2025-03-28T05:39:05.737+0000] {logging_mixin.py:190} INFO - Scraping page 691...
[2025-03-28T05:39:05.742+0000] {logging_mixin.py:190} INFO - Error processing batch 70: HTTPSConnectionPool(host='default.url', port=443): Max retries exceeded with url: /project-swasta?page=691 (Caused by NameResolutionError("<urllib3.connection.HTTPSConnection object at 0x7f25e14c0850>: Failed to resolve 'default.url' ([Errno -2] Name or service not known)"))
[2025-03-28T05:39:05.755+0000] {logging_mixin.py:190} INFO - Processing batch 71: pages 701 to 710
[2025-03-28T05:39:05.756+0000] {logging_mixin.py:190} INFO - Scraping page 701...
[2025-03-28T05:39:05.760+0000] {logging_mixin.py:190} INFO - Error processing batch 71: HTTPSConnectionPool(host='default.url', port=443): Max retries exceeded with url: /project-swasta?page=701 (Caused by NameResolutionError("<urllib3.connection.HTTPSConnection object at 0x7f25e14767d0>: Failed to resolve 'default.url' ([Errno -2] Name or service not known)"))
[2025-03-28T05:39:05.773+0000] {logging_mixin.py:190} INFO - Processing batch 72: pages 711 to 720
[2025-03-28T05:39:05.774+0000] {logging_mixin.py:190} INFO - Scraping page 711...
[2025-03-28T05:39:05.778+0000] {logging_mixin.py:190} INFO - Error processing batch 72: HTTPSConnectionPool(host='default.url', port=443): Max retries exceeded with url: /project-swasta?page=711 (Caused by NameResolutionError("<urllib3.connection.HTTPSConnection object at 0x7f25e14747f0>: Failed to resolve 'default.url' ([Errno -2] Name or service not known)"))
[2025-03-28T05:39:05.790+0000] {logging_mixin.py:190} INFO - Processing batch 73: pages 721 to 730
[2025-03-28T05:39:05.791+0000] {logging_mixin.py:190} INFO - Scraping page 721...
[2025-03-28T05:39:05.796+0000] {logging_mixin.py:190} INFO - Error processing batch 73: HTTPSConnectionPool(host='default.url', port=443): Max retries exceeded with url: /project-swasta?page=721 (Caused by NameResolutionError("<urllib3.connection.HTTPSConnection object at 0x7f25e1475fc0>: Failed to resolve 'default.url' ([Errno -2] Name or service not known)"))
[2025-03-28T05:39:05.809+0000] {logging_mixin.py:190} INFO - Processing batch 74: pages 731 to 740
[2025-03-28T05:39:05.810+0000] {logging_mixin.py:190} INFO - Scraping page 731...
[2025-03-28T05:39:05.817+0000] {logging_mixin.py:190} INFO - Error processing batch 74: HTTPSConnectionPool(host='default.url', port=443): Max retries exceeded with url: /project-swasta?page=731 (Caused by NameResolutionError("<urllib3.connection.HTTPSConnection object at 0x7f25e14c0730>: Failed to resolve 'default.url' ([Errno -2] Name or service not known)"))
[2025-03-28T05:39:05.832+0000] {logging_mixin.py:190} INFO - Processing batch 75: pages 741 to 750
[2025-03-28T05:39:05.833+0000] {logging_mixin.py:190} INFO - Scraping page 741...
[2025-03-28T05:39:05.838+0000] {logging_mixin.py:190} INFO - Error processing batch 75: HTTPSConnectionPool(host='default.url', port=443): Max retries exceeded with url: /project-swasta?page=741 (Caused by NameResolutionError("<urllib3.connection.HTTPSConnection object at 0x7f25e1477bb0>: Failed to resolve 'default.url' ([Errno -2] Name or service not known)"))
[2025-03-28T05:39:05.853+0000] {logging_mixin.py:190} INFO - Processing batch 76: pages 751 to 760
[2025-03-28T05:39:05.854+0000] {logging_mixin.py:190} INFO - Scraping page 751...
[2025-03-28T05:39:05.859+0000] {logging_mixin.py:190} INFO - Error processing batch 76: HTTPSConnectionPool(host='default.url', port=443): Max retries exceeded with url: /project-swasta?page=751 (Caused by NameResolutionError("<urllib3.connection.HTTPSConnection object at 0x7f25e1476ef0>: Failed to resolve 'default.url' ([Errno -2] Name or service not known)"))
[2025-03-28T05:39:05.873+0000] {logging_mixin.py:190} INFO - Processing batch 77: pages 761 to 770
[2025-03-28T05:39:05.875+0000] {logging_mixin.py:190} INFO - Scraping page 761...
[2025-03-28T05:39:05.881+0000] {logging_mixin.py:190} INFO - Error processing batch 77: HTTPSConnectionPool(host='default.url', port=443): Max retries exceeded with url: /project-swasta?page=761 (Caused by NameResolutionError("<urllib3.connection.HTTPSConnection object at 0x7f25e14749d0>: Failed to resolve 'default.url' ([Errno -2] Name or service not known)"))
[2025-03-28T05:39:05.897+0000] {logging_mixin.py:190} INFO - Processing batch 78: pages 771 to 780
[2025-03-28T05:39:05.898+0000] {logging_mixin.py:190} INFO - Scraping page 771...
[2025-03-28T05:39:05.903+0000] {logging_mixin.py:190} INFO - Error processing batch 78: HTTPSConnectionPool(host='default.url', port=443): Max retries exceeded with url: /project-swasta?page=771 (Caused by NameResolutionError("<urllib3.connection.HTTPSConnection object at 0x7f25e14c0d60>: Failed to resolve 'default.url' ([Errno -2] Name or service not known)"))
[2025-03-28T05:39:05.921+0000] {logging_mixin.py:190} INFO - Processing batch 79: pages 781 to 790
[2025-03-28T05:39:05.923+0000] {logging_mixin.py:190} INFO - Scraping page 781...
[2025-03-28T05:39:05.928+0000] {logging_mixin.py:190} INFO - Error processing batch 79: HTTPSConnectionPool(host='default.url', port=443): Max retries exceeded with url: /project-swasta?page=781 (Caused by NameResolutionError("<urllib3.connection.HTTPSConnection object at 0x7f25e1475330>: Failed to resolve 'default.url' ([Errno -2] Name or service not known)"))
[2025-03-28T05:39:05.943+0000] {logging_mixin.py:190} INFO - Processing batch 80: pages 791 to 800
[2025-03-28T05:39:05.944+0000] {logging_mixin.py:190} INFO - Scraping page 791...
[2025-03-28T05:39:05.950+0000] {logging_mixin.py:190} INFO - Error processing batch 80: HTTPSConnectionPool(host='default.url', port=443): Max retries exceeded with url: /project-swasta?page=791 (Caused by NameResolutionError("<urllib3.connection.HTTPSConnection object at 0x7f25e1474700>: Failed to resolve 'default.url' ([Errno -2] Name or service not known)"))
[2025-03-28T05:39:05.964+0000] {logging_mixin.py:190} INFO - Processing batch 81: pages 801 to 810
[2025-03-28T05:39:05.965+0000] {logging_mixin.py:190} INFO - Scraping page 801...
[2025-03-28T05:39:05.970+0000] {logging_mixin.py:190} INFO - Error processing batch 81: HTTPSConnectionPool(host='default.url', port=443): Max retries exceeded with url: /project-swasta?page=801 (Caused by NameResolutionError("<urllib3.connection.HTTPSConnection object at 0x7f25e1477ac0>: Failed to resolve 'default.url' ([Errno -2] Name or service not known)"))
[2025-03-28T05:39:05.984+0000] {logging_mixin.py:190} INFO - Processing batch 82: pages 811 to 820
[2025-03-28T05:39:05.985+0000] {logging_mixin.py:190} INFO - Scraping page 811...
[2025-03-28T05:39:05.990+0000] {logging_mixin.py:190} INFO - Error processing batch 82: HTTPSConnectionPool(host='default.url', port=443): Max retries exceeded with url: /project-swasta?page=811 (Caused by NameResolutionError("<urllib3.connection.HTTPSConnection object at 0x7f25e14c0af0>: Failed to resolve 'default.url' ([Errno -2] Name or service not known)"))
[2025-03-28T05:39:06.004+0000] {logging_mixin.py:190} INFO - Processing batch 83: pages 821 to 830
[2025-03-28T05:39:06.005+0000] {logging_mixin.py:190} INFO - Scraping page 821...
[2025-03-28T05:39:06.009+0000] {logging_mixin.py:190} INFO - Error processing batch 83: HTTPSConnectionPool(host='default.url', port=443): Max retries exceeded with url: /project-swasta?page=821 (Caused by NameResolutionError("<urllib3.connection.HTTPSConnection object at 0x7f25e1476cb0>: Failed to resolve 'default.url' ([Errno -2] Name or service not known)"))
[2025-03-28T05:39:06.024+0000] {logging_mixin.py:190} INFO - Processing batch 84: pages 831 to 840
[2025-03-28T05:39:06.025+0000] {logging_mixin.py:190} INFO - Scraping page 831...
[2025-03-28T05:39:06.031+0000] {logging_mixin.py:190} INFO - Error processing batch 84: HTTPSConnectionPool(host='default.url', port=443): Max retries exceeded with url: /project-swasta?page=831 (Caused by NameResolutionError("<urllib3.connection.HTTPSConnection object at 0x7f25e1476800>: Failed to resolve 'default.url' ([Errno -2] Name or service not known)"))
[2025-03-28T05:39:06.046+0000] {logging_mixin.py:190} INFO - Processing batch 85: pages 841 to 850
[2025-03-28T05:39:06.047+0000] {logging_mixin.py:190} INFO - Scraping page 841...
[2025-03-28T05:39:06.052+0000] {logging_mixin.py:190} INFO - Error processing batch 85: HTTPSConnectionPool(host='default.url', port=443): Max retries exceeded with url: /project-swasta?page=841 (Caused by NameResolutionError("<urllib3.connection.HTTPSConnection object at 0x7f25e1476290>: Failed to resolve 'default.url' ([Errno -2] Name or service not known)"))
[2025-03-28T05:39:06.067+0000] {logging_mixin.py:190} INFO - Processing batch 86: pages 851 to 860
[2025-03-28T05:39:06.068+0000] {logging_mixin.py:190} INFO - Scraping page 851...
[2025-03-28T05:39:06.073+0000] {logging_mixin.py:190} INFO - Error processing batch 86: HTTPSConnectionPool(host='default.url', port=443): Max retries exceeded with url: /project-swasta?page=851 (Caused by NameResolutionError("<urllib3.connection.HTTPSConnection object at 0x7f25e14c0790>: Failed to resolve 'default.url' ([Errno -2] Name or service not known)"))
[2025-03-28T05:39:06.089+0000] {logging_mixin.py:190} INFO - Processing batch 87: pages 861 to 870
[2025-03-28T05:39:06.090+0000] {logging_mixin.py:190} INFO - Scraping page 861...
[2025-03-28T05:39:06.095+0000] {logging_mixin.py:190} INFO - Error processing batch 87: HTTPSConnectionPool(host='default.url', port=443): Max retries exceeded with url: /project-swasta?page=861 (Caused by NameResolutionError("<urllib3.connection.HTTPSConnection object at 0x7f25e1477520>: Failed to resolve 'default.url' ([Errno -2] Name or service not known)"))
[2025-03-28T05:39:06.112+0000] {logging_mixin.py:190} INFO - Processing batch 88: pages 871 to 880
[2025-03-28T05:39:06.114+0000] {logging_mixin.py:190} INFO - Scraping page 871...
[2025-03-28T05:39:06.120+0000] {logging_mixin.py:190} INFO - Error processing batch 88: HTTPSConnectionPool(host='default.url', port=443): Max retries exceeded with url: /project-swasta?page=871 (Caused by NameResolutionError("<urllib3.connection.HTTPSConnection object at 0x7f25e14777c0>: Failed to resolve 'default.url' ([Errno -2] Name or service not known)"))
[2025-03-28T05:39:06.136+0000] {logging_mixin.py:190} INFO - Processing batch 89: pages 881 to 890
[2025-03-28T05:39:06.137+0000] {logging_mixin.py:190} INFO - Scraping page 881...
[2025-03-28T05:39:06.142+0000] {logging_mixin.py:190} INFO - Error processing batch 89: HTTPSConnectionPool(host='default.url', port=443): Max retries exceeded with url: /project-swasta?page=881 (Caused by NameResolutionError("<urllib3.connection.HTTPSConnection object at 0x7f25e14769e0>: Failed to resolve 'default.url' ([Errno -2] Name or service not known)"))
[2025-03-28T05:39:06.156+0000] {logging_mixin.py:190} INFO - Processing batch 90: pages 891 to 900
[2025-03-28T05:39:06.157+0000] {logging_mixin.py:190} INFO - Scraping page 891...
[2025-03-28T05:39:06.162+0000] {logging_mixin.py:190} INFO - Error processing batch 90: HTTPSConnectionPool(host='default.url', port=443): Max retries exceeded with url: /project-swasta?page=891 (Caused by NameResolutionError("<urllib3.connection.HTTPSConnection object at 0x7f25e14c05b0>: Failed to resolve 'default.url' ([Errno -2] Name or service not known)"))
[2025-03-28T05:39:06.177+0000] {logging_mixin.py:190} INFO - Processing batch 91: pages 901 to 910
[2025-03-28T05:39:06.178+0000] {logging_mixin.py:190} INFO - Scraping page 901...
[2025-03-28T05:39:06.184+0000] {logging_mixin.py:190} INFO - Error processing batch 91: HTTPSConnectionPool(host='default.url', port=443): Max retries exceeded with url: /project-swasta?page=901 (Caused by NameResolutionError("<urllib3.connection.HTTPSConnection object at 0x7f25e14767a0>: Failed to resolve 'default.url' ([Errno -2] Name or service not known)"))
[2025-03-28T05:39:06.198+0000] {logging_mixin.py:190} INFO - Processing batch 92: pages 911 to 920
[2025-03-28T05:39:06.199+0000] {logging_mixin.py:190} INFO - Scraping page 911...
[2025-03-28T05:39:06.204+0000] {logging_mixin.py:190} INFO - Error processing batch 92: HTTPSConnectionPool(host='default.url', port=443): Max retries exceeded with url: /project-swasta?page=911 (Caused by NameResolutionError("<urllib3.connection.HTTPSConnection object at 0x7f25e14759c0>: Failed to resolve 'default.url' ([Errno -2] Name or service not known)"))
[2025-03-28T05:39:06.217+0000] {logging_mixin.py:190} INFO - Processing batch 93: pages 921 to 930
[2025-03-28T05:39:06.218+0000] {logging_mixin.py:190} INFO - Scraping page 921...
[2025-03-28T05:39:06.223+0000] {logging_mixin.py:190} INFO - Error processing batch 93: HTTPSConnectionPool(host='default.url', port=443): Max retries exceeded with url: /project-swasta?page=921 (Caused by NameResolutionError("<urllib3.connection.HTTPSConnection object at 0x7f25e1474a90>: Failed to resolve 'default.url' ([Errno -2] Name or service not known)"))
[2025-03-28T05:39:06.238+0000] {logging_mixin.py:190} INFO - Processing batch 94: pages 931 to 940
[2025-03-28T05:39:06.239+0000] {logging_mixin.py:190} INFO - Scraping page 931...
[2025-03-28T05:39:06.244+0000] {logging_mixin.py:190} INFO - Error processing batch 94: HTTPSConnectionPool(host='default.url', port=443): Max retries exceeded with url: /project-swasta?page=931 (Caused by NameResolutionError("<urllib3.connection.HTTPSConnection object at 0x7f25e14c0160>: Failed to resolve 'default.url' ([Errno -2] Name or service not known)"))
[2025-03-28T05:39:06.259+0000] {logging_mixin.py:190} INFO - Processing batch 95: pages 941 to 950
[2025-03-28T05:39:06.260+0000] {logging_mixin.py:190} INFO - Scraping page 941...
[2025-03-28T05:39:06.266+0000] {logging_mixin.py:190} INFO - Error processing batch 95: HTTPSConnectionPool(host='default.url', port=443): Max retries exceeded with url: /project-swasta?page=941 (Caused by NameResolutionError("<urllib3.connection.HTTPSConnection object at 0x7f25e1477dc0>: Failed to resolve 'default.url' ([Errno -2] Name or service not known)"))
[2025-03-28T05:39:06.280+0000] {logging_mixin.py:190} INFO - Processing batch 96: pages 951 to 960
[2025-03-28T05:39:06.281+0000] {logging_mixin.py:190} INFO - Scraping page 951...
[2025-03-28T05:39:06.286+0000] {logging_mixin.py:190} INFO - Error processing batch 96: HTTPSConnectionPool(host='default.url', port=443): Max retries exceeded with url: /project-swasta?page=951 (Caused by NameResolutionError("<urllib3.connection.HTTPSConnection object at 0x7f25e1477760>: Failed to resolve 'default.url' ([Errno -2] Name or service not known)"))
[2025-03-28T05:39:06.299+0000] {logging_mixin.py:190} INFO - Processing batch 97: pages 961 to 970
[2025-03-28T05:39:06.300+0000] {logging_mixin.py:190} INFO - Scraping page 961...
[2025-03-28T05:39:06.305+0000] {logging_mixin.py:190} INFO - Error processing batch 97: HTTPSConnectionPool(host='default.url', port=443): Max retries exceeded with url: /project-swasta?page=961 (Caused by NameResolutionError("<urllib3.connection.HTTPSConnection object at 0x7f25e1474f40>: Failed to resolve 'default.url' ([Errno -2] Name or service not known)"))
[2025-03-28T05:39:06.319+0000] {logging_mixin.py:190} INFO - Processing batch 98: pages 971 to 980
[2025-03-28T05:39:06.320+0000] {logging_mixin.py:190} INFO - Scraping page 971...
[2025-03-28T05:39:06.326+0000] {logging_mixin.py:190} INFO - Error processing batch 98: HTTPSConnectionPool(host='default.url', port=443): Max retries exceeded with url: /project-swasta?page=971 (Caused by NameResolutionError("<urllib3.connection.HTTPSConnection object at 0x7f25e14c0100>: Failed to resolve 'default.url' ([Errno -2] Name or service not known)"))
[2025-03-28T05:39:06.340+0000] {logging_mixin.py:190} INFO - Processing batch 99: pages 981 to 990
[2025-03-28T05:39:06.341+0000] {logging_mixin.py:190} INFO - Scraping page 981...
[2025-03-28T05:39:06.347+0000] {logging_mixin.py:190} INFO - Error processing batch 99: HTTPSConnectionPool(host='default.url', port=443): Max retries exceeded with url: /project-swasta?page=981 (Caused by NameResolutionError("<urllib3.connection.HTTPSConnection object at 0x7f25e1477d90>: Failed to resolve 'default.url' ([Errno -2] Name or service not known)"))
[2025-03-28T05:39:06.363+0000] {logging_mixin.py:190} INFO - Processing batch 100: pages 991 to 1000
[2025-03-28T05:39:06.364+0000] {logging_mixin.py:190} INFO - Scraping page 991...
[2025-03-28T05:39:06.370+0000] {logging_mixin.py:190} INFO - Error processing batch 100: HTTPSConnectionPool(host='default.url', port=443): Max retries exceeded with url: /project-swasta?page=991 (Caused by NameResolutionError("<urllib3.connection.HTTPSConnection object at 0x7f25e1474c10>: Failed to resolve 'default.url' ([Errno -2] Name or service not known)"))
[2025-03-28T05:39:06.384+0000] {logging_mixin.py:190} INFO - Processing batch 101: pages 1001 to 1010
[2025-03-28T05:39:06.386+0000] {logging_mixin.py:190} INFO - Scraping page 1001...
[2025-03-28T05:39:06.391+0000] {logging_mixin.py:190} INFO - Error processing batch 101: HTTPSConnectionPool(host='default.url', port=443): Max retries exceeded with url: /project-swasta?page=1001 (Caused by NameResolutionError("<urllib3.connection.HTTPSConnection object at 0x7f25e1474eb0>: Failed to resolve 'default.url' ([Errno -2] Name or service not known)"))
[2025-03-28T05:39:06.405+0000] {logging_mixin.py:190} INFO - Processing batch 102: pages 1011 to 1020
[2025-03-28T05:39:06.406+0000] {logging_mixin.py:190} INFO - Scraping page 1011...
[2025-03-28T05:39:06.411+0000] {logging_mixin.py:190} INFO - Error processing batch 102: HTTPSConnectionPool(host='default.url', port=443): Max retries exceeded with url: /project-swasta?page=1011 (Caused by NameResolutionError("<urllib3.connection.HTTPSConnection object at 0x7f25e14c0a90>: Failed to resolve 'default.url' ([Errno -2] Name or service not known)"))
[2025-03-28T05:39:06.425+0000] {logging_mixin.py:190} INFO - Processing batch 103: pages 1021 to 1030
[2025-03-28T05:39:06.427+0000] {logging_mixin.py:190} INFO - Scraping page 1021...
[2025-03-28T05:39:06.432+0000] {logging_mixin.py:190} INFO - Error processing batch 103: HTTPSConnectionPool(host='default.url', port=443): Max retries exceeded with url: /project-swasta?page=1021 (Caused by NameResolutionError("<urllib3.connection.HTTPSConnection object at 0x7f25e1475840>: Failed to resolve 'default.url' ([Errno -2] Name or service not known)"))
[2025-03-28T05:39:06.446+0000] {logging_mixin.py:190} INFO - Processing batch 104: pages 1031 to 1040
[2025-03-28T05:39:06.447+0000] {logging_mixin.py:190} INFO - Scraping page 1031...
[2025-03-28T05:39:06.452+0000] {logging_mixin.py:190} INFO - Error processing batch 104: HTTPSConnectionPool(host='default.url', port=443): Max retries exceeded with url: /project-swasta?page=1031 (Caused by NameResolutionError("<urllib3.connection.HTTPSConnection object at 0x7f25e1474640>: Failed to resolve 'default.url' ([Errno -2] Name or service not known)"))
[2025-03-28T05:39:06.466+0000] {logging_mixin.py:190} INFO - Processing batch 105: pages 1041 to 1050
[2025-03-28T05:39:06.467+0000] {logging_mixin.py:190} INFO - Scraping page 1041...
[2025-03-28T05:39:06.472+0000] {logging_mixin.py:190} INFO - Error processing batch 105: HTTPSConnectionPool(host='default.url', port=443): Max retries exceeded with url: /project-swasta?page=1041 (Caused by NameResolutionError("<urllib3.connection.HTTPSConnection object at 0x7f25e14c0ac0>: Failed to resolve 'default.url' ([Errno -2] Name or service not known)"))
[2025-03-28T05:39:06.487+0000] {logging_mixin.py:190} INFO - Processing batch 106: pages 1051 to 1060
[2025-03-28T05:39:06.488+0000] {logging_mixin.py:190} INFO - Scraping page 1051...
[2025-03-28T05:39:06.493+0000] {logging_mixin.py:190} INFO - Error processing batch 106: HTTPSConnectionPool(host='default.url', port=443): Max retries exceeded with url: /project-swasta?page=1051 (Caused by NameResolutionError("<urllib3.connection.HTTPSConnection object at 0x7f25e14c1120>: Failed to resolve 'default.url' ([Errno -2] Name or service not known)"))
[2025-03-28T05:39:06.508+0000] {logging_mixin.py:190} INFO - Processing batch 107: pages 1061 to 1070
[2025-03-28T05:39:06.509+0000] {logging_mixin.py:190} INFO - Scraping page 1061...
[2025-03-28T05:39:06.515+0000] {logging_mixin.py:190} INFO - Error processing batch 107: HTTPSConnectionPool(host='default.url', port=443): Max retries exceeded with url: /project-swasta?page=1061 (Caused by NameResolutionError("<urllib3.connection.HTTPSConnection object at 0x7f25e1475d20>: Failed to resolve 'default.url' ([Errno -2] Name or service not known)"))
[2025-03-28T05:39:06.529+0000] {logging_mixin.py:190} INFO - Processing batch 108: pages 1071 to 1080
[2025-03-28T05:39:06.530+0000] {logging_mixin.py:190} INFO - Scraping page 1071...
[2025-03-28T05:39:06.536+0000] {logging_mixin.py:190} INFO - Error processing batch 108: HTTPSConnectionPool(host='default.url', port=443): Max retries exceeded with url: /project-swasta?page=1071 (Caused by NameResolutionError("<urllib3.connection.HTTPSConnection object at 0x7f25e1475570>: Failed to resolve 'default.url' ([Errno -2] Name or service not known)"))
[2025-03-28T05:39:06.550+0000] {logging_mixin.py:190} INFO - Processing batch 109: pages 1081 to 1090
[2025-03-28T05:39:06.551+0000] {logging_mixin.py:190} INFO - Scraping page 1081...
[2025-03-28T05:39:06.556+0000] {logging_mixin.py:190} INFO - Error processing batch 109: HTTPSConnectionPool(host='default.url', port=443): Max retries exceeded with url: /project-swasta?page=1081 (Caused by NameResolutionError("<urllib3.connection.HTTPSConnection object at 0x7f25e14c12a0>: Failed to resolve 'default.url' ([Errno -2] Name or service not known)"))
[2025-03-28T05:39:06.571+0000] {logging_mixin.py:190} INFO - Processing batch 110: pages 1091 to 1100
[2025-03-28T05:39:06.572+0000] {logging_mixin.py:190} INFO - Scraping page 1091...
[2025-03-28T05:39:06.578+0000] {logging_mixin.py:190} INFO - Error processing batch 110: HTTPSConnectionPool(host='default.url', port=443): Max retries exceeded with url: /project-swasta?page=1091 (Caused by NameResolutionError("<urllib3.connection.HTTPSConnection object at 0x7f25e14c0af0>: Failed to resolve 'default.url' ([Errno -2] Name or service not known)"))
[2025-03-28T05:39:06.593+0000] {logging_mixin.py:190} INFO - Processing batch 111: pages 1101 to 1110
[2025-03-28T05:39:06.594+0000] {logging_mixin.py:190} INFO - Scraping page 1101...
[2025-03-28T05:39:06.600+0000] {logging_mixin.py:190} INFO - Error processing batch 111: HTTPSConnectionPool(host='default.url', port=443): Max retries exceeded with url: /project-swasta?page=1101 (Caused by NameResolutionError("<urllib3.connection.HTTPSConnection object at 0x7f25e14766e0>: Failed to resolve 'default.url' ([Errno -2] Name or service not known)"))
[2025-03-28T05:39:06.614+0000] {logging_mixin.py:190} INFO - Processing batch 112: pages 1111 to 1120
[2025-03-28T05:39:06.615+0000] {logging_mixin.py:190} INFO - Scraping page 1111...
[2025-03-28T05:39:06.620+0000] {logging_mixin.py:190} INFO - Error processing batch 112: HTTPSConnectionPool(host='default.url', port=443): Max retries exceeded with url: /project-swasta?page=1111 (Caused by NameResolutionError("<urllib3.connection.HTTPSConnection object at 0x7f25e14749a0>: Failed to resolve 'default.url' ([Errno -2] Name or service not known)"))
[2025-03-28T05:39:06.635+0000] {logging_mixin.py:190} INFO - Processing batch 113: pages 1121 to 1130
[2025-03-28T05:39:06.636+0000] {logging_mixin.py:190} INFO - Scraping page 1121...
[2025-03-28T05:39:06.641+0000] {logging_mixin.py:190} INFO - Error processing batch 113: HTTPSConnectionPool(host='default.url', port=443): Max retries exceeded with url: /project-swasta?page=1121 (Caused by NameResolutionError("<urllib3.connection.HTTPSConnection object at 0x7f25e14c0ac0>: Failed to resolve 'default.url' ([Errno -2] Name or service not known)"))
[2025-03-28T05:39:06.656+0000] {logging_mixin.py:190} INFO - Processing batch 114: pages 1131 to 1140
[2025-03-28T05:39:06.657+0000] {logging_mixin.py:190} INFO - Scraping page 1131...
[2025-03-28T05:39:06.662+0000] {logging_mixin.py:190} INFO - Error processing batch 114: HTTPSConnectionPool(host='default.url', port=443): Max retries exceeded with url: /project-swasta?page=1131 (Caused by NameResolutionError("<urllib3.connection.HTTPSConnection object at 0x7f25e14c1210>: Failed to resolve 'default.url' ([Errno -2] Name or service not known)"))
[2025-03-28T05:39:06.676+0000] {logging_mixin.py:190} INFO - Processing batch 115: pages 1141 to 1150
[2025-03-28T05:39:06.678+0000] {logging_mixin.py:190} INFO - Scraping page 1141...
[2025-03-28T05:39:06.684+0000] {logging_mixin.py:190} INFO - Error processing batch 115: HTTPSConnectionPool(host='default.url', port=443): Max retries exceeded with url: /project-swasta?page=1141 (Caused by NameResolutionError("<urllib3.connection.HTTPSConnection object at 0x7f25e14769e0>: Failed to resolve 'default.url' ([Errno -2] Name or service not known)"))
[2025-03-28T05:39:06.697+0000] {logging_mixin.py:190} INFO - Processing batch 116: pages 1151 to 1160
[2025-03-28T05:39:06.699+0000] {logging_mixin.py:190} INFO - Scraping page 1151...
[2025-03-28T05:39:06.704+0000] {logging_mixin.py:190} INFO - Error processing batch 116: HTTPSConnectionPool(host='default.url', port=443): Max retries exceeded with url: /project-swasta?page=1151 (Caused by NameResolutionError("<urllib3.connection.HTTPSConnection object at 0x7f25e1475e40>: Failed to resolve 'default.url' ([Errno -2] Name or service not known)"))
[2025-03-28T05:39:06.718+0000] {logging_mixin.py:190} INFO - Processing batch 117: pages 1161 to 1170
[2025-03-28T05:39:06.719+0000] {logging_mixin.py:190} INFO - Scraping page 1161...
[2025-03-28T05:39:06.725+0000] {logging_mixin.py:190} INFO - Error processing batch 117: HTTPSConnectionPool(host='default.url', port=443): Max retries exceeded with url: /project-swasta?page=1161 (Caused by NameResolutionError("<urllib3.connection.HTTPSConnection object at 0x7f25e14c0eb0>: Failed to resolve 'default.url' ([Errno -2] Name or service not known)"))
[2025-03-28T05:39:06.741+0000] {logging_mixin.py:190} INFO - Processing batch 118: pages 1171 to 1180
[2025-03-28T05:39:06.743+0000] {logging_mixin.py:190} INFO - Scraping page 1171...
[2025-03-28T05:39:06.750+0000] {logging_mixin.py:190} INFO - Error processing batch 118: HTTPSConnectionPool(host='default.url', port=443): Max retries exceeded with url: /project-swasta?page=1171 (Caused by NameResolutionError("<urllib3.connection.HTTPSConnection object at 0x7f25e14c04c0>: Failed to resolve 'default.url' ([Errno -2] Name or service not known)"))
[2025-03-28T05:39:06.772+0000] {logging_mixin.py:190} INFO - Processing batch 119: pages 1181 to 1190
[2025-03-28T05:39:06.774+0000] {logging_mixin.py:190} INFO - Scraping page 1181...
[2025-03-28T05:39:06.785+0000] {logging_mixin.py:190} INFO - Error processing batch 119: HTTPSConnectionPool(host='default.url', port=443): Max retries exceeded with url: /project-swasta?page=1181 (Caused by NameResolutionError("<urllib3.connection.HTTPSConnection object at 0x7f25e1475ea0>: Failed to resolve 'default.url' ([Errno -2] Name or service not known)"))
[2025-03-28T05:39:06.803+0000] {logging_mixin.py:190} INFO - Processing batch 120: pages 1191 to 1200
[2025-03-28T05:39:06.805+0000] {logging_mixin.py:190} INFO - Scraping page 1191...
[2025-03-28T05:39:06.812+0000] {logging_mixin.py:190} INFO - Error processing batch 120: HTTPSConnectionPool(host='default.url', port=443): Max retries exceeded with url: /project-swasta?page=1191 (Caused by NameResolutionError("<urllib3.connection.HTTPSConnection object at 0x7f25e1474d90>: Failed to resolve 'default.url' ([Errno -2] Name or service not known)"))
[2025-03-28T05:39:06.828+0000] {logging_mixin.py:190} INFO - Processing batch 121: pages 1201 to 1210
[2025-03-28T05:39:06.830+0000] {logging_mixin.py:190} INFO - Scraping page 1201...
[2025-03-28T05:39:06.835+0000] {logging_mixin.py:190} INFO - Error processing batch 121: HTTPSConnectionPool(host='default.url', port=443): Max retries exceeded with url: /project-swasta?page=1201 (Caused by NameResolutionError("<urllib3.connection.HTTPSConnection object at 0x7f25e14c0670>: Failed to resolve 'default.url' ([Errno -2] Name or service not known)"))
[2025-03-28T05:39:06.849+0000] {logging_mixin.py:190} INFO - Processing batch 122: pages 1211 to 1220
[2025-03-28T05:39:06.850+0000] {logging_mixin.py:190} INFO - Scraping page 1211...
[2025-03-28T05:39:06.855+0000] {logging_mixin.py:190} INFO - Error processing batch 122: HTTPSConnectionPool(host='default.url', port=443): Max retries exceeded with url: /project-swasta?page=1211 (Caused by NameResolutionError("<urllib3.connection.HTTPSConnection object at 0x7f25e14c0790>: Failed to resolve 'default.url' ([Errno -2] Name or service not known)"))
[2025-03-28T05:39:06.871+0000] {logging_mixin.py:190} INFO - Processing batch 123: pages 1221 to 1230
[2025-03-28T05:39:06.872+0000] {logging_mixin.py:190} INFO - Scraping page 1221...
[2025-03-28T05:39:06.877+0000] {logging_mixin.py:190} INFO - Error processing batch 123: HTTPSConnectionPool(host='default.url', port=443): Max retries exceeded with url: /project-swasta?page=1221 (Caused by NameResolutionError("<urllib3.connection.HTTPSConnection object at 0x7f25e1475ae0>: Failed to resolve 'default.url' ([Errno -2] Name or service not known)"))
[2025-03-28T05:39:06.890+0000] {logging_mixin.py:190} INFO - Processing batch 124: pages 1231 to 1240
[2025-03-28T05:39:06.891+0000] {logging_mixin.py:190} INFO - Scraping page 1231...
[2025-03-28T05:39:06.895+0000] {logging_mixin.py:190} INFO - Error processing batch 124: HTTPSConnectionPool(host='default.url', port=443): Max retries exceeded with url: /project-swasta?page=1231 (Caused by NameResolutionError("<urllib3.connection.HTTPSConnection object at 0x7f25e14770d0>: Failed to resolve 'default.url' ([Errno -2] Name or service not known)"))
[2025-03-28T05:39:06.911+0000] {logging_mixin.py:190} INFO - Processing batch 125: pages 1241 to 1250
[2025-03-28T05:39:06.914+0000] {logging_mixin.py:190} INFO - Scraping page 1241...
[2025-03-28T05:39:06.919+0000] {logging_mixin.py:190} INFO - Error processing batch 125: HTTPSConnectionPool(host='default.url', port=443): Max retries exceeded with url: /project-swasta?page=1241 (Caused by NameResolutionError("<urllib3.connection.HTTPSConnection object at 0x7f25e14c1300>: Failed to resolve 'default.url' ([Errno -2] Name or service not known)"))
[2025-03-28T05:39:06.935+0000] {logging_mixin.py:190} INFO - Processing batch 126: pages 1251 to 1260
[2025-03-28T05:39:06.936+0000] {logging_mixin.py:190} INFO - Scraping page 1251...
[2025-03-28T05:39:06.940+0000] {logging_mixin.py:190} INFO - Error processing batch 126: HTTPSConnectionPool(host='default.url', port=443): Max retries exceeded with url: /project-swasta?page=1251 (Caused by NameResolutionError("<urllib3.connection.HTTPSConnection object at 0x7f25e14c0640>: Failed to resolve 'default.url' ([Errno -2] Name or service not known)"))
[2025-03-28T05:39:06.953+0000] {logging_mixin.py:190} INFO - Processing batch 127: pages 1261 to 1270
[2025-03-28T05:39:06.954+0000] {logging_mixin.py:190} INFO - Scraping page 1261...
[2025-03-28T05:39:06.959+0000] {logging_mixin.py:190} INFO - Error processing batch 127: HTTPSConnectionPool(host='default.url', port=443): Max retries exceeded with url: /project-swasta?page=1261 (Caused by NameResolutionError("<urllib3.connection.HTTPSConnection object at 0x7f25e1477bb0>: Failed to resolve 'default.url' ([Errno -2] Name or service not known)"))
[2025-03-28T05:39:06.972+0000] {logging_mixin.py:190} INFO - Processing batch 128: pages 1271 to 1280
[2025-03-28T05:39:06.973+0000] {logging_mixin.py:190} INFO - Scraping page 1271...
[2025-03-28T05:39:06.977+0000] {logging_mixin.py:190} INFO - Error processing batch 128: HTTPSConnectionPool(host='default.url', port=443): Max retries exceeded with url: /project-swasta?page=1271 (Caused by NameResolutionError("<urllib3.connection.HTTPSConnection object at 0x7f25e14745b0>: Failed to resolve 'default.url' ([Errno -2] Name or service not known)"))
[2025-03-28T05:39:06.990+0000] {logging_mixin.py:190} INFO - Processing batch 129: pages 1281 to 1290
[2025-03-28T05:39:06.991+0000] {logging_mixin.py:190} INFO - Scraping page 1281...
[2025-03-28T05:39:06.998+0000] {logging_mixin.py:190} INFO - Error processing batch 129: HTTPSConnectionPool(host='default.url', port=443): Max retries exceeded with url: /project-swasta?page=1281 (Caused by NameResolutionError("<urllib3.connection.HTTPSConnection object at 0x7f25e14c1870>: Failed to resolve 'default.url' ([Errno -2] Name or service not known)"))
[2025-03-28T05:39:07.017+0000] {logging_mixin.py:190} INFO - Processing batch 130: pages 1291 to 1300
[2025-03-28T05:39:07.018+0000] {logging_mixin.py:190} INFO - Scraping page 1291...
[2025-03-28T05:39:07.022+0000] {logging_mixin.py:190} INFO - Error processing batch 130: HTTPSConnectionPool(host='default.url', port=443): Max retries exceeded with url: /project-swasta?page=1291 (Caused by NameResolutionError("<urllib3.connection.HTTPSConnection object at 0x7f25e14c0cd0>: Failed to resolve 'default.url' ([Errno -2] Name or service not known)"))
[2025-03-28T05:39:07.036+0000] {logging_mixin.py:190} INFO - Processing batch 131: pages 1301 to 1310
[2025-03-28T05:39:07.037+0000] {logging_mixin.py:190} INFO - Scraping page 1301...
[2025-03-28T05:39:07.041+0000] {logging_mixin.py:190} INFO - Error processing batch 131: HTTPSConnectionPool(host='default.url', port=443): Max retries exceeded with url: /project-swasta?page=1301 (Caused by NameResolutionError("<urllib3.connection.HTTPSConnection object at 0x7f25e1475060>: Failed to resolve 'default.url' ([Errno -2] Name or service not known)"))
[2025-03-28T05:39:07.053+0000] {logging_mixin.py:190} INFO - Scraping complete. Total rows scraped: 0
[2025-03-28T05:39:07.054+0000] {python.py:240} INFO - Done. Returned value was: None
[2025-03-28T05:39:07.063+0000] {taskinstance.py:341} INFO - ::group::Post task execution logs
[2025-03-28T05:39:07.064+0000] {taskinstance.py:353} INFO - Marking task as SUCCESS. dag_id=split_web_scraping_v01, task_id=scrape_and_store, run_id=manual__2025-03-28T05:37:07.809707+00:00, execution_date=20250328T053707, start_date=20250328T053903, end_date=20250328T053907
[2025-03-28T05:39:07.128+0000] {local_task_job_runner.py:266} INFO - Task exited with return code 0
[2025-03-28T05:39:07.153+0000] {taskinstance.py:3901} INFO - 0 downstream tasks scheduled from follow-on schedule check
[2025-03-28T05:39:07.157+0000] {local_task_job_runner.py:245} INFO - ::endgroup::
