[2025-03-30T02:45:09.280+0000] {local_task_job_runner.py:123} INFO - ::group::Pre task execution logs
[2025-03-30T02:45:09.309+0000] {taskinstance.py:2614} INFO - Dependencies all met for dep_context=non-requeueable deps ti=<TaskInstance: split_web_scraping_v02.scrape_and_store scheduled__2025-03-23T00:00:00+00:00 [queued]>
[2025-03-30T02:45:09.323+0000] {taskinstance.py:2614} INFO - Dependencies all met for dep_context=requeueable deps ti=<TaskInstance: split_web_scraping_v02.scrape_and_store scheduled__2025-03-23T00:00:00+00:00 [queued]>
[2025-03-30T02:45:09.325+0000] {taskinstance.py:2867} INFO - Starting attempt 1 of 6
[2025-03-30T02:45:09.367+0000] {taskinstance.py:2890} INFO - Executing <Task(PythonOperator): scrape_and_store> on 2025-03-23 00:00:00+00:00
[2025-03-30T02:45:09.375+0000] {standard_task_runner.py:72} INFO - Started process 40654 to run task
[2025-03-30T02:45:09.383+0000] {standard_task_runner.py:104} INFO - Running: ['***', 'tasks', 'run', 'split_web_scraping_v02', 'scrape_and_store', 'scheduled__2025-03-23T00:00:00+00:00', '--job-id', '95', '--raw', '--subdir', 'DAGS_FOLDER/split_web_scraping.py', '--cfg-path', '/tmp/tmp3k9c7qbh']
[2025-03-30T02:45:09.391+0000] {standard_task_runner.py:105} INFO - Job 95: Subtask scrape_and_store
[2025-03-30T02:45:09.513+0000] {task_command.py:467} INFO - Running <TaskInstance: split_web_scraping_v02.scrape_and_store scheduled__2025-03-23T00:00:00+00:00 [running]> on host ce237b7c39e9
[2025-03-30T02:45:09.731+0000] {taskinstance.py:3134} INFO - Exporting env vars: AIRFLOW_CTX_DAG_OWNER='waiyong' AIRFLOW_CTX_DAG_ID='split_web_scraping_v02' AIRFLOW_CTX_TASK_ID='scrape_and_store' AIRFLOW_CTX_EXECUTION_DATE='2025-03-23T00:00:00+00:00' AIRFLOW_CTX_TRY_NUMBER='1' AIRFLOW_CTX_DAG_RUN_ID='scheduled__2025-03-23T00:00:00+00:00'
[2025-03-30T02:45:09.736+0000] {taskinstance.py:732} INFO - ::endgroup::
[2025-03-30T02:45:09.821+0000] {logging_mixin.py:190} INFO - Processing batch 117: pages 1161 to 1170
[2025-03-30T02:45:09.822+0000] {logging_mixin.py:190} INFO - Scraping page 1161...
[2025-03-30T02:45:17.837+0000] {logging_mixin.py:190} INFO - Error processing batch 117: HTTPSConnectionPool(host='teduh.kpkt.gov.my', port=443): Max retries exceeded with url: /project-swasta?page=1161 (Caused by NameResolutionError("<urllib3.connection.HTTPSConnection object at 0x7f25e14345e0>: Failed to resolve 'teduh.kpkt.gov.my' ([Errno -3] Temporary failure in name resolution)"))
[2025-03-30T02:45:17.854+0000] {logging_mixin.py:190} INFO - Processing batch 118: pages 1171 to 1180
[2025-03-30T02:45:17.855+0000] {logging_mixin.py:190} INFO - Scraping page 1171...
[2025-03-30T02:45:36.381+0000] {logging_mixin.py:190} INFO - Scraping page 1172...
[2025-03-30T02:45:51.859+0000] {logging_mixin.py:190} INFO - Scraping page 1173...
[2025-03-30T02:46:07.638+0000] {logging_mixin.py:190} INFO - Scraping page 1174...
[2025-03-30T02:46:24.497+0000] {logging_mixin.py:190} INFO - Scraping page 1175...
[2025-03-30T02:46:42.580+0000] {logging_mixin.py:190} INFO - Scraping page 1176...
[2025-03-30T02:47:00.402+0000] {logging_mixin.py:190} INFO - Scraping page 1177...
[2025-03-30T02:47:17.579+0000] {logging_mixin.py:190} INFO - Scraping page 1178...
[2025-03-30T02:47:30.562+0000] {local_task_job_runner.py:127} ERROR - Received SIGTERM. Terminating subprocesses
[2025-03-30T02:47:30.627+0000] {process_utils.py:132} INFO - Sending 15 to group 40654. PIDs of all processes in the group: [40654]
[2025-03-30T02:47:30.632+0000] {process_utils.py:87} INFO - Sending the signal 15 to group 40654
[2025-03-30T02:47:30.642+0000] {taskinstance.py:3094} ERROR - Received SIGTERM. Terminating subprocesses.
[2025-03-30T02:47:30.821+0000] {taskinstance.py:3095} ERROR - Stacktrace: 
  File "/home/***/.local/bin/***", line 8, in <module>
    sys.exit(main())
  File "/home/***/.local/lib/python3.10/site-packages/***/__main__.py", line 62, in main
    args.func(args)
  File "/home/***/.local/lib/python3.10/site-packages/***/cli/cli_config.py", line 49, in command
    return func(*args, **kwargs)
  File "/home/***/.local/lib/python3.10/site-packages/***/utils/cli.py", line 116, in wrapper
    return f(*args, **kwargs)
  File "/home/***/.local/lib/python3.10/site-packages/***/utils/providers_configuration_loader.py", line 55, in wrapped_function
    return func(*args, **kwargs)
  File "/home/***/.local/lib/python3.10/site-packages/***/cli/commands/scheduler_command.py", line 56, in scheduler
    run_command_with_daemon_option(
  File "/home/***/.local/lib/python3.10/site-packages/***/cli/commands/daemon_utils.py", line 86, in run_command_with_daemon_option
    callback()
  File "/home/***/.local/lib/python3.10/site-packages/***/cli/commands/scheduler_command.py", line 59, in <lambda>
    callback=lambda: _run_scheduler_job(args),
  File "/home/***/.local/lib/python3.10/site-packages/***/cli/commands/scheduler_command.py", line 47, in _run_scheduler_job
    run_job(job=job_runner.job, execute_callable=job_runner._execute)
  File "/home/***/.local/lib/python3.10/site-packages/***/utils/session.py", line 97, in wrapper
    return func(*args, session=session, **kwargs)
  File "/home/***/.local/lib/python3.10/site-packages/***/jobs/job.py", line 421, in run_job
    return execute_job(job, execute_callable=execute_callable)
  File "/home/***/.local/lib/python3.10/site-packages/***/jobs/job.py", line 450, in execute_job
    ret = execute_callable()
  File "/home/***/.local/lib/python3.10/site-packages/***/jobs/scheduler_job_runner.py", line 990, in _execute
    executor.start()
  File "/home/***/.local/lib/python3.10/site-packages/***/executors/local_executor.py", line 392, in start
    self.impl.start()
  File "/home/***/.local/lib/python3.10/site-packages/***/executors/local_executor.py", line 330, in start
    worker.start()
  File "/usr/local/lib/python3.10/multiprocessing/process.py", line 121, in start
    self._popen = self._Popen(self)
  File "/usr/local/lib/python3.10/multiprocessing/context.py", line 224, in _Popen
    return _default_context.get_context().Process._Popen(process_obj)
  File "/usr/local/lib/python3.10/multiprocessing/context.py", line 281, in _Popen
    return Popen(process_obj)
  File "/usr/local/lib/python3.10/multiprocessing/popen_fork.py", line 19, in __init__
    self._launch(process_obj)
  File "/usr/local/lib/python3.10/multiprocessing/popen_fork.py", line 71, in _launch
    code = process_obj._bootstrap(parent_sentinel=child_r)
  File "/usr/local/lib/python3.10/multiprocessing/process.py", line 314, in _bootstrap
    self.run()
  File "/home/***/.local/lib/python3.10/site-packages/***/executors/local_executor.py", line 80, in run
    return super().run()
  File "/usr/local/lib/python3.10/multiprocessing/process.py", line 108, in run
    self._target(*self._args, **self._kwargs)
  File "/home/***/.local/lib/python3.10/site-packages/***/traces/tracer.py", line 58, in wrapper
    return func(*args, **kwargs)
  File "/home/***/.local/lib/python3.10/site-packages/***/executors/local_executor.py", line 211, in do_work
    self.execute_work(key=key, command=command)
  File "/home/***/.local/lib/python3.10/site-packages/***/traces/tracer.py", line 58, in wrapper
    return func(*args, **kwargs)
  File "/home/***/.local/lib/python3.10/site-packages/***/executors/local_executor.py", line 100, in execute_work
    state = self._execute_work_in_fork(command)
  File "/home/***/.local/lib/python3.10/site-packages/***/traces/tracer.py", line 58, in wrapper
    return func(*args, **kwargs)
  File "/home/***/.local/lib/python3.10/site-packages/***/executors/local_executor.py", line 142, in _execute_work_in_fork
    args.func(args)
  File "/home/***/.local/lib/python3.10/site-packages/***/cli/cli_config.py", line 49, in command
    return func(*args, **kwargs)
  File "/home/***/.local/lib/python3.10/site-packages/***/utils/cli.py", line 116, in wrapper
    return f(*args, **kwargs)
  File "/home/***/.local/lib/python3.10/site-packages/***/cli/commands/task_command.py", line 483, in task_run
    task_return_code = _run_task_by_selected_method(args, _dag, ti)
  File "/home/***/.local/lib/python3.10/site-packages/***/cli/commands/task_command.py", line 254, in _run_task_by_selected_method
    return _run_task_by_local_task_job(args, ti)
  File "/home/***/.local/lib/python3.10/site-packages/***/cli/commands/task_command.py", line 322, in _run_task_by_local_task_job
    ret = run_job(job=job_runner.job, execute_callable=job_runner._execute)
  File "/home/***/.local/lib/python3.10/site-packages/***/utils/session.py", line 97, in wrapper
    return func(*args, session=session, **kwargs)
  File "/home/***/.local/lib/python3.10/site-packages/***/jobs/job.py", line 421, in run_job
    return execute_job(job, execute_callable=execute_callable)
  File "/home/***/.local/lib/python3.10/site-packages/***/jobs/job.py", line 450, in execute_job
    ret = execute_callable()
  File "/home/***/.local/lib/python3.10/site-packages/***/jobs/local_task_job_runner.py", line 171, in _execute
    self.task_runner.start()
  File "/home/***/.local/lib/python3.10/site-packages/***/task/task_runner/standard_task_runner.py", line 55, in start
    self.process = self._start_by_fork()
  File "/home/***/.local/lib/python3.10/site-packages/***/task/task_runner/standard_task_runner.py", line 117, in _start_by_fork
    ret = args.func(args, dag=self.dag)
  File "/home/***/.local/lib/python3.10/site-packages/***/cli/cli_config.py", line 49, in command
    return func(*args, **kwargs)
  File "/home/***/.local/lib/python3.10/site-packages/***/utils/cli.py", line 116, in wrapper
    return f(*args, **kwargs)
  File "/home/***/.local/lib/python3.10/site-packages/***/cli/commands/task_command.py", line 483, in task_run
    task_return_code = _run_task_by_selected_method(args, _dag, ti)
  File "/home/***/.local/lib/python3.10/site-packages/***/cli/commands/task_command.py", line 256, in _run_task_by_selected_method
    return _run_raw_task(args, ti)
  File "/home/***/.local/lib/python3.10/site-packages/***/cli/commands/task_command.py", line 341, in _run_raw_task
    return ti._run_raw_task(
  File "/home/***/.local/lib/python3.10/site-packages/***/utils/session.py", line 97, in wrapper
    return func(*args, session=session, **kwargs)
  File "/home/***/.local/lib/python3.10/site-packages/***/models/taskinstance.py", line 3006, in _run_raw_task
    return _run_raw_task(
  File "/home/***/.local/lib/python3.10/site-packages/***/models/taskinstance.py", line 274, in _run_raw_task
    TaskInstance._execute_task_with_callbacks(
  File "/home/***/.local/lib/python3.10/site-packages/***/models/taskinstance.py", line 3161, in _execute_task_with_callbacks
    result = self._execute_task(context, task_orig)
  File "/home/***/.local/lib/python3.10/site-packages/***/models/taskinstance.py", line 3185, in _execute_task
    return _execute_task(self, context, task_orig)
  File "/home/***/.local/lib/python3.10/site-packages/***/models/taskinstance.py", line 768, in _execute_task
    result = _execute_callable(context=context, **execute_callable_kwargs)
  File "/home/***/.local/lib/python3.10/site-packages/***/models/taskinstance.py", line 734, in _execute_callable
    return ExecutionCallableRunner(
  File "/home/***/.local/lib/python3.10/site-packages/***/utils/operator_helpers.py", line 252, in run
    return self.func(*args, **kwargs)
  File "/home/***/.local/lib/python3.10/site-packages/***/models/baseoperator.py", line 424, in wrapper
    return func(self, *args, **kwargs)
  File "/home/***/.local/lib/python3.10/site-packages/***/operators/python.py", line 238, in execute
    return_value = self.execute_callable()
  File "/home/***/.local/lib/python3.10/site-packages/***/operators/python.py", line 256, in execute_callable
    return runner.run(*self.op_args, **self.op_kwargs)
  File "/home/***/.local/lib/python3.10/site-packages/***/utils/operator_helpers.py", line 252, in run
    return self.func(*args, **kwargs)
  File "/opt/***/dags/split_web_scraping.py", line 187, in run_scraper
    daerah, negeri, harga_min, harga_maks = scrape_additional_data(link)
  File "/opt/***/dags/split_web_scraping.py", line 45, in scrape_additional_data
    soup = BeautifulSoup(response.content, 'html.parser')
  File "/home/***/.local/lib/python3.10/site-packages/bs4/__init__.py", line 473, in __init__
    self._feed()
  File "/home/***/.local/lib/python3.10/site-packages/bs4/__init__.py", line 658, in _feed
    self.builder.feed(self.markup)
  File "/home/***/.local/lib/python3.10/site-packages/bs4/builder/_htmlparser.py", line 467, in feed
    parser.feed(markup)
  File "/usr/local/lib/python3.10/html/parser.py", line 110, in feed
    self.goahead(0)
  File "/usr/local/lib/python3.10/html/parser.py", line 172, in goahead
    k = self.parse_endtag(i)
  File "/usr/local/lib/python3.10/html/parser.py", line 391, in parse_endtag
    gtpos = match.end()
  File "/home/***/.local/lib/python3.10/site-packages/***/models/taskinstance.py", line 3095, in signal_handler
    self.log.error("Stacktrace: \n%s", "".join(traceback.format_stack()))

[2025-03-30T02:47:30.935+0000] {taskinstance.py:3313} ERROR - Task failed with exception
Traceback (most recent call last):
  File "/home/airflow/.local/lib/python3.10/site-packages/airflow/models/taskinstance.py", line 768, in _execute_task
    result = _execute_callable(context=context, **execute_callable_kwargs)
  File "/home/airflow/.local/lib/python3.10/site-packages/airflow/models/taskinstance.py", line 734, in _execute_callable
    return ExecutionCallableRunner(
  File "/home/airflow/.local/lib/python3.10/site-packages/airflow/utils/operator_helpers.py", line 252, in run
    return self.func(*args, **kwargs)
  File "/home/airflow/.local/lib/python3.10/site-packages/airflow/models/baseoperator.py", line 424, in wrapper
    return func(self, *args, **kwargs)
  File "/home/airflow/.local/lib/python3.10/site-packages/airflow/operators/python.py", line 238, in execute
    return_value = self.execute_callable()
  File "/home/airflow/.local/lib/python3.10/site-packages/airflow/operators/python.py", line 256, in execute_callable
    return runner.run(*self.op_args, **self.op_kwargs)
  File "/home/airflow/.local/lib/python3.10/site-packages/airflow/utils/operator_helpers.py", line 252, in run
    return self.func(*args, **kwargs)
  File "/opt/airflow/dags/split_web_scraping.py", line 187, in run_scraper
    daerah, negeri, harga_min, harga_maks = scrape_additional_data(link)
  File "/opt/airflow/dags/split_web_scraping.py", line 45, in scrape_additional_data
    soup = BeautifulSoup(response.content, 'html.parser')
  File "/home/airflow/.local/lib/python3.10/site-packages/bs4/__init__.py", line 473, in __init__
    self._feed()
  File "/home/airflow/.local/lib/python3.10/site-packages/bs4/__init__.py", line 658, in _feed
    self.builder.feed(self.markup)
  File "/home/airflow/.local/lib/python3.10/site-packages/bs4/builder/_htmlparser.py", line 467, in feed
    parser.feed(markup)
  File "/usr/local/lib/python3.10/html/parser.py", line 110, in feed
    self.goahead(0)
  File "/usr/local/lib/python3.10/html/parser.py", line 172, in goahead
    k = self.parse_endtag(i)
  File "/usr/local/lib/python3.10/html/parser.py", line 391, in parse_endtag
    gtpos = match.end()
  File "/home/airflow/.local/lib/python3.10/site-packages/airflow/models/taskinstance.py", line 3097, in signal_handler
    raise AirflowTaskTerminated("Task received SIGTERM signal")
airflow.exceptions.AirflowTaskTerminated: Task received SIGTERM signal
[2025-03-30T02:47:30.984+0000] {taskinstance.py:1226} INFO - Marking task as UP_FOR_RETRY. dag_id=split_web_scraping_v02, task_id=scrape_and_store, run_id=scheduled__2025-03-23T00:00:00+00:00, execution_date=20250323T000000, start_date=20250330T024509, end_date=20250330T024730
[2025-03-30T02:47:31.183+0000] {taskinstance.py:341} INFO - ::group::Post task execution logs
[2025-03-30T02:47:31.261+0000] {process_utils.py:80} INFO - Process psutil.Process(pid=40654, status='terminated', exitcode=2, started='02:45:08') (40654) terminated with exit code 2
[2025-03-30T02:47:31.264+0000] {local_task_job_runner.py:266} INFO - Task exited with return code 143
[2025-03-30T02:47:31.310+0000] {taskinstance.py:3901} INFO - 0 downstream tasks scheduled from follow-on schedule check
[2025-03-30T02:47:31.341+0000] {local_task_job_runner.py:245} INFO - ::endgroup::
