[2025-03-27T07:14:54.216+0000] {local_task_job_runner.py:123} INFO - ::group::Pre task execution logs
[2025-03-27T07:14:54.234+0000] {taskinstance.py:2614} INFO - Dependencies all met for dep_context=non-requeueable deps ti=<TaskInstance: construction_web_scraping_v01.scrape_and_store manual__2025-03-27T06:39:49.677216+00:00 [queued]>
[2025-03-27T07:14:54.246+0000] {taskinstance.py:2614} INFO - Dependencies all met for dep_context=requeueable deps ti=<TaskInstance: construction_web_scraping_v01.scrape_and_store manual__2025-03-27T06:39:49.677216+00:00 [queued]>
[2025-03-27T07:14:54.247+0000] {taskinstance.py:2867} INFO - Starting attempt 2 of 6
[2025-03-27T07:14:54.264+0000] {taskinstance.py:2890} INFO - Executing <Task(PythonOperator): scrape_and_store> on 2025-03-27 06:39:49.677216+00:00
[2025-03-27T07:14:54.269+0000] {standard_task_runner.py:72} INFO - Started process 5288 to run task
[2025-03-27T07:14:54.274+0000] {standard_task_runner.py:104} INFO - Running: ['***', 'tasks', 'run', 'construction_web_scraping_v01', 'scrape_and_store', 'manual__2025-03-27T06:39:49.677216+00:00', '--job-id', '65', '--raw', '--subdir', 'DAGS_FOLDER/construction_web_scraping.py', '--cfg-path', '/tmp/tmp_7ahyz79']
[2025-03-27T07:14:54.277+0000] {standard_task_runner.py:105} INFO - Job 65: Subtask scrape_and_store
[2025-03-27T07:14:54.327+0000] {task_command.py:467} INFO - Running <TaskInstance: construction_web_scraping_v01.scrape_and_store manual__2025-03-27T06:39:49.677216+00:00 [running]> on host c79bd584e644
[2025-03-27T07:14:54.416+0000] {taskinstance.py:3134} INFO - Exporting env vars: AIRFLOW_CTX_DAG_OWNER='waiyong' AIRFLOW_CTX_DAG_ID='construction_web_scraping_v01' AIRFLOW_CTX_TASK_ID='scrape_and_store' AIRFLOW_CTX_EXECUTION_DATE='2025-03-27T06:39:49.677216+00:00' AIRFLOW_CTX_TRY_NUMBER='2' AIRFLOW_CTX_DAG_RUN_ID='manual__2025-03-27T06:39:49.677216+00:00'
[2025-03-27T07:14:54.418+0000] {taskinstance.py:732} INFO - ::endgroup::
[2025-03-27T07:14:54.432+0000] {logging_mixin.py:190} INFO - Scraping page 1...
[2025-03-27T07:15:12.441+0000] {logging_mixin.py:190} INFO - Scraping page 2...
[2025-03-27T07:15:32.970+0000] {logging_mixin.py:190} INFO - Scraping page 3...
[2025-03-27T07:15:54.962+0000] {logging_mixin.py:190} INFO - Scraping page 4...
[2025-03-27T07:16:12.414+0000] {logging_mixin.py:190} INFO - Scraping page 5...
[2025-03-27T07:16:29.815+0000] {logging_mixin.py:190} INFO - Scraping page 6...
[2025-03-27T07:16:48.196+0000] {logging_mixin.py:190} INFO - Scraping page 7...
[2025-03-27T07:17:04.613+0000] {logging_mixin.py:190} INFO - Scraping page 8...
[2025-03-27T07:17:26.630+0000] {logging_mixin.py:190} INFO - Scraping page 9...
[2025-03-27T07:17:46.846+0000] {logging_mixin.py:190} INFO - Scraping page 10...
[2025-03-27T07:18:04.671+0000] {logging_mixin.py:190} INFO - Scraping page 11...
[2025-03-27T07:18:21.835+0000] {logging_mixin.py:190} INFO - Scraping page 12...
[2025-03-27T07:18:38.677+0000] {logging_mixin.py:190} INFO - Scraping page 13...
[2025-03-27T07:19:02.075+0000] {logging_mixin.py:190} INFO - Error scraping https://teduh.kpkt.gov.my/project-swasta/30491-1: HTTPSConnectionPool(host='teduh.kpkt.gov.my', port=443): Max retries exceeded with url: /project-swasta/30491-1 (Caused by ConnectTimeoutError(<urllib3.connection.HTTPSConnection object at 0x7fca68c64760>, 'Connection to teduh.kpkt.gov.my timed out. (connect timeout=10)'))
[2025-03-27T07:19:07.790+0000] {logging_mixin.py:190} INFO - Scraping page 14...
[2025-03-27T07:19:23.440+0000] {logging_mixin.py:190} INFO - Scraping page 15...
[2025-03-27T07:19:48.072+0000] {logging_mixin.py:190} INFO - Scraping page 16...
[2025-03-27T07:20:07.194+0000] {logging_mixin.py:190} INFO - Scraping page 17...
[2025-03-27T07:20:23.934+0000] {logging_mixin.py:190} INFO - Scraping page 18...
[2025-03-27T07:20:42.220+0000] {logging_mixin.py:190} INFO - Scraping page 19...
[2025-03-27T07:20:59.600+0000] {logging_mixin.py:190} INFO - Scraping page 20...
[2025-03-27T07:21:16.728+0000] {logging_mixin.py:190} INFO - Scraping page 21...
[2025-03-27T07:21:33.239+0000] {logging_mixin.py:190} INFO - Scraping page 22...
[2025-03-27T07:21:50.134+0000] {logging_mixin.py:190} INFO - Scraping page 23...
[2025-03-27T07:22:10.647+0000] {logging_mixin.py:190} INFO - Scraping page 24...
[2025-03-27T07:22:27.896+0000] {logging_mixin.py:190} INFO - Scraping page 25...
[2025-03-27T07:22:47.316+0000] {logging_mixin.py:190} INFO - Scraping page 26...
[2025-03-27T07:23:05.248+0000] {logging_mixin.py:190} INFO - Scraping page 27...
[2025-03-27T07:23:23.375+0000] {logging_mixin.py:190} INFO - Scraping page 28...
[2025-03-27T07:23:40.835+0000] {logging_mixin.py:190} INFO - Scraping page 29...
[2025-03-27T07:23:58.027+0000] {logging_mixin.py:190} INFO - Scraping page 30...
[2025-03-27T07:24:15.212+0000] {logging_mixin.py:190} INFO - Scraping page 31...
[2025-03-27T07:24:34.451+0000] {logging_mixin.py:190} INFO - Scraping page 32...
[2025-03-27T07:24:53.780+0000] {logging_mixin.py:190} INFO - Scraping page 33...
[2025-03-27T07:25:11.914+0000] {logging_mixin.py:190} INFO - Scraping page 34...
[2025-03-27T07:25:30.743+0000] {logging_mixin.py:190} INFO - Scraping page 35...
[2025-03-27T07:25:48.200+0000] {logging_mixin.py:190} INFO - Scraping page 36...
[2025-03-27T07:26:06.598+0000] {logging_mixin.py:190} INFO - Scraping page 37...
[2025-03-27T07:26:23.828+0000] {logging_mixin.py:190} INFO - Scraping page 38...
[2025-03-27T07:26:40.890+0000] {logging_mixin.py:190} INFO - Scraping page 39...
[2025-03-27T07:26:59.227+0000] {logging_mixin.py:190} INFO - Scraping page 40...
[2025-03-27T07:27:15.049+0000] {logging_mixin.py:190} INFO - Scraping page 41...
[2025-03-27T07:27:33.012+0000] {logging_mixin.py:190} INFO - Scraping page 42...
[2025-03-27T07:27:53.212+0000] {logging_mixin.py:190} INFO - Scraping page 43...
[2025-03-27T07:28:11.258+0000] {logging_mixin.py:190} INFO - Scraping page 44...
[2025-03-27T07:28:28.316+0000] {logging_mixin.py:190} INFO - Scraping page 45...
[2025-03-27T07:28:50.615+0000] {logging_mixin.py:190} INFO - Scraping page 46...
[2025-03-27T07:29:07.634+0000] {logging_mixin.py:190} INFO - Scraping page 47...
[2025-03-27T07:29:26.500+0000] {logging_mixin.py:190} INFO - Scraping page 48...
[2025-03-27T07:29:42.876+0000] {logging_mixin.py:190} INFO - Scraping page 49...
[2025-03-27T07:30:00.749+0000] {logging_mixin.py:190} INFO - Scraping page 50...
[2025-03-27T07:30:19.111+0000] {logging_mixin.py:190} INFO - Scraping page 51...
[2025-03-27T07:30:35.976+0000] {logging_mixin.py:190} INFO - Scraping page 52...
[2025-03-27T07:30:53.730+0000] {logging_mixin.py:190} INFO - Scraping page 53...
[2025-03-27T07:31:10.538+0000] {logging_mixin.py:190} INFO - Scraping page 54...
[2025-03-27T07:31:28.379+0000] {logging_mixin.py:190} INFO - Scraping page 55...
[2025-03-27T07:31:44.481+0000] {logging_mixin.py:190} INFO - Scraping page 56...
[2025-03-27T07:32:00.884+0000] {logging_mixin.py:190} INFO - Scraping page 57...
[2025-03-27T07:32:17.924+0000] {logging_mixin.py:190} INFO - Scraping page 58...
[2025-03-27T07:32:33.840+0000] {logging_mixin.py:190} INFO - Scraping page 59...
[2025-03-27T07:32:54.463+0000] {logging_mixin.py:190} INFO - Scraping page 60...
[2025-03-27T07:33:11.489+0000] {logging_mixin.py:190} INFO - Scraping page 61...
[2025-03-27T07:33:29.784+0000] {logging_mixin.py:190} INFO - Scraping page 62...
[2025-03-27T07:33:47.658+0000] {logging_mixin.py:190} INFO - Scraping page 63...
[2025-03-27T07:34:07.106+0000] {logging_mixin.py:190} INFO - Scraping page 64...
[2025-03-27T07:34:25.896+0000] {logging_mixin.py:190} INFO - Scraping page 65...
[2025-03-27T07:34:42.864+0000] {logging_mixin.py:190} INFO - Scraping page 66...
[2025-03-27T07:34:59.648+0000] {logging_mixin.py:190} INFO - Scraping page 67...
[2025-03-27T07:35:19.210+0000] {logging_mixin.py:190} INFO - Scraping page 68...
[2025-03-27T07:35:38.307+0000] {logging_mixin.py:190} INFO - Scraping page 69...
[2025-03-27T07:35:56.806+0000] {logging_mixin.py:190} INFO - Scraping page 70...
[2025-03-27T07:36:17.678+0000] {logging_mixin.py:190} INFO - Scraping page 71...
[2025-03-27T07:36:35.201+0000] {logging_mixin.py:190} INFO - Scraping page 72...
[2025-03-27T07:36:53.779+0000] {logging_mixin.py:190} INFO - Scraping page 73...
[2025-03-27T07:37:11.215+0000] {logging_mixin.py:190} INFO - Scraping page 74...
[2025-03-27T07:37:28.429+0000] {logging_mixin.py:190} INFO - Scraping page 75...
[2025-03-27T07:37:45.453+0000] {logging_mixin.py:190} INFO - Scraping page 76...
[2025-03-27T07:38:01.980+0000] {logging_mixin.py:190} INFO - Scraping page 77...
[2025-03-27T07:38:20.130+0000] {logging_mixin.py:190} INFO - Scraping page 78...
[2025-03-27T07:38:37.060+0000] {logging_mixin.py:190} INFO - Scraping page 79...
[2025-03-27T07:38:54.313+0000] {logging_mixin.py:190} INFO - Scraping page 80...
[2025-03-27T07:39:14.286+0000] {logging_mixin.py:190} INFO - Scraping page 81...
[2025-03-27T07:39:31.698+0000] {logging_mixin.py:190} INFO - Scraping page 82...
[2025-03-27T07:39:49.753+0000] {logging_mixin.py:190} INFO - Scraping page 83...
[2025-03-27T07:40:08.680+0000] {logging_mixin.py:190} INFO - Scraping page 84...
[2025-03-27T07:40:26.251+0000] {logging_mixin.py:190} INFO - Scraping page 85...
[2025-03-27T07:40:44.954+0000] {logging_mixin.py:190} INFO - Scraping page 86...
[2025-03-27T07:41:02.856+0000] {logging_mixin.py:190} INFO - Scraping page 87...
[2025-03-27T07:41:23.411+0000] {logging_mixin.py:190} INFO - Scraping page 88...
[2025-03-27T07:41:42.676+0000] {logging_mixin.py:190} INFO - Scraping page 89...
[2025-03-27T07:42:00.362+0000] {logging_mixin.py:190} INFO - Scraping page 90...
[2025-03-27T07:42:16.743+0000] {logging_mixin.py:190} INFO - Scraping page 91...
[2025-03-27T07:42:34.662+0000] {logging_mixin.py:190} INFO - Scraping page 92...
[2025-03-27T07:42:53.987+0000] {logging_mixin.py:190} INFO - Scraping page 93...
[2025-03-27T07:43:10.333+0000] {logging_mixin.py:190} INFO - Scraping page 94...
[2025-03-27T07:43:27.910+0000] {logging_mixin.py:190} INFO - Scraping page 95...
[2025-03-27T07:43:46.333+0000] {logging_mixin.py:190} INFO - Scraping page 96...
[2025-03-27T07:44:05.065+0000] {logging_mixin.py:190} INFO - Scraping page 97...
[2025-03-27T07:44:24.261+0000] {logging_mixin.py:190} INFO - Error scraping https://teduh.kpkt.gov.my/project-swasta/19377-1: HTTPSConnectionPool(host='teduh.kpkt.gov.my', port=443): Max retries exceeded with url: /project-swasta/19377-1 (Caused by ConnectTimeoutError(<urllib3.connection.HTTPSConnection object at 0x7fca68cf7490>, 'Connection to teduh.kpkt.gov.my timed out. (connect timeout=10)'))
[2025-03-27T07:44:31.330+0000] {logging_mixin.py:190} INFO - Scraping page 98...
[2025-03-27T07:44:54.299+0000] {timeout.py:68} ERROR - Process timed out, PID: 5288
[2025-03-27T07:44:54.338+0000] {taskinstance.py:3313} ERROR - Task failed with exception
Traceback (most recent call last):
  File "/home/airflow/.local/lib/python3.10/site-packages/airflow/models/taskinstance.py", line 763, in _execute_task
    result = _execute_callable(context=context, **execute_callable_kwargs)
  File "/home/airflow/.local/lib/python3.10/site-packages/airflow/models/taskinstance.py", line 734, in _execute_callable
    return ExecutionCallableRunner(
  File "/home/airflow/.local/lib/python3.10/site-packages/airflow/utils/operator_helpers.py", line 252, in run
    return self.func(*args, **kwargs)
  File "/home/airflow/.local/lib/python3.10/site-packages/airflow/models/baseoperator.py", line 424, in wrapper
    return func(self, *args, **kwargs)
  File "/home/airflow/.local/lib/python3.10/site-packages/airflow/operators/python.py", line 238, in execute
    return_value = self.execute_callable()
  File "/home/airflow/.local/lib/python3.10/site-packages/airflow/operators/python.py", line 256, in execute_callable
    return runner.run(*self.op_args, **self.op_kwargs)
  File "/home/airflow/.local/lib/python3.10/site-packages/airflow/utils/operator_helpers.py", line 252, in run
    return self.func(*args, **kwargs)
  File "/opt/airflow/dags/construction_web_scraping.py", line 183, in run_scraper
    daerah, negeri, harga_min, harga_maks = scrape_additional_data(link)
  File "/opt/airflow/dags/construction_web_scraping.py", line 45, in scrape_additional_data
    response = requests.get(link, timeout=10)
  File "/home/airflow/.local/lib/python3.10/site-packages/requests/api.py", line 73, in get
    return request("get", url, params=params, **kwargs)
  File "/home/airflow/.local/lib/python3.10/site-packages/requests/api.py", line 59, in request
    return session.request(method=method, url=url, **kwargs)
  File "/home/airflow/.local/lib/python3.10/site-packages/requests/sessions.py", line 589, in request
    resp = self.send(prep, **send_kwargs)
  File "/home/airflow/.local/lib/python3.10/site-packages/requests/sessions.py", line 703, in send
    r = adapter.send(request, **kwargs)
  File "/home/airflow/.local/lib/python3.10/site-packages/requests/adapters.py", line 667, in send
    resp = conn.urlopen(
  File "/home/airflow/.local/lib/python3.10/site-packages/urllib3/connectionpool.py", line 787, in urlopen
    response = self._make_request(
  File "/home/airflow/.local/lib/python3.10/site-packages/urllib3/connectionpool.py", line 464, in _make_request
    self._validate_conn(conn)
  File "/home/airflow/.local/lib/python3.10/site-packages/urllib3/connectionpool.py", line 1093, in _validate_conn
    conn.connect()
  File "/home/airflow/.local/lib/python3.10/site-packages/urllib3/connection.py", line 704, in connect
    self.sock = sock = self._new_conn()
  File "/home/airflow/.local/lib/python3.10/site-packages/urllib3/connection.py", line 198, in _new_conn
    sock = connection.create_connection(
  File "/home/airflow/.local/lib/python3.10/site-packages/urllib3/util/connection.py", line 73, in create_connection
    sock.connect(sa)
  File "/home/airflow/.local/lib/python3.10/site-packages/airflow/utils/timeout.py", line 69, in handle_timeout
    raise AirflowTaskTimeout(self.error_message)
airflow.exceptions.AirflowTaskTimeout: Timeout, PID: 5288
[2025-03-27T07:44:54.373+0000] {taskinstance.py:1226} INFO - Marking task as UP_FOR_RETRY. dag_id=construction_web_scraping_v01, task_id=scrape_and_store, run_id=manual__2025-03-27T06:39:49.677216+00:00, execution_date=20250327T063949, start_date=20250327T071454, end_date=20250327T074454
[2025-03-27T07:44:54.422+0000] {taskinstance.py:341} INFO - ::group::Post task execution logs
[2025-03-27T07:44:54.467+0000] {local_task_job_runner.py:266} INFO - Task exited with return code 2
[2025-03-27T07:44:54.492+0000] {taskinstance.py:3901} INFO - 0 downstream tasks scheduled from follow-on schedule check
[2025-03-27T07:44:54.496+0000] {local_task_job_runner.py:245} INFO - ::endgroup::
