[2025-03-27T06:39:51.765+0000] {local_task_job_runner.py:123} INFO - ::group::Pre task execution logs
[2025-03-27T06:39:51.790+0000] {taskinstance.py:2614} INFO - Dependencies all met for dep_context=non-requeueable deps ti=<TaskInstance: construction_web_scraping_v01.scrape_and_store manual__2025-03-27T06:39:49.677216+00:00 [queued]>
[2025-03-27T06:39:51.802+0000] {taskinstance.py:2614} INFO - Dependencies all met for dep_context=requeueable deps ti=<TaskInstance: construction_web_scraping_v01.scrape_and_store manual__2025-03-27T06:39:49.677216+00:00 [queued]>
[2025-03-27T06:39:51.804+0000] {taskinstance.py:2867} INFO - Starting attempt 1 of 6
[2025-03-27T06:39:51.828+0000] {taskinstance.py:2890} INFO - Executing <Task(PythonOperator): scrape_and_store> on 2025-03-27 06:39:49.677216+00:00
[2025-03-27T06:39:51.835+0000] {standard_task_runner.py:72} INFO - Started process 4131 to run task
[2025-03-27T06:39:51.839+0000] {standard_task_runner.py:104} INFO - Running: ['***', 'tasks', 'run', 'construction_web_scraping_v01', 'scrape_and_store', 'manual__2025-03-27T06:39:49.677216+00:00', '--job-id', '61', '--raw', '--subdir', 'DAGS_FOLDER/construction_web_scraping.py', '--cfg-path', '/tmp/tmpqyfevs54']
[2025-03-27T06:39:51.843+0000] {standard_task_runner.py:105} INFO - Job 61: Subtask scrape_and_store
[2025-03-27T06:39:51.905+0000] {task_command.py:467} INFO - Running <TaskInstance: construction_web_scraping_v01.scrape_and_store manual__2025-03-27T06:39:49.677216+00:00 [running]> on host c79bd584e644
[2025-03-27T06:39:51.999+0000] {taskinstance.py:3134} INFO - Exporting env vars: AIRFLOW_CTX_DAG_OWNER='waiyong' AIRFLOW_CTX_DAG_ID='construction_web_scraping_v01' AIRFLOW_CTX_TASK_ID='scrape_and_store' AIRFLOW_CTX_EXECUTION_DATE='2025-03-27T06:39:49.677216+00:00' AIRFLOW_CTX_TRY_NUMBER='1' AIRFLOW_CTX_DAG_RUN_ID='manual__2025-03-27T06:39:49.677216+00:00'
[2025-03-27T06:39:52.001+0000] {taskinstance.py:732} INFO - ::endgroup::
[2025-03-27T06:39:52.017+0000] {logging_mixin.py:190} INFO - Scraping page 1...
[2025-03-27T06:40:08.958+0000] {logging_mixin.py:190} INFO - Scraping page 2...
[2025-03-27T06:40:26.770+0000] {logging_mixin.py:190} INFO - Scraping page 3...
[2025-03-27T06:40:40.061+0000] {logging_mixin.py:190} INFO - Error scraping https://teduh.kpkt.gov.my/project-swasta/30818-1: HTTPSConnectionPool(host='teduh.kpkt.gov.my', port=443): Max retries exceeded with url: /project-swasta/30818-1 (Caused by ConnectTimeoutError(<urllib3.connection.HTTPSConnection object at 0x7fca68315ae0>, 'Connection to teduh.kpkt.gov.my timed out. (connect timeout=10)'))
[2025-03-27T06:40:57.272+0000] {logging_mixin.py:190} INFO - Scraping page 4...
[2025-03-27T06:41:13.518+0000] {logging_mixin.py:190} INFO - Scraping page 5...
[2025-03-27T06:41:29.730+0000] {logging_mixin.py:190} INFO - Scraping page 6...
[2025-03-27T06:41:47.504+0000] {logging_mixin.py:190} INFO - Scraping page 7...
[2025-03-27T06:42:02.880+0000] {logging_mixin.py:190} INFO - Scraping page 8...
[2025-03-27T06:42:22.899+0000] {logging_mixin.py:190} INFO - Scraping page 9...
[2025-03-27T06:42:39.420+0000] {logging_mixin.py:190} INFO - Scraping page 10...
[2025-03-27T06:42:56.403+0000] {logging_mixin.py:190} INFO - Scraping page 11...
[2025-03-27T06:43:11.836+0000] {logging_mixin.py:190} INFO - Scraping page 12...
[2025-03-27T06:43:28.423+0000] {logging_mixin.py:190} INFO - Scraping page 13...
[2025-03-27T06:43:44.826+0000] {logging_mixin.py:190} INFO - Scraping page 14...
[2025-03-27T06:44:01.018+0000] {logging_mixin.py:190} INFO - Scraping page 15...
[2025-03-27T06:44:18.715+0000] {logging_mixin.py:190} INFO - Scraping page 16...
[2025-03-27T06:44:36.461+0000] {logging_mixin.py:190} INFO - Scraping page 17...
[2025-03-27T06:44:55.354+0000] {logging_mixin.py:190} INFO - Scraping page 18...
[2025-03-27T06:45:13.084+0000] {logging_mixin.py:190} INFO - Scraping page 19...
[2025-03-27T06:45:30.045+0000] {logging_mixin.py:190} INFO - Scraping page 20...
[2025-03-27T06:45:46.579+0000] {logging_mixin.py:190} INFO - Scraping page 21...
[2025-03-27T06:46:02.963+0000] {logging_mixin.py:190} INFO - Scraping page 22...
[2025-03-27T06:46:20.116+0000] {logging_mixin.py:190} INFO - Scraping page 23...
[2025-03-27T06:46:36.536+0000] {logging_mixin.py:190} INFO - Scraping page 24...
[2025-03-27T06:46:54.984+0000] {logging_mixin.py:190} INFO - Scraping page 25...
[2025-03-27T06:47:13.967+0000] {logging_mixin.py:190} INFO - Scraping page 26...
[2025-03-27T06:47:32.766+0000] {logging_mixin.py:190} INFO - Scraping page 27...
[2025-03-27T06:47:48.798+0000] {logging_mixin.py:190} INFO - Scraping page 28...
[2025-03-27T06:48:07.924+0000] {logging_mixin.py:190} INFO - Scraping page 29...
[2025-03-27T06:48:25.628+0000] {logging_mixin.py:190} INFO - Scraping page 30...
[2025-03-27T06:48:44.640+0000] {logging_mixin.py:190} INFO - Scraping page 31...
[2025-03-27T06:49:13.732+0000] {logging_mixin.py:190} INFO - Error scraping https://teduh.kpkt.gov.my/project-swasta/30086-1: HTTPSConnectionPool(host='teduh.kpkt.gov.my', port=443): Max retries exceeded with url: /project-swasta/30086-1 (Caused by ConnectTimeoutError(<urllib3.connection.HTTPSConnection object at 0x7fca68d27fd0>, 'Connection to teduh.kpkt.gov.my timed out. (connect timeout=10)'))
[2025-03-27T06:49:14.736+0000] {logging_mixin.py:190} INFO - Scraping page 32...
[2025-03-27T06:49:35.818+0000] {logging_mixin.py:190} INFO - Scraping page 33...
[2025-03-27T06:49:52.166+0000] {logging_mixin.py:190} INFO - Scraping page 34...
[2025-03-27T06:50:06.691+0000] {logging_mixin.py:190} INFO - Error scraping https://teduh.kpkt.gov.my/project-swasta/30033-1: HTTPSConnectionPool(host='teduh.kpkt.gov.my', port=443): Max retries exceeded with url: /project-swasta/30033-1 (Caused by ConnectTimeoutError(<urllib3.connection.HTTPSConnection object at 0x7fca68661e70>, 'Connection to teduh.kpkt.gov.my timed out. (connect timeout=10)'))
[2025-03-27T06:50:19.416+0000] {logging_mixin.py:190} INFO - Scraping page 35...
[2025-03-27T06:50:39.896+0000] {logging_mixin.py:190} INFO - Error scraping https://teduh.kpkt.gov.my/project-swasta/30008-1: HTTPSConnectionPool(host='teduh.kpkt.gov.my', port=443): Max retries exceeded with url: /project-swasta/30008-1 (Caused by ConnectTimeoutError(<urllib3.connection.HTTPSConnection object at 0x7fca68a40af0>, 'Connection to teduh.kpkt.gov.my timed out. (connect timeout=10)'))
[2025-03-27T06:50:47.099+0000] {logging_mixin.py:190} INFO - Scraping page 36...
[2025-03-27T06:51:05.050+0000] {logging_mixin.py:190} INFO - Scraping page 37...
[2025-03-27T06:51:24.144+0000] {logging_mixin.py:190} INFO - Scraping page 38...
[2025-03-27T06:51:41.982+0000] {logging_mixin.py:190} INFO - Scraping page 39...
[2025-03-27T06:51:58.529+0000] {logging_mixin.py:190} INFO - Scraping page 40...
[2025-03-27T06:52:15.462+0000] {logging_mixin.py:190} INFO - Scraping page 41...
[2025-03-27T06:52:32.607+0000] {logging_mixin.py:190} INFO - Scraping page 42...
[2025-03-27T06:52:55.140+0000] {logging_mixin.py:190} INFO - Scraping page 43...
[2025-03-27T06:53:12.796+0000] {logging_mixin.py:190} INFO - Scraping page 44...
[2025-03-27T06:53:28.573+0000] {logging_mixin.py:190} INFO - Scraping page 45...
[2025-03-27T06:53:46.099+0000] {logging_mixin.py:190} INFO - Error scraping https://teduh.kpkt.gov.my/project-swasta/20111-2: HTTPSConnectionPool(host='teduh.kpkt.gov.my', port=443): Max retries exceeded with url: /project-swasta/20111-2 (Caused by ConnectTimeoutError(<urllib3.connection.HTTPSConnection object at 0x7fca68646c50>, 'Connection to teduh.kpkt.gov.my timed out. (connect timeout=10)'))
[2025-03-27T06:53:55.222+0000] {logging_mixin.py:190} INFO - Scraping page 46...
[2025-03-27T06:54:16.265+0000] {logging_mixin.py:190} INFO - Scraping page 47...
[2025-03-27T06:54:34.502+0000] {logging_mixin.py:190} INFO - Scraping page 48...
[2025-03-27T06:54:51.385+0000] {logging_mixin.py:190} INFO - Scraping page 49...
[2025-03-27T06:55:08.636+0000] {logging_mixin.py:190} INFO - Scraping page 50...
[2025-03-27T06:55:26.296+0000] {logging_mixin.py:190} INFO - Scraping page 51...
[2025-03-27T06:55:45.709+0000] {logging_mixin.py:190} INFO - Scraping page 52...
[2025-03-27T06:56:03.133+0000] {logging_mixin.py:190} INFO - Scraping page 53...
[2025-03-27T06:56:20.916+0000] {logging_mixin.py:190} INFO - Scraping page 54...
[2025-03-27T06:56:37.827+0000] {logging_mixin.py:190} INFO - Scraping page 55...
[2025-03-27T06:56:54.962+0000] {logging_mixin.py:190} INFO - Scraping page 56...
[2025-03-27T06:57:11.903+0000] {logging_mixin.py:190} INFO - Scraping page 57...
[2025-03-27T06:57:30.104+0000] {logging_mixin.py:190} INFO - Scraping page 58...
[2025-03-27T06:57:53.955+0000] {logging_mixin.py:190} INFO - Scraping page 59...
[2025-03-27T06:58:14.916+0000] {logging_mixin.py:190} INFO - Scraping page 60...
[2025-03-27T06:58:30.285+0000] {logging_mixin.py:190} INFO - Scraping page 61...
[2025-03-27T06:58:50.503+0000] {logging_mixin.py:190} INFO - Scraping page 62...
[2025-03-27T06:59:12.787+0000] {logging_mixin.py:190} INFO - Scraping page 63...
[2025-03-27T06:59:32.884+0000] {logging_mixin.py:190} INFO - Scraping page 64...
[2025-03-27T06:59:49.848+0000] {logging_mixin.py:190} INFO - Scraping page 65...
[2025-03-27T07:00:07.495+0000] {logging_mixin.py:190} INFO - Scraping page 66...
[2025-03-27T07:00:28.803+0000] {logging_mixin.py:190} INFO - Scraping page 67...
[2025-03-27T07:00:47.852+0000] {logging_mixin.py:190} INFO - Scraping page 68...
[2025-03-27T07:01:06.897+0000] {logging_mixin.py:190} INFO - Scraping page 69...
[2025-03-27T07:01:23.794+0000] {logging_mixin.py:190} INFO - Scraping page 70...
[2025-03-27T07:01:39.798+0000] {logging_mixin.py:190} INFO - Scraping page 71...
[2025-03-27T07:01:57.494+0000] {logging_mixin.py:190} INFO - Scraping page 72...
[2025-03-27T07:02:15.227+0000] {logging_mixin.py:190} INFO - Scraping page 73...
[2025-03-27T07:02:32.804+0000] {logging_mixin.py:190} INFO - Scraping page 74...
[2025-03-27T07:02:49.953+0000] {logging_mixin.py:190} INFO - Scraping page 75...
[2025-03-27T07:03:09.116+0000] {logging_mixin.py:190} INFO - Scraping page 76...
[2025-03-27T07:03:31.602+0000] {logging_mixin.py:190} INFO - Error scraping https://teduh.kpkt.gov.my/project-swasta/19672-1: HTTPSConnectionPool(host='teduh.kpkt.gov.my', port=443): Max retries exceeded with url: /project-swasta/19672-1 (Caused by ConnectTimeoutError(<urllib3.connection.HTTPSConnection object at 0x7fca683bcac0>, 'Connection to teduh.kpkt.gov.my timed out. (connect timeout=10)'))
[2025-03-27T07:03:35.199+0000] {logging_mixin.py:190} INFO - Scraping page 77...
[2025-03-27T07:03:52.789+0000] {logging_mixin.py:190} INFO - Scraping page 78...
[2025-03-27T07:04:11.583+0000] {logging_mixin.py:190} INFO - Scraping page 79...
[2025-03-27T07:04:30.790+0000] {logging_mixin.py:190} INFO - Scraping page 80...
[2025-03-27T07:04:54.645+0000] {logging_mixin.py:190} INFO - Scraping page 81...
[2025-03-27T07:05:12.908+0000] {logging_mixin.py:190} INFO - Scraping page 82...
[2025-03-27T07:05:31.450+0000] {logging_mixin.py:190} INFO - Scraping page 83...
[2025-03-27T07:05:48.476+0000] {logging_mixin.py:190} INFO - Scraping page 84...
[2025-03-27T07:06:04.928+0000] {logging_mixin.py:190} INFO - Scraping page 85...
[2025-03-27T07:06:21.974+0000] {logging_mixin.py:190} INFO - Scraping page 86...
[2025-03-27T07:06:39.803+0000] {logging_mixin.py:190} INFO - Scraping page 87...
[2025-03-27T07:06:57.660+0000] {logging_mixin.py:190} INFO - Scraping page 88...
[2025-03-27T07:07:16.175+0000] {logging_mixin.py:190} INFO - Scraping page 89...
[2025-03-27T07:07:33.030+0000] {logging_mixin.py:190} INFO - Scraping page 90...
[2025-03-27T07:07:50.892+0000] {logging_mixin.py:190} INFO - Scraping page 91...
[2025-03-27T07:08:11.580+0000] {logging_mixin.py:190} INFO - Scraping page 92...
[2025-03-27T07:08:28.615+0000] {logging_mixin.py:190} INFO - Scraping page 93...
[2025-03-27T07:08:46.333+0000] {logging_mixin.py:190} INFO - Scraping page 94...
[2025-03-27T07:09:03.102+0000] {logging_mixin.py:190} INFO - Scraping page 95...
[2025-03-27T07:09:19.983+0000] {logging_mixin.py:190} INFO - Scraping page 96...
[2025-03-27T07:09:36.262+0000] {logging_mixin.py:190} INFO - Error scraping https://teduh.kpkt.gov.my/project-swasta/19398-1: HTTPSConnectionPool(host='teduh.kpkt.gov.my', port=443): Max retries exceeded with url: /project-swasta/19398-1 (Caused by ConnectTimeoutError(<urllib3.connection.HTTPSConnection object at 0x7fca68962950>, 'Connection to teduh.kpkt.gov.my timed out. (connect timeout=10)'))
[2025-03-27T07:09:48.419+0000] {logging_mixin.py:190} INFO - Scraping page 97...
[2025-03-27T07:09:51.905+0000] {timeout.py:68} ERROR - Process timed out, PID: 4131
[2025-03-27T07:09:51.918+0000] {taskinstance.py:3313} ERROR - Task failed with exception
Traceback (most recent call last):
  File "/home/airflow/.local/lib/python3.10/site-packages/airflow/models/taskinstance.py", line 763, in _execute_task
    result = _execute_callable(context=context, **execute_callable_kwargs)
  File "/home/airflow/.local/lib/python3.10/site-packages/airflow/models/taskinstance.py", line 734, in _execute_callable
    return ExecutionCallableRunner(
  File "/home/airflow/.local/lib/python3.10/site-packages/airflow/utils/operator_helpers.py", line 252, in run
    return self.func(*args, **kwargs)
  File "/home/airflow/.local/lib/python3.10/site-packages/airflow/models/baseoperator.py", line 424, in wrapper
    return func(self, *args, **kwargs)
  File "/home/airflow/.local/lib/python3.10/site-packages/airflow/operators/python.py", line 238, in execute
    return_value = self.execute_callable()
  File "/home/airflow/.local/lib/python3.10/site-packages/airflow/operators/python.py", line 256, in execute_callable
    return runner.run(*self.op_args, **self.op_kwargs)
  File "/home/airflow/.local/lib/python3.10/site-packages/airflow/utils/operator_helpers.py", line 252, in run
    return self.func(*args, **kwargs)
  File "/opt/airflow/dags/construction_web_scraping.py", line 183, in run_scraper
    daerah, negeri, harga_min, harga_maks = scrape_additional_data(link)
  File "/opt/airflow/dags/construction_web_scraping.py", line 45, in scrape_additional_data
    response = requests.get(link, timeout=10)
  File "/home/airflow/.local/lib/python3.10/site-packages/requests/api.py", line 73, in get
    return request("get", url, params=params, **kwargs)
  File "/home/airflow/.local/lib/python3.10/site-packages/requests/api.py", line 59, in request
    return session.request(method=method, url=url, **kwargs)
  File "/home/airflow/.local/lib/python3.10/site-packages/requests/sessions.py", line 589, in request
    resp = self.send(prep, **send_kwargs)
  File "/home/airflow/.local/lib/python3.10/site-packages/requests/sessions.py", line 703, in send
    r = adapter.send(request, **kwargs)
  File "/home/airflow/.local/lib/python3.10/site-packages/requests/adapters.py", line 667, in send
    resp = conn.urlopen(
  File "/home/airflow/.local/lib/python3.10/site-packages/urllib3/connectionpool.py", line 787, in urlopen
    response = self._make_request(
  File "/home/airflow/.local/lib/python3.10/site-packages/urllib3/connectionpool.py", line 464, in _make_request
    self._validate_conn(conn)
  File "/home/airflow/.local/lib/python3.10/site-packages/urllib3/connectionpool.py", line 1093, in _validate_conn
    conn.connect()
  File "/home/airflow/.local/lib/python3.10/site-packages/urllib3/connection.py", line 741, in connect
    sock_and_verified = _ssl_wrap_socket_and_match_hostname(
  File "/home/airflow/.local/lib/python3.10/site-packages/urllib3/connection.py", line 920, in _ssl_wrap_socket_and_match_hostname
    ssl_sock = ssl_wrap_socket(
  File "/home/airflow/.local/lib/python3.10/site-packages/urllib3/util/ssl_.py", line 460, in ssl_wrap_socket
    ssl_sock = _ssl_wrap_socket_impl(sock, context, tls_in_tls, server_hostname)
  File "/home/airflow/.local/lib/python3.10/site-packages/urllib3/util/ssl_.py", line 504, in _ssl_wrap_socket_impl
    return ssl_context.wrap_socket(sock, server_hostname=server_hostname)
  File "/usr/local/lib/python3.10/ssl.py", line 513, in wrap_socket
    return self.sslsocket_class._create(
  File "/usr/local/lib/python3.10/ssl.py", line 1104, in _create
    self.do_handshake()
  File "/usr/local/lib/python3.10/ssl.py", line 1375, in do_handshake
    self._sslobj.do_handshake()
  File "/home/airflow/.local/lib/python3.10/site-packages/airflow/utils/timeout.py", line 69, in handle_timeout
    raise AirflowTaskTimeout(self.error_message)
airflow.exceptions.AirflowTaskTimeout: Timeout, PID: 4131
[2025-03-27T07:09:51.935+0000] {taskinstance.py:1226} INFO - Marking task as UP_FOR_RETRY. dag_id=construction_web_scraping_v01, task_id=scrape_and_store, run_id=manual__2025-03-27T06:39:49.677216+00:00, execution_date=20250327T063949, start_date=20250327T063951, end_date=20250327T070951
[2025-03-27T07:09:51.973+0000] {taskinstance.py:341} INFO - ::group::Post task execution logs
[2025-03-27T07:09:52.013+0000] {local_task_job_runner.py:266} INFO - Task exited with return code 2
[2025-03-27T07:09:52.041+0000] {taskinstance.py:3901} INFO - 0 downstream tasks scheduled from follow-on schedule check
[2025-03-27T07:09:52.045+0000] {local_task_job_runner.py:245} INFO - ::endgroup::
