[2025-03-28T11:58:11.287+0000] {local_task_job_runner.py:123} INFO - ::group::Pre task execution logs
[2025-03-28T11:58:11.309+0000] {taskinstance.py:2614} INFO - Dependencies all met for dep_context=non-requeueable deps ti=<TaskInstance: split_web_scraping_v02.scrape_and_store manual__2025-03-28T11:51:02.737836+00:00 [queued]>
[2025-03-28T11:58:11.320+0000] {taskinstance.py:2614} INFO - Dependencies all met for dep_context=requeueable deps ti=<TaskInstance: split_web_scraping_v02.scrape_and_store manual__2025-03-28T11:51:02.737836+00:00 [queued]>
[2025-03-28T11:58:11.322+0000] {taskinstance.py:2867} INFO - Starting attempt 3 of 7
[2025-03-28T11:58:11.343+0000] {taskinstance.py:2890} INFO - Executing <Task(PythonOperator): scrape_and_store> on 2025-03-28 11:51:02.737836+00:00
[2025-03-28T11:58:11.349+0000] {standard_task_runner.py:72} INFO - Started process 13212 to run task
[2025-03-28T11:58:11.356+0000] {standard_task_runner.py:104} INFO - Running: ['***', 'tasks', 'run', 'split_web_scraping_v02', 'scrape_and_store', 'manual__2025-03-28T11:51:02.737836+00:00', '--job-id', '94', '--raw', '--subdir', 'DAGS_FOLDER/split_web_scraping.py', '--cfg-path', '/tmp/tmpua5k3yjx']
[2025-03-28T11:58:11.360+0000] {standard_task_runner.py:105} INFO - Job 94: Subtask scrape_and_store
[2025-03-28T11:58:11.425+0000] {task_command.py:467} INFO - Running <TaskInstance: split_web_scraping_v02.scrape_and_store manual__2025-03-28T11:51:02.737836+00:00 [running]> on host ce237b7c39e9
[2025-03-28T11:58:11.522+0000] {taskinstance.py:3134} INFO - Exporting env vars: AIRFLOW_CTX_DAG_OWNER='waiyong' AIRFLOW_CTX_DAG_ID='split_web_scraping_v02' AIRFLOW_CTX_TASK_ID='scrape_and_store' AIRFLOW_CTX_EXECUTION_DATE='2025-03-28T11:51:02.737836+00:00' AIRFLOW_CTX_TRY_NUMBER='3' AIRFLOW_CTX_DAG_RUN_ID='manual__2025-03-28T11:51:02.737836+00:00'
[2025-03-28T11:58:11.524+0000] {taskinstance.py:732} INFO - ::endgroup::
[2025-03-28T11:58:11.555+0000] {logging_mixin.py:190} INFO - Processing batch 117: pages 1161 to 1170
[2025-03-28T11:58:11.556+0000] {logging_mixin.py:190} INFO - Scraping page 1161...
[2025-03-28T11:58:30.697+0000] {logging_mixin.py:190} INFO - Scraping page 1162...
[2025-03-28T11:58:51.042+0000] {logging_mixin.py:190} INFO - Scraping page 1163...
[2025-03-28T11:59:11.755+0000] {logging_mixin.py:190} INFO - Scraping page 1164...
[2025-03-28T11:59:33.980+0000] {logging_mixin.py:190} INFO - Scraping page 1165...
[2025-03-28T11:59:55.399+0000] {logging_mixin.py:190} INFO - Scraping page 1166...
[2025-03-28T12:00:19.251+0000] {logging_mixin.py:190} INFO - Scraping page 1167...
[2025-03-28T12:00:41.119+0000] {logging_mixin.py:190} INFO - Scraping page 1168...
[2025-03-28T12:00:59.471+0000] {logging_mixin.py:190} INFO - Scraping page 1169...
[2025-03-28T12:01:20.655+0000] {logging_mixin.py:190} INFO - Scraping page 1170...
[2025-03-28T12:01:40.823+0000] {logging_mixin.py:190} INFO - Columns before rename: ['BIL.', 'KOD PROJEK', 'PEMAJU', 'PROJEK', 'NO. PERMIT', 'STATUS PROJEK KESELURUHAN', 'RINGKASAN PROJEK', 'Daerah Projek', 'Negeri Projek', 'Harga Minimum (RM)', 'Harga Maksimum (RM)']
[2025-03-28T12:01:40.848+0000] {logging_mixin.py:190} INFO -      Bil  ...                                 RINGKASAN PROJEK
0  29001  ...  https://teduh.kpkt.gov.my/project-swasta/4087-7
1  29002  ...  https://teduh.kpkt.gov.my/project-swasta/4087-6
2  29003  ...  https://teduh.kpkt.gov.my/project-swasta/4087-2
3  29004  ...  https://teduh.kpkt.gov.my/project-swasta/4087-1
4  29005  ...  https://teduh.kpkt.gov.my/project-swasta/4084-4
5  29006  ...  https://teduh.kpkt.gov.my/project-swasta/4084-1
6  29007  ...  https://teduh.kpkt.gov.my/project-swasta/4081-4
7  29008  ...  https://teduh.kpkt.gov.my/project-swasta/4081-3
8  29009  ...  https://teduh.kpkt.gov.my/project-swasta/4081-1
9  29010  ...  https://teduh.kpkt.gov.my/project-swasta/4080-5

[10 rows x 11 columns]
[2025-03-28T12:01:40.854+0000] {logging_mixin.py:190} INFO - CSV file created: /tmp/construction_20250328_batch_117_pages_1161_1170.csv
[2025-03-28T12:01:40.927+0000] {logging_mixin.py:190} INFO - Uploaded /tmp/construction_20250328_batch_117_pages_1161_1170.csv to minio://construction-web-scraping/teduh/construction_20250328_batch_117_pages_1161_1170.csv
[2025-03-28T12:01:40.929+0000] {logging_mixin.py:190} INFO - Batch 117 processed with 250 rows.
[2025-03-28T12:01:40.945+0000] {logging_mixin.py:190} INFO - Processing batch 118: pages 1171 to 1180
[2025-03-28T12:01:40.946+0000] {logging_mixin.py:190} INFO - Scraping page 1171...
[2025-03-28T12:01:59.909+0000] {logging_mixin.py:190} INFO - Scraping page 1172...
[2025-03-28T12:02:24.792+0000] {logging_mixin.py:190} INFO - Scraping page 1173...
[2025-03-28T12:02:48.702+0000] {logging_mixin.py:190} INFO - Scraping page 1174...
[2025-03-28T12:03:08.367+0000] {logging_mixin.py:190} INFO - Scraping page 1175...
[2025-03-28T12:03:27.303+0000] {logging_mixin.py:190} INFO - Scraping page 1176...
[2025-03-28T12:03:45.659+0000] {logging_mixin.py:190} INFO - Scraping page 1177...
[2025-03-28T12:04:04.705+0000] {logging_mixin.py:190} INFO - Scraping page 1178...
[2025-03-28T12:04:25.000+0000] {logging_mixin.py:190} INFO - Error scraping https://teduh.kpkt.gov.my/project-swasta/3920-6: HTTPSConnectionPool(host='teduh.kpkt.gov.my', port=443): Max retries exceeded with url: /project-swasta/3920-6 (Caused by ConnectTimeoutError(<urllib3.connection.HTTPSConnection object at 0x7f25e06b7f40>, 'Connection to teduh.kpkt.gov.my timed out. (connect timeout=10)'))
[2025-03-28T12:04:36.662+0000] {logging_mixin.py:190} INFO - Scraping page 1179...
[2025-03-28T12:04:57.715+0000] {logging_mixin.py:190} INFO - Error scraping https://teduh.kpkt.gov.my/project-swasta/3856-1: HTTPSConnectionPool(host='teduh.kpkt.gov.my', port=443): Max retries exceeded with url: /project-swasta/3856-1 (Caused by ConnectTimeoutError(<urllib3.connection.HTTPSConnection object at 0x7f25e0691ba0>, 'Connection to teduh.kpkt.gov.my timed out. (connect timeout=10)'))
[2025-03-28T12:05:07.562+0000] {logging_mixin.py:190} INFO - Scraping page 1180...
[2025-03-28T12:05:29.011+0000] {logging_mixin.py:190} INFO - Columns before rename: ['BIL.', 'KOD PROJEK', 'PEMAJU', 'PROJEK', 'NO. PERMIT', 'STATUS PROJEK KESELURUHAN', 'RINGKASAN PROJEK', 'Daerah Projek', 'Negeri Projek', 'Harga Minimum (RM)', 'Harga Maksimum (RM)']
[2025-03-28T12:05:29.027+0000] {logging_mixin.py:190} INFO -      Bil  ...                                  RINGKASAN PROJEK
0  29251  ...  https://teduh.kpkt.gov.my/project-swasta/3932-32
1  29252  ...  https://teduh.kpkt.gov.my/project-swasta/3932-31
2  29253  ...  https://teduh.kpkt.gov.my/project-swasta/3932-30
3  29254  ...  https://teduh.kpkt.gov.my/project-swasta/3932-29
4  29255  ...  https://teduh.kpkt.gov.my/project-swasta/3932-28
5  29256  ...  https://teduh.kpkt.gov.my/project-swasta/3932-26
6  29257  ...  https://teduh.kpkt.gov.my/project-swasta/3932-25
7  29258  ...  https://teduh.kpkt.gov.my/project-swasta/3932-15
8  29259  ...  https://teduh.kpkt.gov.my/project-swasta/3932-14
9  29260  ...  https://teduh.kpkt.gov.my/project-swasta/3932-13

[10 rows x 11 columns]
[2025-03-28T12:05:29.031+0000] {logging_mixin.py:190} INFO - CSV file created: /tmp/construction_20250328_batch_118_pages_1171_1180.csv
[2025-03-28T12:05:29.114+0000] {logging_mixin.py:190} INFO - Uploaded /tmp/construction_20250328_batch_118_pages_1171_1180.csv to minio://construction-web-scraping/teduh/construction_20250328_batch_118_pages_1171_1180.csv
[2025-03-28T12:05:29.116+0000] {logging_mixin.py:190} INFO - Batch 118 processed with 250 rows.
[2025-03-28T12:05:29.131+0000] {logging_mixin.py:190} INFO - Processing batch 119: pages 1181 to 1190
[2025-03-28T12:05:29.132+0000] {logging_mixin.py:190} INFO - Scraping page 1181...
[2025-03-28T12:05:50.901+0000] {logging_mixin.py:190} INFO - Scraping page 1182...
[2025-03-28T12:06:14.639+0000] {logging_mixin.py:190} INFO - Scraping page 1183...
[2025-03-28T12:06:35.227+0000] {logging_mixin.py:190} INFO - Scraping page 1184...
[2025-03-28T12:06:54.437+0000] {logging_mixin.py:190} INFO - Scraping page 1185...
[2025-03-28T12:07:13.359+0000] {logging_mixin.py:190} INFO - Scraping page 1186...
[2025-03-28T12:07:36.538+0000] {logging_mixin.py:190} INFO - Scraping page 1187...
[2025-03-28T12:07:55.206+0000] {logging_mixin.py:190} INFO - Scraping page 1188...
[2025-03-28T12:08:17.858+0000] {logging_mixin.py:190} INFO - Scraping page 1189...
[2025-03-28T12:08:41.370+0000] {logging_mixin.py:190} INFO - Scraping page 1190...
[2025-03-28T12:09:03.217+0000] {logging_mixin.py:190} INFO - Columns before rename: ['BIL.', 'KOD PROJEK', 'PEMAJU', 'PROJEK', 'NO. PERMIT', 'STATUS PROJEK KESELURUHAN', 'RINGKASAN PROJEK', 'Daerah Projek', 'Negeri Projek', 'Harga Minimum (RM)', 'Harga Maksimum (RM)']
[2025-03-28T12:09:03.233+0000] {logging_mixin.py:190} INFO -      Bil  ...                                  RINGKASAN PROJEK
0  29501  ...  https://teduh.kpkt.gov.my/project-swasta/3828-48
1  29502  ...  https://teduh.kpkt.gov.my/project-swasta/3828-47
2  29503  ...  https://teduh.kpkt.gov.my/project-swasta/3828-46
3  29504  ...  https://teduh.kpkt.gov.my/project-swasta/3828-45
4  29505  ...  https://teduh.kpkt.gov.my/project-swasta/3828-44
5  29506  ...  https://teduh.kpkt.gov.my/project-swasta/3828-43
6  29507  ...  https://teduh.kpkt.gov.my/project-swasta/3828-42
7  29508  ...  https://teduh.kpkt.gov.my/project-swasta/3828-41
8  29509  ...  https://teduh.kpkt.gov.my/project-swasta/3828-40
9  29510  ...  https://teduh.kpkt.gov.my/project-swasta/3828-39

[10 rows x 11 columns]
[2025-03-28T12:09:03.237+0000] {logging_mixin.py:190} INFO - CSV file created: /tmp/construction_20250328_batch_119_pages_1181_1190.csv
[2025-03-28T12:09:03.286+0000] {logging_mixin.py:190} INFO - Uploaded /tmp/construction_20250328_batch_119_pages_1181_1190.csv to minio://construction-web-scraping/teduh/construction_20250328_batch_119_pages_1181_1190.csv
[2025-03-28T12:09:03.287+0000] {logging_mixin.py:190} INFO - Batch 119 processed with 250 rows.
[2025-03-28T12:09:03.302+0000] {logging_mixin.py:190} INFO - Processing batch 120: pages 1191 to 1200
[2025-03-28T12:09:03.304+0000] {logging_mixin.py:190} INFO - Scraping page 1191...
[2025-03-28T12:09:24.460+0000] {logging_mixin.py:190} INFO - Scraping page 1192...
[2025-03-28T12:09:47.519+0000] {logging_mixin.py:190} INFO - Scraping page 1193...
[2025-03-28T12:10:11.543+0000] {logging_mixin.py:190} INFO - Scraping page 1194...
[2025-03-28T12:10:35.362+0000] {logging_mixin.py:190} INFO - Scraping page 1195...
[2025-03-28T12:10:57.381+0000] {logging_mixin.py:190} INFO - Scraping page 1196...
[2025-03-28T12:11:20.811+0000] {logging_mixin.py:190} INFO - Scraping page 1197...
[2025-03-28T12:11:44.724+0000] {logging_mixin.py:190} INFO - Scraping page 1198...
[2025-03-28T12:12:09.433+0000] {logging_mixin.py:190} INFO - Scraping page 1199...
[2025-03-28T12:12:32.103+0000] {logging_mixin.py:190} INFO - Scraping page 1200...
[2025-03-28T12:12:52.951+0000] {logging_mixin.py:190} INFO - Columns before rename: ['BIL.', 'KOD PROJEK', 'PEMAJU', 'PROJEK', 'NO. PERMIT', 'STATUS PROJEK KESELURUHAN', 'RINGKASAN PROJEK', 'Daerah Projek', 'Negeri Projek', 'Harga Minimum (RM)', 'Harga Maksimum (RM)']
[2025-03-28T12:12:52.969+0000] {logging_mixin.py:190} INFO -      Bil  ...                                  RINGKASAN PROJEK
0  29751  ...   https://teduh.kpkt.gov.my/project-swasta/3591-1
1  29752  ...   https://teduh.kpkt.gov.my/project-swasta/3589-1
2  29753  ...   https://teduh.kpkt.gov.my/project-swasta/3586-2
3  29754  ...   https://teduh.kpkt.gov.my/project-swasta/3586-1
4  29755  ...   https://teduh.kpkt.gov.my/project-swasta/3585-4
5  29756  ...   https://teduh.kpkt.gov.my/project-swasta/3585-3
6  29757  ...   https://teduh.kpkt.gov.my/project-swasta/3585-2
7  29758  ...   https://teduh.kpkt.gov.my/project-swasta/3585-1
8  29759  ...  https://teduh.kpkt.gov.my/project-swasta/3584-16
9  29760  ...  https://teduh.kpkt.gov.my/project-swasta/3584-15

[10 rows x 11 columns]
[2025-03-28T12:12:52.973+0000] {logging_mixin.py:190} INFO - CSV file created: /tmp/construction_20250328_batch_120_pages_1191_1200.csv
[2025-03-28T12:12:53.051+0000] {logging_mixin.py:190} INFO - Uploaded /tmp/construction_20250328_batch_120_pages_1191_1200.csv to minio://construction-web-scraping/teduh/construction_20250328_batch_120_pages_1191_1200.csv
[2025-03-28T12:12:53.053+0000] {logging_mixin.py:190} INFO - Batch 120 processed with 250 rows.
[2025-03-28T12:12:53.067+0000] {logging_mixin.py:190} INFO - Processing batch 121: pages 1201 to 1210
[2025-03-28T12:12:53.068+0000] {logging_mixin.py:190} INFO - Scraping page 1201...
[2025-03-28T12:13:12.862+0000] {logging_mixin.py:190} INFO - Scraping page 1202...
[2025-03-28T12:13:32.087+0000] {logging_mixin.py:190} INFO - Scraping page 1203...
[2025-03-28T12:13:53.591+0000] {logging_mixin.py:190} INFO - Scraping page 1204...
[2025-03-28T12:14:18.535+0000] {logging_mixin.py:190} INFO - Scraping page 1205...
[2025-03-28T12:14:38.337+0000] {logging_mixin.py:190} INFO - Scraping page 1206...
[2025-03-28T12:15:00.015+0000] {logging_mixin.py:190} INFO - Scraping page 1207...
[2025-03-28T12:15:20.532+0000] {logging_mixin.py:190} INFO - Scraping page 1208...
[2025-03-28T12:15:41.082+0000] {logging_mixin.py:190} INFO - Scraping page 1209...
[2025-03-28T12:16:06.625+0000] {logging_mixin.py:190} INFO - Scraping page 1210...
[2025-03-28T12:16:30.784+0000] {logging_mixin.py:190} INFO - Columns before rename: ['BIL.', 'KOD PROJEK', 'PEMAJU', 'PROJEK', 'NO. PERMIT', 'STATUS PROJEK KESELURUHAN', 'RINGKASAN PROJEK', 'Daerah Projek', 'Negeri Projek', 'Harga Minimum (RM)', 'Harga Maksimum (RM)']
[2025-03-28T12:16:30.799+0000] {logging_mixin.py:190} INFO -      Bil  ...                                  RINGKASAN PROJEK
0  30001  ...   https://teduh.kpkt.gov.my/project-swasta/3329-2
1  30002  ...   https://teduh.kpkt.gov.my/project-swasta/3329-1
2  30003  ...   https://teduh.kpkt.gov.my/project-swasta/3326-4
3  30004  ...   https://teduh.kpkt.gov.my/project-swasta/3326-3
4  30005  ...   https://teduh.kpkt.gov.my/project-swasta/3326-2
5  30006  ...  https://teduh.kpkt.gov.my/project-swasta/3322-36
6  30007  ...  https://teduh.kpkt.gov.my/project-swasta/3322-35
7  30008  ...  https://teduh.kpkt.gov.my/project-swasta/3322-34
8  30009  ...  https://teduh.kpkt.gov.my/project-swasta/3322-33
9  30010  ...  https://teduh.kpkt.gov.my/project-swasta/3322-31

[10 rows x 11 columns]
[2025-03-28T12:16:30.802+0000] {logging_mixin.py:190} INFO - CSV file created: /tmp/construction_20250328_batch_121_pages_1201_1210.csv
[2025-03-28T12:16:30.886+0000] {logging_mixin.py:190} INFO - Uploaded /tmp/construction_20250328_batch_121_pages_1201_1210.csv to minio://construction-web-scraping/teduh/construction_20250328_batch_121_pages_1201_1210.csv
[2025-03-28T12:16:30.887+0000] {logging_mixin.py:190} INFO - Batch 121 processed with 250 rows.
[2025-03-28T12:16:30.903+0000] {logging_mixin.py:190} INFO - Processing batch 122: pages 1211 to 1220
[2025-03-28T12:16:30.904+0000] {logging_mixin.py:190} INFO - Scraping page 1211...
[2025-03-28T12:16:50.608+0000] {logging_mixin.py:190} INFO - Scraping page 1212...
[2025-03-28T12:17:19.332+0000] {logging_mixin.py:190} INFO - Scraping page 1213...
[2025-03-28T12:17:40.860+0000] {logging_mixin.py:190} INFO - Scraping page 1214...
[2025-03-28T12:18:03.251+0000] {logging_mixin.py:190} INFO - Scraping page 1215...
[2025-03-28T12:18:23.226+0000] {logging_mixin.py:190} INFO - Scraping page 1216...
[2025-03-28T12:18:46.878+0000] {logging_mixin.py:190} INFO - Scraping page 1217...
[2025-03-28T12:19:07.479+0000] {logging_mixin.py:190} INFO - Scraping page 1218...
[2025-03-28T12:19:29.283+0000] {logging_mixin.py:190} INFO - Scraping page 1219...
[2025-03-28T12:19:49.695+0000] {logging_mixin.py:190} INFO - Scraping page 1220...
[2025-03-28T12:20:13.471+0000] {logging_mixin.py:190} INFO - Columns before rename: ['BIL.', 'KOD PROJEK', 'PEMAJU', 'PROJEK', 'NO. PERMIT', 'STATUS PROJEK KESELURUHAN', 'RINGKASAN PROJEK', 'Daerah Projek', 'Negeri Projek', 'Harga Minimum (RM)', 'Harga Maksimum (RM)']
[2025-03-28T12:20:13.496+0000] {logging_mixin.py:190} INFO -      Bil  ...                                  RINGKASAN PROJEK
0  30251  ...   https://teduh.kpkt.gov.my/project-swasta/3076-4
1  30252  ...   https://teduh.kpkt.gov.my/project-swasta/3076-3
2  30253  ...   https://teduh.kpkt.gov.my/project-swasta/3076-2
3  30254  ...   https://teduh.kpkt.gov.my/project-swasta/3076-1
4  30255  ...   https://teduh.kpkt.gov.my/project-swasta/3073-1
5  30256  ...  https://teduh.kpkt.gov.my/project-swasta/3067-18
6  30257  ...  https://teduh.kpkt.gov.my/project-swasta/3067-17
7  30258  ...  https://teduh.kpkt.gov.my/project-swasta/3067-16
8  30259  ...  https://teduh.kpkt.gov.my/project-swasta/3067-15
9  30260  ...  https://teduh.kpkt.gov.my/project-swasta/3067-14

[10 rows x 11 columns]
[2025-03-28T12:20:13.501+0000] {logging_mixin.py:190} INFO - CSV file created: /tmp/construction_20250328_batch_122_pages_1211_1220.csv
[2025-03-28T12:20:13.590+0000] {logging_mixin.py:190} INFO - Uploaded /tmp/construction_20250328_batch_122_pages_1211_1220.csv to minio://construction-web-scraping/teduh/construction_20250328_batch_122_pages_1211_1220.csv
[2025-03-28T12:20:13.592+0000] {logging_mixin.py:190} INFO - Batch 122 processed with 250 rows.
[2025-03-28T12:20:13.613+0000] {logging_mixin.py:190} INFO - Processing batch 123: pages 1221 to 1230
[2025-03-28T12:20:13.615+0000] {logging_mixin.py:190} INFO - Scraping page 1221...
[2025-03-28T12:20:33.433+0000] {logging_mixin.py:190} INFO - Scraping page 1222...
[2025-03-28T12:20:56.519+0000] {logging_mixin.py:190} INFO - Scraping page 1223...
[2025-03-28T12:21:23.728+0000] {logging_mixin.py:190} INFO - Scraping page 1224...
[2025-03-28T12:21:47.003+0000] {logging_mixin.py:190} INFO - Scraping page 1225...
[2025-03-28T12:22:08.595+0000] {logging_mixin.py:190} INFO - Scraping page 1226...
[2025-03-28T12:22:31.147+0000] {logging_mixin.py:190} INFO - Scraping page 1227...
[2025-03-28T12:22:52.703+0000] {logging_mixin.py:190} INFO - Scraping page 1228...
[2025-03-28T12:23:13.449+0000] {logging_mixin.py:190} INFO - Scraping page 1229...
[2025-03-28T12:23:37.868+0000] {logging_mixin.py:190} INFO - Scraping page 1230...
[2025-03-28T12:23:59.540+0000] {logging_mixin.py:190} INFO - Columns before rename: ['BIL.', 'KOD PROJEK', 'PEMAJU', 'PROJEK', 'NO. PERMIT', 'STATUS PROJEK KESELURUHAN', 'RINGKASAN PROJEK', 'Daerah Projek', 'Negeri Projek', 'Harga Minimum (RM)', 'Harga Maksimum (RM)']
[2025-03-28T12:23:59.561+0000] {logging_mixin.py:190} INFO -      Bil  ...                                  RINGKASAN PROJEK
0  30501  ...   https://teduh.kpkt.gov.my/project-swasta/2842-5
1  30502  ...   https://teduh.kpkt.gov.my/project-swasta/2842-4
2  30503  ...   https://teduh.kpkt.gov.my/project-swasta/2842-3
3  30504  ...   https://teduh.kpkt.gov.my/project-swasta/2842-2
4  30505  ...   https://teduh.kpkt.gov.my/project-swasta/2842-1
5  30506  ...  https://teduh.kpkt.gov.my/project-swasta/2832-16
6  30507  ...  https://teduh.kpkt.gov.my/project-swasta/2832-15
7  30508  ...  https://teduh.kpkt.gov.my/project-swasta/2832-14
8  30509  ...  https://teduh.kpkt.gov.my/project-swasta/2832-13
9  30510  ...  https://teduh.kpkt.gov.my/project-swasta/2832-12

[10 rows x 11 columns]
[2025-03-28T12:23:59.566+0000] {logging_mixin.py:190} INFO - CSV file created: /tmp/construction_20250328_batch_123_pages_1221_1230.csv
[2025-03-28T12:23:59.635+0000] {logging_mixin.py:190} INFO - Uploaded /tmp/construction_20250328_batch_123_pages_1221_1230.csv to minio://construction-web-scraping/teduh/construction_20250328_batch_123_pages_1221_1230.csv
[2025-03-28T12:23:59.636+0000] {logging_mixin.py:190} INFO - Batch 123 processed with 250 rows.
[2025-03-28T12:23:59.651+0000] {logging_mixin.py:190} INFO - Processing batch 124: pages 1231 to 1240
[2025-03-28T12:23:59.652+0000] {logging_mixin.py:190} INFO - Scraping page 1231...
[2025-03-28T12:24:22.225+0000] {logging_mixin.py:190} INFO - Scraping page 1232...
[2025-03-28T12:24:45.091+0000] {logging_mixin.py:190} INFO - Scraping page 1233...
[2025-03-28T12:25:06.174+0000] {logging_mixin.py:190} INFO - Scraping page 1234...
[2025-03-28T12:25:30.773+0000] {logging_mixin.py:190} INFO - Scraping page 1235...
[2025-03-28T12:25:52.091+0000] {logging_mixin.py:190} INFO - Scraping page 1236...
[2025-03-28T12:26:12.603+0000] {logging_mixin.py:190} INFO - Scraping page 1237...
[2025-03-28T12:26:35.139+0000] {logging_mixin.py:190} INFO - Scraping page 1238...
[2025-03-28T12:26:55.399+0000] {logging_mixin.py:190} INFO - Scraping page 1239...
[2025-03-28T12:27:18.978+0000] {logging_mixin.py:190} INFO - Scraping page 1240...
[2025-03-28T12:27:39.584+0000] {logging_mixin.py:190} INFO - Columns before rename: ['BIL.', 'KOD PROJEK', 'PEMAJU', 'PROJEK', 'NO. PERMIT', 'STATUS PROJEK KESELURUHAN', 'RINGKASAN PROJEK', 'Daerah Projek', 'Negeri Projek', 'Harga Minimum (RM)', 'Harga Maksimum (RM)']
[2025-03-28T12:27:39.605+0000] {logging_mixin.py:190} INFO -      Bil  ...                                  RINGKASAN PROJEK
0  30751  ...   https://teduh.kpkt.gov.my/project-swasta/2600-2
1  30752  ...   https://teduh.kpkt.gov.my/project-swasta/2600-1
2  30753  ...  https://teduh.kpkt.gov.my/project-swasta/2599-21
3  30754  ...  https://teduh.kpkt.gov.my/project-swasta/2599-20
4  30755  ...  https://teduh.kpkt.gov.my/project-swasta/2599-16
5  30756  ...  https://teduh.kpkt.gov.my/project-swasta/2599-14
6  30757  ...  https://teduh.kpkt.gov.my/project-swasta/2599-13
7  30758  ...  https://teduh.kpkt.gov.my/project-swasta/2599-12
8  30759  ...  https://teduh.kpkt.gov.my/project-swasta/2599-10
9  30760  ...   https://teduh.kpkt.gov.my/project-swasta/2599-9

[10 rows x 11 columns]
[2025-03-28T12:27:39.610+0000] {logging_mixin.py:190} INFO - CSV file created: /tmp/construction_20250328_batch_124_pages_1231_1240.csv
[2025-03-28T12:27:39.689+0000] {logging_mixin.py:190} INFO - Uploaded /tmp/construction_20250328_batch_124_pages_1231_1240.csv to minio://construction-web-scraping/teduh/construction_20250328_batch_124_pages_1231_1240.csv
[2025-03-28T12:27:39.690+0000] {logging_mixin.py:190} INFO - Batch 124 processed with 250 rows.
[2025-03-28T12:27:39.707+0000] {logging_mixin.py:190} INFO - Processing batch 125: pages 1241 to 1250
[2025-03-28T12:27:39.708+0000] {logging_mixin.py:190} INFO - Scraping page 1241...
[2025-03-28T12:27:59.658+0000] {logging_mixin.py:190} INFO - Scraping page 1242...
[2025-03-28T12:28:21.289+0000] {logging_mixin.py:190} INFO - Scraping page 1243...
[2025-03-28T12:28:41.374+0000] {logging_mixin.py:190} INFO - Scraping page 1244...
[2025-03-28T12:29:03.009+0000] {logging_mixin.py:190} INFO - Scraping page 1245...
[2025-03-28T12:29:23.081+0000] {logging_mixin.py:190} INFO - Scraping page 1246...
[2025-03-28T12:29:46.161+0000] {logging_mixin.py:190} INFO - Scraping page 1247...
[2025-03-28T12:30:06.452+0000] {logging_mixin.py:190} INFO - Scraping page 1248...
[2025-03-28T12:30:27.252+0000] {logging_mixin.py:190} INFO - Error scraping https://teduh.kpkt.gov.my/project-swasta/2036-2: HTTPSConnectionPool(host='teduh.kpkt.gov.my', port=443): Max retries exceeded with url: /project-swasta/2036-2 (Caused by ConnectTimeoutError(<urllib3.connection.HTTPSConnection object at 0x7f25e131a770>, 'Connection to teduh.kpkt.gov.my timed out. (connect timeout=10)'))
[2025-03-28T12:30:36.817+0000] {logging_mixin.py:190} INFO - Scraping page 1249...
[2025-03-28T12:31:00.809+0000] {logging_mixin.py:190} INFO - Scraping page 1250...
[2025-03-28T12:31:24.143+0000] {logging_mixin.py:190} INFO - Columns before rename: ['BIL.', 'KOD PROJEK', 'PEMAJU', 'PROJEK', 'NO. PERMIT', 'STATUS PROJEK KESELURUHAN', 'RINGKASAN PROJEK', 'Daerah Projek', 'Negeri Projek', 'Harga Minimum (RM)', 'Harga Maksimum (RM)']
[2025-03-28T12:31:24.167+0000] {logging_mixin.py:190} INFO -      Bil  ...                                 RINGKASAN PROJEK
0  31001  ...  https://teduh.kpkt.gov.my/project-swasta/2359-1
1  31002  ...  https://teduh.kpkt.gov.my/project-swasta/2354-7
2  31003  ...  https://teduh.kpkt.gov.my/project-swasta/2354-6
3  31004  ...  https://teduh.kpkt.gov.my/project-swasta/2354-5
4  31005  ...  https://teduh.kpkt.gov.my/project-swasta/2354-4
5  31006  ...  https://teduh.kpkt.gov.my/project-swasta/2354-3
6  31007  ...  https://teduh.kpkt.gov.my/project-swasta/2354-2
7  31008  ...  https://teduh.kpkt.gov.my/project-swasta/2354-1
8  31009  ...  https://teduh.kpkt.gov.my/project-swasta/2353-2
9  31010  ...  https://teduh.kpkt.gov.my/project-swasta/2353-1

[10 rows x 11 columns]
[2025-03-28T12:31:24.171+0000] {logging_mixin.py:190} INFO - CSV file created: /tmp/construction_20250328_batch_125_pages_1241_1250.csv
[2025-03-28T12:31:24.256+0000] {logging_mixin.py:190} INFO - Uploaded /tmp/construction_20250328_batch_125_pages_1241_1250.csv to minio://construction-web-scraping/teduh/construction_20250328_batch_125_pages_1241_1250.csv
[2025-03-28T12:31:24.259+0000] {logging_mixin.py:190} INFO - Batch 125 processed with 250 rows.
[2025-03-28T12:31:24.283+0000] {logging_mixin.py:190} INFO - Processing batch 126: pages 1251 to 1260
[2025-03-28T12:31:24.285+0000] {logging_mixin.py:190} INFO - Scraping page 1251...
[2025-03-28T12:31:39.012+0000] {logging_mixin.py:190} INFO - Error scraping https://teduh.kpkt.gov.my/project-swasta/2003-42: HTTPSConnectionPool(host='teduh.kpkt.gov.my', port=443): Max retries exceeded with url: /project-swasta/2003-42 (Caused by ConnectTimeoutError(<urllib3.connection.HTTPSConnection object at 0x7f25e08359c0>, 'Connection to teduh.kpkt.gov.my timed out. (connect timeout=10)'))
[2025-03-28T12:31:58.631+0000] {logging_mixin.py:190} INFO - Scraping page 1252...
[2025-03-28T12:32:28.145+0000] {logging_mixin.py:190} INFO - Scraping page 1253...
[2025-03-28T12:32:46.451+0000] {logging_mixin.py:190} INFO - Error scraping https://teduh.kpkt.gov.my/project-swasta/1890-5: HTTPSConnectionPool(host='teduh.kpkt.gov.my', port=443): Max retries exceeded with url: /project-swasta/1890-5 (Caused by ConnectTimeoutError(<urllib3.connection.HTTPSConnection object at 0x7f25e0a1cb50>, 'Connection to teduh.kpkt.gov.my timed out. (connect timeout=10)'))
[2025-03-28T12:33:00.173+0000] {logging_mixin.py:190} INFO - Scraping page 1254...
[2025-03-28T12:33:18.810+0000] {logging_mixin.py:190} INFO - Error scraping https://teduh.kpkt.gov.my/project-swasta/1860-2: HTTPSConnectionPool(host='teduh.kpkt.gov.my', port=443): Max retries exceeded with url: /project-swasta/1860-2 (Caused by ConnectTimeoutError(<urllib3.connection.HTTPSConnection object at 0x7f25e0e28610>, 'Connection to teduh.kpkt.gov.my timed out. (connect timeout=10)'))
[2025-03-28T12:33:31.853+0000] {logging_mixin.py:190} INFO - Scraping page 1255...
[2025-03-28T12:33:53.351+0000] {logging_mixin.py:190} INFO - Scraping page 1256...
[2025-03-28T12:34:13.246+0000] {logging_mixin.py:190} INFO - Scraping page 1257...
[2025-03-28T12:34:35.957+0000] {logging_mixin.py:190} INFO - Scraping page 1258...
[2025-03-28T12:34:56.996+0000] {logging_mixin.py:190} INFO - Scraping page 1259...
[2025-03-28T12:35:11.278+0000] {logging_mixin.py:190} INFO - Error scraping https://teduh.kpkt.gov.my/project-swasta/1723-101: HTTPSConnectionPool(host='teduh.kpkt.gov.my', port=443): Max retries exceeded with url: /project-swasta/1723-101 (Caused by ConnectTimeoutError(<urllib3.connection.HTTPSConnection object at 0x7f25e1023c70>, 'Connection to teduh.kpkt.gov.my timed out. (connect timeout=10)'))
[2025-03-28T12:35:30.265+0000] {logging_mixin.py:190} INFO - Scraping page 1260...
[2025-03-28T12:35:57.863+0000] {logging_mixin.py:190} INFO - Columns before rename: ['BIL.', 'KOD PROJEK', 'PEMAJU', 'PROJEK', 'NO. PERMIT', 'STATUS PROJEK KESELURUHAN', 'RINGKASAN PROJEK', 'Daerah Projek', 'Negeri Projek', 'Harga Minimum (RM)', 'Harga Maksimum (RM)']
[2025-03-28T12:35:57.885+0000] {logging_mixin.py:190} INFO -      Bil  ...                                  RINGKASAN PROJEK
0  31251  ...  https://teduh.kpkt.gov.my/project-swasta/2003-43
1  31252  ...  https://teduh.kpkt.gov.my/project-swasta/2003-42
2  31253  ...  https://teduh.kpkt.gov.my/project-swasta/2003-41
3  31254  ...  https://teduh.kpkt.gov.my/project-swasta/2003-40
4  31255  ...  https://teduh.kpkt.gov.my/project-swasta/2003-39
5  31256  ...  https://teduh.kpkt.gov.my/project-swasta/2003-38
6  31257  ...  https://teduh.kpkt.gov.my/project-swasta/2003-37
7  31258  ...  https://teduh.kpkt.gov.my/project-swasta/2003-36
8  31259  ...  https://teduh.kpkt.gov.my/project-swasta/2003-35
9  31260  ...  https://teduh.kpkt.gov.my/project-swasta/2003-34

[10 rows x 11 columns]
[2025-03-28T12:35:57.889+0000] {logging_mixin.py:190} INFO - CSV file created: /tmp/construction_20250328_batch_126_pages_1251_1260.csv
[2025-03-28T12:35:57.974+0000] {logging_mixin.py:190} INFO - Uploaded /tmp/construction_20250328_batch_126_pages_1251_1260.csv to minio://construction-web-scraping/teduh/construction_20250328_batch_126_pages_1251_1260.csv
[2025-03-28T12:35:57.976+0000] {logging_mixin.py:190} INFO - Batch 126 processed with 250 rows.
[2025-03-28T12:35:57.992+0000] {logging_mixin.py:190} INFO - Processing batch 127: pages 1261 to 1270
[2025-03-28T12:35:57.993+0000] {logging_mixin.py:190} INFO - Scraping page 1261...
[2025-03-28T12:36:19.168+0000] {logging_mixin.py:190} INFO - Scraping page 1262...
[2025-03-28T12:36:40.070+0000] {logging_mixin.py:190} INFO - Scraping page 1263...
[2025-03-28T12:37:03.206+0000] {logging_mixin.py:190} INFO - Scraping page 1264...
[2025-03-28T12:37:25.851+0000] {logging_mixin.py:190} INFO - Scraping page 1265...
[2025-03-28T12:37:51.843+0000] {logging_mixin.py:190} INFO - Scraping page 1266...
[2025-03-28T12:38:16.594+0000] {logging_mixin.py:190} INFO - Scraping page 1267...
[2025-03-28T12:38:39.183+0000] {logging_mixin.py:190} INFO - Scraping page 1268...
[2025-03-28T12:39:02.843+0000] {logging_mixin.py:190} INFO - Scraping page 1269...
[2025-03-28T12:39:22.993+0000] {logging_mixin.py:190} INFO - Scraping page 1270...
[2025-03-28T12:39:44.619+0000] {logging_mixin.py:190} INFO - Columns before rename: ['BIL.', 'KOD PROJEK', 'PEMAJU', 'PROJEK', 'NO. PERMIT', 'STATUS PROJEK KESELURUHAN', 'RINGKASAN PROJEK', 'Daerah Projek', 'Negeri Projek', 'Harga Minimum (RM)', 'Harga Maksimum (RM)']
[2025-03-28T12:39:44.633+0000] {logging_mixin.py:190} INFO -      Bil  ...                                  RINGKASAN PROJEK
0  31501  ...  https://teduh.kpkt.gov.my/project-swasta/1723-49
1  31502  ...  https://teduh.kpkt.gov.my/project-swasta/1723-48
2  31503  ...  https://teduh.kpkt.gov.my/project-swasta/1723-47
3  31504  ...  https://teduh.kpkt.gov.my/project-swasta/1723-46
4  31505  ...  https://teduh.kpkt.gov.my/project-swasta/1723-45
5  31506  ...  https://teduh.kpkt.gov.my/project-swasta/1723-44
6  31507  ...  https://teduh.kpkt.gov.my/project-swasta/1723-43
7  31508  ...  https://teduh.kpkt.gov.my/project-swasta/1723-42
8  31509  ...  https://teduh.kpkt.gov.my/project-swasta/1723-41
9  31510  ...  https://teduh.kpkt.gov.my/project-swasta/1723-40

[10 rows x 11 columns]
[2025-03-28T12:39:44.637+0000] {logging_mixin.py:190} INFO - CSV file created: /tmp/construction_20250328_batch_127_pages_1261_1270.csv
[2025-03-28T12:39:44.719+0000] {logging_mixin.py:190} INFO - Uploaded /tmp/construction_20250328_batch_127_pages_1261_1270.csv to minio://construction-web-scraping/teduh/construction_20250328_batch_127_pages_1261_1270.csv
[2025-03-28T12:39:44.721+0000] {logging_mixin.py:190} INFO - Batch 127 processed with 250 rows.
[2025-03-28T12:39:44.739+0000] {logging_mixin.py:190} INFO - Processing batch 128: pages 1271 to 1280
[2025-03-28T12:39:44.740+0000] {logging_mixin.py:190} INFO - Scraping page 1271...
[2025-03-28T12:40:05.674+0000] {logging_mixin.py:190} INFO - Scraping page 1272...
[2025-03-28T12:40:28.078+0000] {logging_mixin.py:190} INFO - Scraping page 1273...
[2025-03-28T12:40:52.719+0000] {logging_mixin.py:190} INFO - Scraping page 1274...
[2025-03-28T12:41:15.558+0000] {logging_mixin.py:190} INFO - Scraping page 1275...
[2025-03-28T12:41:40.798+0000] {logging_mixin.py:190} INFO - Scraping page 1276...
[2025-03-28T12:42:06.562+0000] {logging_mixin.py:190} INFO - Scraping page 1277...
[2025-03-28T12:42:30.010+0000] {logging_mixin.py:190} INFO - Scraping page 1278...
[2025-03-28T12:42:53.295+0000] {logging_mixin.py:190} INFO - Scraping page 1279...
[2025-03-28T12:43:19.276+0000] {logging_mixin.py:190} INFO - Scraping page 1280...
[2025-03-28T12:43:43.330+0000] {logging_mixin.py:190} INFO - Columns before rename: ['BIL.', 'KOD PROJEK', 'PEMAJU', 'PROJEK', 'NO. PERMIT', 'STATUS PROJEK KESELURUHAN', 'RINGKASAN PROJEK', 'Daerah Projek', 'Negeri Projek', 'Harga Minimum (RM)', 'Harga Maksimum (RM)']
[2025-03-28T12:43:43.346+0000] {logging_mixin.py:190} INFO -      Bil  ...                                 RINGKASAN PROJEK
0  31751  ...  https://teduh.kpkt.gov.my/project-swasta/1340-5
1  31752  ...  https://teduh.kpkt.gov.my/project-swasta/1340-4
2  31753  ...  https://teduh.kpkt.gov.my/project-swasta/1340-3
3  31754  ...  https://teduh.kpkt.gov.my/project-swasta/1340-2
4  31755  ...  https://teduh.kpkt.gov.my/project-swasta/1340-1
5  31756  ...  https://teduh.kpkt.gov.my/project-swasta/1329-7
6  31757  ...  https://teduh.kpkt.gov.my/project-swasta/1329-4
7  31758  ...  https://teduh.kpkt.gov.my/project-swasta/1329-1
8  31759  ...  https://teduh.kpkt.gov.my/project-swasta/1328-1
9  31760  ...  https://teduh.kpkt.gov.my/project-swasta/1324-2

[10 rows x 11 columns]
[2025-03-28T12:43:43.349+0000] {logging_mixin.py:190} INFO - CSV file created: /tmp/construction_20250328_batch_128_pages_1271_1280.csv
[2025-03-28T12:43:43.457+0000] {logging_mixin.py:190} INFO - Uploaded /tmp/construction_20250328_batch_128_pages_1271_1280.csv to minio://construction-web-scraping/teduh/construction_20250328_batch_128_pages_1271_1280.csv
[2025-03-28T12:43:43.459+0000] {logging_mixin.py:190} INFO - Batch 128 processed with 250 rows.
[2025-03-28T12:43:43.478+0000] {logging_mixin.py:190} INFO - Processing batch 129: pages 1281 to 1290
[2025-03-28T12:43:43.479+0000] {logging_mixin.py:190} INFO - Scraping page 1281...
[2025-03-28T12:44:07.725+0000] {logging_mixin.py:190} INFO - Scraping page 1282...
[2025-03-28T12:44:33.196+0000] {logging_mixin.py:190} INFO - Scraping page 1283...
[2025-03-28T12:44:57.193+0000] {logging_mixin.py:190} INFO - Scraping page 1284...
[2025-03-28T12:45:22.146+0000] {logging_mixin.py:190} INFO - Scraping page 1285...
[2025-03-28T12:45:49.710+0000] {logging_mixin.py:190} INFO - Scraping page 1286...
[2025-03-28T12:46:15.845+0000] {logging_mixin.py:190} INFO - Scraping page 1287...
[2025-03-28T12:46:42.398+0000] {logging_mixin.py:190} INFO - Scraping page 1288...
[2025-03-28T12:47:08.564+0000] {logging_mixin.py:190} INFO - Scraping page 1289...
[2025-03-28T12:47:31.224+0000] {logging_mixin.py:190} INFO - Scraping page 1290...
[2025-03-28T12:47:54.442+0000] {logging_mixin.py:190} INFO - Columns before rename: ['BIL.', 'KOD PROJEK', 'PEMAJU', 'PROJEK', 'NO. PERMIT', 'STATUS PROJEK KESELURUHAN', 'RINGKASAN PROJEK', 'Daerah Projek', 'Negeri Projek', 'Harga Minimum (RM)', 'Harga Maksimum (RM)']
[2025-03-28T12:47:54.457+0000] {logging_mixin.py:190} INFO -      Bil  ...                                 RINGKASAN PROJEK
0  32001  ...  https://teduh.kpkt.gov.my/project-swasta/1012-4
1  32002  ...  https://teduh.kpkt.gov.my/project-swasta/1012-3
2  32003  ...  https://teduh.kpkt.gov.my/project-swasta/1012-2
3  32004  ...  https://teduh.kpkt.gov.my/project-swasta/1012-1
4  32005  ...  https://teduh.kpkt.gov.my/project-swasta/1010-2
5  32006  ...  https://teduh.kpkt.gov.my/project-swasta/1009-5
6  32007  ...  https://teduh.kpkt.gov.my/project-swasta/1009-4
7  32008  ...  https://teduh.kpkt.gov.my/project-swasta/1009-3
8  32009  ...  https://teduh.kpkt.gov.my/project-swasta/1002-1
9  32010  ...   https://teduh.kpkt.gov.my/project-swasta/982-6

[10 rows x 11 columns]
[2025-03-28T12:47:54.460+0000] {logging_mixin.py:190} INFO - CSV file created: /tmp/construction_20250328_batch_129_pages_1281_1290.csv
[2025-03-28T12:47:54.523+0000] {logging_mixin.py:190} INFO - Uploaded /tmp/construction_20250328_batch_129_pages_1281_1290.csv to minio://construction-web-scraping/teduh/construction_20250328_batch_129_pages_1281_1290.csv
[2025-03-28T12:47:54.525+0000] {logging_mixin.py:190} INFO - Batch 129 processed with 250 rows.
[2025-03-28T12:47:54.539+0000] {logging_mixin.py:190} INFO - Processing batch 130: pages 1291 to 1300
[2025-03-28T12:47:54.541+0000] {logging_mixin.py:190} INFO - Scraping page 1291...
[2025-03-28T12:48:20.048+0000] {logging_mixin.py:190} INFO - Scraping page 1292...
[2025-03-28T12:48:37.965+0000] {logging_mixin.py:190} INFO - Scraping page 1293...
[2025-03-28T12:48:59.594+0000] {logging_mixin.py:190} INFO - Scraping page 1294...
[2025-03-28T12:49:25.376+0000] {logging_mixin.py:190} INFO - Scraping page 1295...
[2025-03-28T12:49:50.387+0000] {logging_mixin.py:190} INFO - Scraping page 1296...
[2025-03-28T12:50:13.152+0000] {logging_mixin.py:190} INFO - Scraping page 1297...
[2025-03-28T12:50:30.832+0000] {logging_mixin.py:190} INFO - Error scraping https://teduh.kpkt.gov.my/project-swasta/263-5: HTTPSConnectionPool(host='teduh.kpkt.gov.my', port=443): Max retries exceeded with url: /project-swasta/263-5 (Caused by ConnectTimeoutError(<urllib3.connection.HTTPSConnection object at 0x7f25e0a1cf40>, 'Connection to teduh.kpkt.gov.my timed out. (connect timeout=10)'))
[2025-03-28T12:50:41.730+0000] {logging_mixin.py:190} INFO - Scraping page 1298...
[2025-03-28T12:51:01.787+0000] {logging_mixin.py:190} INFO - Scraping page 1299...
[2025-03-28T12:51:21.201+0000] {logging_mixin.py:190} INFO - Scraping page 1300...
[2025-03-28T12:51:39.395+0000] {logging_mixin.py:190} INFO - Columns before rename: ['BIL.', 'KOD PROJEK', 'PEMAJU', 'PROJEK', 'NO. PERMIT', 'STATUS PROJEK KESELURUHAN', 'RINGKASAN PROJEK', 'Daerah Projek', 'Negeri Projek', 'Harga Minimum (RM)', 'Harga Maksimum (RM)']
[2025-03-28T12:51:39.409+0000] {logging_mixin.py:190} INFO -      Bil  ...                                 RINGKASAN PROJEK
0  32251  ...   https://teduh.kpkt.gov.my/project-swasta/506-2
1  32252  ...   https://teduh.kpkt.gov.my/project-swasta/506-1
2  32253  ...   https://teduh.kpkt.gov.my/project-swasta/505-1
3  32254  ...   https://teduh.kpkt.gov.my/project-swasta/494-1
4  32255  ...  https://teduh.kpkt.gov.my/project-swasta/490-27
5  32256  ...  https://teduh.kpkt.gov.my/project-swasta/490-26
6  32257  ...  https://teduh.kpkt.gov.my/project-swasta/490-25
7  32258  ...  https://teduh.kpkt.gov.my/project-swasta/490-24
8  32259  ...  https://teduh.kpkt.gov.my/project-swasta/490-23
9  32260  ...  https://teduh.kpkt.gov.my/project-swasta/490-22

[10 rows x 11 columns]
[2025-03-28T12:51:39.412+0000] {logging_mixin.py:190} INFO - CSV file created: /tmp/construction_20250328_batch_130_pages_1291_1300.csv
[2025-03-28T12:51:39.482+0000] {logging_mixin.py:190} INFO - Uploaded /tmp/construction_20250328_batch_130_pages_1291_1300.csv to minio://construction-web-scraping/teduh/construction_20250328_batch_130_pages_1291_1300.csv
[2025-03-28T12:51:39.484+0000] {logging_mixin.py:190} INFO - Batch 130 processed with 250 rows.
[2025-03-28T12:51:39.510+0000] {logging_mixin.py:190} INFO - Processing batch 131: pages 1301 to 1310
[2025-03-28T12:51:39.514+0000] {logging_mixin.py:190} INFO - Scraping page 1301...
[2025-03-28T12:52:08.675+0000] {logging_mixin.py:190} INFO - Scraping page 1302...
[2025-03-28T12:52:28.066+0000] {logging_mixin.py:190} INFO - Scraping page 1303...
[2025-03-28T12:52:55.350+0000] {logging_mixin.py:190} INFO - Scraping page 1304...
[2025-03-28T12:53:14.505+0000] {logging_mixin.py:190} INFO - Scraping page 1305...
[2025-03-28T12:53:41.569+0000] {logging_mixin.py:190} INFO - Scraping page 1306...
[2025-03-28T12:54:04.806+0000] {logging_mixin.py:190} INFO - Error scraping https://teduh.kpkt.gov.my/project-swasta/1-4: HTTPSConnectionPool(host='teduh.kpkt.gov.my', port=443): Max retries exceeded with url: /project-swasta/1-4 (Caused by ConnectTimeoutError(<urllib3.connection.HTTPSConnection object at 0x7f25e0556410>, 'Connection to teduh.kpkt.gov.my timed out. (connect timeout=10)'))
[2025-03-28T12:54:06.841+0000] {logging_mixin.py:190} INFO - Scraping page 1307...
[2025-03-28T12:54:10.606+0000] {logging_mixin.py:190} INFO - No rows found on page 1307. Ending batch loop.
[2025-03-28T12:54:10.609+0000] {logging_mixin.py:190} INFO - Columns before rename: ['BIL.', 'KOD PROJEK', 'PEMAJU', 'PROJEK', 'NO. PERMIT', 'STATUS PROJEK KESELURUHAN', 'RINGKASAN PROJEK', 'Daerah Projek', 'Negeri Projek', 'Harga Minimum (RM)', 'Harga Maksimum (RM)']
[2025-03-28T12:54:10.626+0000] {logging_mixin.py:190} INFO -      Bil  ...                                RINGKASAN PROJEK
0  32501  ...  https://teduh.kpkt.gov.my/project-swasta/132-5
1  32502  ...  https://teduh.kpkt.gov.my/project-swasta/132-3
2  32503  ...  https://teduh.kpkt.gov.my/project-swasta/132-2
3  32504  ...  https://teduh.kpkt.gov.my/project-swasta/132-1
4  32505  ...  https://teduh.kpkt.gov.my/project-swasta/131-7
5  32506  ...  https://teduh.kpkt.gov.my/project-swasta/131-6
6  32507  ...  https://teduh.kpkt.gov.my/project-swasta/131-5
7  32508  ...  https://teduh.kpkt.gov.my/project-swasta/131-4
8  32509  ...  https://teduh.kpkt.gov.my/project-swasta/131-3
9  32510  ...  https://teduh.kpkt.gov.my/project-swasta/131-1

[10 rows x 11 columns]
[2025-03-28T12:54:10.629+0000] {logging_mixin.py:190} INFO - CSV file created: /tmp/construction_20250328_batch_131_pages_1301_1310.csv
[2025-03-28T12:54:10.697+0000] {logging_mixin.py:190} INFO - Uploaded /tmp/construction_20250328_batch_131_pages_1301_1310.csv to minio://construction-web-scraping/teduh/construction_20250328_batch_131_pages_1301_1310.csv
[2025-03-28T12:54:10.698+0000] {logging_mixin.py:190} INFO - Batch 131 processed with 140 rows.
[2025-03-28T12:54:10.713+0000] {logging_mixin.py:190} INFO - Scraping complete. Total rows scraped: 7280
[2025-03-28T12:54:10.715+0000] {python.py:240} INFO - Done. Returned value was: None
[2025-03-28T12:54:10.728+0000] {taskinstance.py:341} INFO - ::group::Post task execution logs
[2025-03-28T12:54:10.730+0000] {taskinstance.py:353} INFO - Marking task as SUCCESS. dag_id=split_web_scraping_v02, task_id=scrape_and_store, run_id=manual__2025-03-28T11:51:02.737836+00:00, execution_date=20250328T115102, start_date=20250328T115811, end_date=20250328T125410
[2025-03-28T12:54:10.807+0000] {local_task_job_runner.py:266} INFO - Task exited with return code 0
[2025-03-28T12:54:10.884+0000] {taskinstance.py:3901} INFO - 0 downstream tasks scheduled from follow-on schedule check
[2025-03-28T12:54:10.888+0000] {local_task_job_runner.py:245} INFO - ::endgroup::
