[2025-03-28T11:55:44.826+0000] {local_task_job_runner.py:123} INFO - ::group::Pre task execution logs
[2025-03-28T11:55:44.848+0000] {taskinstance.py:2614} INFO - Dependencies all met for dep_context=non-requeueable deps ti=<TaskInstance: split_web_scraping_v02.scrape_and_store manual__2025-03-28T11:53:16.327908+00:00 [queued]>
[2025-03-28T11:55:44.859+0000] {taskinstance.py:2614} INFO - Dependencies all met for dep_context=requeueable deps ti=<TaskInstance: split_web_scraping_v02.scrape_and_store manual__2025-03-28T11:53:16.327908+00:00 [queued]>
[2025-03-28T11:55:44.860+0000] {taskinstance.py:2867} INFO - Starting attempt 2 of 7
[2025-03-28T11:55:44.886+0000] {taskinstance.py:2890} INFO - Executing <Task(PythonOperator): scrape_and_store> on 2025-03-28 11:53:16.327908+00:00
[2025-03-28T11:55:44.893+0000] {standard_task_runner.py:72} INFO - Started process 13124 to run task
[2025-03-28T11:55:44.900+0000] {standard_task_runner.py:104} INFO - Running: ['***', 'tasks', 'run', 'split_web_scraping_v02', 'scrape_and_store', 'manual__2025-03-28T11:53:16.327908+00:00', '--job-id', '93', '--raw', '--subdir', 'DAGS_FOLDER/split_web_scraping.py', '--cfg-path', '/tmp/tmpsv556zq3']
[2025-03-28T11:55:44.904+0000] {standard_task_runner.py:105} INFO - Job 93: Subtask scrape_and_store
[2025-03-28T11:55:44.973+0000] {task_command.py:467} INFO - Running <TaskInstance: split_web_scraping_v02.scrape_and_store manual__2025-03-28T11:53:16.327908+00:00 [running]> on host ce237b7c39e9
[2025-03-28T11:55:45.086+0000] {taskinstance.py:3134} INFO - Exporting env vars: AIRFLOW_CTX_DAG_OWNER='waiyong' AIRFLOW_CTX_DAG_ID='split_web_scraping_v02' AIRFLOW_CTX_TASK_ID='scrape_and_store' AIRFLOW_CTX_EXECUTION_DATE='2025-03-28T11:53:16.327908+00:00' AIRFLOW_CTX_TRY_NUMBER='2' AIRFLOW_CTX_DAG_RUN_ID='manual__2025-03-28T11:53:16.327908+00:00'
[2025-03-28T11:55:45.089+0000] {taskinstance.py:732} INFO - ::endgroup::
[2025-03-28T11:55:45.142+0000] {logging_mixin.py:190} INFO - Processing batch 117: pages 1161 to 1170
[2025-03-28T11:55:45.144+0000] {logging_mixin.py:190} INFO - Scraping page 1161...
[2025-03-28T11:56:03.964+0000] {logging_mixin.py:190} INFO - Scraping page 1162...
[2025-03-28T11:56:21.021+0000] {logging_mixin.py:190} INFO - Scraping page 1163...
[2025-03-28T11:56:38.696+0000] {logging_mixin.py:190} INFO - Scraping page 1164...
[2025-03-28T11:56:56.466+0000] {logging_mixin.py:190} INFO - Scraping page 1165...
[2025-03-28T11:57:15.339+0000] {logging_mixin.py:190} INFO - Scraping page 1166...
[2025-03-28T11:57:33.657+0000] {logging_mixin.py:190} INFO - Scraping page 1167...
[2025-03-28T11:57:53.452+0000] {logging_mixin.py:190} INFO - Scraping page 1168...
[2025-03-28T11:58:14.763+0000] {logging_mixin.py:190} INFO - Scraping page 1169...
[2025-03-28T11:58:34.484+0000] {logging_mixin.py:190} INFO - Scraping page 1170...
[2025-03-28T11:58:54.580+0000] {logging_mixin.py:190} INFO - Columns before rename: ['BIL.', 'KOD PROJEK', 'PEMAJU', 'PROJEK', 'NO. PERMIT', 'STATUS PROJEK KESELURUHAN', 'RINGKASAN PROJEK', 'Daerah Projek', 'Negeri Projek', 'Harga Minimum (RM)', 'Harga Maksimum (RM)']
[2025-03-28T11:58:54.600+0000] {logging_mixin.py:190} INFO -      Bil  ...                                 RINGKASAN PROJEK
0  29001  ...  https://teduh.kpkt.gov.my/project-swasta/4087-7
1  29002  ...  https://teduh.kpkt.gov.my/project-swasta/4087-6
2  29003  ...  https://teduh.kpkt.gov.my/project-swasta/4087-2
3  29004  ...  https://teduh.kpkt.gov.my/project-swasta/4087-1
4  29005  ...  https://teduh.kpkt.gov.my/project-swasta/4084-4
5  29006  ...  https://teduh.kpkt.gov.my/project-swasta/4084-1
6  29007  ...  https://teduh.kpkt.gov.my/project-swasta/4081-4
7  29008  ...  https://teduh.kpkt.gov.my/project-swasta/4081-3
8  29009  ...  https://teduh.kpkt.gov.my/project-swasta/4081-1
9  29010  ...  https://teduh.kpkt.gov.my/project-swasta/4080-5

[10 rows x 11 columns]
[2025-03-28T11:58:54.608+0000] {logging_mixin.py:190} INFO - CSV file created: /tmp/construction_20250328_batch_117_pages_1161_1170.csv
[2025-03-28T11:58:54.670+0000] {logging_mixin.py:190} INFO - Uploaded /tmp/construction_20250328_batch_117_pages_1161_1170.csv to minio://construction-web-scraping/teduh/construction_20250328_batch_117_pages_1161_1170.csv
[2025-03-28T11:58:54.672+0000] {logging_mixin.py:190} INFO - Batch 117 processed with 250 rows.
[2025-03-28T11:58:54.689+0000] {logging_mixin.py:190} INFO - Processing batch 118: pages 1171 to 1180
[2025-03-28T11:58:54.690+0000] {logging_mixin.py:190} INFO - Scraping page 1171...
[2025-03-28T11:59:15.133+0000] {logging_mixin.py:190} INFO - Scraping page 1172...
[2025-03-28T11:59:35.585+0000] {logging_mixin.py:190} INFO - Scraping page 1173...
[2025-03-28T11:59:56.443+0000] {logging_mixin.py:190} INFO - Scraping page 1174...
[2025-03-28T12:00:21.321+0000] {logging_mixin.py:190} INFO - Scraping page 1175...
[2025-03-28T12:00:44.194+0000] {logging_mixin.py:190} INFO - Scraping page 1176...
[2025-03-28T12:01:06.401+0000] {logging_mixin.py:190} INFO - Scraping page 1177...
[2025-03-28T12:01:28.139+0000] {logging_mixin.py:190} INFO - Scraping page 1178...
[2025-03-28T12:01:46.665+0000] {logging_mixin.py:190} INFO - Scraping page 1179...
[2025-03-28T12:02:07.082+0000] {logging_mixin.py:190} INFO - Scraping page 1180...
[2025-03-28T12:02:35.908+0000] {logging_mixin.py:190} INFO - Columns before rename: ['BIL.', 'KOD PROJEK', 'PEMAJU', 'PROJEK', 'NO. PERMIT', 'STATUS PROJEK KESELURUHAN', 'RINGKASAN PROJEK', 'Daerah Projek', 'Negeri Projek', 'Harga Minimum (RM)', 'Harga Maksimum (RM)']
[2025-03-28T12:02:35.924+0000] {logging_mixin.py:190} INFO -      Bil  ...                                  RINGKASAN PROJEK
0  29251  ...  https://teduh.kpkt.gov.my/project-swasta/3932-32
1  29252  ...  https://teduh.kpkt.gov.my/project-swasta/3932-31
2  29253  ...  https://teduh.kpkt.gov.my/project-swasta/3932-30
3  29254  ...  https://teduh.kpkt.gov.my/project-swasta/3932-29
4  29255  ...  https://teduh.kpkt.gov.my/project-swasta/3932-28
5  29256  ...  https://teduh.kpkt.gov.my/project-swasta/3932-26
6  29257  ...  https://teduh.kpkt.gov.my/project-swasta/3932-25
7  29258  ...  https://teduh.kpkt.gov.my/project-swasta/3932-15
8  29259  ...  https://teduh.kpkt.gov.my/project-swasta/3932-14
9  29260  ...  https://teduh.kpkt.gov.my/project-swasta/3932-13

[10 rows x 11 columns]
[2025-03-28T12:02:35.928+0000] {logging_mixin.py:190} INFO - CSV file created: /tmp/construction_20250328_batch_118_pages_1171_1180.csv
[2025-03-28T12:02:35.983+0000] {logging_mixin.py:190} INFO - Uploaded /tmp/construction_20250328_batch_118_pages_1171_1180.csv to minio://construction-web-scraping/teduh/construction_20250328_batch_118_pages_1171_1180.csv
[2025-03-28T12:02:35.985+0000] {logging_mixin.py:190} INFO - Batch 118 processed with 250 rows.
[2025-03-28T12:02:35.999+0000] {logging_mixin.py:190} INFO - Processing batch 119: pages 1181 to 1190
[2025-03-28T12:02:36.001+0000] {logging_mixin.py:190} INFO - Scraping page 1181...
[2025-03-28T12:02:54.984+0000] {logging_mixin.py:190} INFO - Scraping page 1182...
[2025-03-28T12:03:16.032+0000] {logging_mixin.py:190} INFO - Error processing batch 119: HTTPSConnectionPool(host='teduh.kpkt.gov.my', port=443): Max retries exceeded with url: /project-swasta?page=1182 (Caused by NewConnectionError('<urllib3.connection.HTTPSConnection object at 0x7f25e117c700>: Failed to establish a new connection: [Errno 111] Connection refused'))
[2025-03-28T12:03:16.047+0000] {logging_mixin.py:190} INFO - Processing batch 120: pages 1191 to 1200
[2025-03-28T12:03:16.049+0000] {logging_mixin.py:190} INFO - Scraping page 1191...
[2025-03-28T12:03:37.667+0000] {logging_mixin.py:190} INFO - Scraping page 1192...
[2025-03-28T12:03:58.040+0000] {logging_mixin.py:190} INFO - Scraping page 1193...
[2025-03-28T12:04:16.695+0000] {logging_mixin.py:190} INFO - Scraping page 1194...
[2025-03-28T12:04:38.122+0000] {logging_mixin.py:190} INFO - Scraping page 1195...
[2025-03-28T12:05:01.683+0000] {logging_mixin.py:190} INFO - Scraping page 1196...
[2025-03-28T12:05:24.624+0000] {logging_mixin.py:190} INFO - Scraping page 1197...
[2025-03-28T12:05:46.704+0000] {logging_mixin.py:190} INFO - Scraping page 1198...
[2025-03-28T12:06:10.584+0000] {logging_mixin.py:190} INFO - Scraping page 1199...
[2025-03-28T12:06:30.971+0000] {logging_mixin.py:190} INFO - Scraping page 1200...
[2025-03-28T12:07:03.088+0000] {logging_mixin.py:190} INFO - Error scraping https://teduh.kpkt.gov.my/project-swasta/3336-3: HTTPSConnectionPool(host='teduh.kpkt.gov.my', port=443): Max retries exceeded with url: /project-swasta/3336-3 (Caused by ConnectTimeoutError(<urllib3.connection.HTTPSConnection object at 0x7f25e06e9180>, 'Connection to teduh.kpkt.gov.my timed out. (connect timeout=10)'))
[2025-03-28T12:07:05.381+0000] {logging_mixin.py:190} INFO - Columns before rename: ['BIL.', 'KOD PROJEK', 'PEMAJU', 'PROJEK', 'NO. PERMIT', 'STATUS PROJEK KESELURUHAN', 'RINGKASAN PROJEK', 'Daerah Projek', 'Negeri Projek', 'Harga Minimum (RM)', 'Harga Maksimum (RM)']
[2025-03-28T12:07:05.399+0000] {logging_mixin.py:190} INFO -      Bil  ...                                  RINGKASAN PROJEK
0  29751  ...   https://teduh.kpkt.gov.my/project-swasta/3591-1
1  29752  ...   https://teduh.kpkt.gov.my/project-swasta/3589-1
2  29753  ...   https://teduh.kpkt.gov.my/project-swasta/3586-2
3  29754  ...   https://teduh.kpkt.gov.my/project-swasta/3586-1
4  29755  ...   https://teduh.kpkt.gov.my/project-swasta/3585-4
5  29756  ...   https://teduh.kpkt.gov.my/project-swasta/3585-3
6  29757  ...   https://teduh.kpkt.gov.my/project-swasta/3585-2
7  29758  ...   https://teduh.kpkt.gov.my/project-swasta/3585-1
8  29759  ...  https://teduh.kpkt.gov.my/project-swasta/3584-16
9  29760  ...  https://teduh.kpkt.gov.my/project-swasta/3584-15

[10 rows x 11 columns]
[2025-03-28T12:07:05.403+0000] {logging_mixin.py:190} INFO - CSV file created: /tmp/construction_20250328_batch_120_pages_1191_1200.csv
[2025-03-28T12:07:05.458+0000] {logging_mixin.py:190} INFO - Uploaded /tmp/construction_20250328_batch_120_pages_1191_1200.csv to minio://construction-web-scraping/teduh/construction_20250328_batch_120_pages_1191_1200.csv
[2025-03-28T12:07:05.460+0000] {logging_mixin.py:190} INFO - Batch 120 processed with 250 rows.
[2025-03-28T12:07:05.478+0000] {logging_mixin.py:190} INFO - Processing batch 121: pages 1201 to 1210
[2025-03-28T12:07:05.480+0000] {logging_mixin.py:190} INFO - Scraping page 1201...
[2025-03-28T12:07:27.019+0000] {logging_mixin.py:190} INFO - Scraping page 1202...
[2025-03-28T12:07:47.858+0000] {logging_mixin.py:190} INFO - Scraping page 1203...
[2025-03-28T12:08:15.195+0000] {logging_mixin.py:190} INFO - Scraping page 1204...
[2025-03-28T12:08:36.498+0000] {logging_mixin.py:190} INFO - Scraping page 1205...
[2025-03-28T12:08:58.048+0000] {logging_mixin.py:190} INFO - Scraping page 1206...
[2025-03-28T12:09:21.116+0000] {logging_mixin.py:190} INFO - Scraping page 1207...
[2025-03-28T12:09:44.750+0000] {logging_mixin.py:190} INFO - Scraping page 1208...
[2025-03-28T12:10:09.867+0000] {logging_mixin.py:190} INFO - Scraping page 1209...
[2025-03-28T12:10:33.787+0000] {logging_mixin.py:190} INFO - Scraping page 1210...
[2025-03-28T12:10:57.134+0000] {logging_mixin.py:190} INFO - Columns before rename: ['BIL.', 'KOD PROJEK', 'PEMAJU', 'PROJEK', 'NO. PERMIT', 'STATUS PROJEK KESELURUHAN', 'RINGKASAN PROJEK', 'Daerah Projek', 'Negeri Projek', 'Harga Minimum (RM)', 'Harga Maksimum (RM)']
[2025-03-28T12:10:57.153+0000] {logging_mixin.py:190} INFO -      Bil  ...                                  RINGKASAN PROJEK
0  30001  ...   https://teduh.kpkt.gov.my/project-swasta/3329-2
1  30002  ...   https://teduh.kpkt.gov.my/project-swasta/3329-1
2  30003  ...   https://teduh.kpkt.gov.my/project-swasta/3326-4
3  30004  ...   https://teduh.kpkt.gov.my/project-swasta/3326-3
4  30005  ...   https://teduh.kpkt.gov.my/project-swasta/3326-2
5  30006  ...  https://teduh.kpkt.gov.my/project-swasta/3322-36
6  30007  ...  https://teduh.kpkt.gov.my/project-swasta/3322-35
7  30008  ...  https://teduh.kpkt.gov.my/project-swasta/3322-34
8  30009  ...  https://teduh.kpkt.gov.my/project-swasta/3322-33
9  30010  ...  https://teduh.kpkt.gov.my/project-swasta/3322-31

[10 rows x 11 columns]
[2025-03-28T12:10:57.157+0000] {logging_mixin.py:190} INFO - CSV file created: /tmp/construction_20250328_batch_121_pages_1201_1210.csv
[2025-03-28T12:10:58.171+0000] {logging_mixin.py:190} INFO - Uploaded /tmp/construction_20250328_batch_121_pages_1201_1210.csv to minio://construction-web-scraping/teduh/construction_20250328_batch_121_pages_1201_1210.csv
[2025-03-28T12:10:58.172+0000] {logging_mixin.py:190} INFO - Batch 121 processed with 250 rows.
[2025-03-28T12:10:58.185+0000] {logging_mixin.py:190} INFO - Processing batch 122: pages 1211 to 1220
[2025-03-28T12:10:58.187+0000] {logging_mixin.py:190} INFO - Scraping page 1211...
[2025-03-28T12:11:21.932+0000] {logging_mixin.py:190} INFO - Scraping page 1212...
[2025-03-28T12:11:48.272+0000] {logging_mixin.py:190} INFO - Scraping page 1213...
[2025-03-28T12:12:09.863+0000] {logging_mixin.py:190} INFO - Scraping page 1214...
[2025-03-28T12:12:30.129+0000] {logging_mixin.py:190} INFO - Scraping page 1215...
[2025-03-28T12:12:56.153+0000] {logging_mixin.py:190} INFO - Scraping page 1216...
[2025-03-28T12:13:17.708+0000] {logging_mixin.py:190} INFO - Scraping page 1217...
[2025-03-28T12:13:39.841+0000] {logging_mixin.py:190} INFO - Scraping page 1218...
[2025-03-28T12:14:09.297+0000] {logging_mixin.py:190} INFO - Scraping page 1219...
[2025-03-28T12:14:32.759+0000] {logging_mixin.py:190} INFO - Scraping page 1220...
[2025-03-28T12:14:54.499+0000] {logging_mixin.py:190} INFO - Columns before rename: ['BIL.', 'KOD PROJEK', 'PEMAJU', 'PROJEK', 'NO. PERMIT', 'STATUS PROJEK KESELURUHAN', 'RINGKASAN PROJEK', 'Daerah Projek', 'Negeri Projek', 'Harga Minimum (RM)', 'Harga Maksimum (RM)']
[2025-03-28T12:14:54.518+0000] {logging_mixin.py:190} INFO -      Bil  ...                                  RINGKASAN PROJEK
0  30251  ...   https://teduh.kpkt.gov.my/project-swasta/3076-4
1  30252  ...   https://teduh.kpkt.gov.my/project-swasta/3076-3
2  30253  ...   https://teduh.kpkt.gov.my/project-swasta/3076-2
3  30254  ...   https://teduh.kpkt.gov.my/project-swasta/3076-1
4  30255  ...   https://teduh.kpkt.gov.my/project-swasta/3073-1
5  30256  ...  https://teduh.kpkt.gov.my/project-swasta/3067-18
6  30257  ...  https://teduh.kpkt.gov.my/project-swasta/3067-17
7  30258  ...  https://teduh.kpkt.gov.my/project-swasta/3067-16
8  30259  ...  https://teduh.kpkt.gov.my/project-swasta/3067-15
9  30260  ...  https://teduh.kpkt.gov.my/project-swasta/3067-14

[10 rows x 11 columns]
[2025-03-28T12:14:54.523+0000] {logging_mixin.py:190} INFO - CSV file created: /tmp/construction_20250328_batch_122_pages_1211_1220.csv
[2025-03-28T12:14:54.591+0000] {logging_mixin.py:190} INFO - Uploaded /tmp/construction_20250328_batch_122_pages_1211_1220.csv to minio://construction-web-scraping/teduh/construction_20250328_batch_122_pages_1211_1220.csv
[2025-03-28T12:14:54.593+0000] {logging_mixin.py:190} INFO - Batch 122 processed with 250 rows.
[2025-03-28T12:14:54.610+0000] {logging_mixin.py:190} INFO - Processing batch 123: pages 1221 to 1230
[2025-03-28T12:14:54.611+0000] {logging_mixin.py:190} INFO - Scraping page 1221...
[2025-03-28T12:15:14.792+0000] {logging_mixin.py:190} INFO - Scraping page 1222...
[2025-03-28T12:15:36.943+0000] {logging_mixin.py:190} INFO - Scraping page 1223...
[2025-03-28T12:15:59.258+0000] {logging_mixin.py:190} INFO - Scraping page 1224...
[2025-03-28T12:16:18.591+0000] {logging_mixin.py:190} INFO - Scraping page 1225...
[2025-03-28T12:16:38.599+0000] {logging_mixin.py:190} INFO - Scraping page 1226...
[2025-03-28T12:16:58.819+0000] {logging_mixin.py:190} INFO - Scraping page 1227...
[2025-03-28T12:17:21.000+0000] {logging_mixin.py:190} INFO - Scraping page 1228...
[2025-03-28T12:17:41.768+0000] {logging_mixin.py:190} INFO - Scraping page 1229...
[2025-03-28T12:18:03.928+0000] {logging_mixin.py:190} INFO - Scraping page 1230...
[2025-03-28T12:18:24.083+0000] {logging_mixin.py:190} INFO - Columns before rename: ['BIL.', 'KOD PROJEK', 'PEMAJU', 'PROJEK', 'NO. PERMIT', 'STATUS PROJEK KESELURUHAN', 'RINGKASAN PROJEK', 'Daerah Projek', 'Negeri Projek', 'Harga Minimum (RM)', 'Harga Maksimum (RM)']
[2025-03-28T12:18:24.099+0000] {logging_mixin.py:190} INFO -      Bil  ...                                  RINGKASAN PROJEK
0  30501  ...   https://teduh.kpkt.gov.my/project-swasta/2842-5
1  30502  ...   https://teduh.kpkt.gov.my/project-swasta/2842-4
2  30503  ...   https://teduh.kpkt.gov.my/project-swasta/2842-3
3  30504  ...   https://teduh.kpkt.gov.my/project-swasta/2842-2
4  30505  ...   https://teduh.kpkt.gov.my/project-swasta/2842-1
5  30506  ...  https://teduh.kpkt.gov.my/project-swasta/2832-16
6  30507  ...  https://teduh.kpkt.gov.my/project-swasta/2832-15
7  30508  ...  https://teduh.kpkt.gov.my/project-swasta/2832-14
8  30509  ...  https://teduh.kpkt.gov.my/project-swasta/2832-13
9  30510  ...  https://teduh.kpkt.gov.my/project-swasta/2832-12

[10 rows x 11 columns]
[2025-03-28T12:18:24.102+0000] {logging_mixin.py:190} INFO - CSV file created: /tmp/construction_20250328_batch_123_pages_1221_1230.csv
[2025-03-28T12:18:24.152+0000] {logging_mixin.py:190} INFO - Uploaded /tmp/construction_20250328_batch_123_pages_1221_1230.csv to minio://construction-web-scraping/teduh/construction_20250328_batch_123_pages_1221_1230.csv
[2025-03-28T12:18:24.153+0000] {logging_mixin.py:190} INFO - Batch 123 processed with 250 rows.
[2025-03-28T12:18:24.167+0000] {logging_mixin.py:190} INFO - Processing batch 124: pages 1231 to 1240
[2025-03-28T12:18:24.169+0000] {logging_mixin.py:190} INFO - Scraping page 1231...
[2025-03-28T12:18:45.439+0000] {logging_mixin.py:190} INFO - Scraping page 1232...
[2025-03-28T12:19:04.252+0000] {logging_mixin.py:190} INFO - Scraping page 1233...
[2025-03-28T12:19:24.929+0000] {logging_mixin.py:190} INFO - Scraping page 1234...
[2025-03-28T12:19:44.520+0000] {logging_mixin.py:190} INFO - Scraping page 1235...
[2025-03-28T12:20:06.797+0000] {logging_mixin.py:190} INFO - Scraping page 1236...
[2025-03-28T12:20:25.785+0000] {logging_mixin.py:190} INFO - Scraping page 1237...
[2025-03-28T12:20:45.069+0000] {logging_mixin.py:190} INFO - Scraping page 1238...
[2025-03-28T12:21:13.642+0000] {logging_mixin.py:190} INFO - Scraping page 1239...
[2025-03-28T12:21:36.878+0000] {logging_mixin.py:190} INFO - Scraping page 1240...
[2025-03-28T12:21:58.973+0000] {logging_mixin.py:190} INFO - Columns before rename: ['BIL.', 'KOD PROJEK', 'PEMAJU', 'PROJEK', 'NO. PERMIT', 'STATUS PROJEK KESELURUHAN', 'RINGKASAN PROJEK', 'Daerah Projek', 'Negeri Projek', 'Harga Minimum (RM)', 'Harga Maksimum (RM)']
[2025-03-28T12:21:58.992+0000] {logging_mixin.py:190} INFO -      Bil  ...                                  RINGKASAN PROJEK
0  30751  ...   https://teduh.kpkt.gov.my/project-swasta/2600-2
1  30752  ...   https://teduh.kpkt.gov.my/project-swasta/2600-1
2  30753  ...  https://teduh.kpkt.gov.my/project-swasta/2599-21
3  30754  ...  https://teduh.kpkt.gov.my/project-swasta/2599-20
4  30755  ...  https://teduh.kpkt.gov.my/project-swasta/2599-16
5  30756  ...  https://teduh.kpkt.gov.my/project-swasta/2599-14
6  30757  ...  https://teduh.kpkt.gov.my/project-swasta/2599-13
7  30758  ...  https://teduh.kpkt.gov.my/project-swasta/2599-12
8  30759  ...  https://teduh.kpkt.gov.my/project-swasta/2599-10
9  30760  ...   https://teduh.kpkt.gov.my/project-swasta/2599-9

[10 rows x 11 columns]
[2025-03-28T12:21:58.995+0000] {logging_mixin.py:190} INFO - CSV file created: /tmp/construction_20250328_batch_124_pages_1231_1240.csv
[2025-03-28T12:21:59.047+0000] {logging_mixin.py:190} INFO - Uploaded /tmp/construction_20250328_batch_124_pages_1231_1240.csv to minio://construction-web-scraping/teduh/construction_20250328_batch_124_pages_1231_1240.csv
[2025-03-28T12:21:59.049+0000] {logging_mixin.py:190} INFO - Batch 124 processed with 250 rows.
[2025-03-28T12:21:59.063+0000] {logging_mixin.py:190} INFO - Processing batch 125: pages 1241 to 1250
[2025-03-28T12:21:59.065+0000] {logging_mixin.py:190} INFO - Scraping page 1241...
[2025-03-28T12:22:23.124+0000] {logging_mixin.py:190} INFO - Scraping page 1242...
[2025-03-28T12:22:45.177+0000] {logging_mixin.py:190} INFO - Scraping page 1243...
[2025-03-28T12:23:09.226+0000] {logging_mixin.py:190} INFO - Scraping page 1244...
[2025-03-28T12:23:32.559+0000] {logging_mixin.py:190} INFO - Scraping page 1245...
[2025-03-28T12:23:55.554+0000] {logging_mixin.py:190} INFO - Scraping page 1246...
[2025-03-28T12:24:19.579+0000] {logging_mixin.py:190} INFO - Scraping page 1247...
[2025-03-28T12:24:42.211+0000] {logging_mixin.py:190} INFO - Scraping page 1248...
[2025-03-28T12:25:05.623+0000] {logging_mixin.py:190} INFO - Scraping page 1249...
[2025-03-28T12:25:28.892+0000] {logging_mixin.py:190} INFO - Scraping page 1250...
[2025-03-28T12:25:53.394+0000] {logging_mixin.py:190} INFO - Columns before rename: ['BIL.', 'KOD PROJEK', 'PEMAJU', 'PROJEK', 'NO. PERMIT', 'STATUS PROJEK KESELURUHAN', 'RINGKASAN PROJEK', 'Daerah Projek', 'Negeri Projek', 'Harga Minimum (RM)', 'Harga Maksimum (RM)']
[2025-03-28T12:25:53.412+0000] {logging_mixin.py:190} INFO -      Bil  ...                                 RINGKASAN PROJEK
0  31001  ...  https://teduh.kpkt.gov.my/project-swasta/2359-1
1  31002  ...  https://teduh.kpkt.gov.my/project-swasta/2354-7
2  31003  ...  https://teduh.kpkt.gov.my/project-swasta/2354-6
3  31004  ...  https://teduh.kpkt.gov.my/project-swasta/2354-5
4  31005  ...  https://teduh.kpkt.gov.my/project-swasta/2354-4
5  31006  ...  https://teduh.kpkt.gov.my/project-swasta/2354-3
6  31007  ...  https://teduh.kpkt.gov.my/project-swasta/2354-2
7  31008  ...  https://teduh.kpkt.gov.my/project-swasta/2354-1
8  31009  ...  https://teduh.kpkt.gov.my/project-swasta/2353-2
9  31010  ...  https://teduh.kpkt.gov.my/project-swasta/2353-1

[10 rows x 11 columns]
[2025-03-28T12:25:53.417+0000] {logging_mixin.py:190} INFO - CSV file created: /tmp/construction_20250328_batch_125_pages_1241_1250.csv
[2025-03-28T12:25:53.463+0000] {logging_mixin.py:190} INFO - Uploaded /tmp/construction_20250328_batch_125_pages_1241_1250.csv to minio://construction-web-scraping/teduh/construction_20250328_batch_125_pages_1241_1250.csv
[2025-03-28T12:25:53.464+0000] {logging_mixin.py:190} INFO - Batch 125 processed with 250 rows.
[2025-03-28T12:25:53.479+0000] {logging_mixin.py:190} INFO - Processing batch 126: pages 1251 to 1260
[2025-03-28T12:25:53.481+0000] {logging_mixin.py:190} INFO - Scraping page 1251...
[2025-03-28T12:26:14.522+0000] {logging_mixin.py:190} INFO - Scraping page 1252...
[2025-03-28T12:26:35.660+0000] {logging_mixin.py:190} INFO - Scraping page 1253...
[2025-03-28T12:26:56.175+0000] {logging_mixin.py:190} INFO - Scraping page 1254...
[2025-03-28T12:27:16.292+0000] {logging_mixin.py:190} INFO - Scraping page 1255...
[2025-03-28T12:27:35.256+0000] {logging_mixin.py:190} INFO - Scraping page 1256...
[2025-03-28T12:27:56.581+0000] {logging_mixin.py:190} INFO - Scraping page 1257...
[2025-03-28T12:28:19.953+0000] {logging_mixin.py:190} INFO - Scraping page 1258...
[2025-03-28T12:28:36.124+0000] {logging_mixin.py:190} INFO - Error scraping https://teduh.kpkt.gov.my/project-swasta/1744-10: HTTPSConnectionPool(host='teduh.kpkt.gov.my', port=443): Max retries exceeded with url: /project-swasta/1744-10 (Caused by ConnectTimeoutError(<urllib3.connection.HTTPSConnection object at 0x7f25e0743d00>, 'Connection to teduh.kpkt.gov.my timed out. (connect timeout=10)'))
[2025-03-28T12:28:49.451+0000] {logging_mixin.py:190} INFO - Scraping page 1259...
[2025-03-28T12:29:10.493+0000] {logging_mixin.py:190} INFO - Scraping page 1260...
[2025-03-28T12:29:31.540+0000] {logging_mixin.py:190} INFO - Columns before rename: ['BIL.', 'KOD PROJEK', 'PEMAJU', 'PROJEK', 'NO. PERMIT', 'STATUS PROJEK KESELURUHAN', 'RINGKASAN PROJEK', 'Daerah Projek', 'Negeri Projek', 'Harga Minimum (RM)', 'Harga Maksimum (RM)']
[2025-03-28T12:29:31.558+0000] {logging_mixin.py:190} INFO -      Bil  ...                                  RINGKASAN PROJEK
0  31251  ...  https://teduh.kpkt.gov.my/project-swasta/2003-43
1  31252  ...  https://teduh.kpkt.gov.my/project-swasta/2003-42
2  31253  ...  https://teduh.kpkt.gov.my/project-swasta/2003-41
3  31254  ...  https://teduh.kpkt.gov.my/project-swasta/2003-40
4  31255  ...  https://teduh.kpkt.gov.my/project-swasta/2003-39
5  31256  ...  https://teduh.kpkt.gov.my/project-swasta/2003-38
6  31257  ...  https://teduh.kpkt.gov.my/project-swasta/2003-37
7  31258  ...  https://teduh.kpkt.gov.my/project-swasta/2003-36
8  31259  ...  https://teduh.kpkt.gov.my/project-swasta/2003-35
9  31260  ...  https://teduh.kpkt.gov.my/project-swasta/2003-34

[10 rows x 11 columns]
[2025-03-28T12:29:31.561+0000] {logging_mixin.py:190} INFO - CSV file created: /tmp/construction_20250328_batch_126_pages_1251_1260.csv
[2025-03-28T12:29:31.611+0000] {logging_mixin.py:190} INFO - Uploaded /tmp/construction_20250328_batch_126_pages_1251_1260.csv to minio://construction-web-scraping/teduh/construction_20250328_batch_126_pages_1251_1260.csv
[2025-03-28T12:29:31.613+0000] {logging_mixin.py:190} INFO - Batch 126 processed with 250 rows.
[2025-03-28T12:29:31.630+0000] {logging_mixin.py:190} INFO - Processing batch 127: pages 1261 to 1270
[2025-03-28T12:29:31.631+0000] {logging_mixin.py:190} INFO - Scraping page 1261...
[2025-03-28T12:29:52.504+0000] {logging_mixin.py:190} INFO - Scraping page 1262...
[2025-03-28T12:30:16.359+0000] {logging_mixin.py:190} INFO - Scraping page 1263...
[2025-03-28T12:30:38.239+0000] {logging_mixin.py:190} INFO - Scraping page 1264...
[2025-03-28T12:31:08.196+0000] {logging_mixin.py:190} INFO - Scraping page 1265...
[2025-03-28T12:31:30.338+0000] {logging_mixin.py:190} INFO - Scraping page 1266...
[2025-03-28T12:31:48.942+0000] {logging_mixin.py:190} INFO - Error scraping https://teduh.kpkt.gov.my/project-swasta/1531-11: HTTPSConnectionPool(host='teduh.kpkt.gov.my', port=443): Max retries exceeded with url: /project-swasta/1531-11 (Caused by ConnectTimeoutError(<urllib3.connection.HTTPSConnection object at 0x7f25e0e94c40>, 'Connection to teduh.kpkt.gov.my timed out. (connect timeout=10)'))
[2025-03-28T12:32:03.096+0000] {logging_mixin.py:190} INFO - Scraping page 1267...
[2025-03-28T12:32:22.598+0000] {logging_mixin.py:190} INFO - Scraping page 1268...
[2025-03-28T12:32:42.709+0000] {logging_mixin.py:190} INFO - Scraping page 1269...
[2025-03-28T12:33:07.310+0000] {logging_mixin.py:190} INFO - Scraping page 1270...
[2025-03-28T12:33:26.823+0000] {logging_mixin.py:190} INFO - Columns before rename: ['BIL.', 'KOD PROJEK', 'PEMAJU', 'PROJEK', 'NO. PERMIT', 'STATUS PROJEK KESELURUHAN', 'RINGKASAN PROJEK', 'Daerah Projek', 'Negeri Projek', 'Harga Minimum (RM)', 'Harga Maksimum (RM)']
[2025-03-28T12:33:26.847+0000] {logging_mixin.py:190} INFO -      Bil  ...                                  RINGKASAN PROJEK
0  31501  ...  https://teduh.kpkt.gov.my/project-swasta/1723-49
1  31502  ...  https://teduh.kpkt.gov.my/project-swasta/1723-48
2  31503  ...  https://teduh.kpkt.gov.my/project-swasta/1723-47
3  31504  ...  https://teduh.kpkt.gov.my/project-swasta/1723-46
4  31505  ...  https://teduh.kpkt.gov.my/project-swasta/1723-45
5  31506  ...  https://teduh.kpkt.gov.my/project-swasta/1723-44
6  31507  ...  https://teduh.kpkt.gov.my/project-swasta/1723-43
7  31508  ...  https://teduh.kpkt.gov.my/project-swasta/1723-42
8  31509  ...  https://teduh.kpkt.gov.my/project-swasta/1723-41
9  31510  ...  https://teduh.kpkt.gov.my/project-swasta/1723-40

[10 rows x 11 columns]
[2025-03-28T12:33:27.283+0000] {logging_mixin.py:190} INFO - CSV file created: /tmp/construction_20250328_batch_127_pages_1261_1270.csv
[2025-03-28T12:33:27.398+0000] {logging_mixin.py:190} INFO - Uploaded /tmp/construction_20250328_batch_127_pages_1261_1270.csv to minio://construction-web-scraping/teduh/construction_20250328_batch_127_pages_1261_1270.csv
[2025-03-28T12:33:27.400+0000] {logging_mixin.py:190} INFO - Batch 127 processed with 250 rows.
[2025-03-28T12:33:27.433+0000] {logging_mixin.py:190} INFO - Processing batch 128: pages 1271 to 1280
[2025-03-28T12:33:27.435+0000] {logging_mixin.py:190} INFO - Scraping page 1271...
[2025-03-28T12:33:48.316+0000] {logging_mixin.py:190} INFO - Scraping page 1272...
[2025-03-28T12:34:13.891+0000] {logging_mixin.py:190} INFO - Scraping page 1273...
[2025-03-28T12:34:35.846+0000] {logging_mixin.py:190} INFO - Scraping page 1274...
[2025-03-28T12:34:52.080+0000] {logging_mixin.py:190} INFO - Error scraping https://teduh.kpkt.gov.my/project-swasta/1232-3: HTTPSConnectionPool(host='teduh.kpkt.gov.my', port=443): Max retries exceeded with url: /project-swasta/1232-3 (Caused by ConnectTimeoutError(<urllib3.connection.HTTPSConnection object at 0x7f25e0c38af0>, 'Connection to teduh.kpkt.gov.my timed out. (connect timeout=10)'))
[2025-03-28T12:35:04.919+0000] {logging_mixin.py:190} INFO - Scraping page 1275...
[2025-03-28T12:35:24.467+0000] {logging_mixin.py:190} INFO - Scraping page 1276...
[2025-03-28T12:35:45.831+0000] {logging_mixin.py:190} INFO - Scraping page 1277...
[2025-03-28T12:36:08.285+0000] {logging_mixin.py:190} INFO - Scraping page 1278...
[2025-03-28T12:36:29.318+0000] {logging_mixin.py:190} INFO - Scraping page 1279...
[2025-03-28T12:36:52.900+0000] {logging_mixin.py:190} INFO - Scraping page 1280...
[2025-03-28T12:37:14.181+0000] {logging_mixin.py:190} INFO - Columns before rename: ['BIL.', 'KOD PROJEK', 'PEMAJU', 'PROJEK', 'NO. PERMIT', 'STATUS PROJEK KESELURUHAN', 'RINGKASAN PROJEK', 'Daerah Projek', 'Negeri Projek', 'Harga Minimum (RM)', 'Harga Maksimum (RM)']
[2025-03-28T12:37:14.195+0000] {logging_mixin.py:190} INFO -      Bil  ...                                 RINGKASAN PROJEK
0  31751  ...  https://teduh.kpkt.gov.my/project-swasta/1340-5
1  31752  ...  https://teduh.kpkt.gov.my/project-swasta/1340-4
2  31753  ...  https://teduh.kpkt.gov.my/project-swasta/1340-3
3  31754  ...  https://teduh.kpkt.gov.my/project-swasta/1340-2
4  31755  ...  https://teduh.kpkt.gov.my/project-swasta/1340-1
5  31756  ...  https://teduh.kpkt.gov.my/project-swasta/1329-7
6  31757  ...  https://teduh.kpkt.gov.my/project-swasta/1329-4
7  31758  ...  https://teduh.kpkt.gov.my/project-swasta/1329-1
8  31759  ...  https://teduh.kpkt.gov.my/project-swasta/1328-1
9  31760  ...  https://teduh.kpkt.gov.my/project-swasta/1324-2

[10 rows x 11 columns]
[2025-03-28T12:37:14.201+0000] {logging_mixin.py:190} INFO - CSV file created: /tmp/construction_20250328_batch_128_pages_1271_1280.csv
[2025-03-28T12:37:14.252+0000] {logging_mixin.py:190} INFO - Uploaded /tmp/construction_20250328_batch_128_pages_1271_1280.csv to minio://construction-web-scraping/teduh/construction_20250328_batch_128_pages_1271_1280.csv
[2025-03-28T12:37:14.253+0000] {logging_mixin.py:190} INFO - Batch 128 processed with 250 rows.
[2025-03-28T12:37:14.265+0000] {logging_mixin.py:190} INFO - Processing batch 129: pages 1281 to 1290
[2025-03-28T12:37:14.267+0000] {logging_mixin.py:190} INFO - Scraping page 1281...
[2025-03-28T12:37:38.285+0000] {logging_mixin.py:190} INFO - Scraping page 1282...
[2025-03-28T12:37:57.736+0000] {logging_mixin.py:190} INFO - Scraping page 1283...
[2025-03-28T12:38:19.277+0000] {logging_mixin.py:190} INFO - Scraping page 1284...
[2025-03-28T12:38:41.870+0000] {logging_mixin.py:190} INFO - Scraping page 1285...
[2025-03-28T12:39:06.156+0000] {logging_mixin.py:190} INFO - Scraping page 1286...
[2025-03-28T12:39:25.882+0000] {logging_mixin.py:190} INFO - Scraping page 1287...
[2025-03-28T12:39:48.135+0000] {logging_mixin.py:190} INFO - Scraping page 1288...
[2025-03-28T12:40:09.671+0000] {logging_mixin.py:190} INFO - Scraping page 1289...
[2025-03-28T12:40:31.289+0000] {logging_mixin.py:190} INFO - Scraping page 1290...
[2025-03-28T12:40:54.247+0000] {logging_mixin.py:190} INFO - Columns before rename: ['BIL.', 'KOD PROJEK', 'PEMAJU', 'PROJEK', 'NO. PERMIT', 'STATUS PROJEK KESELURUHAN', 'RINGKASAN PROJEK', 'Daerah Projek', 'Negeri Projek', 'Harga Minimum (RM)', 'Harga Maksimum (RM)']
[2025-03-28T12:40:54.267+0000] {logging_mixin.py:190} INFO -      Bil  ...                                 RINGKASAN PROJEK
0  32001  ...  https://teduh.kpkt.gov.my/project-swasta/1012-4
1  32002  ...  https://teduh.kpkt.gov.my/project-swasta/1012-3
2  32003  ...  https://teduh.kpkt.gov.my/project-swasta/1012-2
3  32004  ...  https://teduh.kpkt.gov.my/project-swasta/1012-1
4  32005  ...  https://teduh.kpkt.gov.my/project-swasta/1010-2
5  32006  ...  https://teduh.kpkt.gov.my/project-swasta/1009-5
6  32007  ...  https://teduh.kpkt.gov.my/project-swasta/1009-4
7  32008  ...  https://teduh.kpkt.gov.my/project-swasta/1009-3
8  32009  ...  https://teduh.kpkt.gov.my/project-swasta/1002-1
9  32010  ...   https://teduh.kpkt.gov.my/project-swasta/982-6

[10 rows x 11 columns]
[2025-03-28T12:40:54.275+0000] {logging_mixin.py:190} INFO - CSV file created: /tmp/construction_20250328_batch_129_pages_1281_1290.csv
[2025-03-28T12:40:54.337+0000] {logging_mixin.py:190} INFO - Uploaded /tmp/construction_20250328_batch_129_pages_1281_1290.csv to minio://construction-web-scraping/teduh/construction_20250328_batch_129_pages_1281_1290.csv
[2025-03-28T12:40:54.338+0000] {logging_mixin.py:190} INFO - Batch 129 processed with 250 rows.
[2025-03-28T12:40:54.353+0000] {logging_mixin.py:190} INFO - Processing batch 130: pages 1291 to 1300
[2025-03-28T12:40:54.355+0000] {logging_mixin.py:190} INFO - Scraping page 1291...
[2025-03-28T12:41:17.411+0000] {logging_mixin.py:190} INFO - Scraping page 1292...
[2025-03-28T12:41:38.899+0000] {logging_mixin.py:190} INFO - Scraping page 1293...
[2025-03-28T12:42:04.188+0000] {logging_mixin.py:190} INFO - Scraping page 1294...
[2025-03-28T12:42:27.290+0000] {logging_mixin.py:190} INFO - Scraping page 1295...
[2025-03-28T12:42:49.503+0000] {logging_mixin.py:190} INFO - Scraping page 1296...
[2025-03-28T12:43:14.047+0000] {logging_mixin.py:190} INFO - Scraping page 1297...
[2025-03-28T12:43:37.754+0000] {logging_mixin.py:190} INFO - Scraping page 1298...
[2025-03-28T12:44:04.215+0000] {logging_mixin.py:190} INFO - Scraping page 1299...
[2025-03-28T12:44:28.833+0000] {logging_mixin.py:190} INFO - Scraping page 1300...
[2025-03-28T12:44:59.300+0000] {logging_mixin.py:190} INFO - Columns before rename: ['BIL.', 'KOD PROJEK', 'PEMAJU', 'PROJEK', 'NO. PERMIT', 'STATUS PROJEK KESELURUHAN', 'RINGKASAN PROJEK', 'Daerah Projek', 'Negeri Projek', 'Harga Minimum (RM)', 'Harga Maksimum (RM)']
[2025-03-28T12:44:59.316+0000] {logging_mixin.py:190} INFO -      Bil  ...                                 RINGKASAN PROJEK
0  32251  ...   https://teduh.kpkt.gov.my/project-swasta/506-2
1  32252  ...   https://teduh.kpkt.gov.my/project-swasta/506-1
2  32253  ...   https://teduh.kpkt.gov.my/project-swasta/505-1
3  32254  ...   https://teduh.kpkt.gov.my/project-swasta/494-1
4  32255  ...  https://teduh.kpkt.gov.my/project-swasta/490-27
5  32256  ...  https://teduh.kpkt.gov.my/project-swasta/490-26
6  32257  ...  https://teduh.kpkt.gov.my/project-swasta/490-25
7  32258  ...  https://teduh.kpkt.gov.my/project-swasta/490-24
8  32259  ...  https://teduh.kpkt.gov.my/project-swasta/490-23
9  32260  ...  https://teduh.kpkt.gov.my/project-swasta/490-22

[10 rows x 11 columns]
[2025-03-28T12:44:59.411+0000] {logging_mixin.py:190} INFO - CSV file created: /tmp/construction_20250328_batch_130_pages_1291_1300.csv
[2025-03-28T12:44:59.974+0000] {logging_mixin.py:190} INFO - Uploaded /tmp/construction_20250328_batch_130_pages_1291_1300.csv to minio://construction-web-scraping/teduh/construction_20250328_batch_130_pages_1291_1300.csv
[2025-03-28T12:44:59.976+0000] {logging_mixin.py:190} INFO - Batch 130 processed with 250 rows.
[2025-03-28T12:44:59.991+0000] {logging_mixin.py:190} INFO - Processing batch 131: pages 1301 to 1310
[2025-03-28T12:44:59.993+0000] {logging_mixin.py:190} INFO - Scraping page 1301...
[2025-03-28T12:45:24.958+0000] {logging_mixin.py:190} INFO - Scraping page 1302...
[2025-03-28T12:45:52.363+0000] {logging_mixin.py:190} INFO - Scraping page 1303...
[2025-03-28T12:46:17.403+0000] {logging_mixin.py:190} INFO - Scraping page 1304...
[2025-03-28T12:46:41.862+0000] {logging_mixin.py:190} INFO - Scraping page 1305...
[2025-03-28T12:47:07.573+0000] {logging_mixin.py:190} INFO - Scraping page 1306...
[2025-03-28T12:47:23.693+0000] {logging_mixin.py:190} INFO - Scraping page 1307...
[2025-03-28T12:47:28.790+0000] {logging_mixin.py:190} INFO - No rows found on page 1307. Ending batch loop.
[2025-03-28T12:47:28.793+0000] {logging_mixin.py:190} INFO - Columns before rename: ['BIL.', 'KOD PROJEK', 'PEMAJU', 'PROJEK', 'NO. PERMIT', 'STATUS PROJEK KESELURUHAN', 'RINGKASAN PROJEK', 'Daerah Projek', 'Negeri Projek', 'Harga Minimum (RM)', 'Harga Maksimum (RM)']
[2025-03-28T12:47:28.812+0000] {logging_mixin.py:190} INFO -      Bil  ...                                RINGKASAN PROJEK
0  32501  ...  https://teduh.kpkt.gov.my/project-swasta/132-5
1  32502  ...  https://teduh.kpkt.gov.my/project-swasta/132-3
2  32503  ...  https://teduh.kpkt.gov.my/project-swasta/132-2
3  32504  ...  https://teduh.kpkt.gov.my/project-swasta/132-1
4  32505  ...  https://teduh.kpkt.gov.my/project-swasta/131-7
5  32506  ...  https://teduh.kpkt.gov.my/project-swasta/131-6
6  32507  ...  https://teduh.kpkt.gov.my/project-swasta/131-5
7  32508  ...  https://teduh.kpkt.gov.my/project-swasta/131-4
8  32509  ...  https://teduh.kpkt.gov.my/project-swasta/131-3
9  32510  ...  https://teduh.kpkt.gov.my/project-swasta/131-1

[10 rows x 11 columns]
[2025-03-28T12:47:28.815+0000] {logging_mixin.py:190} INFO - CSV file created: /tmp/construction_20250328_batch_131_pages_1301_1310.csv
[2025-03-28T12:47:28.858+0000] {logging_mixin.py:190} INFO - Uploaded /tmp/construction_20250328_batch_131_pages_1301_1310.csv to minio://construction-web-scraping/teduh/construction_20250328_batch_131_pages_1301_1310.csv
[2025-03-28T12:47:28.859+0000] {logging_mixin.py:190} INFO - Batch 131 processed with 140 rows.
[2025-03-28T12:47:28.872+0000] {logging_mixin.py:190} INFO - Scraping complete. Total rows scraped: 6805
[2025-03-28T12:47:28.875+0000] {python.py:240} INFO - Done. Returned value was: None
[2025-03-28T12:47:28.894+0000] {taskinstance.py:341} INFO - ::group::Post task execution logs
[2025-03-28T12:47:28.896+0000] {taskinstance.py:353} INFO - Marking task as SUCCESS. dag_id=split_web_scraping_v02, task_id=scrape_and_store, run_id=manual__2025-03-28T11:53:16.327908+00:00, execution_date=20250328T115316, start_date=20250328T115544, end_date=20250328T124728
[2025-03-28T12:47:29.008+0000] {local_task_job_runner.py:266} INFO - Task exited with return code 0
[2025-03-28T12:47:29.179+0000] {taskinstance.py:3901} INFO - 0 downstream tasks scheduled from follow-on schedule check
[2025-03-28T12:47:29.184+0000] {local_task_job_runner.py:245} INFO - ::endgroup::
