[2025-03-30T02:44:58.741+0000] {processor.py:186} INFO - Started process (PID=40634) to work on /opt/airflow/dags/split_web_scraping.py
[2025-03-30T02:44:58.744+0000] {processor.py:914} INFO - Processing file /opt/airflow/dags/split_web_scraping.py for tasks to queue
[2025-03-30T02:44:58.747+0000] {logging_mixin.py:190} INFO - [2025-03-30T02:44:58.746+0000] {dagbag.py:588} INFO - Filling up the DagBag from /opt/airflow/dags/split_web_scraping.py
[2025-03-30T02:45:00.896+0000] {processor.py:925} INFO - DAG(s) 'split_web_scraping_v02' retrieved from /opt/airflow/dags/split_web_scraping.py
[2025-03-30T02:45:00.924+0000] {logging_mixin.py:190} INFO - [2025-03-30T02:45:00.923+0000] {dag.py:3239} INFO - Sync 1 DAGs
[2025-03-30T02:45:00.953+0000] {logging_mixin.py:190} INFO - [2025-03-30T02:45:00.953+0000] {dag.py:4180} INFO - Setting next_dagrun for split_web_scraping_v02 to 2025-03-30 00:00:00+00:00, run_after=2025-04-06 00:00:00+00:00
[2025-03-30T02:45:00.977+0000] {processor.py:208} INFO - Processing /opt/airflow/dags/split_web_scraping.py took 2.273 seconds
[2025-03-30T02:45:32.826+0000] {processor.py:186} INFO - Started process (PID=40659) to work on /opt/airflow/dags/split_web_scraping.py
[2025-03-30T02:45:32.827+0000] {processor.py:914} INFO - Processing file /opt/airflow/dags/split_web_scraping.py for tasks to queue
[2025-03-30T02:45:32.830+0000] {logging_mixin.py:190} INFO - [2025-03-30T02:45:32.829+0000] {dagbag.py:588} INFO - Filling up the DagBag from /opt/airflow/dags/split_web_scraping.py
[2025-03-30T02:45:33.704+0000] {processor.py:925} INFO - DAG(s) 'split_web_scraping_v02' retrieved from /opt/airflow/dags/split_web_scraping.py
[2025-03-30T02:45:33.730+0000] {logging_mixin.py:190} INFO - [2025-03-30T02:45:33.730+0000] {dag.py:3239} INFO - Sync 1 DAGs
[2025-03-30T02:45:33.762+0000] {logging_mixin.py:190} INFO - [2025-03-30T02:45:33.761+0000] {dag.py:4180} INFO - Setting next_dagrun for split_web_scraping_v02 to 2025-03-30 00:00:00+00:00, run_after=2025-04-06 00:00:00+00:00
[2025-03-30T02:45:33.787+0000] {processor.py:208} INFO - Processing /opt/airflow/dags/split_web_scraping.py took 0.971 seconds
[2025-03-30T02:46:04.150+0000] {processor.py:186} INFO - Started process (PID=40674) to work on /opt/airflow/dags/split_web_scraping.py
[2025-03-30T02:46:04.151+0000] {processor.py:914} INFO - Processing file /opt/airflow/dags/split_web_scraping.py for tasks to queue
[2025-03-30T02:46:04.154+0000] {logging_mixin.py:190} INFO - [2025-03-30T02:46:04.153+0000] {dagbag.py:588} INFO - Filling up the DagBag from /opt/airflow/dags/split_web_scraping.py
[2025-03-30T02:46:05.024+0000] {processor.py:925} INFO - DAG(s) 'split_web_scraping_v02' retrieved from /opt/airflow/dags/split_web_scraping.py
[2025-03-30T02:46:05.048+0000] {logging_mixin.py:190} INFO - [2025-03-30T02:46:05.047+0000] {dag.py:3239} INFO - Sync 1 DAGs
[2025-03-30T02:46:05.074+0000] {logging_mixin.py:190} INFO - [2025-03-30T02:46:05.074+0000] {dag.py:4180} INFO - Setting next_dagrun for split_web_scraping_v02 to 2025-03-30 00:00:00+00:00, run_after=2025-04-06 00:00:00+00:00
[2025-03-30T02:46:05.096+0000] {processor.py:208} INFO - Processing /opt/airflow/dags/split_web_scraping.py took 0.959 seconds
[2025-03-30T02:46:35.503+0000] {processor.py:186} INFO - Started process (PID=40692) to work on /opt/airflow/dags/split_web_scraping.py
[2025-03-30T02:46:35.505+0000] {processor.py:914} INFO - Processing file /opt/airflow/dags/split_web_scraping.py for tasks to queue
[2025-03-30T02:46:35.508+0000] {logging_mixin.py:190} INFO - [2025-03-30T02:46:35.508+0000] {dagbag.py:588} INFO - Filling up the DagBag from /opt/airflow/dags/split_web_scraping.py
[2025-03-30T02:46:37.074+0000] {processor.py:925} INFO - DAG(s) 'split_web_scraping_v02' retrieved from /opt/airflow/dags/split_web_scraping.py
[2025-03-30T02:46:37.122+0000] {logging_mixin.py:190} INFO - [2025-03-30T02:46:37.121+0000] {dag.py:3239} INFO - Sync 1 DAGs
[2025-03-30T02:46:37.172+0000] {logging_mixin.py:190} INFO - [2025-03-30T02:46:37.171+0000] {dag.py:4180} INFO - Setting next_dagrun for split_web_scraping_v02 to 2025-03-30 00:00:00+00:00, run_after=2025-04-06 00:00:00+00:00
[2025-03-30T02:46:37.209+0000] {processor.py:208} INFO - Processing /opt/airflow/dags/split_web_scraping.py took 1.725 seconds
[2025-03-30T02:47:07.718+0000] {processor.py:186} INFO - Started process (PID=40710) to work on /opt/airflow/dags/split_web_scraping.py
[2025-03-30T02:47:07.720+0000] {processor.py:914} INFO - Processing file /opt/airflow/dags/split_web_scraping.py for tasks to queue
[2025-03-30T02:47:07.723+0000] {logging_mixin.py:190} INFO - [2025-03-30T02:47:07.723+0000] {dagbag.py:588} INFO - Filling up the DagBag from /opt/airflow/dags/split_web_scraping.py
[2025-03-30T02:47:08.739+0000] {processor.py:925} INFO - DAG(s) 'split_web_scraping_v02' retrieved from /opt/airflow/dags/split_web_scraping.py
[2025-03-30T02:47:08.769+0000] {logging_mixin.py:190} INFO - [2025-03-30T02:47:08.769+0000] {dag.py:3239} INFO - Sync 1 DAGs
[2025-03-30T02:47:08.798+0000] {logging_mixin.py:190} INFO - [2025-03-30T02:47:08.798+0000] {dag.py:4180} INFO - Setting next_dagrun for split_web_scraping_v02 to 2025-03-30 00:00:00+00:00, run_after=2025-04-06 00:00:00+00:00
[2025-03-30T02:47:08.822+0000] {processor.py:208} INFO - Processing /opt/airflow/dags/split_web_scraping.py took 1.135 seconds
