[2025-03-27T04:42:43.900+0000] {local_task_job_runner.py:123} INFO - ::group::Pre task execution logs
[2025-03-27T04:42:43.921+0000] {taskinstance.py:2614} INFO - Dependencies all met for dep_context=non-requeueable deps ti=<TaskInstance: construction_web_scraping_v01.scrape_and_store manual__2025-03-27T04:31:57.775870+00:00 [queued]>
[2025-03-27T04:42:43.934+0000] {taskinstance.py:2614} INFO - Dependencies all met for dep_context=requeueable deps ti=<TaskInstance: construction_web_scraping_v01.scrape_and_store manual__2025-03-27T04:31:57.775870+00:00 [queued]>
[2025-03-27T04:42:43.935+0000] {taskinstance.py:2867} INFO - Starting attempt 3 of 7
[2025-03-27T04:42:43.958+0000] {taskinstance.py:2890} INFO - Executing <Task(PythonOperator): scrape_and_store> on 2025-03-27 04:31:57.775870+00:00
[2025-03-27T04:42:43.963+0000] {standard_task_runner.py:72} INFO - Started process 994 to run task
[2025-03-27T04:42:43.967+0000] {standard_task_runner.py:104} INFO - Running: ['***', 'tasks', 'run', 'construction_web_scraping_v01', 'scrape_and_store', 'manual__2025-03-27T04:31:57.775870+00:00', '--job-id', '31', '--raw', '--subdir', 'DAGS_FOLDER/construction_web_scraping.py', '--cfg-path', '/tmp/tmp0wf0_07w']
[2025-03-27T04:42:43.971+0000] {standard_task_runner.py:105} INFO - Job 31: Subtask scrape_and_store
[2025-03-27T04:42:44.028+0000] {task_command.py:467} INFO - Running <TaskInstance: construction_web_scraping_v01.scrape_and_store manual__2025-03-27T04:31:57.775870+00:00 [running]> on host c79bd584e644
[2025-03-27T04:42:44.133+0000] {taskinstance.py:3134} INFO - Exporting env vars: AIRFLOW_CTX_DAG_OWNER='waiyong' AIRFLOW_CTX_DAG_ID='construction_web_scraping_v01' AIRFLOW_CTX_TASK_ID='scrape_and_store' AIRFLOW_CTX_EXECUTION_DATE='2025-03-27T04:31:57.775870+00:00' AIRFLOW_CTX_TRY_NUMBER='3' AIRFLOW_CTX_DAG_RUN_ID='manual__2025-03-27T04:31:57.775870+00:00'
[2025-03-27T04:42:44.135+0000] {taskinstance.py:732} INFO - ::endgroup::
[2025-03-27T04:42:44.152+0000] {logging_mixin.py:190} INFO - Scraping page 1...
[2025-03-27T04:42:57.658+0000] {logging_mixin.py:190} INFO - Columns before rename: ['BIL.', 'KOD PROJEK', 'PEMAJU', 'PROJEK', 'NO. PERMIT', 'STATUS PROJEK KESELURUHAN', 'RINGKASAN PROJEK', 'Daerah Projek', 'Negeri Projek', 'Harga Minimum (RM)', 'Harga Maksimum (RM)']
[2025-03-27T04:42:57.704+0000] {logging_mixin.py:190} INFO -   Bil  ...                                  RINGKASAN PROJEK
0   1  ...  https://teduh.kpkt.gov.my/project-swasta/30969-1
1   2  ...  https://teduh.kpkt.gov.my/project-swasta/30946-1
2   3  ...  https://teduh.kpkt.gov.my/project-swasta/30937-1
3   4  ...  https://teduh.kpkt.gov.my/project-swasta/30921-1
4   5  ...  https://teduh.kpkt.gov.my/project-swasta/30920-1
5   6  ...  https://teduh.kpkt.gov.my/project-swasta/30914-1
6   7  ...  https://teduh.kpkt.gov.my/project-swasta/30913-1
7   8  ...  https://teduh.kpkt.gov.my/project-swasta/30909-1
8   9  ...  https://teduh.kpkt.gov.my/project-swasta/30908-1
9  10  ...  https://teduh.kpkt.gov.my/project-swasta/30902-1

[10 rows x 11 columns]
[2025-03-27T04:42:57.741+0000] {logging_mixin.py:190} INFO - SQL dump created: /tmp/teduh_dump.sql
[2025-03-27T04:42:57.859+0000] {logging_mixin.py:190} INFO - Uploaded /tmp/teduh_dump.sql to minio://construction-web-scraping/teduh/temp.sql
[2025-03-27T04:42:57.860+0000] {logging_mixin.py:190} INFO - Scraping and upload done!
[2025-03-27T04:42:57.862+0000] {python.py:240} INFO - Done. Returned value was: None
[2025-03-27T04:42:57.872+0000] {taskinstance.py:341} INFO - ::group::Post task execution logs
[2025-03-27T04:42:57.874+0000] {taskinstance.py:353} INFO - Marking task as SUCCESS. dag_id=construction_web_scraping_v01, task_id=scrape_and_store, run_id=manual__2025-03-27T04:31:57.775870+00:00, execution_date=20250327T043157, start_date=20250327T044243, end_date=20250327T044257
[2025-03-27T04:42:57.927+0000] {local_task_job_runner.py:266} INFO - Task exited with return code 0
[2025-03-27T04:42:57.939+0000] {local_task_job_runner.py:245} INFO - ::endgroup::
