[2025-03-27T04:20:06.011+0000] {local_task_job_runner.py:123} INFO - ::group::Pre task execution logs
[2025-03-27T04:20:06.038+0000] {taskinstance.py:2614} INFO - Dependencies all met for dep_context=non-requeueable deps ti=<TaskInstance: construction_web_scraping_v01.scrape_and_store scheduled__2025-03-16T00:00:00+00:00 [queued]>
[2025-03-27T04:20:06.051+0000] {taskinstance.py:2614} INFO - Dependencies all met for dep_context=requeueable deps ti=<TaskInstance: construction_web_scraping_v01.scrape_and_store scheduled__2025-03-16T00:00:00+00:00 [queued]>
[2025-03-27T04:20:06.052+0000] {taskinstance.py:2867} INFO - Starting attempt 3 of 6
[2025-03-27T04:20:06.076+0000] {taskinstance.py:2890} INFO - Executing <Task(PythonOperator): scrape_and_store> on 2025-03-16 00:00:00+00:00
[2025-03-27T04:20:06.082+0000] {standard_task_runner.py:72} INFO - Started process 376 to run task
[2025-03-27T04:20:06.088+0000] {standard_task_runner.py:104} INFO - Running: ['***', 'tasks', 'run', 'construction_web_scraping_v01', 'scrape_and_store', 'scheduled__2025-03-16T00:00:00+00:00', '--job-id', '14', '--raw', '--subdir', 'DAGS_FOLDER/construction_web_scraping.py', '--cfg-path', '/tmp/tmp1xuxbuax']
[2025-03-27T04:20:06.092+0000] {standard_task_runner.py:105} INFO - Job 14: Subtask scrape_and_store
[2025-03-27T04:20:06.170+0000] {task_command.py:467} INFO - Running <TaskInstance: construction_web_scraping_v01.scrape_and_store scheduled__2025-03-16T00:00:00+00:00 [running]> on host c79bd584e644
[2025-03-27T04:20:06.297+0000] {taskinstance.py:3134} INFO - Exporting env vars: AIRFLOW_CTX_DAG_OWNER='waiyong' AIRFLOW_CTX_DAG_ID='construction_web_scraping_v01' AIRFLOW_CTX_TASK_ID='scrape_and_store' AIRFLOW_CTX_EXECUTION_DATE='2025-03-16T00:00:00+00:00' AIRFLOW_CTX_TRY_NUMBER='3' AIRFLOW_CTX_DAG_RUN_ID='scheduled__2025-03-16T00:00:00+00:00'
[2025-03-27T04:20:06.299+0000] {taskinstance.py:732} INFO - ::endgroup::
[2025-03-27T04:20:06.319+0000] {logging_mixin.py:190} INFO - Scraping page 1...
[2025-03-27T04:20:20.436+0000] {logging_mixin.py:190} INFO - Scraping page 2...
[2025-03-27T04:20:35.594+0000] {logging_mixin.py:190} INFO - Scraping page 3...
[2025-03-27T04:20:55.434+0000] {logging_mixin.py:190} INFO - Scraping page 4...
[2025-03-27T04:21:09.445+0000] {logging_mixin.py:190} INFO - Scraping page 5...
[2025-03-27T04:21:23.007+0000] {logging_mixin.py:190} INFO - Columns before rename: ['BIL.', 'KOD PROJEK', 'PEMAJU', 'PROJEK', 'NO. PERMIT', 'STATUS PROJEK KESELURUHAN', 'RINGKASAN PROJEK', 'Daerah Projek', 'Negeri Projek', 'Harga Minimum (RM)', 'Harga Maksimum (RM)']
[2025-03-27T04:21:23.045+0000] {logging_mixin.py:190} INFO -   Bil  ...                                  RINGKASAN PROJEK
0   1  ...  https://teduh.kpkt.gov.my/project-swasta/30969-1
1   2  ...  https://teduh.kpkt.gov.my/project-swasta/30946-1
2   3  ...  https://teduh.kpkt.gov.my/project-swasta/30937-1
3   4  ...  https://teduh.kpkt.gov.my/project-swasta/30921-1
4   5  ...  https://teduh.kpkt.gov.my/project-swasta/30920-1
5   6  ...  https://teduh.kpkt.gov.my/project-swasta/30914-1
6   7  ...  https://teduh.kpkt.gov.my/project-swasta/30913-1
7   8  ...  https://teduh.kpkt.gov.my/project-swasta/30909-1
8   9  ...  https://teduh.kpkt.gov.my/project-swasta/30908-1
9  10  ...  https://teduh.kpkt.gov.my/project-swasta/30902-1

[10 rows x 11 columns]
[2025-03-27T04:21:23.071+0000] {logging_mixin.py:190} INFO - SQL dump created: /tmp/teduh_dump.sql
[2025-03-27T04:21:23.073+0000] {taskinstance.py:3313} ERROR - Task failed with exception
Traceback (most recent call last):
  File "/home/airflow/.local/lib/python3.10/site-packages/airflow/models/taskinstance.py", line 768, in _execute_task
    result = _execute_callable(context=context, **execute_callable_kwargs)
  File "/home/airflow/.local/lib/python3.10/site-packages/airflow/models/taskinstance.py", line 734, in _execute_callable
    return ExecutionCallableRunner(
  File "/home/airflow/.local/lib/python3.10/site-packages/airflow/utils/operator_helpers.py", line 252, in run
    return self.func(*args, **kwargs)
  File "/home/airflow/.local/lib/python3.10/site-packages/airflow/models/baseoperator.py", line 424, in wrapper
    return func(self, *args, **kwargs)
  File "/home/airflow/.local/lib/python3.10/site-packages/airflow/operators/python.py", line 238, in execute
    return_value = self.execute_callable()
  File "/home/airflow/.local/lib/python3.10/site-packages/airflow/operators/python.py", line 256, in execute_callable
    return runner.run(*self.op_args, **self.op_kwargs)
  File "/home/airflow/.local/lib/python3.10/site-packages/airflow/utils/operator_helpers.py", line 252, in run
    return self.func(*args, **kwargs)
  File "/opt/airflow/dags/construction_web_scraping.py", line 255, in run_scraper
    client = create_minio_client()
NameError: name 'create_minio_client' is not defined
[2025-03-27T04:21:23.093+0000] {taskinstance.py:1226} INFO - Marking task as UP_FOR_RETRY. dag_id=construction_web_scraping_v01, task_id=scrape_and_store, run_id=scheduled__2025-03-16T00:00:00+00:00, execution_date=20250316T000000, start_date=20250327T042006, end_date=20250327T042123
[2025-03-27T04:21:23.142+0000] {taskinstance.py:341} INFO - ::group::Post task execution logs
[2025-03-27T04:21:23.144+0000] {standard_task_runner.py:124} ERROR - Failed to execute job 14 for task scrape_and_store (name 'create_minio_client' is not defined; 376)
Traceback (most recent call last):
  File "/home/airflow/.local/lib/python3.10/site-packages/airflow/task/task_runner/standard_task_runner.py", line 117, in _start_by_fork
    ret = args.func(args, dag=self.dag)
  File "/home/airflow/.local/lib/python3.10/site-packages/airflow/cli/cli_config.py", line 49, in command
    return func(*args, **kwargs)
  File "/home/airflow/.local/lib/python3.10/site-packages/airflow/utils/cli.py", line 116, in wrapper
    return f(*args, **kwargs)
  File "/home/airflow/.local/lib/python3.10/site-packages/airflow/cli/commands/task_command.py", line 483, in task_run
    task_return_code = _run_task_by_selected_method(args, _dag, ti)
  File "/home/airflow/.local/lib/python3.10/site-packages/airflow/cli/commands/task_command.py", line 256, in _run_task_by_selected_method
    return _run_raw_task(args, ti)
  File "/home/airflow/.local/lib/python3.10/site-packages/airflow/cli/commands/task_command.py", line 341, in _run_raw_task
    return ti._run_raw_task(
  File "/home/airflow/.local/lib/python3.10/site-packages/airflow/utils/session.py", line 97, in wrapper
    return func(*args, session=session, **kwargs)
  File "/home/airflow/.local/lib/python3.10/site-packages/airflow/models/taskinstance.py", line 3006, in _run_raw_task
    return _run_raw_task(
  File "/home/airflow/.local/lib/python3.10/site-packages/airflow/models/taskinstance.py", line 274, in _run_raw_task
    TaskInstance._execute_task_with_callbacks(
  File "/home/airflow/.local/lib/python3.10/site-packages/airflow/models/taskinstance.py", line 3161, in _execute_task_with_callbacks
    result = self._execute_task(context, task_orig)
  File "/home/airflow/.local/lib/python3.10/site-packages/airflow/models/taskinstance.py", line 3185, in _execute_task
    return _execute_task(self, context, task_orig)
  File "/home/airflow/.local/lib/python3.10/site-packages/airflow/models/taskinstance.py", line 768, in _execute_task
    result = _execute_callable(context=context, **execute_callable_kwargs)
  File "/home/airflow/.local/lib/python3.10/site-packages/airflow/models/taskinstance.py", line 734, in _execute_callable
    return ExecutionCallableRunner(
  File "/home/airflow/.local/lib/python3.10/site-packages/airflow/utils/operator_helpers.py", line 252, in run
    return self.func(*args, **kwargs)
  File "/home/airflow/.local/lib/python3.10/site-packages/airflow/models/baseoperator.py", line 424, in wrapper
    return func(self, *args, **kwargs)
  File "/home/airflow/.local/lib/python3.10/site-packages/airflow/operators/python.py", line 238, in execute
    return_value = self.execute_callable()
  File "/home/airflow/.local/lib/python3.10/site-packages/airflow/operators/python.py", line 256, in execute_callable
    return runner.run(*self.op_args, **self.op_kwargs)
  File "/home/airflow/.local/lib/python3.10/site-packages/airflow/utils/operator_helpers.py", line 252, in run
    return self.func(*args, **kwargs)
  File "/opt/airflow/dags/construction_web_scraping.py", line 255, in run_scraper
    client = create_minio_client()
NameError: name 'create_minio_client' is not defined
[2025-03-27T04:21:23.201+0000] {local_task_job_runner.py:266} INFO - Task exited with return code 1
[2025-03-27T04:21:23.236+0000] {taskinstance.py:3901} INFO - 0 downstream tasks scheduled from follow-on schedule check
[2025-03-27T04:21:23.241+0000] {local_task_job_runner.py:245} INFO - ::endgroup::
[2025-03-27T04:42:40.838+0000] {local_task_job_runner.py:123} INFO - ::group::Pre task execution logs
[2025-03-27T04:42:40.864+0000] {taskinstance.py:2614} INFO - Dependencies all met for dep_context=non-requeueable deps ti=<TaskInstance: construction_web_scraping_v01.scrape_and_store scheduled__2025-03-16T00:00:00+00:00 [queued]>
[2025-03-27T04:42:40.873+0000] {taskinstance.py:2614} INFO - Dependencies all met for dep_context=requeueable deps ti=<TaskInstance: construction_web_scraping_v01.scrape_and_store scheduled__2025-03-16T00:00:00+00:00 [queued]>
[2025-03-27T04:42:40.874+0000] {taskinstance.py:2867} INFO - Starting attempt 3 of 7
[2025-03-27T04:42:40.889+0000] {taskinstance.py:2890} INFO - Executing <Task(PythonOperator): scrape_and_store> on 2025-03-16 00:00:00+00:00
[2025-03-27T04:42:40.895+0000] {standard_task_runner.py:72} INFO - Started process 990 to run task
[2025-03-27T04:42:40.899+0000] {standard_task_runner.py:104} INFO - Running: ['***', 'tasks', 'run', 'construction_web_scraping_v01', 'scrape_and_store', 'scheduled__2025-03-16T00:00:00+00:00', '--job-id', '30', '--raw', '--subdir', 'DAGS_FOLDER/construction_web_scraping.py', '--cfg-path', '/tmp/tmp68f6nal8']
[2025-03-27T04:42:40.903+0000] {standard_task_runner.py:105} INFO - Job 30: Subtask scrape_and_store
[2025-03-27T04:42:40.956+0000] {task_command.py:467} INFO - Running <TaskInstance: construction_web_scraping_v01.scrape_and_store scheduled__2025-03-16T00:00:00+00:00 [running]> on host c79bd584e644
[2025-03-27T04:42:41.058+0000] {taskinstance.py:3134} INFO - Exporting env vars: AIRFLOW_CTX_DAG_OWNER='waiyong' AIRFLOW_CTX_DAG_ID='construction_web_scraping_v01' AIRFLOW_CTX_TASK_ID='scrape_and_store' AIRFLOW_CTX_EXECUTION_DATE='2025-03-16T00:00:00+00:00' AIRFLOW_CTX_TRY_NUMBER='3' AIRFLOW_CTX_DAG_RUN_ID='scheduled__2025-03-16T00:00:00+00:00'
[2025-03-27T04:42:41.059+0000] {taskinstance.py:732} INFO - ::endgroup::
[2025-03-27T04:42:41.074+0000] {logging_mixin.py:190} INFO - Scraping page 1...
[2025-03-27T04:42:54.699+0000] {logging_mixin.py:190} INFO - Columns before rename: ['BIL.', 'KOD PROJEK', 'PEMAJU', 'PROJEK', 'NO. PERMIT', 'STATUS PROJEK KESELURUHAN', 'RINGKASAN PROJEK', 'Daerah Projek', 'Negeri Projek', 'Harga Minimum (RM)', 'Harga Maksimum (RM)']
[2025-03-27T04:42:54.753+0000] {logging_mixin.py:190} INFO -   Bil  ...                                  RINGKASAN PROJEK
0   1  ...  https://teduh.kpkt.gov.my/project-swasta/30969-1
1   2  ...  https://teduh.kpkt.gov.my/project-swasta/30946-1
2   3  ...  https://teduh.kpkt.gov.my/project-swasta/30937-1
3   4  ...  https://teduh.kpkt.gov.my/project-swasta/30921-1
4   5  ...  https://teduh.kpkt.gov.my/project-swasta/30920-1
5   6  ...  https://teduh.kpkt.gov.my/project-swasta/30914-1
6   7  ...  https://teduh.kpkt.gov.my/project-swasta/30913-1
7   8  ...  https://teduh.kpkt.gov.my/project-swasta/30909-1
8   9  ...  https://teduh.kpkt.gov.my/project-swasta/30908-1
9  10  ...  https://teduh.kpkt.gov.my/project-swasta/30902-1

[10 rows x 11 columns]
[2025-03-27T04:42:54.786+0000] {logging_mixin.py:190} INFO - SQL dump created: /tmp/teduh_dump.sql
[2025-03-27T04:42:54.860+0000] {logging_mixin.py:190} INFO - Uploaded /tmp/teduh_dump.sql to minio://construction-web-scraping/teduh/temp.sql
[2025-03-27T04:42:54.862+0000] {logging_mixin.py:190} INFO - Scraping and upload done!
[2025-03-27T04:42:54.864+0000] {python.py:240} INFO - Done. Returned value was: None
[2025-03-27T04:42:54.878+0000] {taskinstance.py:341} INFO - ::group::Post task execution logs
[2025-03-27T04:42:54.879+0000] {taskinstance.py:353} INFO - Marking task as SUCCESS. dag_id=construction_web_scraping_v01, task_id=scrape_and_store, run_id=scheduled__2025-03-16T00:00:00+00:00, execution_date=20250316T000000, start_date=20250327T044240, end_date=20250327T044254
[2025-03-27T04:42:54.951+0000] {local_task_job_runner.py:266} INFO - Task exited with return code 0
[2025-03-27T04:42:54.968+0000] {taskinstance.py:3901} INFO - 0 downstream tasks scheduled from follow-on schedule check
[2025-03-27T04:42:54.971+0000] {local_task_job_runner.py:245} INFO - ::endgroup::
[2025-03-27T06:01:23.402+0000] {local_task_job_runner.py:123} INFO - ::group::Pre task execution logs
[2025-03-27T06:01:23.422+0000] {taskinstance.py:2614} INFO - Dependencies all met for dep_context=non-requeueable deps ti=<TaskInstance: construction_web_scraping_v01.scrape_and_store scheduled__2025-03-16T00:00:00+00:00 [queued]>
[2025-03-27T06:01:23.431+0000] {taskinstance.py:2614} INFO - Dependencies all met for dep_context=requeueable deps ti=<TaskInstance: construction_web_scraping_v01.scrape_and_store scheduled__2025-03-16T00:00:00+00:00 [queued]>
[2025-03-27T06:01:23.433+0000] {taskinstance.py:2867} INFO - Starting attempt 3 of 8
[2025-03-27T06:01:23.451+0000] {taskinstance.py:2890} INFO - Executing <Task(PythonOperator): scrape_and_store> on 2025-03-16 00:00:00+00:00
[2025-03-27T06:01:23.456+0000] {standard_task_runner.py:72} INFO - Started process 2898 to run task
[2025-03-27T06:01:23.461+0000] {standard_task_runner.py:104} INFO - Running: ['***', 'tasks', 'run', 'construction_web_scraping_v01', 'scrape_and_store', 'scheduled__2025-03-16T00:00:00+00:00', '--job-id', '39', '--raw', '--subdir', 'DAGS_FOLDER/construction_web_scraping.py', '--cfg-path', '/tmp/tmpfuyncc93']
[2025-03-27T06:01:23.466+0000] {standard_task_runner.py:105} INFO - Job 39: Subtask scrape_and_store
[2025-03-27T06:01:23.528+0000] {task_command.py:467} INFO - Running <TaskInstance: construction_web_scraping_v01.scrape_and_store scheduled__2025-03-16T00:00:00+00:00 [running]> on host c79bd584e644
[2025-03-27T06:01:23.629+0000] {taskinstance.py:3134} INFO - Exporting env vars: AIRFLOW_CTX_DAG_OWNER='waiyong' AIRFLOW_CTX_DAG_ID='construction_web_scraping_v01' AIRFLOW_CTX_TASK_ID='scrape_and_store' AIRFLOW_CTX_EXECUTION_DATE='2025-03-16T00:00:00+00:00' AIRFLOW_CTX_TRY_NUMBER='3' AIRFLOW_CTX_DAG_RUN_ID='scheduled__2025-03-16T00:00:00+00:00'
[2025-03-27T06:01:23.631+0000] {taskinstance.py:732} INFO - ::endgroup::
[2025-03-27T06:01:23.650+0000] {logging_mixin.py:190} INFO - Scraping page 1...
[2025-03-27T06:01:38.165+0000] {logging_mixin.py:190} INFO - Columns before rename: ['BIL.', 'KOD PROJEK', 'PEMAJU', 'PROJEK', 'NO. PERMIT', 'STATUS PROJEK KESELURUHAN', 'RINGKASAN PROJEK', 'Daerah Projek', 'Negeri Projek', 'Harga Minimum (RM)', 'Harga Maksimum (RM)']
[2025-03-27T06:01:38.221+0000] {logging_mixin.py:190} INFO -   Bil  ...                                  RINGKASAN PROJEK
0   1  ...  https://teduh.kpkt.gov.my/project-swasta/30969-1
1   2  ...  https://teduh.kpkt.gov.my/project-swasta/30946-1
2   3  ...  https://teduh.kpkt.gov.my/project-swasta/30937-1
3   4  ...  https://teduh.kpkt.gov.my/project-swasta/30921-1
4   5  ...  https://teduh.kpkt.gov.my/project-swasta/30920-1
5   6  ...  https://teduh.kpkt.gov.my/project-swasta/30914-1
6   7  ...  https://teduh.kpkt.gov.my/project-swasta/30913-1
7   8  ...  https://teduh.kpkt.gov.my/project-swasta/30909-1
8   9  ...  https://teduh.kpkt.gov.my/project-swasta/30908-1
9  10  ...  https://teduh.kpkt.gov.my/project-swasta/30902-1

[10 rows x 11 columns]
[2025-03-27T06:01:38.228+0000] {logging_mixin.py:190} INFO - CSV file created: /tmp/construction_20250327.csv
[2025-03-27T06:01:38.283+0000] {logging_mixin.py:190} INFO - Uploaded /tmp/construction_20250327.csv to minio://construction-web-scraping/teduh/teduh_dump.csv
[2025-03-27T06:01:38.285+0000] {logging_mixin.py:190} INFO - Scraping and upload done!
[2025-03-27T06:01:38.286+0000] {python.py:240} INFO - Done. Returned value was: None
[2025-03-27T06:01:38.297+0000] {taskinstance.py:341} INFO - ::group::Post task execution logs
[2025-03-27T06:01:38.298+0000] {taskinstance.py:353} INFO - Marking task as SUCCESS. dag_id=construction_web_scraping_v01, task_id=scrape_and_store, run_id=scheduled__2025-03-16T00:00:00+00:00, execution_date=20250316T000000, start_date=20250327T060123, end_date=20250327T060138
[2025-03-27T06:01:38.369+0000] {local_task_job_runner.py:266} INFO - Task exited with return code 0
[2025-03-27T06:01:38.390+0000] {taskinstance.py:3901} INFO - 0 downstream tasks scheduled from follow-on schedule check
[2025-03-27T06:01:38.394+0000] {local_task_job_runner.py:245} INFO - ::endgroup::
[2025-03-27T07:15:57.556+0000] {local_task_job_runner.py:123} INFO - ::group::Pre task execution logs
[2025-03-27T07:15:57.593+0000] {taskinstance.py:2614} INFO - Dependencies all met for dep_context=non-requeueable deps ti=<TaskInstance: construction_web_scraping_v01.scrape_and_store scheduled__2025-03-16T00:00:00+00:00 [queued]>
[2025-03-27T07:15:57.607+0000] {taskinstance.py:2614} INFO - Dependencies all met for dep_context=requeueable deps ti=<TaskInstance: construction_web_scraping_v01.scrape_and_store scheduled__2025-03-16T00:00:00+00:00 [queued]>
[2025-03-27T07:15:57.608+0000] {taskinstance.py:2867} INFO - Starting attempt 3 of 6
[2025-03-27T07:15:57.624+0000] {taskinstance.py:2890} INFO - Executing <Task(PythonOperator): scrape_and_store> on 2025-03-16 00:00:00+00:00
[2025-03-27T07:15:57.632+0000] {standard_task_runner.py:72} INFO - Started process 5327 to run task
[2025-03-27T07:15:57.636+0000] {standard_task_runner.py:104} INFO - Running: ['***', 'tasks', 'run', 'construction_web_scraping_v01', 'scrape_and_store', 'scheduled__2025-03-16T00:00:00+00:00', '--job-id', '66', '--raw', '--subdir', 'DAGS_FOLDER/construction_web_scraping.py', '--cfg-path', '/tmp/tmpsgkit0rs']
[2025-03-27T07:15:57.641+0000] {standard_task_runner.py:105} INFO - Job 66: Subtask scrape_and_store
[2025-03-27T07:15:57.705+0000] {task_command.py:467} INFO - Running <TaskInstance: construction_web_scraping_v01.scrape_and_store scheduled__2025-03-16T00:00:00+00:00 [running]> on host c79bd584e644
[2025-03-27T07:15:57.805+0000] {taskinstance.py:3134} INFO - Exporting env vars: AIRFLOW_CTX_DAG_OWNER='waiyong' AIRFLOW_CTX_DAG_ID='construction_web_scraping_v01' AIRFLOW_CTX_TASK_ID='scrape_and_store' AIRFLOW_CTX_EXECUTION_DATE='2025-03-16T00:00:00+00:00' AIRFLOW_CTX_TRY_NUMBER='3' AIRFLOW_CTX_DAG_RUN_ID='scheduled__2025-03-16T00:00:00+00:00'
[2025-03-27T07:15:57.808+0000] {taskinstance.py:732} INFO - ::endgroup::
[2025-03-27T07:15:57.824+0000] {logging_mixin.py:190} INFO - Scraping page 1...
[2025-03-27T07:16:18.531+0000] {logging_mixin.py:190} INFO - Scraping page 2...
[2025-03-27T07:16:37.630+0000] {logging_mixin.py:190} INFO - Scraping page 3...
[2025-03-27T07:16:59.221+0000] {logging_mixin.py:190} INFO - Scraping page 4...
[2025-03-27T07:17:16.948+0000] {logging_mixin.py:190} INFO - Scraping page 5...
[2025-03-27T07:17:36.113+0000] {logging_mixin.py:190} INFO - Scraping page 6...
[2025-03-27T07:17:53.129+0000] {logging_mixin.py:190} INFO - Scraping page 7...
[2025-03-27T07:18:10.051+0000] {logging_mixin.py:190} INFO - Scraping page 8...
[2025-03-27T07:18:29.386+0000] {logging_mixin.py:190} INFO - Scraping page 9...
[2025-03-27T07:18:45.750+0000] {logging_mixin.py:190} INFO - Scraping page 10...
[2025-03-27T07:19:01.693+0000] {logging_mixin.py:190} INFO - Scraping page 11...
[2025-03-27T07:19:18.780+0000] {logging_mixin.py:190} INFO - Scraping page 12...
[2025-03-27T07:19:37.014+0000] {logging_mixin.py:190} INFO - Scraping page 13...
[2025-03-27T07:19:53.752+0000] {logging_mixin.py:190} INFO - Scraping page 14...
[2025-03-27T07:20:08.037+0000] {logging_mixin.py:190} INFO - Error scraping https://teduh.kpkt.gov.my/project-swasta/30480-1: HTTPSConnectionPool(host='teduh.kpkt.gov.my', port=443): Max retries exceeded with url: /project-swasta/30480-1 (Caused by ConnectTimeoutError(<urllib3.connection.HTTPSConnection object at 0x7fca68b73910>, 'Connection to teduh.kpkt.gov.my timed out. (connect timeout=10)'))
[2025-03-27T07:20:22.184+0000] {logging_mixin.py:190} INFO - Scraping page 15...
[2025-03-27T07:20:39.678+0000] {logging_mixin.py:190} INFO - Scraping page 16...
[2025-03-27T07:21:01.183+0000] {logging_mixin.py:190} INFO - Scraping page 17...
[2025-03-27T07:21:19.193+0000] {logging_mixin.py:190} INFO - Scraping page 18...
[2025-03-27T07:21:36.071+0000] {logging_mixin.py:190} INFO - Scraping page 19...
[2025-03-27T07:21:53.391+0000] {logging_mixin.py:190} INFO - Scraping page 20...
[2025-03-27T07:22:12.512+0000] {logging_mixin.py:190} INFO - Scraping page 21...
[2025-03-27T07:22:30.876+0000] {logging_mixin.py:190} INFO - Scraping page 22...
[2025-03-27T07:22:49.306+0000] {logging_mixin.py:190} INFO - Scraping page 23...
[2025-03-27T07:23:05.920+0000] {logging_mixin.py:190} INFO - Scraping page 24...
[2025-03-27T07:23:26.054+0000] {logging_mixin.py:190} INFO - Scraping page 25...
[2025-03-27T07:23:43.719+0000] {logging_mixin.py:190} INFO - Scraping page 26...
[2025-03-27T07:24:01.540+0000] {logging_mixin.py:190} INFO - Scraping page 27...
[2025-03-27T07:24:17.808+0000] {logging_mixin.py:190} INFO - Scraping page 28...
[2025-03-27T07:24:37.802+0000] {logging_mixin.py:190} INFO - Scraping page 29...
[2025-03-27T07:24:58.358+0000] {logging_mixin.py:190} INFO - Scraping page 30...
[2025-03-27T07:25:16.808+0000] {logging_mixin.py:190} INFO - Scraping page 31...
[2025-03-27T07:25:32.959+0000] {logging_mixin.py:190} INFO - Scraping page 32...
[2025-03-27T07:25:52.654+0000] {logging_mixin.py:190} INFO - Scraping page 33...
[2025-03-27T07:26:12.483+0000] {logging_mixin.py:190} INFO - Scraping page 34...
[2025-03-27T07:26:31.569+0000] {logging_mixin.py:190} INFO - Scraping page 35...
[2025-03-27T07:26:52.971+0000] {logging_mixin.py:190} INFO - Scraping page 36...
[2025-03-27T07:27:10.423+0000] {logging_mixin.py:190} INFO - Scraping page 37...
[2025-03-27T07:27:30.751+0000] {logging_mixin.py:190} INFO - Scraping page 38...
[2025-03-27T07:27:49.363+0000] {logging_mixin.py:190} INFO - Scraping page 39...
[2025-03-27T07:28:07.549+0000] {logging_mixin.py:190} INFO - Scraping page 40...
[2025-03-27T07:28:28.318+0000] {logging_mixin.py:190} INFO - Scraping page 41...
[2025-03-27T07:28:46.402+0000] {logging_mixin.py:190} INFO - Scraping page 42...
[2025-03-27T07:29:04.344+0000] {logging_mixin.py:190} INFO - Scraping page 43...
[2025-03-27T07:29:20.693+0000] {logging_mixin.py:190} INFO - Scraping page 44...
[2025-03-27T07:29:38.439+0000] {logging_mixin.py:190} INFO - Scraping page 45...
[2025-03-27T07:29:56.094+0000] {logging_mixin.py:190} INFO - Scraping page 46...
[2025-03-27T07:30:15.833+0000] {logging_mixin.py:190} INFO - Scraping page 47...
[2025-03-27T07:30:33.719+0000] {logging_mixin.py:190} INFO - Scraping page 48...
[2025-03-27T07:30:51.776+0000] {logging_mixin.py:190} INFO - Scraping page 49...
[2025-03-27T07:31:09.390+0000] {logging_mixin.py:190} INFO - Scraping page 50...
[2025-03-27T07:31:25.976+0000] {logging_mixin.py:190} INFO - Scraping page 51...
[2025-03-27T07:31:44.602+0000] {logging_mixin.py:190} INFO - Scraping page 52...
[2025-03-27T07:32:02.236+0000] {logging_mixin.py:190} INFO - Scraping page 53...
[2025-03-27T07:32:18.475+0000] {logging_mixin.py:190} INFO - Scraping page 54...
[2025-03-27T07:32:37.676+0000] {logging_mixin.py:190} INFO - Scraping page 55...
[2025-03-27T07:32:54.891+0000] {logging_mixin.py:190} INFO - Scraping page 56...
[2025-03-27T07:33:11.394+0000] {logging_mixin.py:190} INFO - Scraping page 57...
[2025-03-27T07:33:29.407+0000] {logging_mixin.py:190} INFO - Scraping page 58...
[2025-03-27T07:33:48.374+0000] {logging_mixin.py:190} INFO - Scraping page 59...
[2025-03-27T07:34:07.419+0000] {logging_mixin.py:190} INFO - Scraping page 60...
[2025-03-27T07:34:24.630+0000] {logging_mixin.py:190} INFO - Scraping page 61...
[2025-03-27T07:34:41.478+0000] {logging_mixin.py:190} INFO - Scraping page 62...
[2025-03-27T07:34:58.302+0000] {logging_mixin.py:190} INFO - Scraping page 63...
[2025-03-27T07:35:17.319+0000] {logging_mixin.py:190} INFO - Scraping page 64...
[2025-03-27T07:35:33.236+0000] {logging_mixin.py:190} INFO - Scraping page 65...
[2025-03-27T07:35:48.590+0000] {logging_mixin.py:190} INFO - Scraping page 66...
[2025-03-27T07:36:05.842+0000] {logging_mixin.py:190} INFO - Scraping page 67...
[2025-03-27T07:36:24.080+0000] {logging_mixin.py:190} INFO - Scraping page 68...
[2025-03-27T07:36:42.279+0000] {logging_mixin.py:190} INFO - Scraping page 69...
[2025-03-27T07:36:59.562+0000] {logging_mixin.py:190} INFO - Scraping page 70...
[2025-03-27T07:37:17.238+0000] {logging_mixin.py:190} INFO - Scraping page 71...
[2025-03-27T07:37:35.582+0000] {logging_mixin.py:190} INFO - Scraping page 72...
[2025-03-27T07:37:53.348+0000] {logging_mixin.py:190} INFO - Scraping page 73...
[2025-03-27T07:38:11.518+0000] {logging_mixin.py:190} INFO - Scraping page 74...
[2025-03-27T07:38:28.142+0000] {logging_mixin.py:190} INFO - Scraping page 75...
[2025-03-27T07:38:44.078+0000] {logging_mixin.py:190} INFO - Scraping page 76...
[2025-03-27T07:39:04.080+0000] {logging_mixin.py:190} INFO - Scraping page 77...
[2025-03-27T07:39:21.186+0000] {logging_mixin.py:190} INFO - Scraping page 78...
[2025-03-27T07:39:38.961+0000] {logging_mixin.py:190} INFO - Scraping page 79...
[2025-03-27T07:39:58.295+0000] {logging_mixin.py:190} INFO - Scraping page 80...
[2025-03-27T07:40:14.848+0000] {logging_mixin.py:190} INFO - Scraping page 81...
[2025-03-27T07:40:32.714+0000] {logging_mixin.py:190} INFO - Scraping page 82...
[2025-03-27T07:40:51.053+0000] {logging_mixin.py:190} INFO - Scraping page 83...
[2025-03-27T07:41:09.877+0000] {logging_mixin.py:190} INFO - Scraping page 84...
[2025-03-27T07:41:27.007+0000] {logging_mixin.py:190} INFO - Scraping page 85...
[2025-03-27T07:41:43.595+0000] {logging_mixin.py:190} INFO - Scraping page 86...
[2025-03-27T07:42:01.151+0000] {logging_mixin.py:190} INFO - Scraping page 87...
[2025-03-27T07:42:17.346+0000] {logging_mixin.py:190} INFO - Scraping page 88...
[2025-03-27T07:42:38.294+0000] {logging_mixin.py:190} INFO - Scraping page 89...
[2025-03-27T07:43:01.137+0000] {logging_mixin.py:190} INFO - Error scraping https://teduh.kpkt.gov.my/project-swasta/19499-3: HTTPSConnectionPool(host='teduh.kpkt.gov.my', port=443): Max retries exceeded with url: /project-swasta/19499-3 (Caused by ConnectTimeoutError(<urllib3.connection.HTTPSConnection object at 0x7fca680c0760>, 'Connection to teduh.kpkt.gov.my timed out. (connect timeout=10)'))
[2025-03-27T07:43:08.379+0000] {logging_mixin.py:190} INFO - Scraping page 90...
[2025-03-27T07:43:26.383+0000] {logging_mixin.py:190} INFO - Scraping page 91...
[2025-03-27T07:43:44.216+0000] {logging_mixin.py:190} INFO - Scraping page 92...
[2025-03-27T07:44:02.612+0000] {logging_mixin.py:190} INFO - Scraping page 93...
[2025-03-27T07:44:18.870+0000] {logging_mixin.py:190} INFO - Scraping page 94...
[2025-03-27T07:44:37.078+0000] {logging_mixin.py:190} INFO - Scraping page 95...
[2025-03-27T07:44:57.088+0000] {logging_mixin.py:190} INFO - Scraping page 96...
[2025-03-27T07:45:17.071+0000] {logging_mixin.py:190} INFO - Scraping page 97...
[2025-03-27T07:45:34.287+0000] {logging_mixin.py:190} INFO - Scraping page 98...
[2025-03-27T07:45:51.510+0000] {logging_mixin.py:190} INFO - Scraping page 99...
[2025-03-27T07:45:57.687+0000] {timeout.py:68} ERROR - Process timed out, PID: 5327
[2025-03-27T07:45:57.723+0000] {taskinstance.py:3313} ERROR - Task failed with exception
Traceback (most recent call last):
  File "/home/airflow/.local/lib/python3.10/site-packages/airflow/models/taskinstance.py", line 763, in _execute_task
    result = _execute_callable(context=context, **execute_callable_kwargs)
  File "/home/airflow/.local/lib/python3.10/site-packages/airflow/models/taskinstance.py", line 734, in _execute_callable
    return ExecutionCallableRunner(
  File "/home/airflow/.local/lib/python3.10/site-packages/airflow/utils/operator_helpers.py", line 252, in run
    return self.func(*args, **kwargs)
  File "/home/airflow/.local/lib/python3.10/site-packages/airflow/models/baseoperator.py", line 424, in wrapper
    return func(self, *args, **kwargs)
  File "/home/airflow/.local/lib/python3.10/site-packages/airflow/operators/python.py", line 238, in execute
    return_value = self.execute_callable()
  File "/home/airflow/.local/lib/python3.10/site-packages/airflow/operators/python.py", line 256, in execute_callable
    return runner.run(*self.op_args, **self.op_kwargs)
  File "/home/airflow/.local/lib/python3.10/site-packages/airflow/utils/operator_helpers.py", line 252, in run
    return self.func(*args, **kwargs)
  File "/opt/airflow/dags/construction_web_scraping.py", line 183, in run_scraper
    daerah, negeri, harga_min, harga_maks = scrape_additional_data(link)
  File "/opt/airflow/dags/construction_web_scraping.py", line 45, in scrape_additional_data
    response = requests.get(link, timeout=10)
  File "/home/airflow/.local/lib/python3.10/site-packages/requests/api.py", line 73, in get
    return request("get", url, params=params, **kwargs)
  File "/home/airflow/.local/lib/python3.10/site-packages/requests/api.py", line 59, in request
    return session.request(method=method, url=url, **kwargs)
  File "/home/airflow/.local/lib/python3.10/site-packages/requests/sessions.py", line 589, in request
    resp = self.send(prep, **send_kwargs)
  File "/home/airflow/.local/lib/python3.10/site-packages/requests/sessions.py", line 703, in send
    r = adapter.send(request, **kwargs)
  File "/home/airflow/.local/lib/python3.10/site-packages/requests/adapters.py", line 667, in send
    resp = conn.urlopen(
  File "/home/airflow/.local/lib/python3.10/site-packages/urllib3/connectionpool.py", line 787, in urlopen
    response = self._make_request(
  File "/home/airflow/.local/lib/python3.10/site-packages/urllib3/connectionpool.py", line 534, in _make_request
    response = conn.getresponse()
  File "/home/airflow/.local/lib/python3.10/site-packages/urllib3/connection.py", line 516, in getresponse
    httplib_response = super().getresponse()
  File "/usr/local/lib/python3.10/http/client.py", line 1375, in getresponse
    response.begin()
  File "/usr/local/lib/python3.10/http/client.py", line 318, in begin
    version, status, reason = self._read_status()
  File "/usr/local/lib/python3.10/http/client.py", line 279, in _read_status
    line = str(self.fp.readline(_MAXLINE + 1), "iso-8859-1")
  File "/usr/local/lib/python3.10/socket.py", line 717, in readinto
    return self._sock.recv_into(b)
  File "/usr/local/lib/python3.10/ssl.py", line 1307, in recv_into
    return self.read(nbytes, buffer)
  File "/usr/local/lib/python3.10/ssl.py", line 1163, in read
    return self._sslobj.read(len, buffer)
  File "/home/airflow/.local/lib/python3.10/site-packages/airflow/utils/timeout.py", line 69, in handle_timeout
    raise AirflowTaskTimeout(self.error_message)
airflow.exceptions.AirflowTaskTimeout: Timeout, PID: 5327
[2025-03-27T07:45:57.750+0000] {taskinstance.py:1226} INFO - Marking task as UP_FOR_RETRY. dag_id=construction_web_scraping_v01, task_id=scrape_and_store, run_id=scheduled__2025-03-16T00:00:00+00:00, execution_date=20250316T000000, start_date=20250327T071557, end_date=20250327T074557
[2025-03-27T07:45:57.823+0000] {taskinstance.py:341} INFO - ::group::Post task execution logs
[2025-03-27T07:45:57.844+0000] {local_task_job_runner.py:266} INFO - Task exited with return code 2
[2025-03-27T07:45:57.865+0000] {taskinstance.py:3901} INFO - 0 downstream tasks scheduled from follow-on schedule check
[2025-03-27T07:45:57.869+0000] {local_task_job_runner.py:245} INFO - ::endgroup::
