[2025-03-27T04:26:24.292+0000] {local_task_job_runner.py:123} INFO - ::group::Pre task execution logs
[2025-03-27T04:26:24.311+0000] {taskinstance.py:2614} INFO - Dependencies all met for dep_context=non-requeueable deps ti=<TaskInstance: construction_web_scraping_v01.scrape_and_store scheduled__2025-03-16T00:00:00+00:00 [queued]>
[2025-03-27T04:26:24.321+0000] {taskinstance.py:2614} INFO - Dependencies all met for dep_context=requeueable deps ti=<TaskInstance: construction_web_scraping_v01.scrape_and_store scheduled__2025-03-16T00:00:00+00:00 [queued]>
[2025-03-27T04:26:24.322+0000] {taskinstance.py:2867} INFO - Starting attempt 4 of 6
[2025-03-27T04:26:24.338+0000] {taskinstance.py:2890} INFO - Executing <Task(PythonOperator): scrape_and_store> on 2025-03-16 00:00:00+00:00
[2025-03-27T04:26:24.343+0000] {standard_task_runner.py:72} INFO - Started process 541 to run task
[2025-03-27T04:26:24.347+0000] {standard_task_runner.py:104} INFO - Running: ['***', 'tasks', 'run', 'construction_web_scraping_v01', 'scrape_and_store', 'scheduled__2025-03-16T00:00:00+00:00', '--job-id', '17', '--raw', '--subdir', 'DAGS_FOLDER/construction_web_scraping.py', '--cfg-path', '/tmp/tmpz7urhxub']
[2025-03-27T04:26:24.351+0000] {standard_task_runner.py:105} INFO - Job 17: Subtask scrape_and_store
[2025-03-27T04:26:24.406+0000] {task_command.py:467} INFO - Running <TaskInstance: construction_web_scraping_v01.scrape_and_store scheduled__2025-03-16T00:00:00+00:00 [running]> on host c79bd584e644
[2025-03-27T04:26:24.511+0000] {taskinstance.py:3134} INFO - Exporting env vars: AIRFLOW_CTX_DAG_OWNER='waiyong' AIRFLOW_CTX_DAG_ID='construction_web_scraping_v01' AIRFLOW_CTX_TASK_ID='scrape_and_store' AIRFLOW_CTX_EXECUTION_DATE='2025-03-16T00:00:00+00:00' AIRFLOW_CTX_TRY_NUMBER='4' AIRFLOW_CTX_DAG_RUN_ID='scheduled__2025-03-16T00:00:00+00:00'
[2025-03-27T04:26:24.513+0000] {taskinstance.py:732} INFO - ::endgroup::
[2025-03-27T04:26:24.532+0000] {logging_mixin.py:190} INFO - Scraping page 1...
[2025-03-27T04:26:37.893+0000] {logging_mixin.py:190} INFO - Scraping page 2...
[2025-03-27T04:26:52.886+0000] {logging_mixin.py:190} INFO - Scraping page 3...
[2025-03-27T04:27:12.248+0000] {logging_mixin.py:190} INFO - Scraping page 4...
[2025-03-27T04:27:26.179+0000] {logging_mixin.py:190} INFO - Scraping page 5...
[2025-03-27T04:27:39.894+0000] {logging_mixin.py:190} INFO - Columns before rename: ['BIL.', 'KOD PROJEK', 'PEMAJU', 'PROJEK', 'NO. PERMIT', 'STATUS PROJEK KESELURUHAN', 'RINGKASAN PROJEK', 'Daerah Projek', 'Negeri Projek', 'Harga Minimum (RM)', 'Harga Maksimum (RM)']
[2025-03-27T04:27:39.915+0000] {logging_mixin.py:190} INFO -   Bil  ...                                  RINGKASAN PROJEK
0   1  ...  https://teduh.kpkt.gov.my/project-swasta/30969-1
1   2  ...  https://teduh.kpkt.gov.my/project-swasta/30946-1
2   3  ...  https://teduh.kpkt.gov.my/project-swasta/30937-1
3   4  ...  https://teduh.kpkt.gov.my/project-swasta/30921-1
4   5  ...  https://teduh.kpkt.gov.my/project-swasta/30920-1
5   6  ...  https://teduh.kpkt.gov.my/project-swasta/30914-1
6   7  ...  https://teduh.kpkt.gov.my/project-swasta/30913-1
7   8  ...  https://teduh.kpkt.gov.my/project-swasta/30909-1
8   9  ...  https://teduh.kpkt.gov.my/project-swasta/30908-1
9  10  ...  https://teduh.kpkt.gov.my/project-swasta/30902-1

[10 rows x 11 columns]
[2025-03-27T04:27:39.942+0000] {logging_mixin.py:190} INFO - SQL dump created: /tmp/teduh_dump.sql
[2025-03-27T04:27:39.944+0000] {taskinstance.py:3313} ERROR - Task failed with exception
Traceback (most recent call last):
  File "/home/airflow/.local/lib/python3.10/site-packages/airflow/models/taskinstance.py", line 768, in _execute_task
    result = _execute_callable(context=context, **execute_callable_kwargs)
  File "/home/airflow/.local/lib/python3.10/site-packages/airflow/models/taskinstance.py", line 734, in _execute_callable
    return ExecutionCallableRunner(
  File "/home/airflow/.local/lib/python3.10/site-packages/airflow/utils/operator_helpers.py", line 252, in run
    return self.func(*args, **kwargs)
  File "/home/airflow/.local/lib/python3.10/site-packages/airflow/models/baseoperator.py", line 424, in wrapper
    return func(self, *args, **kwargs)
  File "/home/airflow/.local/lib/python3.10/site-packages/airflow/operators/python.py", line 238, in execute
    return_value = self.execute_callable()
  File "/home/airflow/.local/lib/python3.10/site-packages/airflow/operators/python.py", line 256, in execute_callable
    return runner.run(*self.op_args, **self.op_kwargs)
  File "/home/airflow/.local/lib/python3.10/site-packages/airflow/utils/operator_helpers.py", line 252, in run
    return self.func(*args, **kwargs)
  File "/opt/airflow/dags/construction_web_scraping.py", line 255, in run_scraper
    client = create_minio_client()
NameError: name 'create_minio_client' is not defined
[2025-03-27T04:27:39.962+0000] {taskinstance.py:1226} INFO - Marking task as UP_FOR_RETRY. dag_id=construction_web_scraping_v01, task_id=scrape_and_store, run_id=scheduled__2025-03-16T00:00:00+00:00, execution_date=20250316T000000, start_date=20250327T042624, end_date=20250327T042739
[2025-03-27T04:27:40.002+0000] {taskinstance.py:341} INFO - ::group::Post task execution logs
[2025-03-27T04:27:40.003+0000] {standard_task_runner.py:124} ERROR - Failed to execute job 17 for task scrape_and_store (name 'create_minio_client' is not defined; 541)
Traceback (most recent call last):
  File "/home/airflow/.local/lib/python3.10/site-packages/airflow/task/task_runner/standard_task_runner.py", line 117, in _start_by_fork
    ret = args.func(args, dag=self.dag)
  File "/home/airflow/.local/lib/python3.10/site-packages/airflow/cli/cli_config.py", line 49, in command
    return func(*args, **kwargs)
  File "/home/airflow/.local/lib/python3.10/site-packages/airflow/utils/cli.py", line 116, in wrapper
    return f(*args, **kwargs)
  File "/home/airflow/.local/lib/python3.10/site-packages/airflow/cli/commands/task_command.py", line 483, in task_run
    task_return_code = _run_task_by_selected_method(args, _dag, ti)
  File "/home/airflow/.local/lib/python3.10/site-packages/airflow/cli/commands/task_command.py", line 256, in _run_task_by_selected_method
    return _run_raw_task(args, ti)
  File "/home/airflow/.local/lib/python3.10/site-packages/airflow/cli/commands/task_command.py", line 341, in _run_raw_task
    return ti._run_raw_task(
  File "/home/airflow/.local/lib/python3.10/site-packages/airflow/utils/session.py", line 97, in wrapper
    return func(*args, session=session, **kwargs)
  File "/home/airflow/.local/lib/python3.10/site-packages/airflow/models/taskinstance.py", line 3006, in _run_raw_task
    return _run_raw_task(
  File "/home/airflow/.local/lib/python3.10/site-packages/airflow/models/taskinstance.py", line 274, in _run_raw_task
    TaskInstance._execute_task_with_callbacks(
  File "/home/airflow/.local/lib/python3.10/site-packages/airflow/models/taskinstance.py", line 3161, in _execute_task_with_callbacks
    result = self._execute_task(context, task_orig)
  File "/home/airflow/.local/lib/python3.10/site-packages/airflow/models/taskinstance.py", line 3185, in _execute_task
    return _execute_task(self, context, task_orig)
  File "/home/airflow/.local/lib/python3.10/site-packages/airflow/models/taskinstance.py", line 768, in _execute_task
    result = _execute_callable(context=context, **execute_callable_kwargs)
  File "/home/airflow/.local/lib/python3.10/site-packages/airflow/models/taskinstance.py", line 734, in _execute_callable
    return ExecutionCallableRunner(
  File "/home/airflow/.local/lib/python3.10/site-packages/airflow/utils/operator_helpers.py", line 252, in run
    return self.func(*args, **kwargs)
  File "/home/airflow/.local/lib/python3.10/site-packages/airflow/models/baseoperator.py", line 424, in wrapper
    return func(self, *args, **kwargs)
  File "/home/airflow/.local/lib/python3.10/site-packages/airflow/operators/python.py", line 238, in execute
    return_value = self.execute_callable()
  File "/home/airflow/.local/lib/python3.10/site-packages/airflow/operators/python.py", line 256, in execute_callable
    return runner.run(*self.op_args, **self.op_kwargs)
  File "/home/airflow/.local/lib/python3.10/site-packages/airflow/utils/operator_helpers.py", line 252, in run
    return self.func(*args, **kwargs)
  File "/opt/airflow/dags/construction_web_scraping.py", line 255, in run_scraper
    client = create_minio_client()
NameError: name 'create_minio_client' is not defined
[2025-03-27T04:27:40.028+0000] {local_task_job_runner.py:266} INFO - Task exited with return code 1
[2025-03-27T04:27:40.056+0000] {taskinstance.py:3901} INFO - 0 downstream tasks scheduled from follow-on schedule check
[2025-03-27T04:27:40.059+0000] {local_task_job_runner.py:245} INFO - ::endgroup::
[2025-03-27T07:50:59.577+0000] {local_task_job_runner.py:123} INFO - ::group::Pre task execution logs
[2025-03-27T07:50:59.599+0000] {taskinstance.py:2614} INFO - Dependencies all met for dep_context=non-requeueable deps ti=<TaskInstance: construction_web_scraping_v01.scrape_and_store scheduled__2025-03-16T00:00:00+00:00 [queued]>
[2025-03-27T07:50:59.610+0000] {taskinstance.py:2614} INFO - Dependencies all met for dep_context=requeueable deps ti=<TaskInstance: construction_web_scraping_v01.scrape_and_store scheduled__2025-03-16T00:00:00+00:00 [queued]>
[2025-03-27T07:50:59.612+0000] {taskinstance.py:2867} INFO - Starting attempt 4 of 6
[2025-03-27T07:50:59.631+0000] {taskinstance.py:2890} INFO - Executing <Task(PythonOperator): scrape_and_store> on 2025-03-16 00:00:00+00:00
[2025-03-27T07:50:59.637+0000] {standard_task_runner.py:72} INFO - Started process 6563 to run task
[2025-03-27T07:50:59.642+0000] {standard_task_runner.py:104} INFO - Running: ['***', 'tasks', 'run', 'construction_web_scraping_v01', 'scrape_and_store', 'scheduled__2025-03-16T00:00:00+00:00', '--job-id', '69', '--raw', '--subdir', 'DAGS_FOLDER/construction_web_scraping.py', '--cfg-path', '/tmp/tmp1x25r51q']
[2025-03-27T07:50:59.646+0000] {standard_task_runner.py:105} INFO - Job 69: Subtask scrape_and_store
[2025-03-27T07:50:59.708+0000] {task_command.py:467} INFO - Running <TaskInstance: construction_web_scraping_v01.scrape_and_store scheduled__2025-03-16T00:00:00+00:00 [running]> on host c79bd584e644
[2025-03-27T07:50:59.816+0000] {taskinstance.py:3134} INFO - Exporting env vars: AIRFLOW_CTX_DAG_OWNER='waiyong' AIRFLOW_CTX_DAG_ID='construction_web_scraping_v01' AIRFLOW_CTX_TASK_ID='scrape_and_store' AIRFLOW_CTX_EXECUTION_DATE='2025-03-16T00:00:00+00:00' AIRFLOW_CTX_TRY_NUMBER='4' AIRFLOW_CTX_DAG_RUN_ID='scheduled__2025-03-16T00:00:00+00:00'
[2025-03-27T07:50:59.819+0000] {taskinstance.py:732} INFO - ::endgroup::
[2025-03-27T07:50:59.840+0000] {logging_mixin.py:190} INFO - Scraping page 1...
[2025-03-27T07:51:16.877+0000] {logging_mixin.py:190} INFO - Scraping page 2...
[2025-03-27T07:51:35.062+0000] {logging_mixin.py:190} INFO - Scraping page 3...
[2025-03-27T07:52:00.099+0000] {logging_mixin.py:190} INFO - Scraping page 4...
[2025-03-27T07:52:18.582+0000] {logging_mixin.py:190} INFO - Scraping page 5...
[2025-03-27T07:52:35.007+0000] {logging_mixin.py:190} INFO - Scraping page 6...
[2025-03-27T07:52:50.865+0000] {logging_mixin.py:190} INFO - Scraping page 7...
[2025-03-27T07:53:06.120+0000] {logging_mixin.py:190} INFO - Scraping page 8...
[2025-03-27T07:53:22.539+0000] {logging_mixin.py:190} INFO - Scraping page 9...
[2025-03-27T07:53:38.977+0000] {logging_mixin.py:190} INFO - Scraping page 10...
[2025-03-27T07:53:59.453+0000] {logging_mixin.py:190} INFO - Scraping page 11...
[2025-03-27T07:54:14.854+0000] {logging_mixin.py:190} INFO - Scraping page 12...
[2025-03-27T07:54:30.786+0000] {logging_mixin.py:190} INFO - Scraping page 13...
[2025-03-27T07:54:46.930+0000] {logging_mixin.py:190} INFO - Scraping page 14...
[2025-03-27T07:55:04.413+0000] {logging_mixin.py:190} INFO - Scraping page 15...
[2025-03-27T07:55:21.602+0000] {logging_mixin.py:190} INFO - Scraping page 16...
[2025-03-27T07:55:38.234+0000] {logging_mixin.py:190} INFO - Scraping page 17...
[2025-03-27T07:55:55.491+0000] {logging_mixin.py:190} INFO - Scraping page 18...
[2025-03-27T07:56:12.684+0000] {logging_mixin.py:190} INFO - Scraping page 19...
[2025-03-27T07:56:29.212+0000] {logging_mixin.py:190} INFO - Scraping page 20...
[2025-03-27T07:56:45.837+0000] {logging_mixin.py:190} INFO - Scraping page 21...
[2025-03-27T07:57:02.063+0000] {logging_mixin.py:190} INFO - Scraping page 22...
[2025-03-27T07:57:19.065+0000] {logging_mixin.py:190} INFO - Scraping page 23...
[2025-03-27T07:57:35.384+0000] {logging_mixin.py:190} INFO - Scraping page 24...
[2025-03-27T07:57:52.346+0000] {logging_mixin.py:190} INFO - Scraping page 25...
[2025-03-27T07:58:09.467+0000] {logging_mixin.py:190} INFO - Scraping page 26...
[2025-03-27T07:58:25.984+0000] {logging_mixin.py:190} INFO - Scraping page 27...
[2025-03-27T07:58:46.229+0000] {logging_mixin.py:190} INFO - Scraping page 28...
[2025-03-27T07:59:03.005+0000] {logging_mixin.py:190} INFO - Scraping page 29...
[2025-03-27T07:59:20.954+0000] {logging_mixin.py:190} INFO - Scraping page 30...
[2025-03-27T07:59:36.860+0000] {logging_mixin.py:190} INFO - Scraping page 31...
[2025-03-27T07:59:53.293+0000] {logging_mixin.py:190} INFO - Scraping page 32...
[2025-03-27T08:00:15.405+0000] {logging_mixin.py:190} INFO - Scraping page 33...
[2025-03-27T08:00:32.996+0000] {logging_mixin.py:190} INFO - Scraping page 34...
[2025-03-27T08:00:50.842+0000] {logging_mixin.py:190} INFO - Scraping page 35...
[2025-03-27T08:01:07.445+0000] {logging_mixin.py:190} INFO - Scraping page 36...
[2025-03-27T08:01:24.594+0000] {logging_mixin.py:190} INFO - Scraping page 37...
[2025-03-27T08:01:42.635+0000] {logging_mixin.py:190} INFO - Scraping page 38...
[2025-03-27T08:02:00.350+0000] {logging_mixin.py:190} INFO - Scraping page 39...
[2025-03-27T08:02:16.745+0000] {logging_mixin.py:190} INFO - Scraping page 40...
[2025-03-27T08:02:33.795+0000] {logging_mixin.py:190} INFO - Scraping page 41...
[2025-03-27T08:02:50.131+0000] {logging_mixin.py:190} INFO - Scraping page 42...
[2025-03-27T08:03:12.706+0000] {logging_mixin.py:190} INFO - Scraping page 43...
[2025-03-27T08:03:29.295+0000] {logging_mixin.py:190} INFO - Scraping page 44...
[2025-03-27T08:03:51.234+0000] {logging_mixin.py:190} INFO - Scraping page 45...
[2025-03-27T08:04:09.936+0000] {logging_mixin.py:190} INFO - Scraping page 46...
[2025-03-27T08:04:32.046+0000] {logging_mixin.py:190} INFO - Scraping page 47...
[2025-03-27T08:04:49.975+0000] {logging_mixin.py:190} INFO - Scraping page 48...
[2025-03-27T08:05:08.315+0000] {logging_mixin.py:190} INFO - Scraping page 49...
[2025-03-27T08:05:24.931+0000] {logging_mixin.py:190} INFO - Scraping page 50...
[2025-03-27T08:05:41.846+0000] {logging_mixin.py:190} INFO - Scraping page 51...
[2025-03-27T08:05:59.896+0000] {logging_mixin.py:190} INFO - Scraping page 52...
[2025-03-27T08:06:17.814+0000] {logging_mixin.py:190} INFO - Scraping page 53...
[2025-03-27T08:06:34.333+0000] {logging_mixin.py:190} INFO - Scraping page 54...
[2025-03-27T08:06:51.283+0000] {logging_mixin.py:190} INFO - Scraping page 55...
[2025-03-27T08:07:08.616+0000] {logging_mixin.py:190} INFO - Scraping page 56...
[2025-03-27T08:07:25.904+0000] {logging_mixin.py:190} INFO - Scraping page 57...
[2025-03-27T08:07:42.003+0000] {logging_mixin.py:190} INFO - Scraping page 58...
[2025-03-27T08:07:58.534+0000] {logging_mixin.py:190} INFO - Scraping page 59...
[2025-03-27T08:08:15.467+0000] {logging_mixin.py:190} INFO - Scraping page 60...
[2025-03-27T08:08:31.999+0000] {logging_mixin.py:190} INFO - Scraping page 61...
[2025-03-27T08:08:49.913+0000] {logging_mixin.py:190} INFO - Scraping page 62...
[2025-03-27T08:09:07.400+0000] {logging_mixin.py:190} INFO - Scraping page 63...
[2025-03-27T08:09:24.747+0000] {logging_mixin.py:190} INFO - Scraping page 64...
[2025-03-27T08:09:41.226+0000] {logging_mixin.py:190} INFO - Scraping page 65...
[2025-03-27T08:09:57.194+0000] {logging_mixin.py:190} INFO - Scraping page 66...
[2025-03-27T08:10:25.502+0000] {logging_mixin.py:190} INFO - Scraping page 67...
[2025-03-27T08:52:01.821+0000] {job.py:229} INFO - Heartbeat recovered after 2509.57 seconds
[2025-03-27T08:52:01.846+0000] {local_task_job_runner.py:228} ERROR - Heartbeat time limit exceeded!
[2025-03-27T08:52:01.848+0000] {local_task_job_runner.py:245} INFO - ::endgroup::
[2025-03-27T08:52:01.855+0000] {process_utils.py:132} INFO - Sending 15 to group 6563. PIDs of all processes in the group: [6563]
[2025-03-27T08:52:01.864+0000] {process_utils.py:87} INFO - Sending the signal 15 to group 6563
[2025-03-27T08:52:02.797+0000] {taskinstance.py:3094} ERROR - Received SIGTERM. Terminating subprocesses.
[2025-03-27T08:52:02.866+0000] {taskinstance.py:3095} ERROR - Stacktrace: 
  File "/home/***/.local/bin/***", line 8, in <module>
    sys.exit(main())
  File "/home/***/.local/lib/python3.10/site-packages/***/__main__.py", line 62, in main
    args.func(args)
  File "/home/***/.local/lib/python3.10/site-packages/***/cli/cli_config.py", line 49, in command
    return func(*args, **kwargs)
  File "/home/***/.local/lib/python3.10/site-packages/***/utils/cli.py", line 116, in wrapper
    return f(*args, **kwargs)
  File "/home/***/.local/lib/python3.10/site-packages/***/utils/providers_configuration_loader.py", line 55, in wrapped_function
    return func(*args, **kwargs)
  File "/home/***/.local/lib/python3.10/site-packages/***/cli/commands/scheduler_command.py", line 56, in scheduler
    run_command_with_daemon_option(
  File "/home/***/.local/lib/python3.10/site-packages/***/cli/commands/daemon_utils.py", line 86, in run_command_with_daemon_option
    callback()
  File "/home/***/.local/lib/python3.10/site-packages/***/cli/commands/scheduler_command.py", line 59, in <lambda>
    callback=lambda: _run_scheduler_job(args),
  File "/home/***/.local/lib/python3.10/site-packages/***/cli/commands/scheduler_command.py", line 47, in _run_scheduler_job
    run_job(job=job_runner.job, execute_callable=job_runner._execute)
  File "/home/***/.local/lib/python3.10/site-packages/***/utils/session.py", line 97, in wrapper
    return func(*args, session=session, **kwargs)
  File "/home/***/.local/lib/python3.10/site-packages/***/jobs/job.py", line 421, in run_job
    return execute_job(job, execute_callable=execute_callable)
  File "/home/***/.local/lib/python3.10/site-packages/***/jobs/job.py", line 450, in execute_job
    ret = execute_callable()
  File "/home/***/.local/lib/python3.10/site-packages/***/jobs/scheduler_job_runner.py", line 990, in _execute
    executor.start()
  File "/home/***/.local/lib/python3.10/site-packages/***/executors/local_executor.py", line 392, in start
    self.impl.start()
  File "/home/***/.local/lib/python3.10/site-packages/***/executors/local_executor.py", line 330, in start
    worker.start()
  File "/usr/local/lib/python3.10/multiprocessing/process.py", line 121, in start
    self._popen = self._Popen(self)
  File "/usr/local/lib/python3.10/multiprocessing/context.py", line 224, in _Popen
    return _default_context.get_context().Process._Popen(process_obj)
  File "/usr/local/lib/python3.10/multiprocessing/context.py", line 281, in _Popen
    return Popen(process_obj)
  File "/usr/local/lib/python3.10/multiprocessing/popen_fork.py", line 19, in __init__
    self._launch(process_obj)
  File "/usr/local/lib/python3.10/multiprocessing/popen_fork.py", line 71, in _launch
    code = process_obj._bootstrap(parent_sentinel=child_r)
  File "/usr/local/lib/python3.10/multiprocessing/process.py", line 314, in _bootstrap
    self.run()
  File "/home/***/.local/lib/python3.10/site-packages/***/executors/local_executor.py", line 80, in run
    return super().run()
  File "/usr/local/lib/python3.10/multiprocessing/process.py", line 108, in run
    self._target(*self._args, **self._kwargs)
  File "/home/***/.local/lib/python3.10/site-packages/***/traces/tracer.py", line 58, in wrapper
    return func(*args, **kwargs)
  File "/home/***/.local/lib/python3.10/site-packages/***/executors/local_executor.py", line 211, in do_work
    self.execute_work(key=key, command=command)
  File "/home/***/.local/lib/python3.10/site-packages/***/traces/tracer.py", line 58, in wrapper
    return func(*args, **kwargs)
  File "/home/***/.local/lib/python3.10/site-packages/***/executors/local_executor.py", line 100, in execute_work
    state = self._execute_work_in_fork(command)
  File "/home/***/.local/lib/python3.10/site-packages/***/traces/tracer.py", line 58, in wrapper
    return func(*args, **kwargs)
  File "/home/***/.local/lib/python3.10/site-packages/***/executors/local_executor.py", line 142, in _execute_work_in_fork
    args.func(args)
  File "/home/***/.local/lib/python3.10/site-packages/***/cli/cli_config.py", line 49, in command
    return func(*args, **kwargs)
  File "/home/***/.local/lib/python3.10/site-packages/***/utils/cli.py", line 116, in wrapper
    return f(*args, **kwargs)
  File "/home/***/.local/lib/python3.10/site-packages/***/cli/commands/task_command.py", line 483, in task_run
    task_return_code = _run_task_by_selected_method(args, _dag, ti)
  File "/home/***/.local/lib/python3.10/site-packages/***/cli/commands/task_command.py", line 254, in _run_task_by_selected_method
    return _run_task_by_local_task_job(args, ti)
  File "/home/***/.local/lib/python3.10/site-packages/***/cli/commands/task_command.py", line 322, in _run_task_by_local_task_job
    ret = run_job(job=job_runner.job, execute_callable=job_runner._execute)
  File "/home/***/.local/lib/python3.10/site-packages/***/utils/session.py", line 97, in wrapper
    return func(*args, session=session, **kwargs)
  File "/home/***/.local/lib/python3.10/site-packages/***/jobs/job.py", line 421, in run_job
    return execute_job(job, execute_callable=execute_callable)
  File "/home/***/.local/lib/python3.10/site-packages/***/jobs/job.py", line 450, in execute_job
    ret = execute_callable()
  File "/home/***/.local/lib/python3.10/site-packages/***/jobs/local_task_job_runner.py", line 171, in _execute
    self.task_runner.start()
  File "/home/***/.local/lib/python3.10/site-packages/***/task/task_runner/standard_task_runner.py", line 55, in start
    self.process = self._start_by_fork()
  File "/home/***/.local/lib/python3.10/site-packages/***/task/task_runner/standard_task_runner.py", line 117, in _start_by_fork
    ret = args.func(args, dag=self.dag)
  File "/home/***/.local/lib/python3.10/site-packages/***/cli/cli_config.py", line 49, in command
    return func(*args, **kwargs)
  File "/home/***/.local/lib/python3.10/site-packages/***/utils/cli.py", line 116, in wrapper
    return f(*args, **kwargs)
  File "/home/***/.local/lib/python3.10/site-packages/***/cli/commands/task_command.py", line 483, in task_run
    task_return_code = _run_task_by_selected_method(args, _dag, ti)
  File "/home/***/.local/lib/python3.10/site-packages/***/cli/commands/task_command.py", line 256, in _run_task_by_selected_method
    return _run_raw_task(args, ti)
  File "/home/***/.local/lib/python3.10/site-packages/***/cli/commands/task_command.py", line 341, in _run_raw_task
    return ti._run_raw_task(
  File "/home/***/.local/lib/python3.10/site-packages/***/utils/session.py", line 97, in wrapper
    return func(*args, session=session, **kwargs)
  File "/home/***/.local/lib/python3.10/site-packages/***/models/taskinstance.py", line 3006, in _run_raw_task
    return _run_raw_task(
  File "/home/***/.local/lib/python3.10/site-packages/***/models/taskinstance.py", line 274, in _run_raw_task
    TaskInstance._execute_task_with_callbacks(
  File "/home/***/.local/lib/python3.10/site-packages/***/models/taskinstance.py", line 3161, in _execute_task_with_callbacks
    result = self._execute_task(context, task_orig)
  File "/home/***/.local/lib/python3.10/site-packages/***/models/taskinstance.py", line 3185, in _execute_task
    return _execute_task(self, context, task_orig)
  File "/home/***/.local/lib/python3.10/site-packages/***/models/taskinstance.py", line 763, in _execute_task
    result = _execute_callable(context=context, **execute_callable_kwargs)
  File "/home/***/.local/lib/python3.10/site-packages/***/models/taskinstance.py", line 734, in _execute_callable
    return ExecutionCallableRunner(
  File "/home/***/.local/lib/python3.10/site-packages/***/utils/operator_helpers.py", line 252, in run
    return self.func(*args, **kwargs)
  File "/home/***/.local/lib/python3.10/site-packages/***/models/baseoperator.py", line 424, in wrapper
    return func(self, *args, **kwargs)
  File "/home/***/.local/lib/python3.10/site-packages/***/operators/python.py", line 238, in execute
    return_value = self.execute_callable()
  File "/home/***/.local/lib/python3.10/site-packages/***/operators/python.py", line 256, in execute_callable
    return runner.run(*self.op_args, **self.op_kwargs)
  File "/home/***/.local/lib/python3.10/site-packages/***/utils/operator_helpers.py", line 252, in run
    return self.func(*args, **kwargs)
  File "/opt/***/dags/construction_web_scraping.py", line 172, in run_scraper
    current_headers, rows = scrape_page(page_number)
  File "/opt/***/dags/construction_web_scraping.py", line 131, in scrape_page
    response = requests.get(url)
  File "/home/***/.local/lib/python3.10/site-packages/requests/api.py", line 73, in get
    return request("get", url, params=params, **kwargs)
  File "/home/***/.local/lib/python3.10/site-packages/requests/api.py", line 59, in request
    return session.request(method=method, url=url, **kwargs)
  File "/home/***/.local/lib/python3.10/site-packages/requests/sessions.py", line 589, in request
    resp = self.send(prep, **send_kwargs)
  File "/home/***/.local/lib/python3.10/site-packages/requests/sessions.py", line 703, in send
    r = adapter.send(request, **kwargs)
  File "/home/***/.local/lib/python3.10/site-packages/requests/adapters.py", line 667, in send
    resp = conn.urlopen(
  File "/home/***/.local/lib/python3.10/site-packages/urllib3/connectionpool.py", line 787, in urlopen
    response = self._make_request(
  File "/home/***/.local/lib/python3.10/site-packages/urllib3/connectionpool.py", line 464, in _make_request
    self._validate_conn(conn)
  File "/home/***/.local/lib/python3.10/site-packages/urllib3/connectionpool.py", line 1093, in _validate_conn
    conn.connect()
  File "/home/***/.local/lib/python3.10/site-packages/urllib3/connection.py", line 704, in connect
    self.sock = sock = self._new_conn()
  File "/home/***/.local/lib/python3.10/site-packages/urllib3/connection.py", line 198, in _new_conn
    sock = connection.create_connection(
  File "/home/***/.local/lib/python3.10/site-packages/***/models/taskinstance.py", line 3095, in signal_handler
    self.log.error("Stacktrace: \n%s", "".join(traceback.format_stack()))

[2025-03-27T08:52:02.901+0000] {taskinstance.py:3313} ERROR - Task failed with exception
Traceback (most recent call last):
  File "/home/airflow/.local/lib/python3.10/site-packages/urllib3/connection.py", line 198, in _new_conn
    sock = connection.create_connection(
  File "/home/airflow/.local/lib/python3.10/site-packages/urllib3/util/connection.py", line 60, in create_connection
    for res in socket.getaddrinfo(host, port, family, socket.SOCK_STREAM):
  File "/usr/local/lib/python3.10/socket.py", line 967, in getaddrinfo
    for res in _socket.getaddrinfo(host, port, family, type, proto, flags):
socket.gaierror: [Errno -2] Name or service not known

During handling of the above exception, another exception occurred:

Traceback (most recent call last):
  File "/home/airflow/.local/lib/python3.10/site-packages/airflow/models/taskinstance.py", line 763, in _execute_task
    result = _execute_callable(context=context, **execute_callable_kwargs)
  File "/home/airflow/.local/lib/python3.10/site-packages/airflow/models/taskinstance.py", line 734, in _execute_callable
    return ExecutionCallableRunner(
  File "/home/airflow/.local/lib/python3.10/site-packages/airflow/utils/operator_helpers.py", line 252, in run
    return self.func(*args, **kwargs)
  File "/home/airflow/.local/lib/python3.10/site-packages/airflow/models/baseoperator.py", line 424, in wrapper
    return func(self, *args, **kwargs)
  File "/home/airflow/.local/lib/python3.10/site-packages/airflow/operators/python.py", line 238, in execute
    return_value = self.execute_callable()
  File "/home/airflow/.local/lib/python3.10/site-packages/airflow/operators/python.py", line 256, in execute_callable
    return runner.run(*self.op_args, **self.op_kwargs)
  File "/home/airflow/.local/lib/python3.10/site-packages/airflow/utils/operator_helpers.py", line 252, in run
    return self.func(*args, **kwargs)
  File "/opt/airflow/dags/construction_web_scraping.py", line 172, in run_scraper
    current_headers, rows = scrape_page(page_number)
  File "/opt/airflow/dags/construction_web_scraping.py", line 131, in scrape_page
    response = requests.get(url)
  File "/home/airflow/.local/lib/python3.10/site-packages/requests/api.py", line 73, in get
    return request("get", url, params=params, **kwargs)
  File "/home/airflow/.local/lib/python3.10/site-packages/requests/api.py", line 59, in request
    return session.request(method=method, url=url, **kwargs)
  File "/home/airflow/.local/lib/python3.10/site-packages/requests/sessions.py", line 589, in request
    resp = self.send(prep, **send_kwargs)
  File "/home/airflow/.local/lib/python3.10/site-packages/requests/sessions.py", line 703, in send
    r = adapter.send(request, **kwargs)
  File "/home/airflow/.local/lib/python3.10/site-packages/requests/adapters.py", line 667, in send
    resp = conn.urlopen(
  File "/home/airflow/.local/lib/python3.10/site-packages/urllib3/connectionpool.py", line 787, in urlopen
    response = self._make_request(
  File "/home/airflow/.local/lib/python3.10/site-packages/urllib3/connectionpool.py", line 464, in _make_request
    self._validate_conn(conn)
  File "/home/airflow/.local/lib/python3.10/site-packages/urllib3/connectionpool.py", line 1093, in _validate_conn
    conn.connect()
  File "/home/airflow/.local/lib/python3.10/site-packages/urllib3/connection.py", line 704, in connect
    self.sock = sock = self._new_conn()
  File "/home/airflow/.local/lib/python3.10/site-packages/urllib3/connection.py", line 198, in _new_conn
    sock = connection.create_connection(
  File "/home/airflow/.local/lib/python3.10/site-packages/airflow/models/taskinstance.py", line 3097, in signal_handler
    raise AirflowTaskTerminated("Task received SIGTERM signal")
airflow.exceptions.AirflowTaskTerminated: Task received SIGTERM signal
[2025-03-27T08:52:02.916+0000] {taskinstance.py:1226} INFO - Marking task as UP_FOR_RETRY. dag_id=construction_web_scraping_v01, task_id=scrape_and_store, run_id=scheduled__2025-03-16T00:00:00+00:00, execution_date=20250316T000000, start_date=20250327T075059, end_date=20250327T085202
[2025-03-27T08:52:02.984+0000] {taskinstance.py:341} INFO - ::group::Post task execution logs
[2025-03-27T08:52:03.043+0000] {process_utils.py:80} INFO - Process psutil.Process(pid=6563, status='terminated', exitcode=2, started='07:50:59') (6563) terminated with exit code 2
