[2025-03-27T04:26:25.600+0000] {local_task_job_runner.py:123} INFO - ::group::Pre task execution logs
[2025-03-27T04:26:25.618+0000] {taskinstance.py:2614} INFO - Dependencies all met for dep_context=non-requeueable deps ti=<TaskInstance: construction_web_scraping_v01.scrape_and_store scheduled__2025-03-02T00:00:00+00:00 [queued]>
[2025-03-27T04:26:25.628+0000] {taskinstance.py:2614} INFO - Dependencies all met for dep_context=requeueable deps ti=<TaskInstance: construction_web_scraping_v01.scrape_and_store scheduled__2025-03-02T00:00:00+00:00 [queued]>
[2025-03-27T04:26:25.629+0000] {taskinstance.py:2867} INFO - Starting attempt 4 of 6
[2025-03-27T04:26:25.644+0000] {taskinstance.py:2890} INFO - Executing <Task(PythonOperator): scrape_and_store> on 2025-03-02 00:00:00+00:00
[2025-03-27T04:26:25.649+0000] {standard_task_runner.py:72} INFO - Started process 547 to run task
[2025-03-27T04:26:25.655+0000] {standard_task_runner.py:104} INFO - Running: ['***', 'tasks', 'run', 'construction_web_scraping_v01', 'scrape_and_store', 'scheduled__2025-03-02T00:00:00+00:00', '--job-id', '18', '--raw', '--subdir', 'DAGS_FOLDER/construction_web_scraping.py', '--cfg-path', '/tmp/tmp4cmf0ujc']
[2025-03-27T04:26:25.663+0000] {standard_task_runner.py:105} INFO - Job 18: Subtask scrape_and_store
[2025-03-27T04:26:25.743+0000] {task_command.py:467} INFO - Running <TaskInstance: construction_web_scraping_v01.scrape_and_store scheduled__2025-03-02T00:00:00+00:00 [running]> on host c79bd584e644
[2025-03-27T04:26:25.843+0000] {taskinstance.py:3134} INFO - Exporting env vars: AIRFLOW_CTX_DAG_OWNER='waiyong' AIRFLOW_CTX_DAG_ID='construction_web_scraping_v01' AIRFLOW_CTX_TASK_ID='scrape_and_store' AIRFLOW_CTX_EXECUTION_DATE='2025-03-02T00:00:00+00:00' AIRFLOW_CTX_TRY_NUMBER='4' AIRFLOW_CTX_DAG_RUN_ID='scheduled__2025-03-02T00:00:00+00:00'
[2025-03-27T04:26:25.845+0000] {taskinstance.py:732} INFO - ::endgroup::
[2025-03-27T04:26:25.862+0000] {logging_mixin.py:190} INFO - Scraping page 1...
[2025-03-27T04:26:39.855+0000] {logging_mixin.py:190} INFO - Scraping page 2...
[2025-03-27T04:26:55.100+0000] {logging_mixin.py:190} INFO - Scraping page 3...
[2025-03-27T04:27:14.808+0000] {logging_mixin.py:190} INFO - Scraping page 4...
[2025-03-27T04:27:28.652+0000] {logging_mixin.py:190} INFO - Scraping page 5...
[2025-03-27T04:27:42.581+0000] {logging_mixin.py:190} INFO - Columns before rename: ['BIL.', 'KOD PROJEK', 'PEMAJU', 'PROJEK', 'NO. PERMIT', 'STATUS PROJEK KESELURUHAN', 'RINGKASAN PROJEK', 'Daerah Projek', 'Negeri Projek', 'Harga Minimum (RM)', 'Harga Maksimum (RM)']
[2025-03-27T04:27:42.631+0000] {logging_mixin.py:190} INFO -   Bil  ...                                  RINGKASAN PROJEK
0   1  ...  https://teduh.kpkt.gov.my/project-swasta/30969-1
1   2  ...  https://teduh.kpkt.gov.my/project-swasta/30946-1
2   3  ...  https://teduh.kpkt.gov.my/project-swasta/30937-1
3   4  ...  https://teduh.kpkt.gov.my/project-swasta/30921-1
4   5  ...  https://teduh.kpkt.gov.my/project-swasta/30920-1
5   6  ...  https://teduh.kpkt.gov.my/project-swasta/30914-1
6   7  ...  https://teduh.kpkt.gov.my/project-swasta/30913-1
7   8  ...  https://teduh.kpkt.gov.my/project-swasta/30909-1
8   9  ...  https://teduh.kpkt.gov.my/project-swasta/30908-1
9  10  ...  https://teduh.kpkt.gov.my/project-swasta/30902-1

[10 rows x 11 columns]
[2025-03-27T04:27:42.663+0000] {logging_mixin.py:190} INFO - SQL dump created: /tmp/teduh_dump.sql
[2025-03-27T04:27:42.665+0000] {taskinstance.py:3313} ERROR - Task failed with exception
Traceback (most recent call last):
  File "/home/airflow/.local/lib/python3.10/site-packages/airflow/models/taskinstance.py", line 768, in _execute_task
    result = _execute_callable(context=context, **execute_callable_kwargs)
  File "/home/airflow/.local/lib/python3.10/site-packages/airflow/models/taskinstance.py", line 734, in _execute_callable
    return ExecutionCallableRunner(
  File "/home/airflow/.local/lib/python3.10/site-packages/airflow/utils/operator_helpers.py", line 252, in run
    return self.func(*args, **kwargs)
  File "/home/airflow/.local/lib/python3.10/site-packages/airflow/models/baseoperator.py", line 424, in wrapper
    return func(self, *args, **kwargs)
  File "/home/airflow/.local/lib/python3.10/site-packages/airflow/operators/python.py", line 238, in execute
    return_value = self.execute_callable()
  File "/home/airflow/.local/lib/python3.10/site-packages/airflow/operators/python.py", line 256, in execute_callable
    return runner.run(*self.op_args, **self.op_kwargs)
  File "/home/airflow/.local/lib/python3.10/site-packages/airflow/utils/operator_helpers.py", line 252, in run
    return self.func(*args, **kwargs)
  File "/opt/airflow/dags/construction_web_scraping.py", line 255, in run_scraper
    client = create_minio_client()
NameError: name 'create_minio_client' is not defined
[2025-03-27T04:27:42.686+0000] {taskinstance.py:1226} INFO - Marking task as UP_FOR_RETRY. dag_id=construction_web_scraping_v01, task_id=scrape_and_store, run_id=scheduled__2025-03-02T00:00:00+00:00, execution_date=20250302T000000, start_date=20250327T042625, end_date=20250327T042742
[2025-03-27T04:27:42.727+0000] {taskinstance.py:341} INFO - ::group::Post task execution logs
[2025-03-27T04:27:42.728+0000] {standard_task_runner.py:124} ERROR - Failed to execute job 18 for task scrape_and_store (name 'create_minio_client' is not defined; 547)
Traceback (most recent call last):
  File "/home/airflow/.local/lib/python3.10/site-packages/airflow/task/task_runner/standard_task_runner.py", line 117, in _start_by_fork
    ret = args.func(args, dag=self.dag)
  File "/home/airflow/.local/lib/python3.10/site-packages/airflow/cli/cli_config.py", line 49, in command
    return func(*args, **kwargs)
  File "/home/airflow/.local/lib/python3.10/site-packages/airflow/utils/cli.py", line 116, in wrapper
    return f(*args, **kwargs)
  File "/home/airflow/.local/lib/python3.10/site-packages/airflow/cli/commands/task_command.py", line 483, in task_run
    task_return_code = _run_task_by_selected_method(args, _dag, ti)
  File "/home/airflow/.local/lib/python3.10/site-packages/airflow/cli/commands/task_command.py", line 256, in _run_task_by_selected_method
    return _run_raw_task(args, ti)
  File "/home/airflow/.local/lib/python3.10/site-packages/airflow/cli/commands/task_command.py", line 341, in _run_raw_task
    return ti._run_raw_task(
  File "/home/airflow/.local/lib/python3.10/site-packages/airflow/utils/session.py", line 97, in wrapper
    return func(*args, session=session, **kwargs)
  File "/home/airflow/.local/lib/python3.10/site-packages/airflow/models/taskinstance.py", line 3006, in _run_raw_task
    return _run_raw_task(
  File "/home/airflow/.local/lib/python3.10/site-packages/airflow/models/taskinstance.py", line 274, in _run_raw_task
    TaskInstance._execute_task_with_callbacks(
  File "/home/airflow/.local/lib/python3.10/site-packages/airflow/models/taskinstance.py", line 3161, in _execute_task_with_callbacks
    result = self._execute_task(context, task_orig)
  File "/home/airflow/.local/lib/python3.10/site-packages/airflow/models/taskinstance.py", line 3185, in _execute_task
    return _execute_task(self, context, task_orig)
  File "/home/airflow/.local/lib/python3.10/site-packages/airflow/models/taskinstance.py", line 768, in _execute_task
    result = _execute_callable(context=context, **execute_callable_kwargs)
  File "/home/airflow/.local/lib/python3.10/site-packages/airflow/models/taskinstance.py", line 734, in _execute_callable
    return ExecutionCallableRunner(
  File "/home/airflow/.local/lib/python3.10/site-packages/airflow/utils/operator_helpers.py", line 252, in run
    return self.func(*args, **kwargs)
  File "/home/airflow/.local/lib/python3.10/site-packages/airflow/models/baseoperator.py", line 424, in wrapper
    return func(self, *args, **kwargs)
  File "/home/airflow/.local/lib/python3.10/site-packages/airflow/operators/python.py", line 238, in execute
    return_value = self.execute_callable()
  File "/home/airflow/.local/lib/python3.10/site-packages/airflow/operators/python.py", line 256, in execute_callable
    return runner.run(*self.op_args, **self.op_kwargs)
  File "/home/airflow/.local/lib/python3.10/site-packages/airflow/utils/operator_helpers.py", line 252, in run
    return self.func(*args, **kwargs)
  File "/opt/airflow/dags/construction_web_scraping.py", line 255, in run_scraper
    client = create_minio_client()
NameError: name 'create_minio_client' is not defined
[2025-03-27T04:27:42.751+0000] {local_task_job_runner.py:266} INFO - Task exited with return code 1
[2025-03-27T04:27:42.774+0000] {taskinstance.py:3901} INFO - 0 downstream tasks scheduled from follow-on schedule check
[2025-03-27T04:27:42.778+0000] {local_task_job_runner.py:245} INFO - ::endgroup::
[2025-03-27T07:49:25.811+0000] {local_task_job_runner.py:123} INFO - ::group::Pre task execution logs
[2025-03-27T07:49:25.833+0000] {taskinstance.py:2614} INFO - Dependencies all met for dep_context=non-requeueable deps ti=<TaskInstance: construction_web_scraping_v01.scrape_and_store scheduled__2025-03-02T00:00:00+00:00 [queued]>
[2025-03-27T07:49:25.842+0000] {taskinstance.py:2614} INFO - Dependencies all met for dep_context=requeueable deps ti=<TaskInstance: construction_web_scraping_v01.scrape_and_store scheduled__2025-03-02T00:00:00+00:00 [queued]>
[2025-03-27T07:49:25.843+0000] {taskinstance.py:2867} INFO - Starting attempt 4 of 6
[2025-03-27T07:49:25.864+0000] {taskinstance.py:2890} INFO - Executing <Task(PythonOperator): scrape_and_store> on 2025-03-02 00:00:00+00:00
[2025-03-27T07:49:25.870+0000] {standard_task_runner.py:72} INFO - Started process 6501 to run task
[2025-03-27T07:49:25.874+0000] {standard_task_runner.py:104} INFO - Running: ['***', 'tasks', 'run', 'construction_web_scraping_v01', 'scrape_and_store', 'scheduled__2025-03-02T00:00:00+00:00', '--job-id', '67', '--raw', '--subdir', 'DAGS_FOLDER/construction_web_scraping.py', '--cfg-path', '/tmp/tmpyt0ihcp7']
[2025-03-27T07:49:25.877+0000] {standard_task_runner.py:105} INFO - Job 67: Subtask scrape_and_store
[2025-03-27T07:49:25.933+0000] {task_command.py:467} INFO - Running <TaskInstance: construction_web_scraping_v01.scrape_and_store scheduled__2025-03-02T00:00:00+00:00 [running]> on host c79bd584e644
[2025-03-27T07:49:26.022+0000] {taskinstance.py:3134} INFO - Exporting env vars: AIRFLOW_CTX_DAG_OWNER='waiyong' AIRFLOW_CTX_DAG_ID='construction_web_scraping_v01' AIRFLOW_CTX_TASK_ID='scrape_and_store' AIRFLOW_CTX_EXECUTION_DATE='2025-03-02T00:00:00+00:00' AIRFLOW_CTX_TRY_NUMBER='4' AIRFLOW_CTX_DAG_RUN_ID='scheduled__2025-03-02T00:00:00+00:00'
[2025-03-27T07:49:26.024+0000] {taskinstance.py:732} INFO - ::endgroup::
[2025-03-27T07:49:26.043+0000] {logging_mixin.py:190} INFO - Scraping page 1...
[2025-03-27T07:49:45.819+0000] {logging_mixin.py:190} INFO - Scraping page 2...
[2025-03-27T07:50:03.858+0000] {logging_mixin.py:190} INFO - Scraping page 3...
[2025-03-27T07:50:26.640+0000] {logging_mixin.py:190} INFO - Scraping page 4...
[2025-03-27T07:50:43.804+0000] {logging_mixin.py:190} INFO - Scraping page 5...
[2025-03-27T07:51:02.315+0000] {logging_mixin.py:190} INFO - Scraping page 6...
[2025-03-27T07:51:19.566+0000] {logging_mixin.py:190} INFO - Scraping page 7...
[2025-03-27T07:51:37.312+0000] {logging_mixin.py:190} INFO - Scraping page 8...
[2025-03-27T07:51:54.131+0000] {logging_mixin.py:190} INFO - Scraping page 9...
[2025-03-27T07:52:11.128+0000] {logging_mixin.py:190} INFO - Scraping page 10...
[2025-03-27T07:52:27.649+0000] {logging_mixin.py:190} INFO - Scraping page 11...
[2025-03-27T07:52:43.825+0000] {logging_mixin.py:190} INFO - Scraping page 12...
[2025-03-27T07:52:58.955+0000] {logging_mixin.py:190} INFO - Scraping page 13...
[2025-03-27T07:53:14.609+0000] {logging_mixin.py:190} INFO - Scraping page 14...
[2025-03-27T07:53:31.408+0000] {logging_mixin.py:190} INFO - Scraping page 15...
[2025-03-27T07:53:48.188+0000] {logging_mixin.py:190} INFO - Scraping page 16...
[2025-03-27T07:54:04.393+0000] {logging_mixin.py:190} INFO - Scraping page 17...
[2025-03-27T07:54:21.269+0000] {logging_mixin.py:190} INFO - Scraping page 18...
[2025-03-27T07:54:37.138+0000] {logging_mixin.py:190} INFO - Scraping page 19...
[2025-03-27T07:54:52.627+0000] {logging_mixin.py:190} INFO - Scraping page 20...
[2025-03-27T07:55:09.847+0000] {logging_mixin.py:190} INFO - Scraping page 21...
[2025-03-27T07:55:27.659+0000] {logging_mixin.py:190} INFO - Error scraping https://teduh.kpkt.gov.my/project-swasta/30300-2: HTTPSConnectionPool(host='teduh.kpkt.gov.my', port=443): Max retries exceeded with url: /project-swasta/30300-2 (Caused by ConnectTimeoutError(<urllib3.connection.HTTPSConnection object at 0x7fca68420580>, 'Connection to teduh.kpkt.gov.my timed out. (connect timeout=10)'))
[2025-03-27T07:55:35.714+0000] {logging_mixin.py:190} INFO - Scraping page 22...
[2025-03-27T07:55:52.289+0000] {logging_mixin.py:190} INFO - Scraping page 23...
[2025-03-27T07:56:08.617+0000] {logging_mixin.py:190} INFO - Scraping page 24...
[2025-03-27T07:56:25.111+0000] {logging_mixin.py:190} INFO - Scraping page 25...
[2025-03-27T07:56:41.038+0000] {logging_mixin.py:190} INFO - Scraping page 26...
[2025-03-27T07:56:57.567+0000] {logging_mixin.py:190} INFO - Scraping page 27...
[2025-03-27T07:57:15.148+0000] {logging_mixin.py:190} INFO - Scraping page 28...
[2025-03-27T07:57:31.224+0000] {logging_mixin.py:190} INFO - Scraping page 29...
[2025-03-27T07:57:48.160+0000] {logging_mixin.py:190} INFO - Scraping page 30...
[2025-03-27T07:58:05.115+0000] {logging_mixin.py:190} INFO - Scraping page 31...
[2025-03-27T07:58:21.967+0000] {logging_mixin.py:190} INFO - Scraping page 32...
[2025-03-27T07:58:38.356+0000] {logging_mixin.py:190} INFO - Scraping page 33...
[2025-03-27T07:58:54.504+0000] {logging_mixin.py:190} INFO - Scraping page 34...
[2025-03-27T07:59:12.703+0000] {logging_mixin.py:190} INFO - Scraping page 35...
[2025-03-27T07:59:31.819+0000] {logging_mixin.py:190} INFO - Scraping page 36...
[2025-03-27T07:59:50.263+0000] {logging_mixin.py:190} INFO - Scraping page 37...
[2025-03-27T08:00:08.860+0000] {logging_mixin.py:190} INFO - Scraping page 38...
[2025-03-27T08:00:30.159+0000] {logging_mixin.py:190} INFO - Scraping page 39...
[2025-03-27T08:00:47.716+0000] {logging_mixin.py:190} INFO - Scraping page 40...
[2025-03-27T08:01:04.073+0000] {logging_mixin.py:190} INFO - Scraping page 41...
[2025-03-27T08:01:20.859+0000] {logging_mixin.py:190} INFO - Scraping page 42...
[2025-03-27T08:01:38.216+0000] {logging_mixin.py:190} INFO - Scraping page 43...
[2025-03-27T08:01:54.309+0000] {logging_mixin.py:190} INFO - Scraping page 44...
[2025-03-27T08:02:13.332+0000] {logging_mixin.py:190} INFO - Scraping page 45...
[2025-03-27T08:02:30.606+0000] {logging_mixin.py:190} INFO - Scraping page 46...
[2025-03-27T08:02:47.473+0000] {logging_mixin.py:190} INFO - Scraping page 47...
[2025-03-27T08:03:10.134+0000] {logging_mixin.py:190} INFO - Scraping page 48...
[2025-03-27T08:03:26.462+0000] {logging_mixin.py:190} INFO - Scraping page 49...
[2025-03-27T08:03:48.608+0000] {logging_mixin.py:190} INFO - Scraping page 50...
[2025-03-27T08:04:09.957+0000] {logging_mixin.py:190} INFO - Scraping page 51...
[2025-03-27T08:04:34.053+0000] {logging_mixin.py:190} INFO - Scraping page 52...
[2025-03-27T08:04:52.908+0000] {logging_mixin.py:190} INFO - Scraping page 53...
[2025-03-27T08:05:10.941+0000] {logging_mixin.py:190} INFO - Scraping page 54...
[2025-03-27T08:05:27.469+0000] {logging_mixin.py:190} INFO - Scraping page 55...
[2025-03-27T08:05:44.756+0000] {logging_mixin.py:190} INFO - Scraping page 56...
[2025-03-27T08:06:02.627+0000] {logging_mixin.py:190} INFO - Scraping page 57...
[2025-03-27T08:06:20.490+0000] {logging_mixin.py:190} INFO - Scraping page 58...
[2025-03-27T08:06:36.850+0000] {logging_mixin.py:190} INFO - Scraping page 59...
[2025-03-27T08:06:54.472+0000] {logging_mixin.py:190} INFO - Scraping page 60...
[2025-03-27T08:07:11.799+0000] {logging_mixin.py:190} INFO - Scraping page 61...
[2025-03-27T08:07:29.246+0000] {logging_mixin.py:190} INFO - Scraping page 62...
[2025-03-27T08:07:45.439+0000] {logging_mixin.py:190} INFO - Scraping page 63...
[2025-03-27T08:08:04.691+0000] {logging_mixin.py:190} INFO - Scraping page 64...
[2025-03-27T08:08:21.262+0000] {logging_mixin.py:190} INFO - Scraping page 65...
[2025-03-27T08:08:37.447+0000] {logging_mixin.py:190} INFO - Scraping page 66...
[2025-03-27T08:08:53.158+0000] {logging_mixin.py:190} INFO - Scraping page 67...
[2025-03-27T08:09:10.096+0000] {logging_mixin.py:190} INFO - Scraping page 68...
[2025-03-27T08:09:27.960+0000] {logging_mixin.py:190} INFO - Scraping page 69...
[2025-03-27T08:09:45.410+0000] {logging_mixin.py:190} INFO - Scraping page 70...
[2025-03-27T08:10:02.767+0000] {logging_mixin.py:190} INFO - Scraping page 71...
[2025-03-27T08:10:25.511+0000] {logging_mixin.py:190} INFO - Error scraping https://teduh.kpkt.gov.my/project-swasta/19735-9: HTTPSConnectionPool(host='teduh.kpkt.gov.my', port=443): Read timed out. (read timeout=10)
[2025-03-27T08:52:01.818+0000] {job.py:229} INFO - Heartbeat recovered after 2512.63 seconds
[2025-03-27T08:52:01.850+0000] {local_task_job_runner.py:228} ERROR - Heartbeat time limit exceeded!
[2025-03-27T08:52:01.851+0000] {local_task_job_runner.py:245} INFO - ::endgroup::
[2025-03-27T08:52:01.855+0000] {process_utils.py:132} INFO - Sending 15 to group 6501. PIDs of all processes in the group: [6501]
[2025-03-27T08:52:01.863+0000] {process_utils.py:87} INFO - Sending the signal 15 to group 6501
[2025-03-27T08:52:02.804+0000] {taskinstance.py:3094} ERROR - Received SIGTERM. Terminating subprocesses.
[2025-03-27T08:52:02.866+0000] {taskinstance.py:3095} ERROR - Stacktrace: 
  File "/home/***/.local/bin/***", line 8, in <module>
    sys.exit(main())
  File "/home/***/.local/lib/python3.10/site-packages/***/__main__.py", line 62, in main
    args.func(args)
  File "/home/***/.local/lib/python3.10/site-packages/***/cli/cli_config.py", line 49, in command
    return func(*args, **kwargs)
  File "/home/***/.local/lib/python3.10/site-packages/***/utils/cli.py", line 116, in wrapper
    return f(*args, **kwargs)
  File "/home/***/.local/lib/python3.10/site-packages/***/utils/providers_configuration_loader.py", line 55, in wrapped_function
    return func(*args, **kwargs)
  File "/home/***/.local/lib/python3.10/site-packages/***/cli/commands/scheduler_command.py", line 56, in scheduler
    run_command_with_daemon_option(
  File "/home/***/.local/lib/python3.10/site-packages/***/cli/commands/daemon_utils.py", line 86, in run_command_with_daemon_option
    callback()
  File "/home/***/.local/lib/python3.10/site-packages/***/cli/commands/scheduler_command.py", line 59, in <lambda>
    callback=lambda: _run_scheduler_job(args),
  File "/home/***/.local/lib/python3.10/site-packages/***/cli/commands/scheduler_command.py", line 47, in _run_scheduler_job
    run_job(job=job_runner.job, execute_callable=job_runner._execute)
  File "/home/***/.local/lib/python3.10/site-packages/***/utils/session.py", line 97, in wrapper
    return func(*args, session=session, **kwargs)
  File "/home/***/.local/lib/python3.10/site-packages/***/jobs/job.py", line 421, in run_job
    return execute_job(job, execute_callable=execute_callable)
  File "/home/***/.local/lib/python3.10/site-packages/***/jobs/job.py", line 450, in execute_job
    ret = execute_callable()
  File "/home/***/.local/lib/python3.10/site-packages/***/jobs/scheduler_job_runner.py", line 990, in _execute
    executor.start()
  File "/home/***/.local/lib/python3.10/site-packages/***/executors/local_executor.py", line 392, in start
    self.impl.start()
  File "/home/***/.local/lib/python3.10/site-packages/***/executors/local_executor.py", line 330, in start
    worker.start()
  File "/usr/local/lib/python3.10/multiprocessing/process.py", line 121, in start
    self._popen = self._Popen(self)
  File "/usr/local/lib/python3.10/multiprocessing/context.py", line 224, in _Popen
    return _default_context.get_context().Process._Popen(process_obj)
  File "/usr/local/lib/python3.10/multiprocessing/context.py", line 281, in _Popen
    return Popen(process_obj)
  File "/usr/local/lib/python3.10/multiprocessing/popen_fork.py", line 19, in __init__
    self._launch(process_obj)
  File "/usr/local/lib/python3.10/multiprocessing/popen_fork.py", line 71, in _launch
    code = process_obj._bootstrap(parent_sentinel=child_r)
  File "/usr/local/lib/python3.10/multiprocessing/process.py", line 314, in _bootstrap
    self.run()
  File "/home/***/.local/lib/python3.10/site-packages/***/executors/local_executor.py", line 80, in run
    return super().run()
  File "/usr/local/lib/python3.10/multiprocessing/process.py", line 108, in run
    self._target(*self._args, **self._kwargs)
  File "/home/***/.local/lib/python3.10/site-packages/***/traces/tracer.py", line 58, in wrapper
    return func(*args, **kwargs)
  File "/home/***/.local/lib/python3.10/site-packages/***/executors/local_executor.py", line 211, in do_work
    self.execute_work(key=key, command=command)
  File "/home/***/.local/lib/python3.10/site-packages/***/traces/tracer.py", line 58, in wrapper
    return func(*args, **kwargs)
  File "/home/***/.local/lib/python3.10/site-packages/***/executors/local_executor.py", line 100, in execute_work
    state = self._execute_work_in_fork(command)
  File "/home/***/.local/lib/python3.10/site-packages/***/traces/tracer.py", line 58, in wrapper
    return func(*args, **kwargs)
  File "/home/***/.local/lib/python3.10/site-packages/***/executors/local_executor.py", line 142, in _execute_work_in_fork
    args.func(args)
  File "/home/***/.local/lib/python3.10/site-packages/***/cli/cli_config.py", line 49, in command
    return func(*args, **kwargs)
  File "/home/***/.local/lib/python3.10/site-packages/***/utils/cli.py", line 116, in wrapper
    return f(*args, **kwargs)
  File "/home/***/.local/lib/python3.10/site-packages/***/cli/commands/task_command.py", line 483, in task_run
    task_return_code = _run_task_by_selected_method(args, _dag, ti)
  File "/home/***/.local/lib/python3.10/site-packages/***/cli/commands/task_command.py", line 254, in _run_task_by_selected_method
    return _run_task_by_local_task_job(args, ti)
  File "/home/***/.local/lib/python3.10/site-packages/***/cli/commands/task_command.py", line 322, in _run_task_by_local_task_job
    ret = run_job(job=job_runner.job, execute_callable=job_runner._execute)
  File "/home/***/.local/lib/python3.10/site-packages/***/utils/session.py", line 97, in wrapper
    return func(*args, session=session, **kwargs)
  File "/home/***/.local/lib/python3.10/site-packages/***/jobs/job.py", line 421, in run_job
    return execute_job(job, execute_callable=execute_callable)
  File "/home/***/.local/lib/python3.10/site-packages/***/jobs/job.py", line 450, in execute_job
    ret = execute_callable()
  File "/home/***/.local/lib/python3.10/site-packages/***/jobs/local_task_job_runner.py", line 171, in _execute
    self.task_runner.start()
  File "/home/***/.local/lib/python3.10/site-packages/***/task/task_runner/standard_task_runner.py", line 55, in start
    self.process = self._start_by_fork()
  File "/home/***/.local/lib/python3.10/site-packages/***/task/task_runner/standard_task_runner.py", line 117, in _start_by_fork
    ret = args.func(args, dag=self.dag)
  File "/home/***/.local/lib/python3.10/site-packages/***/cli/cli_config.py", line 49, in command
    return func(*args, **kwargs)
  File "/home/***/.local/lib/python3.10/site-packages/***/utils/cli.py", line 116, in wrapper
    return f(*args, **kwargs)
  File "/home/***/.local/lib/python3.10/site-packages/***/cli/commands/task_command.py", line 483, in task_run
    task_return_code = _run_task_by_selected_method(args, _dag, ti)
  File "/home/***/.local/lib/python3.10/site-packages/***/cli/commands/task_command.py", line 256, in _run_task_by_selected_method
    return _run_raw_task(args, ti)
  File "/home/***/.local/lib/python3.10/site-packages/***/cli/commands/task_command.py", line 341, in _run_raw_task
    return ti._run_raw_task(
  File "/home/***/.local/lib/python3.10/site-packages/***/utils/session.py", line 97, in wrapper
    return func(*args, session=session, **kwargs)
  File "/home/***/.local/lib/python3.10/site-packages/***/models/taskinstance.py", line 3006, in _run_raw_task
    return _run_raw_task(
  File "/home/***/.local/lib/python3.10/site-packages/***/models/taskinstance.py", line 274, in _run_raw_task
    TaskInstance._execute_task_with_callbacks(
  File "/home/***/.local/lib/python3.10/site-packages/***/models/taskinstance.py", line 3161, in _execute_task_with_callbacks
    result = self._execute_task(context, task_orig)
  File "/home/***/.local/lib/python3.10/site-packages/***/models/taskinstance.py", line 3185, in _execute_task
    return _execute_task(self, context, task_orig)
  File "/home/***/.local/lib/python3.10/site-packages/***/models/taskinstance.py", line 763, in _execute_task
    result = _execute_callable(context=context, **execute_callable_kwargs)
  File "/home/***/.local/lib/python3.10/site-packages/***/models/taskinstance.py", line 734, in _execute_callable
    return ExecutionCallableRunner(
  File "/home/***/.local/lib/python3.10/site-packages/***/utils/operator_helpers.py", line 252, in run
    return self.func(*args, **kwargs)
  File "/home/***/.local/lib/python3.10/site-packages/***/models/baseoperator.py", line 424, in wrapper
    return func(self, *args, **kwargs)
  File "/home/***/.local/lib/python3.10/site-packages/***/operators/python.py", line 238, in execute
    return_value = self.execute_callable()
  File "/home/***/.local/lib/python3.10/site-packages/***/operators/python.py", line 256, in execute_callable
    return runner.run(*self.op_args, **self.op_kwargs)
  File "/home/***/.local/lib/python3.10/site-packages/***/utils/operator_helpers.py", line 252, in run
    return self.func(*args, **kwargs)
  File "/opt/***/dags/construction_web_scraping.py", line 183, in run_scraper
    daerah, negeri, harga_min, harga_maks = scrape_additional_data(link)
  File "/opt/***/dags/construction_web_scraping.py", line 45, in scrape_additional_data
    response = requests.get(link, timeout=10)
  File "/home/***/.local/lib/python3.10/site-packages/requests/api.py", line 73, in get
    return request("get", url, params=params, **kwargs)
  File "/home/***/.local/lib/python3.10/site-packages/requests/api.py", line 59, in request
    return session.request(method=method, url=url, **kwargs)
  File "/home/***/.local/lib/python3.10/site-packages/requests/sessions.py", line 589, in request
    resp = self.send(prep, **send_kwargs)
  File "/home/***/.local/lib/python3.10/site-packages/requests/sessions.py", line 703, in send
    r = adapter.send(request, **kwargs)
  File "/home/***/.local/lib/python3.10/site-packages/requests/adapters.py", line 667, in send
    resp = conn.urlopen(
  File "/home/***/.local/lib/python3.10/site-packages/urllib3/connectionpool.py", line 787, in urlopen
    response = self._make_request(
  File "/home/***/.local/lib/python3.10/site-packages/urllib3/connectionpool.py", line 464, in _make_request
    self._validate_conn(conn)
  File "/home/***/.local/lib/python3.10/site-packages/urllib3/connectionpool.py", line 1093, in _validate_conn
    conn.connect()
  File "/home/***/.local/lib/python3.10/site-packages/urllib3/connection.py", line 704, in connect
    self.sock = sock = self._new_conn()
  File "/home/***/.local/lib/python3.10/site-packages/urllib3/connection.py", line 198, in _new_conn
    sock = connection.create_connection(
  File "/home/***/.local/lib/python3.10/site-packages/***/models/taskinstance.py", line 3095, in signal_handler
    self.log.error("Stacktrace: \n%s", "".join(traceback.format_stack()))

[2025-03-27T08:52:02.894+0000] {taskinstance.py:3313} ERROR - Task failed with exception
Traceback (most recent call last):
  File "/home/airflow/.local/lib/python3.10/site-packages/urllib3/connection.py", line 198, in _new_conn
    sock = connection.create_connection(
  File "/home/airflow/.local/lib/python3.10/site-packages/urllib3/util/connection.py", line 60, in create_connection
    for res in socket.getaddrinfo(host, port, family, socket.SOCK_STREAM):
  File "/usr/local/lib/python3.10/socket.py", line 967, in getaddrinfo
    for res in _socket.getaddrinfo(host, port, family, type, proto, flags):
socket.gaierror: [Errno -2] Name or service not known

During handling of the above exception, another exception occurred:

Traceback (most recent call last):
  File "/home/airflow/.local/lib/python3.10/site-packages/airflow/models/taskinstance.py", line 763, in _execute_task
    result = _execute_callable(context=context, **execute_callable_kwargs)
  File "/home/airflow/.local/lib/python3.10/site-packages/airflow/models/taskinstance.py", line 734, in _execute_callable
    return ExecutionCallableRunner(
  File "/home/airflow/.local/lib/python3.10/site-packages/airflow/utils/operator_helpers.py", line 252, in run
    return self.func(*args, **kwargs)
  File "/home/airflow/.local/lib/python3.10/site-packages/airflow/models/baseoperator.py", line 424, in wrapper
    return func(self, *args, **kwargs)
  File "/home/airflow/.local/lib/python3.10/site-packages/airflow/operators/python.py", line 238, in execute
    return_value = self.execute_callable()
  File "/home/airflow/.local/lib/python3.10/site-packages/airflow/operators/python.py", line 256, in execute_callable
    return runner.run(*self.op_args, **self.op_kwargs)
  File "/home/airflow/.local/lib/python3.10/site-packages/airflow/utils/operator_helpers.py", line 252, in run
    return self.func(*args, **kwargs)
  File "/opt/airflow/dags/construction_web_scraping.py", line 183, in run_scraper
    daerah, negeri, harga_min, harga_maks = scrape_additional_data(link)
  File "/opt/airflow/dags/construction_web_scraping.py", line 45, in scrape_additional_data
    response = requests.get(link, timeout=10)
  File "/home/airflow/.local/lib/python3.10/site-packages/requests/api.py", line 73, in get
    return request("get", url, params=params, **kwargs)
  File "/home/airflow/.local/lib/python3.10/site-packages/requests/api.py", line 59, in request
    return session.request(method=method, url=url, **kwargs)
  File "/home/airflow/.local/lib/python3.10/site-packages/requests/sessions.py", line 589, in request
    resp = self.send(prep, **send_kwargs)
  File "/home/airflow/.local/lib/python3.10/site-packages/requests/sessions.py", line 703, in send
    r = adapter.send(request, **kwargs)
  File "/home/airflow/.local/lib/python3.10/site-packages/requests/adapters.py", line 667, in send
    resp = conn.urlopen(
  File "/home/airflow/.local/lib/python3.10/site-packages/urllib3/connectionpool.py", line 787, in urlopen
    response = self._make_request(
  File "/home/airflow/.local/lib/python3.10/site-packages/urllib3/connectionpool.py", line 464, in _make_request
    self._validate_conn(conn)
  File "/home/airflow/.local/lib/python3.10/site-packages/urllib3/connectionpool.py", line 1093, in _validate_conn
    conn.connect()
  File "/home/airflow/.local/lib/python3.10/site-packages/urllib3/connection.py", line 704, in connect
    self.sock = sock = self._new_conn()
  File "/home/airflow/.local/lib/python3.10/site-packages/urllib3/connection.py", line 198, in _new_conn
    sock = connection.create_connection(
  File "/home/airflow/.local/lib/python3.10/site-packages/airflow/models/taskinstance.py", line 3097, in signal_handler
    raise AirflowTaskTerminated("Task received SIGTERM signal")
airflow.exceptions.AirflowTaskTerminated: Task received SIGTERM signal
[2025-03-27T08:52:02.910+0000] {taskinstance.py:1226} INFO - Marking task as UP_FOR_RETRY. dag_id=construction_web_scraping_v01, task_id=scrape_and_store, run_id=scheduled__2025-03-02T00:00:00+00:00, execution_date=20250302T000000, start_date=20250327T074925, end_date=20250327T085202
[2025-03-27T08:52:02.988+0000] {taskinstance.py:341} INFO - ::group::Post task execution logs
[2025-03-27T08:52:03.062+0000] {process_utils.py:80} INFO - Process psutil.Process(pid=6501, status='terminated', exitcode=2, started='07:49:25') (6501) terminated with exit code 2
