[2025-03-27T15:09:24.793+0000] {local_task_job_runner.py:123} INFO - ::group::Pre task execution logs
[2025-03-27T15:09:24.831+0000] {taskinstance.py:2614} INFO - Dependencies all met for dep_context=non-requeueable deps ti=<TaskInstance: split_web_scraping_v01.scrape_and_store manual__2025-03-27T15:09:22.551183+00:00 [queued]>
[2025-03-27T15:09:24.845+0000] {taskinstance.py:2614} INFO - Dependencies all met for dep_context=requeueable deps ti=<TaskInstance: split_web_scraping_v01.scrape_and_store manual__2025-03-27T15:09:22.551183+00:00 [queued]>
[2025-03-27T15:09:24.846+0000] {taskinstance.py:2867} INFO - Starting attempt 1 of 6
[2025-03-27T15:09:24.871+0000] {taskinstance.py:2890} INFO - Executing <Task(PythonOperator): scrape_and_store> on 2025-03-27 15:09:22.551183+00:00
[2025-03-27T15:09:24.880+0000] {standard_task_runner.py:72} INFO - Started process 17787 to run task
[2025-03-27T15:09:24.885+0000] {standard_task_runner.py:104} INFO - Running: ['***', 'tasks', 'run', 'split_web_scraping_v01', 'scrape_and_store', 'manual__2025-03-27T15:09:22.551183+00:00', '--job-id', '77', '--raw', '--subdir', 'DAGS_FOLDER/split_web_scraping.py', '--cfg-path', '/tmp/tmpm658e2jj']
[2025-03-27T15:09:24.890+0000] {standard_task_runner.py:105} INFO - Job 77: Subtask scrape_and_store
[2025-03-27T15:09:24.966+0000] {task_command.py:467} INFO - Running <TaskInstance: split_web_scraping_v01.scrape_and_store manual__2025-03-27T15:09:22.551183+00:00 [running]> on host c79bd584e644
[2025-03-27T15:09:25.103+0000] {taskinstance.py:3134} INFO - Exporting env vars: AIRFLOW_CTX_DAG_OWNER='waiyong' AIRFLOW_CTX_DAG_ID='split_web_scraping_v01' AIRFLOW_CTX_TASK_ID='scrape_and_store' AIRFLOW_CTX_EXECUTION_DATE='2025-03-27T15:09:22.551183+00:00' AIRFLOW_CTX_TRY_NUMBER='1' AIRFLOW_CTX_DAG_RUN_ID='manual__2025-03-27T15:09:22.551183+00:00'
[2025-03-27T15:09:25.106+0000] {taskinstance.py:732} INFO - ::endgroup::
[2025-03-27T15:09:25.151+0000] {logging_mixin.py:190} INFO - Processing batch 1: pages 1 to 10
[2025-03-27T15:09:25.153+0000] {logging_mixin.py:190} INFO - Scraping page 1...
[2025-03-27T15:09:41.982+0000] {logging_mixin.py:190} INFO - Scraping page 2...
[2025-03-27T15:10:01.018+0000] {logging_mixin.py:190} INFO - Scraping page 3...
[2025-03-27T15:10:23.553+0000] {logging_mixin.py:190} INFO - Scraping page 4...
[2025-03-27T15:10:41.594+0000] {logging_mixin.py:190} INFO - Scraping page 5...
[2025-03-27T15:10:57.690+0000] {logging_mixin.py:190} INFO - Scraping page 6...
[2025-03-27T15:11:20.013+0000] {logging_mixin.py:190} INFO - Scraping page 7...
[2025-03-27T15:11:35.663+0000] {logging_mixin.py:190} INFO - Scraping page 8...
[2025-03-27T15:12:00.508+0000] {logging_mixin.py:190} INFO - Scraping page 9...
[2025-03-27T15:12:16.753+0000] {logging_mixin.py:190} INFO - Scraping page 10...
[2025-03-27T15:12:41.496+0000] {logging_mixin.py:190} INFO - Error scraping https://teduh.kpkt.gov.my/project-swasta/30558-1: HTTPSConnectionPool(host='teduh.kpkt.gov.my', port=443): Max retries exceeded with url: /project-swasta/30558-1 (Caused by ConnectTimeoutError(<urllib3.connection.HTTPSConnection object at 0x7fca6858a8c0>, 'Connection to teduh.kpkt.gov.my timed out. (connect timeout=10)'))
[2025-03-27T15:12:42.501+0000] {logging_mixin.py:190} INFO - Columns before rename: ['BIL.', 'KOD PROJEK', 'PEMAJU', 'PROJEK', 'NO. PERMIT', 'STATUS PROJEK KESELURUHAN', 'RINGKASAN PROJEK', 'Daerah Projek', 'Negeri Projek', 'Harga Minimum (RM)', 'Harga Maksimum (RM)']
[2025-03-27T15:12:42.518+0000] {logging_mixin.py:190} INFO -   Bil  ...                                  RINGKASAN PROJEK
0   1  ...  https://teduh.kpkt.gov.my/project-swasta/30969-1
1   2  ...  https://teduh.kpkt.gov.my/project-swasta/30946-1
2   3  ...  https://teduh.kpkt.gov.my/project-swasta/30937-1
3   4  ...  https://teduh.kpkt.gov.my/project-swasta/30921-1
4   5  ...  https://teduh.kpkt.gov.my/project-swasta/30920-1
5   6  ...  https://teduh.kpkt.gov.my/project-swasta/30914-1
6   7  ...  https://teduh.kpkt.gov.my/project-swasta/30913-1
7   8  ...  https://teduh.kpkt.gov.my/project-swasta/30909-1
8   9  ...  https://teduh.kpkt.gov.my/project-swasta/30908-1
9  10  ...  https://teduh.kpkt.gov.my/project-swasta/30902-1

[10 rows x 11 columns]
[2025-03-27T15:12:42.523+0000] {logging_mixin.py:190} INFO - CSV file created: /tmp/construction_20250327_batch_1_pages_1_10.csv
[2025-03-27T15:12:42.588+0000] {logging_mixin.py:190} INFO - Uploaded /tmp/construction_20250327_batch_1_pages_1_10.csv to minio://construction-web-scraping/teduh/construction_20250327_batch_1_pages_1_10.csv
[2025-03-27T15:12:42.589+0000] {logging_mixin.py:190} INFO - Batch 1 processed with 250 rows.
[2025-03-27T15:12:42.606+0000] {logging_mixin.py:190} INFO - Processing batch 2: pages 11 to 20
[2025-03-27T15:12:42.608+0000] {logging_mixin.py:190} INFO - Scraping page 11...
[2025-03-27T15:13:00.053+0000] {logging_mixin.py:190} INFO - Scraping page 12...
[2025-03-27T15:13:25.617+0000] {logging_mixin.py:190} INFO - Scraping page 13...
[2025-03-27T15:13:42.510+0000] {logging_mixin.py:190} INFO - Scraping page 14...
[2025-03-27T15:13:58.510+0000] {logging_mixin.py:190} INFO - Scraping page 15...
[2025-03-27T15:14:15.787+0000] {logging_mixin.py:190} INFO - Scraping page 16...
[2025-03-27T15:14:33.018+0000] {logging_mixin.py:190} INFO - Scraping page 17...
[2025-03-27T15:14:50.309+0000] {logging_mixin.py:190} INFO - Scraping page 18...
[2025-03-27T15:15:10.352+0000] {logging_mixin.py:190} INFO - Scraping page 19...
[2025-03-27T15:15:26.207+0000] {logging_mixin.py:190} INFO - Scraping page 20...
[2025-03-27T15:15:49.187+0000] {logging_mixin.py:190} INFO - Columns before rename: ['BIL.', 'KOD PROJEK', 'PEMAJU', 'PROJEK', 'NO. PERMIT', 'STATUS PROJEK KESELURUHAN', 'RINGKASAN PROJEK', 'Daerah Projek', 'Negeri Projek', 'Harga Minimum (RM)', 'Harga Maksimum (RM)']
[2025-03-27T15:15:49.202+0000] {logging_mixin.py:190} INFO -    Bil  ...                                  RINGKASAN PROJEK
0  251  ...  https://teduh.kpkt.gov.my/project-swasta/30557-1
1  252  ...  https://teduh.kpkt.gov.my/project-swasta/30555-1
2  253  ...  https://teduh.kpkt.gov.my/project-swasta/30552-2
3  254  ...  https://teduh.kpkt.gov.my/project-swasta/30552-1
4  255  ...  https://teduh.kpkt.gov.my/project-swasta/30550-1
5  256  ...  https://teduh.kpkt.gov.my/project-swasta/30549-1
6  257  ...  https://teduh.kpkt.gov.my/project-swasta/30548-4
7  258  ...  https://teduh.kpkt.gov.my/project-swasta/30548-3
8  259  ...  https://teduh.kpkt.gov.my/project-swasta/30548-2
9  260  ...  https://teduh.kpkt.gov.my/project-swasta/30548-1

[10 rows x 11 columns]
[2025-03-27T15:15:49.205+0000] {logging_mixin.py:190} INFO - CSV file created: /tmp/construction_20250327_batch_2_pages_11_20.csv
[2025-03-27T15:15:49.269+0000] {logging_mixin.py:190} INFO - Uploaded /tmp/construction_20250327_batch_2_pages_11_20.csv to minio://construction-web-scraping/teduh/construction_20250327_batch_2_pages_11_20.csv
[2025-03-27T15:15:49.270+0000] {logging_mixin.py:190} INFO - Batch 2 processed with 250 rows.
[2025-03-27T15:15:49.283+0000] {logging_mixin.py:190} INFO - Processing batch 3: pages 21 to 30
[2025-03-27T15:15:49.285+0000] {logging_mixin.py:190} INFO - Scraping page 21...
[2025-03-27T15:16:07.731+0000] {logging_mixin.py:190} INFO - Scraping page 22...
[2025-03-27T15:16:29.413+0000] {logging_mixin.py:190} INFO - Scraping page 23...
[2025-03-27T15:16:46.794+0000] {logging_mixin.py:190} INFO - Scraping page 24...
[2025-03-27T15:17:03.460+0000] {logging_mixin.py:190} INFO - Scraping page 25...
[2025-03-27T15:17:18.934+0000] {logging_mixin.py:190} INFO - Scraping page 26...
[2025-03-27T15:17:35.727+0000] {logging_mixin.py:190} INFO - Scraping page 27...
[2025-03-27T15:17:51.706+0000] {logging_mixin.py:190} INFO - Scraping page 28...
[2025-03-27T15:18:05.096+0000] {logging_mixin.py:190} INFO - Error scraping https://teduh.kpkt.gov.my/project-swasta/30156-1: HTTPSConnectionPool(host='teduh.kpkt.gov.my', port=443): Max retries exceeded with url: /project-swasta/30156-1 (Caused by ConnectTimeoutError(<urllib3.connection.HTTPSConnection object at 0x7fca686821d0>, 'Connection to teduh.kpkt.gov.my timed out. (connect timeout=10)'))
[2025-03-27T15:18:17.940+0000] {logging_mixin.py:190} INFO - Scraping page 29...
[2025-03-27T15:18:39.863+0000] {logging_mixin.py:190} INFO - Error scraping https://teduh.kpkt.gov.my/project-swasta/30124-2: HTTPSConnectionPool(host='teduh.kpkt.gov.my', port=443): Max retries exceeded with url: /project-swasta/30124-2 (Caused by ConnectTimeoutError(<urllib3.connection.HTTPSConnection object at 0x7fca6858a0b0>, 'Connection to teduh.kpkt.gov.my timed out. (connect timeout=10)'))
[2025-03-27T15:18:47.062+0000] {logging_mixin.py:190} INFO - Scraping page 30...
[2025-03-27T15:19:02.312+0000] {logging_mixin.py:190} INFO - Columns before rename: ['BIL.', 'KOD PROJEK', 'PEMAJU', 'PROJEK', 'NO. PERMIT', 'STATUS PROJEK KESELURUHAN', 'RINGKASAN PROJEK', 'Daerah Projek', 'Negeri Projek', 'Harga Minimum (RM)', 'Harga Maksimum (RM)']
[2025-03-27T15:19:02.326+0000] {logging_mixin.py:190} INFO -    Bil  ...                                  RINGKASAN PROJEK
0  501  ...  https://teduh.kpkt.gov.my/project-swasta/30306-4
1  502  ...  https://teduh.kpkt.gov.my/project-swasta/30306-3
2  503  ...  https://teduh.kpkt.gov.my/project-swasta/30306-2
3  504  ...  https://teduh.kpkt.gov.my/project-swasta/30306-1
4  505  ...  https://teduh.kpkt.gov.my/project-swasta/30305-1
5  506  ...  https://teduh.kpkt.gov.my/project-swasta/30304-1
6  507  ...  https://teduh.kpkt.gov.my/project-swasta/30303-1
7  508  ...  https://teduh.kpkt.gov.my/project-swasta/30302-1
8  509  ...  https://teduh.kpkt.gov.my/project-swasta/30301-1
9  510  ...  https://teduh.kpkt.gov.my/project-swasta/30300-2

[10 rows x 11 columns]
[2025-03-27T15:19:02.330+0000] {logging_mixin.py:190} INFO - CSV file created: /tmp/construction_20250327_batch_3_pages_21_30.csv
[2025-03-27T15:19:02.390+0000] {logging_mixin.py:190} INFO - Uploaded /tmp/construction_20250327_batch_3_pages_21_30.csv to minio://construction-web-scraping/teduh/construction_20250327_batch_3_pages_21_30.csv
[2025-03-27T15:19:02.391+0000] {logging_mixin.py:190} INFO - Batch 3 processed with 250 rows.
[2025-03-27T15:19:02.405+0000] {logging_mixin.py:190} INFO - Processing batch 4: pages 31 to 40
[2025-03-27T15:19:02.407+0000] {logging_mixin.py:190} INFO - Scraping page 31...
[2025-03-27T15:19:18.554+0000] {logging_mixin.py:190} INFO - Scraping page 32...
[2025-03-27T15:19:35.213+0000] {logging_mixin.py:190} INFO - Scraping page 33...
[2025-03-27T15:19:57.399+0000] {logging_mixin.py:190} INFO - Scraping page 34...
[2025-03-27T15:20:15.467+0000] {logging_mixin.py:190} INFO - Scraping page 35...
[2025-03-27T15:20:34.306+0000] {logging_mixin.py:190} INFO - Scraping page 36...
[2025-03-27T15:20:51.515+0000] {logging_mixin.py:190} INFO - Scraping page 37...
[2025-03-27T15:21:14.089+0000] {logging_mixin.py:190} INFO - Scraping page 38...
[2025-03-27T15:21:37.042+0000] {logging_mixin.py:190} INFO - Scraping page 39...
[2025-03-27T15:21:53.838+0000] {logging_mixin.py:190} INFO - Scraping page 40...
[2025-03-27T15:22:13.660+0000] {logging_mixin.py:190} INFO - Columns before rename: ['BIL.', 'KOD PROJEK', 'PEMAJU', 'PROJEK', 'NO. PERMIT', 'STATUS PROJEK KESELURUHAN', 'RINGKASAN PROJEK', 'Daerah Projek', 'Negeri Projek', 'Harga Minimum (RM)', 'Harga Maksimum (RM)']
[2025-03-27T15:22:13.675+0000] {logging_mixin.py:190} INFO -    Bil  ...                                  RINGKASAN PROJEK
0  751  ...  https://teduh.kpkt.gov.my/project-swasta/30101-3
1  752  ...  https://teduh.kpkt.gov.my/project-swasta/30101-2
2  753  ...  https://teduh.kpkt.gov.my/project-swasta/30101-1
3  754  ...  https://teduh.kpkt.gov.my/project-swasta/30100-3
4  755  ...  https://teduh.kpkt.gov.my/project-swasta/30100-2
5  756  ...  https://teduh.kpkt.gov.my/project-swasta/30100-1
6  757  ...  https://teduh.kpkt.gov.my/project-swasta/30099-1
7  758  ...  https://teduh.kpkt.gov.my/project-swasta/30097-1
8  759  ...  https://teduh.kpkt.gov.my/project-swasta/30096-1
9  760  ...  https://teduh.kpkt.gov.my/project-swasta/30095-1

[10 rows x 11 columns]
[2025-03-27T15:22:13.679+0000] {logging_mixin.py:190} INFO - CSV file created: /tmp/construction_20250327_batch_4_pages_31_40.csv
[2025-03-27T15:22:13.739+0000] {logging_mixin.py:190} INFO - Uploaded /tmp/construction_20250327_batch_4_pages_31_40.csv to minio://construction-web-scraping/teduh/construction_20250327_batch_4_pages_31_40.csv
[2025-03-27T15:22:13.741+0000] {logging_mixin.py:190} INFO - Batch 4 processed with 250 rows.
[2025-03-27T15:22:13.754+0000] {logging_mixin.py:190} INFO - Processing batch 5: pages 41 to 50
[2025-03-27T15:22:13.755+0000] {logging_mixin.py:190} INFO - Scraping page 41...
[2025-03-27T15:22:29.810+0000] {logging_mixin.py:190} INFO - Scraping page 42...
[2025-03-27T15:22:46.758+0000] {logging_mixin.py:190} INFO - Scraping page 43...
[2025-03-27T15:23:04.301+0000] {logging_mixin.py:190} INFO - Scraping page 44...
[2025-03-27T15:23:23.703+0000] {logging_mixin.py:190} INFO - Scraping page 45...
[2025-03-27T15:23:42.654+0000] {logging_mixin.py:190} INFO - Scraping page 46...
[2025-03-27T15:23:59.480+0000] {logging_mixin.py:190} INFO - Scraping page 47...
[2025-03-27T15:24:16.888+0000] {logging_mixin.py:190} INFO - Scraping page 48...
[2025-03-27T15:24:32.990+0000] {logging_mixin.py:190} INFO - Scraping page 49...
[2025-03-27T15:24:50.185+0000] {logging_mixin.py:190} INFO - Scraping page 50...
[2025-03-27T15:25:08.297+0000] {logging_mixin.py:190} INFO - Columns before rename: ['BIL.', 'KOD PROJEK', 'PEMAJU', 'PROJEK', 'NO. PERMIT', 'STATUS PROJEK KESELURUHAN', 'RINGKASAN PROJEK', 'Daerah Projek', 'Negeri Projek', 'Harga Minimum (RM)', 'Harga Maksimum (RM)']
[2025-03-27T15:25:08.312+0000] {logging_mixin.py:190} INFO -     Bil  ...                                  RINGKASAN PROJEK
0  1001  ...  https://teduh.kpkt.gov.my/project-swasta/20179-1
1  1002  ...  https://teduh.kpkt.gov.my/project-swasta/20178-2
2  1003  ...  https://teduh.kpkt.gov.my/project-swasta/20178-1
3  1004  ...  https://teduh.kpkt.gov.my/project-swasta/20177-1
4  1005  ...  https://teduh.kpkt.gov.my/project-swasta/20176-1
5  1006  ...  https://teduh.kpkt.gov.my/project-swasta/20175-2
6  1007  ...  https://teduh.kpkt.gov.my/project-swasta/20175-1
7  1008  ...  https://teduh.kpkt.gov.my/project-swasta/20174-1
8  1009  ...  https://teduh.kpkt.gov.my/project-swasta/20173-3
9  1010  ...  https://teduh.kpkt.gov.my/project-swasta/20173-2

[10 rows x 11 columns]
[2025-03-27T15:25:08.316+0000] {logging_mixin.py:190} INFO - CSV file created: /tmp/construction_20250327_batch_5_pages_41_50.csv
[2025-03-27T15:25:08.379+0000] {logging_mixin.py:190} INFO - Uploaded /tmp/construction_20250327_batch_5_pages_41_50.csv to minio://construction-web-scraping/teduh/construction_20250327_batch_5_pages_41_50.csv
[2025-03-27T15:25:08.380+0000] {logging_mixin.py:190} INFO - Batch 5 processed with 250 rows.
[2025-03-27T15:25:08.394+0000] {logging_mixin.py:190} INFO - Processing batch 6: pages 51 to 60
[2025-03-27T15:25:08.395+0000] {logging_mixin.py:190} INFO - Scraping page 51...
[2025-03-27T15:25:31.329+0000] {logging_mixin.py:190} INFO - Scraping page 52...
[2025-03-27T15:25:53.331+0000] {logging_mixin.py:190} INFO - Scraping page 53...
[2025-03-27T15:26:12.274+0000] {logging_mixin.py:190} INFO - Scraping page 54...
[2025-03-27T15:26:31.242+0000] {logging_mixin.py:190} INFO - Scraping page 55...
[2025-03-27T15:26:50.634+0000] {logging_mixin.py:190} INFO - Scraping page 56...
[2025-03-27T15:27:09.394+0000] {logging_mixin.py:190} INFO - Scraping page 57...
[2025-03-27T15:27:31.492+0000] {logging_mixin.py:190} INFO - Scraping page 58...
[2025-03-27T15:27:51.863+0000] {logging_mixin.py:190} INFO - Scraping page 59...
[2025-03-27T15:28:14.620+0000] {logging_mixin.py:190} INFO - Scraping page 60...
[2025-03-27T15:28:34.050+0000] {logging_mixin.py:190} INFO - Columns before rename: ['BIL.', 'KOD PROJEK', 'PEMAJU', 'PROJEK', 'NO. PERMIT', 'STATUS PROJEK KESELURUHAN', 'RINGKASAN PROJEK', 'Daerah Projek', 'Negeri Projek', 'Harga Minimum (RM)', 'Harga Maksimum (RM)']
[2025-03-27T15:28:34.064+0000] {logging_mixin.py:190} INFO -     Bil  ...                                  RINGKASAN PROJEK
0  1251  ...  https://teduh.kpkt.gov.my/project-swasta/20030-1
1  1252  ...  https://teduh.kpkt.gov.my/project-swasta/20029-1
2  1253  ...  https://teduh.kpkt.gov.my/project-swasta/20028-1
3  1254  ...  https://teduh.kpkt.gov.my/project-swasta/20027-2
4  1255  ...  https://teduh.kpkt.gov.my/project-swasta/20027-1
5  1256  ...  https://teduh.kpkt.gov.my/project-swasta/20026-3
6  1257  ...  https://teduh.kpkt.gov.my/project-swasta/20026-2
7  1258  ...  https://teduh.kpkt.gov.my/project-swasta/20026-1
8  1259  ...  https://teduh.kpkt.gov.my/project-swasta/20025-1
9  1260  ...  https://teduh.kpkt.gov.my/project-swasta/20024-1

[10 rows x 11 columns]
[2025-03-27T15:28:34.068+0000] {logging_mixin.py:190} INFO - CSV file created: /tmp/construction_20250327_batch_6_pages_51_60.csv
[2025-03-27T15:28:34.138+0000] {logging_mixin.py:190} INFO - Uploaded /tmp/construction_20250327_batch_6_pages_51_60.csv to minio://construction-web-scraping/teduh/construction_20250327_batch_6_pages_51_60.csv
[2025-03-27T15:28:34.139+0000] {logging_mixin.py:190} INFO - Batch 6 processed with 250 rows.
[2025-03-27T15:28:34.152+0000] {logging_mixin.py:190} INFO - Processing batch 7: pages 61 to 70
[2025-03-27T15:28:34.154+0000] {logging_mixin.py:190} INFO - Scraping page 61...
[2025-03-27T15:28:51.617+0000] {logging_mixin.py:190} INFO - Scraping page 62...
[2025-03-27T15:29:10.025+0000] {logging_mixin.py:190} INFO - Scraping page 63...
[2025-03-27T15:29:31.349+0000] {logging_mixin.py:190} INFO - Scraping page 64...
[2025-03-27T15:29:49.292+0000] {logging_mixin.py:190} INFO - Scraping page 65...
[2025-03-27T15:30:07.438+0000] {logging_mixin.py:190} INFO - Scraping page 66...
[2025-03-27T15:30:24.284+0000] {logging_mixin.py:190} INFO - Scraping page 67...
[2025-03-27T15:30:40.922+0000] {logging_mixin.py:190} INFO - Scraping page 68...
[2025-03-27T15:30:59.002+0000] {logging_mixin.py:190} INFO - Scraping page 69...
[2025-03-27T15:31:24.153+0000] {logging_mixin.py:190} INFO - Error scraping https://teduh.kpkt.gov.my/project-swasta/19753-1: HTTPSConnectionPool(host='teduh.kpkt.gov.my', port=443): Max retries exceeded with url: /project-swasta/19753-1 (Caused by ConnectTimeoutError(<urllib3.connection.HTTPSConnection object at 0x7fca685a3d00>, 'Connection to teduh.kpkt.gov.my timed out. (connect timeout=10)'))
[2025-03-27T15:31:27.352+0000] {logging_mixin.py:190} INFO - Scraping page 70...
[2025-03-27T15:31:49.112+0000] {logging_mixin.py:190} INFO - Columns before rename: ['BIL.', 'KOD PROJEK', 'PEMAJU', 'PROJEK', 'NO. PERMIT', 'STATUS PROJEK KESELURUHAN', 'RINGKASAN PROJEK', 'Daerah Projek', 'Negeri Projek', 'Harga Minimum (RM)', 'Harga Maksimum (RM)']
[2025-03-27T15:31:49.131+0000] {logging_mixin.py:190} INFO -     Bil  ...                                  RINGKASAN PROJEK
0  1501  ...  https://teduh.kpkt.gov.my/project-swasta/19878-1
1  1502  ...  https://teduh.kpkt.gov.my/project-swasta/19877-1
2  1503  ...  https://teduh.kpkt.gov.my/project-swasta/19876-1
3  1504  ...  https://teduh.kpkt.gov.my/project-swasta/19875-1
4  1505  ...  https://teduh.kpkt.gov.my/project-swasta/19874-1
5  1506  ...  https://teduh.kpkt.gov.my/project-swasta/19873-2
6  1507  ...  https://teduh.kpkt.gov.my/project-swasta/19873-1
7  1508  ...  https://teduh.kpkt.gov.my/project-swasta/19872-1
8  1509  ...  https://teduh.kpkt.gov.my/project-swasta/19871-2
9  1510  ...  https://teduh.kpkt.gov.my/project-swasta/19871-1

[10 rows x 11 columns]
[2025-03-27T15:31:49.134+0000] {logging_mixin.py:190} INFO - CSV file created: /tmp/construction_20250327_batch_7_pages_61_70.csv
[2025-03-27T15:31:49.208+0000] {logging_mixin.py:190} INFO - Uploaded /tmp/construction_20250327_batch_7_pages_61_70.csv to minio://construction-web-scraping/teduh/construction_20250327_batch_7_pages_61_70.csv
[2025-03-27T15:31:49.209+0000] {logging_mixin.py:190} INFO - Batch 7 processed with 250 rows.
[2025-03-27T15:31:49.228+0000] {logging_mixin.py:190} INFO - Processing batch 8: pages 71 to 80
[2025-03-27T15:31:49.229+0000] {logging_mixin.py:190} INFO - Scraping page 71...
[2025-03-27T15:32:08.873+0000] {logging_mixin.py:190} INFO - Scraping page 72...
[2025-03-27T15:32:26.089+0000] {logging_mixin.py:190} INFO - Scraping page 73...
[2025-03-27T15:32:43.382+0000] {logging_mixin.py:190} INFO - Scraping page 74...
[2025-03-27T15:32:59.693+0000] {logging_mixin.py:190} INFO - Scraping page 75...
[2025-03-27T15:33:17.479+0000] {logging_mixin.py:190} INFO - Scraping page 76...
[2025-03-27T15:33:35.931+0000] {logging_mixin.py:190} INFO - Scraping page 77...
[2025-03-27T15:33:53.996+0000] {logging_mixin.py:190} INFO - Scraping page 78...
[2025-03-27T15:34:11.798+0000] {logging_mixin.py:190} INFO - Scraping page 79...
[2025-03-27T15:34:29.423+0000] {logging_mixin.py:190} INFO - Scraping page 80...
[2025-03-27T15:34:44.995+0000] {logging_mixin.py:190} INFO - Columns before rename: ['BIL.', 'KOD PROJEK', 'PEMAJU', 'PROJEK', 'NO. PERMIT', 'STATUS PROJEK KESELURUHAN', 'RINGKASAN PROJEK', 'Daerah Projek', 'Negeri Projek', 'Harga Minimum (RM)', 'Harga Maksimum (RM)']
[2025-03-27T15:34:45.012+0000] {logging_mixin.py:190} INFO -     Bil  ...                                   RINGKASAN PROJEK
0  1751  ...   https://teduh.kpkt.gov.my/project-swasta/19738-1
1  1752  ...   https://teduh.kpkt.gov.my/project-swasta/19737-3
2  1753  ...   https://teduh.kpkt.gov.my/project-swasta/19737-2
3  1754  ...   https://teduh.kpkt.gov.my/project-swasta/19737-1
4  1755  ...   https://teduh.kpkt.gov.my/project-swasta/19736-1
5  1756  ...  https://teduh.kpkt.gov.my/project-swasta/19735-16
6  1757  ...  https://teduh.kpkt.gov.my/project-swasta/19735-15
7  1758  ...  https://teduh.kpkt.gov.my/project-swasta/19735-14
8  1759  ...  https://teduh.kpkt.gov.my/project-swasta/19735-13
9  1760  ...  https://teduh.kpkt.gov.my/project-swasta/19735-12

[10 rows x 11 columns]
[2025-03-27T15:34:45.015+0000] {logging_mixin.py:190} INFO - CSV file created: /tmp/construction_20250327_batch_8_pages_71_80.csv
[2025-03-27T15:34:45.081+0000] {logging_mixin.py:190} INFO - Uploaded /tmp/construction_20250327_batch_8_pages_71_80.csv to minio://construction-web-scraping/teduh/construction_20250327_batch_8_pages_71_80.csv
[2025-03-27T15:34:45.083+0000] {logging_mixin.py:190} INFO - Batch 8 processed with 250 rows.
[2025-03-27T15:34:45.101+0000] {logging_mixin.py:190} INFO - Processing batch 9: pages 81 to 90
[2025-03-27T15:34:45.102+0000] {logging_mixin.py:190} INFO - Scraping page 81...
[2025-03-27T15:35:02.363+0000] {logging_mixin.py:190} INFO - Scraping page 82...
[2025-03-27T15:35:19.221+0000] {logging_mixin.py:190} INFO - Scraping page 83...
[2025-03-27T15:35:35.067+0000] {logging_mixin.py:190} INFO - Scraping page 84...
[2025-03-27T15:35:50.766+0000] {logging_mixin.py:190} INFO - Scraping page 85...
[2025-03-27T15:36:06.586+0000] {logging_mixin.py:190} INFO - Scraping page 86...
[2025-03-27T15:36:24.986+0000] {logging_mixin.py:190} INFO - Scraping page 87...
[2025-03-27T15:36:45.421+0000] {logging_mixin.py:190} INFO - Scraping page 88...
[2025-03-27T15:37:00.795+0000] {logging_mixin.py:190} INFO - Scraping page 89...
[2025-03-27T15:37:16.525+0000] {logging_mixin.py:190} INFO - Scraping page 90...
[2025-03-27T15:37:31.259+0000] {logging_mixin.py:190} INFO - Columns before rename: ['BIL.', 'KOD PROJEK', 'PEMAJU', 'PROJEK', 'NO. PERMIT', 'STATUS PROJEK KESELURUHAN', 'RINGKASAN PROJEK', 'Daerah Projek', 'Negeri Projek', 'Harga Minimum (RM)', 'Harga Maksimum (RM)']
[2025-03-27T15:37:31.274+0000] {logging_mixin.py:190} INFO -     Bil  ...                                  RINGKASAN PROJEK
0  2001  ...  https://teduh.kpkt.gov.my/project-swasta/19611-1
1  2002  ...  https://teduh.kpkt.gov.my/project-swasta/19610-1
2  2003  ...  https://teduh.kpkt.gov.my/project-swasta/19609-1
3  2004  ...  https://teduh.kpkt.gov.my/project-swasta/19608-1
4  2005  ...  https://teduh.kpkt.gov.my/project-swasta/19607-2
5  2006  ...  https://teduh.kpkt.gov.my/project-swasta/19607-1
6  2007  ...  https://teduh.kpkt.gov.my/project-swasta/19606-1
7  2008  ...  https://teduh.kpkt.gov.my/project-swasta/19605-2
8  2009  ...  https://teduh.kpkt.gov.my/project-swasta/19605-1
9  2010  ...  https://teduh.kpkt.gov.my/project-swasta/19604-1

[10 rows x 11 columns]
[2025-03-27T15:37:31.277+0000] {logging_mixin.py:190} INFO - CSV file created: /tmp/construction_20250327_batch_9_pages_81_90.csv
[2025-03-27T15:37:31.344+0000] {logging_mixin.py:190} INFO - Uploaded /tmp/construction_20250327_batch_9_pages_81_90.csv to minio://construction-web-scraping/teduh/construction_20250327_batch_9_pages_81_90.csv
[2025-03-27T15:37:31.346+0000] {logging_mixin.py:190} INFO - Batch 9 processed with 250 rows.
[2025-03-27T15:37:31.362+0000] {logging_mixin.py:190} INFO - Processing batch 10: pages 91 to 100
[2025-03-27T15:37:31.363+0000] {logging_mixin.py:190} INFO - Scraping page 91...
[2025-03-27T15:37:47.815+0000] {logging_mixin.py:190} INFO - Scraping page 92...
[2025-03-27T15:38:05.382+0000] {logging_mixin.py:190} INFO - Scraping page 93...
[2025-03-27T15:38:20.495+0000] {logging_mixin.py:190} INFO - Scraping page 94...
[2025-03-27T15:38:36.823+0000] {logging_mixin.py:190} INFO - Scraping page 95...
[2025-03-27T15:38:56.333+0000] {logging_mixin.py:190} INFO - Scraping page 96...
[2025-03-27T15:39:12.757+0000] {logging_mixin.py:190} INFO - Scraping page 97...
[2025-03-27T15:39:25.005+0000] {timeout.py:68} ERROR - Process timed out, PID: 17787
[2025-03-27T15:39:25.020+0000] {taskinstance.py:3313} ERROR - Task failed with exception
Traceback (most recent call last):
  File "/home/airflow/.local/lib/python3.10/site-packages/airflow/models/taskinstance.py", line 763, in _execute_task
    result = _execute_callable(context=context, **execute_callable_kwargs)
  File "/home/airflow/.local/lib/python3.10/site-packages/airflow/models/taskinstance.py", line 734, in _execute_callable
    return ExecutionCallableRunner(
  File "/home/airflow/.local/lib/python3.10/site-packages/airflow/utils/operator_helpers.py", line 252, in run
    return self.func(*args, **kwargs)
  File "/home/airflow/.local/lib/python3.10/site-packages/airflow/models/baseoperator.py", line 424, in wrapper
    return func(self, *args, **kwargs)
  File "/home/airflow/.local/lib/python3.10/site-packages/airflow/operators/python.py", line 238, in execute
    return_value = self.execute_callable()
  File "/home/airflow/.local/lib/python3.10/site-packages/airflow/operators/python.py", line 256, in execute_callable
    return runner.run(*self.op_args, **self.op_kwargs)
  File "/home/airflow/.local/lib/python3.10/site-packages/airflow/utils/operator_helpers.py", line 252, in run
    return self.func(*args, **kwargs)
  File "/opt/airflow/dags/split_web_scraping.py", line 186, in run_scraper
    daerah, negeri, harga_min, harga_maks = scrape_additional_data(link)
  File "/opt/airflow/dags/split_web_scraping.py", line 41, in scrape_additional_data
    response = requests.get(link, timeout=10)
  File "/home/airflow/.local/lib/python3.10/site-packages/requests/api.py", line 73, in get
    return request("get", url, params=params, **kwargs)
  File "/home/airflow/.local/lib/python3.10/site-packages/requests/api.py", line 59, in request
    return session.request(method=method, url=url, **kwargs)
  File "/home/airflow/.local/lib/python3.10/site-packages/requests/sessions.py", line 589, in request
    resp = self.send(prep, **send_kwargs)
  File "/home/airflow/.local/lib/python3.10/site-packages/requests/sessions.py", line 703, in send
    r = adapter.send(request, **kwargs)
  File "/home/airflow/.local/lib/python3.10/site-packages/requests/adapters.py", line 667, in send
    resp = conn.urlopen(
  File "/home/airflow/.local/lib/python3.10/site-packages/urllib3/connectionpool.py", line 787, in urlopen
    response = self._make_request(
  File "/home/airflow/.local/lib/python3.10/site-packages/urllib3/connectionpool.py", line 534, in _make_request
    response = conn.getresponse()
  File "/home/airflow/.local/lib/python3.10/site-packages/urllib3/connection.py", line 516, in getresponse
    httplib_response = super().getresponse()
  File "/usr/local/lib/python3.10/http/client.py", line 1375, in getresponse
    response.begin()
  File "/usr/local/lib/python3.10/http/client.py", line 318, in begin
    version, status, reason = self._read_status()
  File "/usr/local/lib/python3.10/http/client.py", line 279, in _read_status
    line = str(self.fp.readline(_MAXLINE + 1), "iso-8859-1")
  File "/usr/local/lib/python3.10/socket.py", line 717, in readinto
    return self._sock.recv_into(b)
  File "/usr/local/lib/python3.10/ssl.py", line 1307, in recv_into
    return self.read(nbytes, buffer)
  File "/usr/local/lib/python3.10/ssl.py", line 1163, in read
    return self._sslobj.read(len, buffer)
  File "/home/airflow/.local/lib/python3.10/site-packages/airflow/utils/timeout.py", line 69, in handle_timeout
    raise AirflowTaskTimeout(self.error_message)
airflow.exceptions.AirflowTaskTimeout: Timeout, PID: 17787
[2025-03-27T15:39:25.035+0000] {taskinstance.py:1226} INFO - Marking task as UP_FOR_RETRY. dag_id=split_web_scraping_v01, task_id=scrape_and_store, run_id=manual__2025-03-27T15:09:22.551183+00:00, execution_date=20250327T150922, start_date=20250327T150924, end_date=20250327T153925
[2025-03-27T15:39:25.076+0000] {taskinstance.py:341} INFO - ::group::Post task execution logs
[2025-03-27T15:39:25.126+0000] {local_task_job_runner.py:266} INFO - Task exited with return code 2
[2025-03-27T15:39:25.152+0000] {taskinstance.py:3901} INFO - 0 downstream tasks scheduled from follow-on schedule check
[2025-03-27T15:39:25.156+0000] {local_task_job_runner.py:245} INFO - ::endgroup::
