[2025-03-27T17:07:08.260+0000] {local_task_job_runner.py:123} INFO - ::group::Pre task execution logs
[2025-03-27T17:07:08.289+0000] {taskinstance.py:2614} INFO - Dependencies all met for dep_context=non-requeueable deps ti=<TaskInstance: split_web_scraping_v01.scrape_and_store manual__2025-03-27T15:09:22.551183+00:00 [queued]>
[2025-03-27T17:07:08.299+0000] {taskinstance.py:2614} INFO - Dependencies all met for dep_context=requeueable deps ti=<TaskInstance: split_web_scraping_v01.scrape_and_store manual__2025-03-27T15:09:22.551183+00:00 [queued]>
[2025-03-27T17:07:08.300+0000] {taskinstance.py:2867} INFO - Starting attempt 4 of 6
[2025-03-27T17:07:08.318+0000] {taskinstance.py:2890} INFO - Executing <Task(PythonOperator): scrape_and_store> on 2025-03-27 15:09:22.551183+00:00
[2025-03-27T17:07:08.323+0000] {standard_task_runner.py:72} INFO - Started process 21188 to run task
[2025-03-27T17:07:08.327+0000] {standard_task_runner.py:104} INFO - Running: ['***', 'tasks', 'run', 'split_web_scraping_v01', 'scrape_and_store', 'manual__2025-03-27T15:09:22.551183+00:00', '--job-id', '80', '--raw', '--subdir', 'DAGS_FOLDER/split_web_scraping.py', '--cfg-path', '/tmp/tmpbf16qdm9']
[2025-03-27T17:07:08.331+0000] {standard_task_runner.py:105} INFO - Job 80: Subtask scrape_and_store
[2025-03-27T17:07:08.382+0000] {task_command.py:467} INFO - Running <TaskInstance: split_web_scraping_v01.scrape_and_store manual__2025-03-27T15:09:22.551183+00:00 [running]> on host c79bd584e644
[2025-03-27T17:07:08.488+0000] {taskinstance.py:3134} INFO - Exporting env vars: AIRFLOW_CTX_DAG_OWNER='waiyong' AIRFLOW_CTX_DAG_ID='split_web_scraping_v01' AIRFLOW_CTX_TASK_ID='scrape_and_store' AIRFLOW_CTX_EXECUTION_DATE='2025-03-27T15:09:22.551183+00:00' AIRFLOW_CTX_TRY_NUMBER='4' AIRFLOW_CTX_DAG_RUN_ID='manual__2025-03-27T15:09:22.551183+00:00'
[2025-03-27T17:07:08.490+0000] {taskinstance.py:732} INFO - ::endgroup::
[2025-03-27T17:07:08.517+0000] {logging_mixin.py:190} INFO - Processing batch 1: pages 1 to 10
[2025-03-27T17:07:08.518+0000] {logging_mixin.py:190} INFO - Scraping page 1...
[2025-03-27T17:07:31.869+0000] {logging_mixin.py:190} INFO - Scraping page 2...
[2025-03-27T17:07:48.326+0000] {logging_mixin.py:190} INFO - Scraping page 3...
[2025-03-27T17:08:07.818+0000] {logging_mixin.py:190} INFO - Scraping page 4...
[2025-03-27T17:08:29.225+0000] {logging_mixin.py:190} INFO - Scraping page 5...
[2025-03-27T17:08:50.139+0000] {logging_mixin.py:190} INFO - Scraping page 6...
[2025-03-27T17:09:06.803+0000] {logging_mixin.py:190} INFO - Scraping page 7...
[2025-03-27T17:09:21.132+0000] {logging_mixin.py:190} INFO - Scraping page 8...
[2025-03-27T17:09:38.635+0000] {logging_mixin.py:190} INFO - Scraping page 9...
[2025-03-27T17:09:53.449+0000] {logging_mixin.py:190} INFO - Scraping page 10...
[2025-03-27T17:10:10.712+0000] {logging_mixin.py:190} INFO - Columns before rename: ['BIL.', 'KOD PROJEK', 'PEMAJU', 'PROJEK', 'NO. PERMIT', 'STATUS PROJEK KESELURUHAN', 'RINGKASAN PROJEK', 'Daerah Projek', 'Negeri Projek', 'Harga Minimum (RM)', 'Harga Maksimum (RM)']
[2025-03-27T17:10:10.728+0000] {logging_mixin.py:190} INFO -   Bil  ...                                  RINGKASAN PROJEK
0   1  ...  https://teduh.kpkt.gov.my/project-swasta/30969-1
1   2  ...  https://teduh.kpkt.gov.my/project-swasta/30946-1
2   3  ...  https://teduh.kpkt.gov.my/project-swasta/30937-1
3   4  ...  https://teduh.kpkt.gov.my/project-swasta/30921-1
4   5  ...  https://teduh.kpkt.gov.my/project-swasta/30920-1
5   6  ...  https://teduh.kpkt.gov.my/project-swasta/30914-1
6   7  ...  https://teduh.kpkt.gov.my/project-swasta/30913-1
7   8  ...  https://teduh.kpkt.gov.my/project-swasta/30909-1
8   9  ...  https://teduh.kpkt.gov.my/project-swasta/30908-1
9  10  ...  https://teduh.kpkt.gov.my/project-swasta/30902-1

[10 rows x 11 columns]
[2025-03-27T17:10:10.733+0000] {logging_mixin.py:190} INFO - CSV file created: /tmp/construction_20250327_batch_1_pages_1_10.csv
[2025-03-27T17:10:10.797+0000] {logging_mixin.py:190} INFO - Uploaded /tmp/construction_20250327_batch_1_pages_1_10.csv to minio://construction-web-scraping/teduh/construction_20250327_batch_1_pages_1_10.csv
[2025-03-27T17:10:10.798+0000] {logging_mixin.py:190} INFO - Batch 1 processed with 250 rows.
[2025-03-27T17:10:10.816+0000] {logging_mixin.py:190} INFO - Processing batch 2: pages 11 to 20
[2025-03-27T17:10:10.817+0000] {logging_mixin.py:190} INFO - Scraping page 11...
[2025-03-27T17:10:25.528+0000] {logging_mixin.py:190} INFO - Scraping page 12...
[2025-03-27T17:10:41.118+0000] {logging_mixin.py:190} INFO - Scraping page 13...
[2025-03-27T17:10:56.186+0000] {logging_mixin.py:190} INFO - Scraping page 14...
[2025-03-27T17:11:10.470+0000] {logging_mixin.py:190} INFO - Scraping page 15...
[2025-03-27T17:11:25.030+0000] {logging_mixin.py:190} INFO - Scraping page 16...
[2025-03-27T17:11:39.694+0000] {logging_mixin.py:190} INFO - Scraping page 17...
[2025-03-27T17:11:54.706+0000] {logging_mixin.py:190} INFO - Scraping page 18...
[2025-03-27T17:12:09.564+0000] {logging_mixin.py:190} INFO - Scraping page 19...
[2025-03-27T17:12:24.241+0000] {logging_mixin.py:190} INFO - Scraping page 20...
[2025-03-27T17:12:39.086+0000] {logging_mixin.py:190} INFO - Columns before rename: ['BIL.', 'KOD PROJEK', 'PEMAJU', 'PROJEK', 'NO. PERMIT', 'STATUS PROJEK KESELURUHAN', 'RINGKASAN PROJEK', 'Daerah Projek', 'Negeri Projek', 'Harga Minimum (RM)', 'Harga Maksimum (RM)']
[2025-03-27T17:12:39.107+0000] {logging_mixin.py:190} INFO -    Bil  ...                                  RINGKASAN PROJEK
0  251  ...  https://teduh.kpkt.gov.my/project-swasta/30557-1
1  252  ...  https://teduh.kpkt.gov.my/project-swasta/30555-1
2  253  ...  https://teduh.kpkt.gov.my/project-swasta/30552-2
3  254  ...  https://teduh.kpkt.gov.my/project-swasta/30552-1
4  255  ...  https://teduh.kpkt.gov.my/project-swasta/30550-1
5  256  ...  https://teduh.kpkt.gov.my/project-swasta/30549-1
6  257  ...  https://teduh.kpkt.gov.my/project-swasta/30548-4
7  258  ...  https://teduh.kpkt.gov.my/project-swasta/30548-3
8  259  ...  https://teduh.kpkt.gov.my/project-swasta/30548-2
9  260  ...  https://teduh.kpkt.gov.my/project-swasta/30548-1

[10 rows x 11 columns]
[2025-03-27T17:12:39.114+0000] {logging_mixin.py:190} INFO - CSV file created: /tmp/construction_20250327_batch_2_pages_11_20.csv
[2025-03-27T17:12:39.190+0000] {logging_mixin.py:190} INFO - Uploaded /tmp/construction_20250327_batch_2_pages_11_20.csv to minio://construction-web-scraping/teduh/construction_20250327_batch_2_pages_11_20.csv
[2025-03-27T17:12:39.191+0000] {logging_mixin.py:190} INFO - Batch 2 processed with 250 rows.
[2025-03-27T17:12:39.205+0000] {logging_mixin.py:190} INFO - Processing batch 3: pages 21 to 30
[2025-03-27T17:12:39.206+0000] {logging_mixin.py:190} INFO - Scraping page 21...
[2025-03-27T17:12:53.702+0000] {logging_mixin.py:190} INFO - Scraping page 22...
[2025-03-27T17:13:08.084+0000] {logging_mixin.py:190} INFO - Scraping page 23...
[2025-03-27T17:13:22.621+0000] {logging_mixin.py:190} INFO - Scraping page 24...
[2025-03-27T17:13:37.977+0000] {logging_mixin.py:190} INFO - Scraping page 25...
[2025-03-27T17:13:52.464+0000] {logging_mixin.py:190} INFO - Scraping page 26...
[2025-03-27T17:14:09.037+0000] {logging_mixin.py:190} INFO - Scraping page 27...
[2025-03-27T17:14:23.859+0000] {logging_mixin.py:190} INFO - Scraping page 28...
[2025-03-27T17:14:38.519+0000] {logging_mixin.py:190} INFO - Scraping page 29...
[2025-03-27T17:14:54.028+0000] {logging_mixin.py:190} INFO - Scraping page 30...
[2025-03-27T17:15:08.224+0000] {logging_mixin.py:190} INFO - Columns before rename: ['BIL.', 'KOD PROJEK', 'PEMAJU', 'PROJEK', 'NO. PERMIT', 'STATUS PROJEK KESELURUHAN', 'RINGKASAN PROJEK', 'Daerah Projek', 'Negeri Projek', 'Harga Minimum (RM)', 'Harga Maksimum (RM)']
[2025-03-27T17:15:08.239+0000] {logging_mixin.py:190} INFO -    Bil  ...                                  RINGKASAN PROJEK
0  501  ...  https://teduh.kpkt.gov.my/project-swasta/30306-4
1  502  ...  https://teduh.kpkt.gov.my/project-swasta/30306-3
2  503  ...  https://teduh.kpkt.gov.my/project-swasta/30306-2
3  504  ...  https://teduh.kpkt.gov.my/project-swasta/30306-1
4  505  ...  https://teduh.kpkt.gov.my/project-swasta/30305-1
5  506  ...  https://teduh.kpkt.gov.my/project-swasta/30304-1
6  507  ...  https://teduh.kpkt.gov.my/project-swasta/30303-1
7  508  ...  https://teduh.kpkt.gov.my/project-swasta/30302-1
8  509  ...  https://teduh.kpkt.gov.my/project-swasta/30301-1
9  510  ...  https://teduh.kpkt.gov.my/project-swasta/30300-2

[10 rows x 11 columns]
[2025-03-27T17:15:08.242+0000] {logging_mixin.py:190} INFO - CSV file created: /tmp/construction_20250327_batch_3_pages_21_30.csv
[2025-03-27T17:15:08.310+0000] {logging_mixin.py:190} INFO - Uploaded /tmp/construction_20250327_batch_3_pages_21_30.csv to minio://construction-web-scraping/teduh/construction_20250327_batch_3_pages_21_30.csv
[2025-03-27T17:15:08.311+0000] {logging_mixin.py:190} INFO - Batch 3 processed with 250 rows.
[2025-03-27T17:15:08.325+0000] {logging_mixin.py:190} INFO - Processing batch 4: pages 31 to 40
[2025-03-27T17:15:08.326+0000] {logging_mixin.py:190} INFO - Scraping page 31...
[2025-03-27T17:15:22.668+0000] {logging_mixin.py:190} INFO - Scraping page 32...
[2025-03-27T17:15:43.238+0000] {logging_mixin.py:190} INFO - Scraping page 33...
[2025-03-27T17:15:57.674+0000] {logging_mixin.py:190} INFO - Scraping page 34...
[2025-03-27T17:16:13.354+0000] {logging_mixin.py:190} INFO - Scraping page 35...
[2025-03-27T17:16:27.505+0000] {logging_mixin.py:190} INFO - Scraping page 36...
[2025-03-27T17:16:42.824+0000] {logging_mixin.py:190} INFO - Scraping page 37...
[2025-03-27T17:16:57.824+0000] {logging_mixin.py:190} INFO - Scraping page 38...
[2025-03-27T17:17:13.387+0000] {logging_mixin.py:190} INFO - Scraping page 39...
[2025-03-27T17:17:28.167+0000] {logging_mixin.py:190} INFO - Scraping page 40...
[2025-03-27T17:17:42.493+0000] {logging_mixin.py:190} INFO - Columns before rename: ['BIL.', 'KOD PROJEK', 'PEMAJU', 'PROJEK', 'NO. PERMIT', 'STATUS PROJEK KESELURUHAN', 'RINGKASAN PROJEK', 'Daerah Projek', 'Negeri Projek', 'Harga Minimum (RM)', 'Harga Maksimum (RM)']
[2025-03-27T17:17:42.508+0000] {logging_mixin.py:190} INFO -    Bil  ...                                  RINGKASAN PROJEK
0  751  ...  https://teduh.kpkt.gov.my/project-swasta/30101-3
1  752  ...  https://teduh.kpkt.gov.my/project-swasta/30101-2
2  753  ...  https://teduh.kpkt.gov.my/project-swasta/30101-1
3  754  ...  https://teduh.kpkt.gov.my/project-swasta/30100-3
4  755  ...  https://teduh.kpkt.gov.my/project-swasta/30100-2
5  756  ...  https://teduh.kpkt.gov.my/project-swasta/30100-1
6  757  ...  https://teduh.kpkt.gov.my/project-swasta/30099-1
7  758  ...  https://teduh.kpkt.gov.my/project-swasta/30097-1
8  759  ...  https://teduh.kpkt.gov.my/project-swasta/30096-1
9  760  ...  https://teduh.kpkt.gov.my/project-swasta/30095-1

[10 rows x 11 columns]
[2025-03-27T17:17:42.511+0000] {logging_mixin.py:190} INFO - CSV file created: /tmp/construction_20250327_batch_4_pages_31_40.csv
[2025-03-27T17:17:42.573+0000] {logging_mixin.py:190} INFO - Uploaded /tmp/construction_20250327_batch_4_pages_31_40.csv to minio://construction-web-scraping/teduh/construction_20250327_batch_4_pages_31_40.csv
[2025-03-27T17:17:42.574+0000] {logging_mixin.py:190} INFO - Batch 4 processed with 250 rows.
[2025-03-27T17:17:42.586+0000] {logging_mixin.py:190} INFO - Processing batch 5: pages 41 to 50
[2025-03-27T17:17:42.587+0000] {logging_mixin.py:190} INFO - Scraping page 41...
[2025-03-27T17:17:57.351+0000] {logging_mixin.py:190} INFO - Scraping page 42...
[2025-03-27T17:18:15.929+0000] {logging_mixin.py:190} INFO - Error scraping https://teduh.kpkt.gov.my/project-swasta/20162-1: HTTPSConnectionPool(host='teduh.kpkt.gov.my', port=443): Max retries exceeded with url: /project-swasta/20162-1 (Caused by ConnectTimeoutError(<urllib3.connection.HTTPSConnection object at 0x7fca686d2890>, 'Connection to teduh.kpkt.gov.my timed out. (connect timeout=10)'))
[2025-03-27T17:18:23.010+0000] {logging_mixin.py:190} INFO - Scraping page 43...
[2025-03-27T17:18:37.743+0000] {logging_mixin.py:190} INFO - Scraping page 44...
[2025-03-27T17:18:51.993+0000] {logging_mixin.py:190} INFO - Scraping page 45...
[2025-03-27T17:19:07.376+0000] {logging_mixin.py:190} INFO - Error scraping https://teduh.kpkt.gov.my/project-swasta/20114-2: HTTPSConnectionPool(host='teduh.kpkt.gov.my', port=443): Max retries exceeded with url: /project-swasta/20114-2 (Caused by ConnectTimeoutError(<urllib3.connection.HTTPSConnection object at 0x7fca6835cc40>, 'Connection to teduh.kpkt.gov.my timed out. (connect timeout=10)'))
[2025-03-27T17:19:17.094+0000] {logging_mixin.py:190} INFO - Scraping page 46...
[2025-03-27T17:19:35.106+0000] {logging_mixin.py:190} INFO - Scraping page 47...
[2025-03-27T17:19:52.509+0000] {logging_mixin.py:190} INFO - Scraping page 48...
[2025-03-27T17:20:06.685+0000] {logging_mixin.py:190} INFO - Scraping page 49...
[2025-03-27T17:20:21.338+0000] {logging_mixin.py:190} INFO - Scraping page 50...
[2025-03-27T17:20:44.591+0000] {logging_mixin.py:190} INFO - Error scraping https://teduh.kpkt.gov.my/project-swasta/20031-1: HTTPSConnectionPool(host='teduh.kpkt.gov.my', port=443): Max retries exceeded with url: /project-swasta/20031-1 (Caused by ConnectTimeoutError(<urllib3.connection.HTTPSConnection object at 0x7fca690ffa60>, 'Connection to teduh.kpkt.gov.my timed out. (connect timeout=10)'))
[2025-03-27T17:20:45.596+0000] {logging_mixin.py:190} INFO - Columns before rename: ['BIL.', 'KOD PROJEK', 'PEMAJU', 'PROJEK', 'NO. PERMIT', 'STATUS PROJEK KESELURUHAN', 'RINGKASAN PROJEK', 'Daerah Projek', 'Negeri Projek', 'Harga Minimum (RM)', 'Harga Maksimum (RM)']
[2025-03-27T17:20:45.610+0000] {logging_mixin.py:190} INFO -     Bil  ...                                  RINGKASAN PROJEK
0  1001  ...  https://teduh.kpkt.gov.my/project-swasta/20179-1
1  1002  ...  https://teduh.kpkt.gov.my/project-swasta/20178-2
2  1003  ...  https://teduh.kpkt.gov.my/project-swasta/20178-1
3  1004  ...  https://teduh.kpkt.gov.my/project-swasta/20177-1
4  1005  ...  https://teduh.kpkt.gov.my/project-swasta/20176-1
5  1006  ...  https://teduh.kpkt.gov.my/project-swasta/20175-2
6  1007  ...  https://teduh.kpkt.gov.my/project-swasta/20175-1
7  1008  ...  https://teduh.kpkt.gov.my/project-swasta/20174-1
8  1009  ...  https://teduh.kpkt.gov.my/project-swasta/20173-3
9  1010  ...  https://teduh.kpkt.gov.my/project-swasta/20173-2

[10 rows x 11 columns]
[2025-03-27T17:20:45.614+0000] {logging_mixin.py:190} INFO - CSV file created: /tmp/construction_20250327_batch_5_pages_41_50.csv
[2025-03-27T17:20:45.680+0000] {logging_mixin.py:190} INFO - Uploaded /tmp/construction_20250327_batch_5_pages_41_50.csv to minio://construction-web-scraping/teduh/construction_20250327_batch_5_pages_41_50.csv
[2025-03-27T17:20:45.681+0000] {logging_mixin.py:190} INFO - Batch 5 processed with 250 rows.
[2025-03-27T17:20:45.694+0000] {logging_mixin.py:190} INFO - Processing batch 6: pages 51 to 60
[2025-03-27T17:20:45.696+0000] {logging_mixin.py:190} INFO - Scraping page 51...
[2025-03-27T17:20:59.418+0000] {logging_mixin.py:190} INFO - Scraping page 52...
[2025-03-27T17:21:13.568+0000] {logging_mixin.py:190} INFO - Error scraping https://teduh.kpkt.gov.my/project-swasta/20011-3: HTTPSConnectionPool(host='teduh.kpkt.gov.my', port=443): Max retries exceeded with url: /project-swasta/20011-3 (Caused by ConnectTimeoutError(<urllib3.connection.HTTPSConnection object at 0x7fca68edc400>, 'Connection to teduh.kpkt.gov.my timed out. (connect timeout=10)'))
[2025-03-27T17:21:23.120+0000] {logging_mixin.py:190} INFO - Scraping page 53...
[2025-03-27T17:21:37.216+0000] {logging_mixin.py:190} INFO - Scraping page 54...
[2025-03-27T17:21:51.856+0000] {logging_mixin.py:190} INFO - Scraping page 55...
[2025-03-27T17:22:06.488+0000] {logging_mixin.py:190} INFO - Scraping page 56...
[2025-03-27T17:22:19.867+0000] {logging_mixin.py:190} INFO - Error scraping https://teduh.kpkt.gov.my/project-swasta/19951-5: HTTPSConnectionPool(host='teduh.kpkt.gov.my', port=443): Max retries exceeded with url: /project-swasta/19951-5 (Caused by ConnectTimeoutError(<urllib3.connection.HTTPSConnection object at 0x7fca68a92f80>, 'Connection to teduh.kpkt.gov.my timed out. (connect timeout=10)'))
[2025-03-27T17:22:33.292+0000] {logging_mixin.py:190} INFO - Scraping page 57...
[2025-03-27T17:22:47.741+0000] {logging_mixin.py:190} INFO - Scraping page 58...
[2025-03-27T17:23:08.888+0000] {logging_mixin.py:190} INFO - Scraping page 59...
[2025-03-27T17:23:24.694+0000] {logging_mixin.py:190} INFO - Error scraping https://teduh.kpkt.gov.my/project-swasta/19905-1: HTTPSConnectionPool(host='teduh.kpkt.gov.my', port=443): Max retries exceeded with url: /project-swasta/19905-1 (Caused by ConnectTimeoutError(<urllib3.connection.HTTPSConnection object at 0x7fca688d6740>, 'Connection to teduh.kpkt.gov.my timed out. (connect timeout=10)'))
[2025-03-27T17:23:41.184+0000] {logging_mixin.py:190} INFO - Error scraping https://teduh.kpkt.gov.my/project-swasta/19895-1: HTTPSConnectionPool(host='teduh.kpkt.gov.my', port=443): Max retries exceeded with url: /project-swasta/19895-1 (Caused by ConnectTimeoutError(<urllib3.connection.HTTPSConnection object at 0x7fca6845acb0>, 'Connection to teduh.kpkt.gov.my timed out. (connect timeout=10)'))
[2025-03-27T17:23:43.109+0000] {logging_mixin.py:190} INFO - Scraping page 60...
[2025-03-27T17:23:57.436+0000] {logging_mixin.py:190} INFO - Columns before rename: ['BIL.', 'KOD PROJEK', 'PEMAJU', 'PROJEK', 'NO. PERMIT', 'STATUS PROJEK KESELURUHAN', 'RINGKASAN PROJEK', 'Daerah Projek', 'Negeri Projek', 'Harga Minimum (RM)', 'Harga Maksimum (RM)']
[2025-03-27T17:23:57.454+0000] {logging_mixin.py:190} INFO -     Bil  ...                                  RINGKASAN PROJEK
0  1251  ...  https://teduh.kpkt.gov.my/project-swasta/20030-1
1  1252  ...  https://teduh.kpkt.gov.my/project-swasta/20029-1
2  1253  ...  https://teduh.kpkt.gov.my/project-swasta/20028-1
3  1254  ...  https://teduh.kpkt.gov.my/project-swasta/20027-2
4  1255  ...  https://teduh.kpkt.gov.my/project-swasta/20027-1
5  1256  ...  https://teduh.kpkt.gov.my/project-swasta/20026-3
6  1257  ...  https://teduh.kpkt.gov.my/project-swasta/20026-2
7  1258  ...  https://teduh.kpkt.gov.my/project-swasta/20026-1
8  1259  ...  https://teduh.kpkt.gov.my/project-swasta/20025-1
9  1260  ...  https://teduh.kpkt.gov.my/project-swasta/20024-1

[10 rows x 11 columns]
[2025-03-27T17:23:57.457+0000] {logging_mixin.py:190} INFO - CSV file created: /tmp/construction_20250327_batch_6_pages_51_60.csv
[2025-03-27T17:23:57.519+0000] {logging_mixin.py:190} INFO - Uploaded /tmp/construction_20250327_batch_6_pages_51_60.csv to minio://construction-web-scraping/teduh/construction_20250327_batch_6_pages_51_60.csv
[2025-03-27T17:23:57.521+0000] {logging_mixin.py:190} INFO - Batch 6 processed with 250 rows.
[2025-03-27T17:23:57.537+0000] {logging_mixin.py:190} INFO - Processing batch 7: pages 61 to 70
[2025-03-27T17:23:57.538+0000] {logging_mixin.py:190} INFO - Scraping page 61...
[2025-03-27T17:24:20.405+0000] {logging_mixin.py:190} INFO - Error scraping https://teduh.kpkt.gov.my/project-swasta/19869-4: HTTPSConnectionPool(host='teduh.kpkt.gov.my', port=443): Max retries exceeded with url: /project-swasta/19869-4 (Caused by ConnectTimeoutError(<urllib3.connection.HTTPSConnection object at 0x7fca680ff940>, 'Connection to teduh.kpkt.gov.my timed out. (connect timeout=10)'))
[2025-03-27T17:24:27.189+0000] {logging_mixin.py:190} INFO - Scraping page 62...
[2025-03-27T17:24:41.467+0000] {logging_mixin.py:190} INFO - Scraping page 63...
[2025-03-27T17:24:57.793+0000] {logging_mixin.py:190} INFO - Scraping page 64...
[2025-03-27T17:25:17.777+0000] {logging_mixin.py:190} INFO - Scraping page 65...
[2025-03-27T17:25:34.973+0000] {logging_mixin.py:190} INFO - Scraping page 66...
[2025-03-27T17:25:53.784+0000] {logging_mixin.py:190} INFO - Error scraping https://teduh.kpkt.gov.my/project-swasta/19796-1: HTTPSConnectionPool(host='teduh.kpkt.gov.my', port=443): Max retries exceeded with url: /project-swasta/19796-1 (Caused by ConnectTimeoutError(<urllib3.connection.HTTPSConnection object at 0x7fca688d72b0>, 'Connection to teduh.kpkt.gov.my timed out. (connect timeout=10)'))
[2025-03-27T17:25:59.952+0000] {logging_mixin.py:190} INFO - Scraping page 67...
[2025-03-27T17:26:18.085+0000] {logging_mixin.py:190} INFO - Scraping page 68...
[2025-03-27T17:26:39.138+0000] {logging_mixin.py:190} INFO - Error scraping https://teduh.kpkt.gov.my/project-swasta/19771-2: HTTPSConnectionPool(host='teduh.kpkt.gov.my', port=443): Max retries exceeded with url: /project-swasta/19771-2 (Caused by ConnectTimeoutError(<urllib3.connection.HTTPSConnection object at 0x7fca68a80d00>, 'Connection to teduh.kpkt.gov.my timed out. (connect timeout=10)'))
[2025-03-27T17:26:42.838+0000] {logging_mixin.py:190} INFO - Scraping page 69...
[2025-03-27T17:26:58.177+0000] {logging_mixin.py:190} INFO - Scraping page 70...
[2025-03-27T17:27:19.004+0000] {logging_mixin.py:190} INFO - Columns before rename: ['BIL.', 'KOD PROJEK', 'PEMAJU', 'PROJEK', 'NO. PERMIT', 'STATUS PROJEK KESELURUHAN', 'RINGKASAN PROJEK', 'Daerah Projek', 'Negeri Projek', 'Harga Minimum (RM)', 'Harga Maksimum (RM)']
[2025-03-27T17:27:19.020+0000] {logging_mixin.py:190} INFO -     Bil  ...                                  RINGKASAN PROJEK
0  1501  ...  https://teduh.kpkt.gov.my/project-swasta/19878-1
1  1502  ...  https://teduh.kpkt.gov.my/project-swasta/19877-1
2  1503  ...  https://teduh.kpkt.gov.my/project-swasta/19876-1
3  1504  ...  https://teduh.kpkt.gov.my/project-swasta/19875-1
4  1505  ...  https://teduh.kpkt.gov.my/project-swasta/19874-1
5  1506  ...  https://teduh.kpkt.gov.my/project-swasta/19873-2
6  1507  ...  https://teduh.kpkt.gov.my/project-swasta/19873-1
7  1508  ...  https://teduh.kpkt.gov.my/project-swasta/19872-1
8  1509  ...  https://teduh.kpkt.gov.my/project-swasta/19871-2
9  1510  ...  https://teduh.kpkt.gov.my/project-swasta/19871-1

[10 rows x 11 columns]
[2025-03-27T17:27:19.024+0000] {logging_mixin.py:190} INFO - CSV file created: /tmp/construction_20250327_batch_7_pages_61_70.csv
[2025-03-27T17:27:19.091+0000] {logging_mixin.py:190} INFO - Uploaded /tmp/construction_20250327_batch_7_pages_61_70.csv to minio://construction-web-scraping/teduh/construction_20250327_batch_7_pages_61_70.csv
[2025-03-27T17:27:19.092+0000] {logging_mixin.py:190} INFO - Batch 7 processed with 250 rows.
[2025-03-27T17:27:19.105+0000] {logging_mixin.py:190} INFO - Processing batch 8: pages 71 to 80
[2025-03-27T17:27:19.106+0000] {logging_mixin.py:190} INFO - Scraping page 71...
[2025-03-27T17:27:33.694+0000] {logging_mixin.py:190} INFO - Scraping page 72...
[2025-03-27T17:27:47.776+0000] {logging_mixin.py:190} INFO - Scraping page 73...
[2025-03-27T17:28:02.172+0000] {logging_mixin.py:190} INFO - Scraping page 74...
[2025-03-27T17:28:16.961+0000] {logging_mixin.py:190} INFO - Scraping page 75...
[2025-03-27T17:28:31.291+0000] {logging_mixin.py:190} INFO - Scraping page 76...
[2025-03-27T17:28:45.756+0000] {logging_mixin.py:190} INFO - Scraping page 77...
[2025-03-27T17:29:00.007+0000] {logging_mixin.py:190} INFO - Scraping page 78...
[2025-03-27T17:29:14.905+0000] {logging_mixin.py:190} INFO - Scraping page 79...
[2025-03-27T17:29:28.635+0000] {logging_mixin.py:190} INFO - Scraping page 80...
[2025-03-27T17:29:43.601+0000] {logging_mixin.py:190} INFO - Columns before rename: ['BIL.', 'KOD PROJEK', 'PEMAJU', 'PROJEK', 'NO. PERMIT', 'STATUS PROJEK KESELURUHAN', 'RINGKASAN PROJEK', 'Daerah Projek', 'Negeri Projek', 'Harga Minimum (RM)', 'Harga Maksimum (RM)']
[2025-03-27T17:29:43.616+0000] {logging_mixin.py:190} INFO -     Bil  ...                                   RINGKASAN PROJEK
0  1751  ...   https://teduh.kpkt.gov.my/project-swasta/19738-1
1  1752  ...   https://teduh.kpkt.gov.my/project-swasta/19737-3
2  1753  ...   https://teduh.kpkt.gov.my/project-swasta/19737-2
3  1754  ...   https://teduh.kpkt.gov.my/project-swasta/19737-1
4  1755  ...   https://teduh.kpkt.gov.my/project-swasta/19736-1
5  1756  ...  https://teduh.kpkt.gov.my/project-swasta/19735-16
6  1757  ...  https://teduh.kpkt.gov.my/project-swasta/19735-15
7  1758  ...  https://teduh.kpkt.gov.my/project-swasta/19735-14
8  1759  ...  https://teduh.kpkt.gov.my/project-swasta/19735-13
9  1760  ...  https://teduh.kpkt.gov.my/project-swasta/19735-12

[10 rows x 11 columns]
[2025-03-27T17:29:43.620+0000] {logging_mixin.py:190} INFO - CSV file created: /tmp/construction_20250327_batch_8_pages_71_80.csv
[2025-03-27T17:29:43.684+0000] {logging_mixin.py:190} INFO - Uploaded /tmp/construction_20250327_batch_8_pages_71_80.csv to minio://construction-web-scraping/teduh/construction_20250327_batch_8_pages_71_80.csv
[2025-03-27T17:29:43.685+0000] {logging_mixin.py:190} INFO - Batch 8 processed with 250 rows.
[2025-03-27T17:29:43.699+0000] {logging_mixin.py:190} INFO - Processing batch 9: pages 81 to 90
[2025-03-27T17:29:43.701+0000] {logging_mixin.py:190} INFO - Scraping page 81...
[2025-03-27T17:29:57.756+0000] {logging_mixin.py:190} INFO - Scraping page 82...
[2025-03-27T17:30:16.040+0000] {logging_mixin.py:190} INFO - Scraping page 83...
[2025-03-27T17:30:36.130+0000] {logging_mixin.py:190} INFO - Error scraping https://teduh.kpkt.gov.my/project-swasta/19575-1: HTTPSConnectionPool(host='teduh.kpkt.gov.my', port=443): Max retries exceeded with url: /project-swasta/19575-1 (Caused by ConnectTimeoutError(<urllib3.connection.HTTPSConnection object at 0x7fca68a92ce0>, 'Connection to teduh.kpkt.gov.my timed out. (connect timeout=10)'))
[2025-03-27T17:30:40.283+0000] {logging_mixin.py:190} INFO - Scraping page 84...
[2025-03-27T17:30:54.090+0000] {logging_mixin.py:190} INFO - Error scraping https://teduh.kpkt.gov.my/project-swasta/19567-1: HTTPSConnectionPool(host='teduh.kpkt.gov.my', port=443): Max retries exceeded with url: /project-swasta/19567-1 (Caused by ConnectTimeoutError(<urllib3.connection.HTTPSConnection object at 0x7fca6815a200>, 'Connection to teduh.kpkt.gov.my timed out. (connect timeout=10)'))
[2025-03-27T17:31:04.559+0000] {logging_mixin.py:190} INFO - Scraping page 85...
[2025-03-27T17:31:19.394+0000] {logging_mixin.py:190} INFO - Scraping page 86...
[2025-03-27T17:31:37.945+0000] {logging_mixin.py:190} INFO - Scraping page 87...
[2025-03-27T17:31:55.216+0000] {logging_mixin.py:190} INFO - Error scraping https://teduh.kpkt.gov.my/project-swasta/19529-1: HTTPSConnectionPool(host='teduh.kpkt.gov.my', port=443): Max retries exceeded with url: /project-swasta/19529-1 (Caused by ConnectTimeoutError(<urllib3.connection.HTTPSConnection object at 0x7fca68cd9480>, 'Connection to teduh.kpkt.gov.my timed out. (connect timeout=10)'))
[2025-03-27T17:32:25.446+0000] {logging_mixin.py:190} INFO - Error scraping https://teduh.kpkt.gov.my/project-swasta/19524-2: HTTPSConnectionPool(host='teduh.kpkt.gov.my', port=443): Max retries exceeded with url: /project-swasta/19524-2 (Caused by ConnectTimeoutError(<urllib3.connection.HTTPSConnection object at 0x7fca6910bd60>, 'Connection to teduh.kpkt.gov.my timed out. (connect timeout=10)'))
[2025-03-27T17:32:42.474+0000] {logging_mixin.py:190} INFO - Error scraping https://teduh.kpkt.gov.my/project-swasta/19520-5: HTTPSConnectionPool(host='teduh.kpkt.gov.my', port=443): Max retries exceeded with url: /project-swasta/19520-5 (Caused by ConnectTimeoutError(<urllib3.connection.HTTPSConnection object at 0x7fca68f5fa60>, 'Connection to teduh.kpkt.gov.my timed out. (connect timeout=10)'))
[2025-03-27T17:32:46.785+0000] {logging_mixin.py:190} INFO - Scraping page 88...
[2025-03-27T17:33:08.612+0000] {logging_mixin.py:190} INFO - Error scraping https://teduh.kpkt.gov.my/project-swasta/19513-2: HTTPSConnectionPool(host='teduh.kpkt.gov.my', port=443): Max retries exceeded with url: /project-swasta/19513-2 (Caused by ConnectTimeoutError(<urllib3.connection.HTTPSConnection object at 0x7fca68fd98a0>, 'Connection to teduh.kpkt.gov.my timed out. (connect timeout=10)'))
[2025-03-27T17:33:23.787+0000] {logging_mixin.py:190} INFO - Error scraping https://teduh.kpkt.gov.my/project-swasta/19508-1: HTTPSConnectionPool(host='teduh.kpkt.gov.my', port=443): Max retries exceeded with url: /project-swasta/19508-1 (Caused by ConnectTimeoutError(<urllib3.connection.HTTPSConnection object at 0x7fca68a6c580>, 'Connection to teduh.kpkt.gov.my timed out. (connect timeout=10)'))
[2025-03-27T17:33:31.616+0000] {logging_mixin.py:190} INFO - Scraping page 89...
[2025-03-27T17:33:54.343+0000] {logging_mixin.py:190} INFO - Scraping page 90...
[2025-03-27T17:34:08.225+0000] {logging_mixin.py:190} INFO - Error scraping https://teduh.kpkt.gov.my/project-swasta/19486-1: HTTPSConnectionPool(host='teduh.kpkt.gov.my', port=443): Max retries exceeded with url: /project-swasta/19486-1 (Caused by ConnectTimeoutError(<urllib3.connection.HTTPSConnection object at 0x7fca686d0d90>, 'Connection to teduh.kpkt.gov.my timed out. (connect timeout=10)'))
[2025-03-27T17:34:21.636+0000] {logging_mixin.py:190} INFO - Columns before rename: ['BIL.', 'KOD PROJEK', 'PEMAJU', 'PROJEK', 'NO. PERMIT', 'STATUS PROJEK KESELURUHAN', 'RINGKASAN PROJEK', 'Daerah Projek', 'Negeri Projek', 'Harga Minimum (RM)', 'Harga Maksimum (RM)']
[2025-03-27T17:34:21.651+0000] {logging_mixin.py:190} INFO -     Bil  ...                                  RINGKASAN PROJEK
0  2001  ...  https://teduh.kpkt.gov.my/project-swasta/19611-1
1  2002  ...  https://teduh.kpkt.gov.my/project-swasta/19610-1
2  2003  ...  https://teduh.kpkt.gov.my/project-swasta/19609-1
3  2004  ...  https://teduh.kpkt.gov.my/project-swasta/19608-1
4  2005  ...  https://teduh.kpkt.gov.my/project-swasta/19607-2
5  2006  ...  https://teduh.kpkt.gov.my/project-swasta/19607-1
6  2007  ...  https://teduh.kpkt.gov.my/project-swasta/19606-1
7  2008  ...  https://teduh.kpkt.gov.my/project-swasta/19605-2
8  2009  ...  https://teduh.kpkt.gov.my/project-swasta/19605-1
9  2010  ...  https://teduh.kpkt.gov.my/project-swasta/19604-1

[10 rows x 11 columns]
[2025-03-27T17:34:21.655+0000] {logging_mixin.py:190} INFO - CSV file created: /tmp/construction_20250327_batch_9_pages_81_90.csv
[2025-03-27T17:34:21.719+0000] {logging_mixin.py:190} INFO - Uploaded /tmp/construction_20250327_batch_9_pages_81_90.csv to minio://construction-web-scraping/teduh/construction_20250327_batch_9_pages_81_90.csv
[2025-03-27T17:34:21.720+0000] {logging_mixin.py:190} INFO - Batch 9 processed with 250 rows.
[2025-03-27T17:34:21.734+0000] {logging_mixin.py:190} INFO - Processing batch 10: pages 91 to 100
[2025-03-27T17:34:21.737+0000] {logging_mixin.py:190} INFO - Scraping page 91...
[2025-03-27T17:34:43.955+0000] {logging_mixin.py:190} INFO - Scraping page 92...
[2025-03-27T17:35:14.256+0000] {logging_mixin.py:190} INFO - Scraping page 93...
[2025-03-27T17:35:42.330+0000] {logging_mixin.py:190} INFO - Scraping page 94...
[2025-03-27T17:35:59.147+0000] {logging_mixin.py:190} INFO - Scraping page 95...
[2025-03-27T17:36:24.112+0000] {logging_mixin.py:190} INFO - Error scraping https://teduh.kpkt.gov.my/project-swasta/19405-2: HTTPSConnectionPool(host='teduh.kpkt.gov.my', port=443): Max retries exceeded with url: /project-swasta/19405-2 (Caused by ConnectTimeoutError(<urllib3.connection.HTTPSConnection object at 0x7fca6845bca0>, 'Connection to teduh.kpkt.gov.my timed out. (connect timeout=10)'))
[2025-03-27T17:36:27.600+0000] {logging_mixin.py:190} INFO - Scraping page 96...
[2025-03-27T17:36:48.658+0000] {logging_mixin.py:190} INFO - Error processing batch 10: HTTPSConnectionPool(host='teduh.kpkt.gov.my', port=443): Max retries exceeded with url: /project-swasta?page=96 (Caused by NewConnectionError('<urllib3.connection.HTTPSConnection object at 0x7fca68ca97b0>: Failed to establish a new connection: [Errno 111] Connection refused'))
[2025-03-27T17:36:48.675+0000] {logging_mixin.py:190} INFO - Processing batch 11: pages 101 to 110
[2025-03-27T17:36:48.676+0000] {logging_mixin.py:190} INFO - Scraping page 101...
[2025-03-27T17:37:04.208+0000] {logging_mixin.py:190} INFO - Scraping page 102...
[2025-03-27T17:37:08.397+0000] {timeout.py:68} ERROR - Process timed out, PID: 21188
[2025-03-27T17:37:08.412+0000] {taskinstance.py:3313} ERROR - Task failed with exception
Traceback (most recent call last):
  File "/home/airflow/.local/lib/python3.10/site-packages/airflow/models/taskinstance.py", line 763, in _execute_task
    result = _execute_callable(context=context, **execute_callable_kwargs)
  File "/home/airflow/.local/lib/python3.10/site-packages/airflow/models/taskinstance.py", line 734, in _execute_callable
    return ExecutionCallableRunner(
  File "/home/airflow/.local/lib/python3.10/site-packages/airflow/utils/operator_helpers.py", line 252, in run
    return self.func(*args, **kwargs)
  File "/home/airflow/.local/lib/python3.10/site-packages/airflow/models/baseoperator.py", line 424, in wrapper
    return func(self, *args, **kwargs)
  File "/home/airflow/.local/lib/python3.10/site-packages/airflow/operators/python.py", line 238, in execute
    return_value = self.execute_callable()
  File "/home/airflow/.local/lib/python3.10/site-packages/airflow/operators/python.py", line 256, in execute_callable
    return runner.run(*self.op_args, **self.op_kwargs)
  File "/home/airflow/.local/lib/python3.10/site-packages/airflow/utils/operator_helpers.py", line 252, in run
    return self.func(*args, **kwargs)
  File "/opt/airflow/dags/split_web_scraping.py", line 186, in run_scraper
    daerah, negeri, harga_min, harga_maks = scrape_additional_data(link)
  File "/opt/airflow/dags/split_web_scraping.py", line 41, in scrape_additional_data
    response = requests.get(link, timeout=10)
  File "/home/airflow/.local/lib/python3.10/site-packages/requests/api.py", line 73, in get
    return request("get", url, params=params, **kwargs)
  File "/home/airflow/.local/lib/python3.10/site-packages/requests/api.py", line 59, in request
    return session.request(method=method, url=url, **kwargs)
  File "/home/airflow/.local/lib/python3.10/site-packages/requests/sessions.py", line 589, in request
    resp = self.send(prep, **send_kwargs)
  File "/home/airflow/.local/lib/python3.10/site-packages/requests/sessions.py", line 703, in send
    r = adapter.send(request, **kwargs)
  File "/home/airflow/.local/lib/python3.10/site-packages/requests/adapters.py", line 667, in send
    resp = conn.urlopen(
  File "/home/airflow/.local/lib/python3.10/site-packages/urllib3/connectionpool.py", line 787, in urlopen
    response = self._make_request(
  File "/home/airflow/.local/lib/python3.10/site-packages/urllib3/connectionpool.py", line 534, in _make_request
    response = conn.getresponse()
  File "/home/airflow/.local/lib/python3.10/site-packages/urllib3/connection.py", line 516, in getresponse
    httplib_response = super().getresponse()
  File "/usr/local/lib/python3.10/http/client.py", line 1375, in getresponse
    response.begin()
  File "/usr/local/lib/python3.10/http/client.py", line 318, in begin
    version, status, reason = self._read_status()
  File "/usr/local/lib/python3.10/http/client.py", line 279, in _read_status
    line = str(self.fp.readline(_MAXLINE + 1), "iso-8859-1")
  File "/usr/local/lib/python3.10/socket.py", line 717, in readinto
    return self._sock.recv_into(b)
  File "/usr/local/lib/python3.10/ssl.py", line 1307, in recv_into
    return self.read(nbytes, buffer)
  File "/usr/local/lib/python3.10/ssl.py", line 1163, in read
    return self._sslobj.read(len, buffer)
  File "/home/airflow/.local/lib/python3.10/site-packages/airflow/utils/timeout.py", line 69, in handle_timeout
    raise AirflowTaskTimeout(self.error_message)
airflow.exceptions.AirflowTaskTimeout: Timeout, PID: 21188
[2025-03-27T17:37:08.434+0000] {taskinstance.py:1226} INFO - Marking task as UP_FOR_RETRY. dag_id=split_web_scraping_v01, task_id=scrape_and_store, run_id=manual__2025-03-27T15:09:22.551183+00:00, execution_date=20250327T150922, start_date=20250327T170708, end_date=20250327T173708
[2025-03-27T17:37:08.468+0000] {taskinstance.py:341} INFO - ::group::Post task execution logs
[2025-03-27T17:37:08.509+0000] {local_task_job_runner.py:266} INFO - Task exited with return code 2
[2025-03-27T17:37:08.534+0000] {taskinstance.py:3901} INFO - 0 downstream tasks scheduled from follow-on schedule check
[2025-03-27T17:37:08.538+0000] {local_task_job_runner.py:245} INFO - ::endgroup::
