[2025-03-27T16:19:28.836+0000] {local_task_job_runner.py:123} INFO - ::group::Pre task execution logs
[2025-03-27T16:19:28.857+0000] {taskinstance.py:2614} INFO - Dependencies all met for dep_context=non-requeueable deps ti=<TaskInstance: split_web_scraping_v01.scrape_and_store manual__2025-03-27T15:09:22.551183+00:00 [queued]>
[2025-03-27T16:19:28.869+0000] {taskinstance.py:2614} INFO - Dependencies all met for dep_context=requeueable deps ti=<TaskInstance: split_web_scraping_v01.scrape_and_store manual__2025-03-27T15:09:22.551183+00:00 [queued]>
[2025-03-27T16:19:28.870+0000] {taskinstance.py:2867} INFO - Starting attempt 3 of 6
[2025-03-27T16:19:28.890+0000] {taskinstance.py:2890} INFO - Executing <Task(PythonOperator): scrape_and_store> on 2025-03-27 15:09:22.551183+00:00
[2025-03-27T16:19:28.896+0000] {standard_task_runner.py:72} INFO - Started process 20271 to run task
[2025-03-27T16:19:28.900+0000] {standard_task_runner.py:104} INFO - Running: ['***', 'tasks', 'run', 'split_web_scraping_v01', 'scrape_and_store', 'manual__2025-03-27T15:09:22.551183+00:00', '--job-id', '79', '--raw', '--subdir', 'DAGS_FOLDER/split_web_scraping.py', '--cfg-path', '/tmp/tmp4akn31jv']
[2025-03-27T16:19:28.904+0000] {standard_task_runner.py:105} INFO - Job 79: Subtask scrape_and_store
[2025-03-27T16:19:28.958+0000] {task_command.py:467} INFO - Running <TaskInstance: split_web_scraping_v01.scrape_and_store manual__2025-03-27T15:09:22.551183+00:00 [running]> on host c79bd584e644
[2025-03-27T16:19:29.060+0000] {taskinstance.py:3134} INFO - Exporting env vars: AIRFLOW_CTX_DAG_OWNER='waiyong' AIRFLOW_CTX_DAG_ID='split_web_scraping_v01' AIRFLOW_CTX_TASK_ID='scrape_and_store' AIRFLOW_CTX_EXECUTION_DATE='2025-03-27T15:09:22.551183+00:00' AIRFLOW_CTX_TRY_NUMBER='3' AIRFLOW_CTX_DAG_RUN_ID='manual__2025-03-27T15:09:22.551183+00:00'
[2025-03-27T16:19:29.062+0000] {taskinstance.py:732} INFO - ::endgroup::
[2025-03-27T16:19:29.090+0000] {logging_mixin.py:190} INFO - Processing batch 1: pages 1 to 10
[2025-03-27T16:19:29.092+0000] {logging_mixin.py:190} INFO - Scraping page 1...
[2025-03-27T16:19:47.566+0000] {logging_mixin.py:190} INFO - Scraping page 2...
[2025-03-27T16:20:06.570+0000] {logging_mixin.py:190} INFO - Scraping page 3...
[2025-03-27T16:20:28.169+0000] {logging_mixin.py:190} INFO - Scraping page 4...
[2025-03-27T16:20:46.019+0000] {logging_mixin.py:190} INFO - Scraping page 5...
[2025-03-27T16:21:04.822+0000] {logging_mixin.py:190} INFO - Scraping page 6...
[2025-03-27T16:21:23.489+0000] {logging_mixin.py:190} INFO - Scraping page 7...
[2025-03-27T16:21:41.620+0000] {logging_mixin.py:190} INFO - Scraping page 8...
[2025-03-27T16:21:59.987+0000] {logging_mixin.py:190} INFO - Scraping page 9...
[2025-03-27T16:22:19.659+0000] {logging_mixin.py:190} INFO - Scraping page 10...
[2025-03-27T16:22:36.833+0000] {logging_mixin.py:190} INFO - Columns before rename: ['BIL.', 'KOD PROJEK', 'PEMAJU', 'PROJEK', 'NO. PERMIT', 'STATUS PROJEK KESELURUHAN', 'RINGKASAN PROJEK', 'Daerah Projek', 'Negeri Projek', 'Harga Minimum (RM)', 'Harga Maksimum (RM)']
[2025-03-27T16:22:36.849+0000] {logging_mixin.py:190} INFO -   Bil  ...                                  RINGKASAN PROJEK
0   1  ...  https://teduh.kpkt.gov.my/project-swasta/30969-1
1   2  ...  https://teduh.kpkt.gov.my/project-swasta/30946-1
2   3  ...  https://teduh.kpkt.gov.my/project-swasta/30937-1
3   4  ...  https://teduh.kpkt.gov.my/project-swasta/30921-1
4   5  ...  https://teduh.kpkt.gov.my/project-swasta/30920-1
5   6  ...  https://teduh.kpkt.gov.my/project-swasta/30914-1
6   7  ...  https://teduh.kpkt.gov.my/project-swasta/30913-1
7   8  ...  https://teduh.kpkt.gov.my/project-swasta/30909-1
8   9  ...  https://teduh.kpkt.gov.my/project-swasta/30908-1
9  10  ...  https://teduh.kpkt.gov.my/project-swasta/30902-1

[10 rows x 11 columns]
[2025-03-27T16:22:36.855+0000] {logging_mixin.py:190} INFO - CSV file created: /tmp/construction_20250327_batch_1_pages_1_10.csv
[2025-03-27T16:22:36.921+0000] {logging_mixin.py:190} INFO - Uploaded /tmp/construction_20250327_batch_1_pages_1_10.csv to minio://construction-web-scraping/teduh/construction_20250327_batch_1_pages_1_10.csv
[2025-03-27T16:22:36.922+0000] {logging_mixin.py:190} INFO - Batch 1 processed with 250 rows.
[2025-03-27T16:22:36.937+0000] {logging_mixin.py:190} INFO - Processing batch 2: pages 11 to 20
[2025-03-27T16:22:36.939+0000] {logging_mixin.py:190} INFO - Scraping page 11...
[2025-03-27T16:22:56.466+0000] {logging_mixin.py:190} INFO - Scraping page 12...
[2025-03-27T16:23:33.757+0000] {logging_mixin.py:190} INFO - Error scraping https://teduh.kpkt.gov.my/project-swasta/30511-1: HTTPSConnectionPool(host='teduh.kpkt.gov.my', port=443): Max retries exceeded with url: /project-swasta/30511-1 (Caused by ConnectTimeoutError(<urllib3.connection.HTTPSConnection object at 0x7fca68351f60>, 'Connection to teduh.kpkt.gov.my timed out. (connect timeout=10)'))
[2025-03-27T16:23:35.981+0000] {logging_mixin.py:190} INFO - Scraping page 13...
[2025-03-27T16:23:56.264+0000] {logging_mixin.py:190} INFO - Scraping page 14...
[2025-03-27T16:24:14.771+0000] {logging_mixin.py:190} INFO - Error scraping https://teduh.kpkt.gov.my/project-swasta/30470-1: HTTPSConnectionPool(host='teduh.kpkt.gov.my', port=443): Max retries exceeded with url: /project-swasta/30470-1 (Caused by ConnectTimeoutError(<urllib3.connection.HTTPSConnection object at 0x7fca68b2f3d0>, 'Connection to teduh.kpkt.gov.my timed out. (connect timeout=10)'))
[2025-03-27T16:24:23.229+0000] {logging_mixin.py:190} INFO - Scraping page 15...
[2025-03-27T16:24:48.993+0000] {logging_mixin.py:190} INFO - Scraping page 16...
[2025-03-27T16:25:13.079+0000] {logging_mixin.py:190} INFO - Error scraping https://teduh.kpkt.gov.my/project-swasta/30407-1: HTTPSConnectionPool(host='teduh.kpkt.gov.my', port=443): Max retries exceeded with url: /project-swasta/30407-1 (Caused by ConnectTimeoutError(<urllib3.connection.HTTPSConnection object at 0x7fca686a3c40>, 'Connection to teduh.kpkt.gov.my timed out. (connect timeout=10)'))
[2025-03-27T16:25:20.355+0000] {logging_mixin.py:190} INFO - Scraping page 17...
[2025-03-27T16:25:40.917+0000] {logging_mixin.py:190} INFO - Scraping page 18...
[2025-03-27T16:26:01.291+0000] {logging_mixin.py:190} INFO - Scraping page 19...
[2025-03-27T16:26:21.670+0000] {logging_mixin.py:190} INFO - Error scraping https://teduh.kpkt.gov.my/project-swasta/30341-1: HTTPSConnectionPool(host='teduh.kpkt.gov.my', port=443): Max retries exceeded with url: /project-swasta/30341-1 (Caused by ConnectTimeoutError(<urllib3.connection.HTTPSConnection object at 0x7fca687765f0>, 'Connection to teduh.kpkt.gov.my timed out. (connect timeout=10)'))
[2025-03-27T16:26:29.713+0000] {logging_mixin.py:190} INFO - Scraping page 20...
[2025-03-27T16:26:46.123+0000] {logging_mixin.py:190} INFO - Columns before rename: ['BIL.', 'KOD PROJEK', 'PEMAJU', 'PROJEK', 'NO. PERMIT', 'STATUS PROJEK KESELURUHAN', 'RINGKASAN PROJEK', 'Daerah Projek', 'Negeri Projek', 'Harga Minimum (RM)', 'Harga Maksimum (RM)']
[2025-03-27T16:26:46.139+0000] {logging_mixin.py:190} INFO -    Bil  ...                                  RINGKASAN PROJEK
0  251  ...  https://teduh.kpkt.gov.my/project-swasta/30557-1
1  252  ...  https://teduh.kpkt.gov.my/project-swasta/30555-1
2  253  ...  https://teduh.kpkt.gov.my/project-swasta/30552-2
3  254  ...  https://teduh.kpkt.gov.my/project-swasta/30552-1
4  255  ...  https://teduh.kpkt.gov.my/project-swasta/30550-1
5  256  ...  https://teduh.kpkt.gov.my/project-swasta/30549-1
6  257  ...  https://teduh.kpkt.gov.my/project-swasta/30548-4
7  258  ...  https://teduh.kpkt.gov.my/project-swasta/30548-3
8  259  ...  https://teduh.kpkt.gov.my/project-swasta/30548-2
9  260  ...  https://teduh.kpkt.gov.my/project-swasta/30548-1

[10 rows x 11 columns]
[2025-03-27T16:26:46.143+0000] {logging_mixin.py:190} INFO - CSV file created: /tmp/construction_20250327_batch_2_pages_11_20.csv
[2025-03-27T16:26:46.207+0000] {logging_mixin.py:190} INFO - Uploaded /tmp/construction_20250327_batch_2_pages_11_20.csv to minio://construction-web-scraping/teduh/construction_20250327_batch_2_pages_11_20.csv
[2025-03-27T16:26:46.208+0000] {logging_mixin.py:190} INFO - Batch 2 processed with 250 rows.
[2025-03-27T16:26:46.221+0000] {logging_mixin.py:190} INFO - Processing batch 3: pages 21 to 30
[2025-03-27T16:26:46.223+0000] {logging_mixin.py:190} INFO - Scraping page 21...
[2025-03-27T16:27:02.922+0000] {logging_mixin.py:190} INFO - Scraping page 22...
[2025-03-27T16:27:21.671+0000] {logging_mixin.py:190} INFO - Scraping page 23...
[2025-03-27T16:27:50.720+0000] {logging_mixin.py:190} INFO - Scraping page 24...
[2025-03-27T16:28:07.260+0000] {logging_mixin.py:190} INFO - Scraping page 25...
[2025-03-27T16:28:27.912+0000] {logging_mixin.py:190} INFO - Scraping page 26...
[2025-03-27T16:28:43.435+0000] {logging_mixin.py:190} INFO - Scraping page 27...
[2025-03-27T16:29:00.057+0000] {logging_mixin.py:190} INFO - Scraping page 28...
[2025-03-27T16:29:16.767+0000] {logging_mixin.py:190} INFO - Scraping page 29...
[2025-03-27T16:29:32.337+0000] {logging_mixin.py:190} INFO - Scraping page 30...
[2025-03-27T16:29:49.433+0000] {logging_mixin.py:190} INFO - Columns before rename: ['BIL.', 'KOD PROJEK', 'PEMAJU', 'PROJEK', 'NO. PERMIT', 'STATUS PROJEK KESELURUHAN', 'RINGKASAN PROJEK', 'Daerah Projek', 'Negeri Projek', 'Harga Minimum (RM)', 'Harga Maksimum (RM)']
[2025-03-27T16:29:49.451+0000] {logging_mixin.py:190} INFO -    Bil  ...                                  RINGKASAN PROJEK
0  501  ...  https://teduh.kpkt.gov.my/project-swasta/30306-4
1  502  ...  https://teduh.kpkt.gov.my/project-swasta/30306-3
2  503  ...  https://teduh.kpkt.gov.my/project-swasta/30306-2
3  504  ...  https://teduh.kpkt.gov.my/project-swasta/30306-1
4  505  ...  https://teduh.kpkt.gov.my/project-swasta/30305-1
5  506  ...  https://teduh.kpkt.gov.my/project-swasta/30304-1
6  507  ...  https://teduh.kpkt.gov.my/project-swasta/30303-1
7  508  ...  https://teduh.kpkt.gov.my/project-swasta/30302-1
8  509  ...  https://teduh.kpkt.gov.my/project-swasta/30301-1
9  510  ...  https://teduh.kpkt.gov.my/project-swasta/30300-2

[10 rows x 11 columns]
[2025-03-27T16:29:49.455+0000] {logging_mixin.py:190} INFO - CSV file created: /tmp/construction_20250327_batch_3_pages_21_30.csv
[2025-03-27T16:29:49.519+0000] {logging_mixin.py:190} INFO - Uploaded /tmp/construction_20250327_batch_3_pages_21_30.csv to minio://construction-web-scraping/teduh/construction_20250327_batch_3_pages_21_30.csv
[2025-03-27T16:29:49.520+0000] {logging_mixin.py:190} INFO - Batch 3 processed with 250 rows.
[2025-03-27T16:29:49.532+0000] {logging_mixin.py:190} INFO - Processing batch 4: pages 31 to 40
[2025-03-27T16:29:49.534+0000] {logging_mixin.py:190} INFO - Scraping page 31...
[2025-03-27T16:30:06.377+0000] {logging_mixin.py:190} INFO - Scraping page 32...
[2025-03-27T16:30:22.249+0000] {logging_mixin.py:190} INFO - Scraping page 33...
[2025-03-27T16:30:39.192+0000] {logging_mixin.py:190} INFO - Scraping page 34...
[2025-03-27T16:31:03.083+0000] {logging_mixin.py:190} INFO - Error scraping https://teduh.kpkt.gov.my/project-swasta/30020-2: HTTPSConnectionPool(host='teduh.kpkt.gov.my', port=443): Max retries exceeded with url: /project-swasta/30020-2 (Caused by ConnectTimeoutError(<urllib3.connection.HTTPSConnection object at 0x7fca690b9750>, 'Connection to teduh.kpkt.gov.my timed out. (connect timeout=10)'))
[2025-03-27T16:31:07.079+0000] {logging_mixin.py:190} INFO - Scraping page 35...
[2025-03-27T16:31:21.827+0000] {logging_mixin.py:190} INFO - Scraping page 36...
[2025-03-27T16:31:44.206+0000] {logging_mixin.py:190} INFO - Scraping page 37...
[2025-03-27T16:32:02.827+0000] {logging_mixin.py:190} INFO - Scraping page 38...
[2025-03-27T16:32:22.577+0000] {logging_mixin.py:190} INFO - Scraping page 39...
[2025-03-27T16:32:39.236+0000] {logging_mixin.py:190} INFO - Scraping page 40...
[2025-03-27T16:32:54.726+0000] {logging_mixin.py:190} INFO - Columns before rename: ['BIL.', 'KOD PROJEK', 'PEMAJU', 'PROJEK', 'NO. PERMIT', 'STATUS PROJEK KESELURUHAN', 'RINGKASAN PROJEK', 'Daerah Projek', 'Negeri Projek', 'Harga Minimum (RM)', 'Harga Maksimum (RM)']
[2025-03-27T16:32:54.742+0000] {logging_mixin.py:190} INFO -    Bil  ...                                  RINGKASAN PROJEK
0  751  ...  https://teduh.kpkt.gov.my/project-swasta/30101-3
1  752  ...  https://teduh.kpkt.gov.my/project-swasta/30101-2
2  753  ...  https://teduh.kpkt.gov.my/project-swasta/30101-1
3  754  ...  https://teduh.kpkt.gov.my/project-swasta/30100-3
4  755  ...  https://teduh.kpkt.gov.my/project-swasta/30100-2
5  756  ...  https://teduh.kpkt.gov.my/project-swasta/30100-1
6  757  ...  https://teduh.kpkt.gov.my/project-swasta/30099-1
7  758  ...  https://teduh.kpkt.gov.my/project-swasta/30097-1
8  759  ...  https://teduh.kpkt.gov.my/project-swasta/30096-1
9  760  ...  https://teduh.kpkt.gov.my/project-swasta/30095-1

[10 rows x 11 columns]
[2025-03-27T16:32:54.746+0000] {logging_mixin.py:190} INFO - CSV file created: /tmp/construction_20250327_batch_4_pages_31_40.csv
[2025-03-27T16:32:54.809+0000] {logging_mixin.py:190} INFO - Uploaded /tmp/construction_20250327_batch_4_pages_31_40.csv to minio://construction-web-scraping/teduh/construction_20250327_batch_4_pages_31_40.csv
[2025-03-27T16:32:54.811+0000] {logging_mixin.py:190} INFO - Batch 4 processed with 250 rows.
[2025-03-27T16:32:54.822+0000] {logging_mixin.py:190} INFO - Processing batch 5: pages 41 to 50
[2025-03-27T16:32:54.823+0000] {logging_mixin.py:190} INFO - Scraping page 41...
[2025-03-27T16:33:16.262+0000] {logging_mixin.py:190} INFO - Error scraping https://teduh.kpkt.gov.my/project-swasta/20169-1: HTTPSConnectionPool(host='teduh.kpkt.gov.my', port=443): Max retries exceeded with url: /project-swasta/20169-1 (Caused by ConnectTimeoutError(<urllib3.connection.HTTPSConnection object at 0x7fca68471450>, 'Connection to teduh.kpkt.gov.my timed out. (connect timeout=10)'))
[2025-03-27T16:33:20.978+0000] {logging_mixin.py:190} INFO - Scraping page 42...
[2025-03-27T16:33:41.271+0000] {logging_mixin.py:190} INFO - Scraping page 43...
[2025-03-27T16:34:07.018+0000] {logging_mixin.py:190} INFO - Error scraping https://teduh.kpkt.gov.my/project-swasta/20135-1: HTTPSConnectionPool(host='teduh.kpkt.gov.my', port=443): Max retries exceeded with url: /project-swasta/20135-1 (Caused by ConnectTimeoutError(<urllib3.connection.HTTPSConnection object at 0x7fca683ed9f0>, 'Connection to teduh.kpkt.gov.my timed out. (connect timeout=10)'))
[2025-03-27T16:34:08.390+0000] {logging_mixin.py:190} INFO - Scraping page 44...
[2025-03-27T16:34:25.962+0000] {logging_mixin.py:190} INFO - Scraping page 45...
[2025-03-27T16:34:43.691+0000] {logging_mixin.py:190} INFO - Scraping page 46...
[2025-03-27T16:35:01.244+0000] {logging_mixin.py:190} INFO - Scraping page 47...
[2025-03-27T16:35:17.584+0000] {logging_mixin.py:190} INFO - Scraping page 48...
[2025-03-27T16:35:34.160+0000] {logging_mixin.py:190} INFO - Error scraping https://teduh.kpkt.gov.my/project-swasta/20069-4: HTTPSConnectionPool(host='teduh.kpkt.gov.my', port=443): Max retries exceeded with url: /project-swasta/20069-4 (Caused by ConnectTimeoutError(<urllib3.connection.HTTPSConnection object at 0x7fca6852f430>, 'Connection to teduh.kpkt.gov.my timed out. (connect timeout=10)'))
[2025-03-27T16:35:43.489+0000] {logging_mixin.py:190} INFO - Scraping page 49...
[2025-03-27T16:35:59.946+0000] {logging_mixin.py:190} INFO - Scraping page 50...
[2025-03-27T16:36:15.880+0000] {logging_mixin.py:190} INFO - Columns before rename: ['BIL.', 'KOD PROJEK', 'PEMAJU', 'PROJEK', 'NO. PERMIT', 'STATUS PROJEK KESELURUHAN', 'RINGKASAN PROJEK', 'Daerah Projek', 'Negeri Projek', 'Harga Minimum (RM)', 'Harga Maksimum (RM)']
[2025-03-27T16:36:15.895+0000] {logging_mixin.py:190} INFO -     Bil  ...                                  RINGKASAN PROJEK
0  1001  ...  https://teduh.kpkt.gov.my/project-swasta/20179-1
1  1002  ...  https://teduh.kpkt.gov.my/project-swasta/20178-2
2  1003  ...  https://teduh.kpkt.gov.my/project-swasta/20178-1
3  1004  ...  https://teduh.kpkt.gov.my/project-swasta/20177-1
4  1005  ...  https://teduh.kpkt.gov.my/project-swasta/20176-1
5  1006  ...  https://teduh.kpkt.gov.my/project-swasta/20175-2
6  1007  ...  https://teduh.kpkt.gov.my/project-swasta/20175-1
7  1008  ...  https://teduh.kpkt.gov.my/project-swasta/20174-1
8  1009  ...  https://teduh.kpkt.gov.my/project-swasta/20173-3
9  1010  ...  https://teduh.kpkt.gov.my/project-swasta/20173-2

[10 rows x 11 columns]
[2025-03-27T16:36:15.898+0000] {logging_mixin.py:190} INFO - CSV file created: /tmp/construction_20250327_batch_5_pages_41_50.csv
[2025-03-27T16:36:15.968+0000] {logging_mixin.py:190} INFO - Uploaded /tmp/construction_20250327_batch_5_pages_41_50.csv to minio://construction-web-scraping/teduh/construction_20250327_batch_5_pages_41_50.csv
[2025-03-27T16:36:15.970+0000] {logging_mixin.py:190} INFO - Batch 5 processed with 250 rows.
[2025-03-27T16:36:15.982+0000] {logging_mixin.py:190} INFO - Processing batch 6: pages 51 to 60
[2025-03-27T16:36:15.984+0000] {logging_mixin.py:190} INFO - Scraping page 51...
[2025-03-27T16:36:31.729+0000] {logging_mixin.py:190} INFO - Scraping page 52...
[2025-03-27T16:36:49.417+0000] {logging_mixin.py:190} INFO - Scraping page 53...
[2025-03-27T16:37:08.429+0000] {logging_mixin.py:190} INFO - Scraping page 54...
[2025-03-27T16:37:25.430+0000] {logging_mixin.py:190} INFO - Scraping page 55...
[2025-03-27T16:37:42.431+0000] {logging_mixin.py:190} INFO - Scraping page 56...
[2025-03-27T16:37:57.223+0000] {logging_mixin.py:190} INFO - Scraping page 57...
[2025-03-27T16:38:12.662+0000] {logging_mixin.py:190} INFO - Scraping page 58...
[2025-03-27T16:38:31.923+0000] {logging_mixin.py:190} INFO - Error scraping https://teduh.kpkt.gov.my/project-swasta/19911-2: HTTPSConnectionPool(host='teduh.kpkt.gov.my', port=443): Max retries exceeded with url: /project-swasta/19911-2 (Caused by ConnectTimeoutError(<urllib3.connection.HTTPSConnection object at 0x7fca6830c550>, 'Connection to teduh.kpkt.gov.my timed out. (connect timeout=10)'))
[2025-03-27T16:38:36.978+0000] {logging_mixin.py:190} INFO - Scraping page 59...
[2025-03-27T16:38:52.842+0000] {logging_mixin.py:190} INFO - Scraping page 60...
[2025-03-27T16:39:14.247+0000] {logging_mixin.py:190} INFO - Columns before rename: ['BIL.', 'KOD PROJEK', 'PEMAJU', 'PROJEK', 'NO. PERMIT', 'STATUS PROJEK KESELURUHAN', 'RINGKASAN PROJEK', 'Daerah Projek', 'Negeri Projek', 'Harga Minimum (RM)', 'Harga Maksimum (RM)']
[2025-03-27T16:39:14.264+0000] {logging_mixin.py:190} INFO -     Bil  ...                                  RINGKASAN PROJEK
0  1251  ...  https://teduh.kpkt.gov.my/project-swasta/20030-1
1  1252  ...  https://teduh.kpkt.gov.my/project-swasta/20029-1
2  1253  ...  https://teduh.kpkt.gov.my/project-swasta/20028-1
3  1254  ...  https://teduh.kpkt.gov.my/project-swasta/20027-2
4  1255  ...  https://teduh.kpkt.gov.my/project-swasta/20027-1
5  1256  ...  https://teduh.kpkt.gov.my/project-swasta/20026-3
6  1257  ...  https://teduh.kpkt.gov.my/project-swasta/20026-2
7  1258  ...  https://teduh.kpkt.gov.my/project-swasta/20026-1
8  1259  ...  https://teduh.kpkt.gov.my/project-swasta/20025-1
9  1260  ...  https://teduh.kpkt.gov.my/project-swasta/20024-1

[10 rows x 11 columns]
[2025-03-27T16:39:14.269+0000] {logging_mixin.py:190} INFO - CSV file created: /tmp/construction_20250327_batch_6_pages_51_60.csv
[2025-03-27T16:39:14.354+0000] {logging_mixin.py:190} INFO - Uploaded /tmp/construction_20250327_batch_6_pages_51_60.csv to minio://construction-web-scraping/teduh/construction_20250327_batch_6_pages_51_60.csv
[2025-03-27T16:39:14.356+0000] {logging_mixin.py:190} INFO - Batch 6 processed with 250 rows.
[2025-03-27T16:39:14.373+0000] {logging_mixin.py:190} INFO - Processing batch 7: pages 61 to 70
[2025-03-27T16:39:14.375+0000] {logging_mixin.py:190} INFO - Scraping page 61...
[2025-03-27T16:39:32.677+0000] {logging_mixin.py:190} INFO - Scraping page 62...
[2025-03-27T16:39:49.864+0000] {logging_mixin.py:190} INFO - Scraping page 63...
[2025-03-27T16:40:00.723+0000] {logging_mixin.py:190} INFO - Error scraping https://teduh.kpkt.gov.my/project-swasta/19847-2: HTTPSConnectionPool(host='teduh.kpkt.gov.my', port=443): Max retries exceeded with url: /project-swasta/19847-2 (Caused by NameResolutionError("<urllib3.connection.HTTPSConnection object at 0x7fca68fd3820>: Failed to resolve 'teduh.kpkt.gov.my' ([Errno -2] Name or service not known)"))
[2025-03-27T17:01:59.296+0000] {job.py:229} INFO - Heartbeat recovered after 1324.58 seconds
[2025-03-27T17:01:59.634+0000] {local_task_job_runner.py:228} ERROR - Heartbeat time limit exceeded!
[2025-03-27T17:01:59.637+0000] {local_task_job_runner.py:245} INFO - ::endgroup::
[2025-03-27T17:01:59.642+0000] {process_utils.py:132} INFO - Sending 15 to group 20271. PIDs of all processes in the group: [20271]
[2025-03-27T17:01:59.644+0000] {process_utils.py:87} INFO - Sending the signal 15 to group 20271
[2025-03-27T17:01:59.650+0000] {taskinstance.py:3094} ERROR - Received SIGTERM. Terminating subprocesses.
[2025-03-27T17:01:59.677+0000] {taskinstance.py:3095} ERROR - Stacktrace: 
  File "/home/***/.local/bin/***", line 8, in <module>
    sys.exit(main())
  File "/home/***/.local/lib/python3.10/site-packages/***/__main__.py", line 62, in main
    args.func(args)
  File "/home/***/.local/lib/python3.10/site-packages/***/cli/cli_config.py", line 49, in command
    return func(*args, **kwargs)
  File "/home/***/.local/lib/python3.10/site-packages/***/utils/cli.py", line 116, in wrapper
    return f(*args, **kwargs)
  File "/home/***/.local/lib/python3.10/site-packages/***/utils/providers_configuration_loader.py", line 55, in wrapped_function
    return func(*args, **kwargs)
  File "/home/***/.local/lib/python3.10/site-packages/***/cli/commands/scheduler_command.py", line 56, in scheduler
    run_command_with_daemon_option(
  File "/home/***/.local/lib/python3.10/site-packages/***/cli/commands/daemon_utils.py", line 86, in run_command_with_daemon_option
    callback()
  File "/home/***/.local/lib/python3.10/site-packages/***/cli/commands/scheduler_command.py", line 59, in <lambda>
    callback=lambda: _run_scheduler_job(args),
  File "/home/***/.local/lib/python3.10/site-packages/***/cli/commands/scheduler_command.py", line 47, in _run_scheduler_job
    run_job(job=job_runner.job, execute_callable=job_runner._execute)
  File "/home/***/.local/lib/python3.10/site-packages/***/utils/session.py", line 97, in wrapper
    return func(*args, session=session, **kwargs)
  File "/home/***/.local/lib/python3.10/site-packages/***/jobs/job.py", line 421, in run_job
    return execute_job(job, execute_callable=execute_callable)
  File "/home/***/.local/lib/python3.10/site-packages/***/jobs/job.py", line 450, in execute_job
    ret = execute_callable()
  File "/home/***/.local/lib/python3.10/site-packages/***/jobs/scheduler_job_runner.py", line 990, in _execute
    executor.start()
  File "/home/***/.local/lib/python3.10/site-packages/***/executors/local_executor.py", line 392, in start
    self.impl.start()
  File "/home/***/.local/lib/python3.10/site-packages/***/executors/local_executor.py", line 330, in start
    worker.start()
  File "/usr/local/lib/python3.10/multiprocessing/process.py", line 121, in start
    self._popen = self._Popen(self)
  File "/usr/local/lib/python3.10/multiprocessing/context.py", line 224, in _Popen
    return _default_context.get_context().Process._Popen(process_obj)
  File "/usr/local/lib/python3.10/multiprocessing/context.py", line 281, in _Popen
    return Popen(process_obj)
  File "/usr/local/lib/python3.10/multiprocessing/popen_fork.py", line 19, in __init__
    self._launch(process_obj)
  File "/usr/local/lib/python3.10/multiprocessing/popen_fork.py", line 71, in _launch
    code = process_obj._bootstrap(parent_sentinel=child_r)
  File "/usr/local/lib/python3.10/multiprocessing/process.py", line 314, in _bootstrap
    self.run()
  File "/home/***/.local/lib/python3.10/site-packages/***/executors/local_executor.py", line 80, in run
    return super().run()
  File "/usr/local/lib/python3.10/multiprocessing/process.py", line 108, in run
    self._target(*self._args, **self._kwargs)
  File "/home/***/.local/lib/python3.10/site-packages/***/traces/tracer.py", line 58, in wrapper
    return func(*args, **kwargs)
  File "/home/***/.local/lib/python3.10/site-packages/***/executors/local_executor.py", line 211, in do_work
    self.execute_work(key=key, command=command)
  File "/home/***/.local/lib/python3.10/site-packages/***/traces/tracer.py", line 58, in wrapper
    return func(*args, **kwargs)
  File "/home/***/.local/lib/python3.10/site-packages/***/executors/local_executor.py", line 100, in execute_work
    state = self._execute_work_in_fork(command)
  File "/home/***/.local/lib/python3.10/site-packages/***/traces/tracer.py", line 58, in wrapper
    return func(*args, **kwargs)
  File "/home/***/.local/lib/python3.10/site-packages/***/executors/local_executor.py", line 142, in _execute_work_in_fork
    args.func(args)
  File "/home/***/.local/lib/python3.10/site-packages/***/cli/cli_config.py", line 49, in command
    return func(*args, **kwargs)
  File "/home/***/.local/lib/python3.10/site-packages/***/utils/cli.py", line 116, in wrapper
    return f(*args, **kwargs)
  File "/home/***/.local/lib/python3.10/site-packages/***/cli/commands/task_command.py", line 483, in task_run
    task_return_code = _run_task_by_selected_method(args, _dag, ti)
  File "/home/***/.local/lib/python3.10/site-packages/***/cli/commands/task_command.py", line 254, in _run_task_by_selected_method
    return _run_task_by_local_task_job(args, ti)
  File "/home/***/.local/lib/python3.10/site-packages/***/cli/commands/task_command.py", line 322, in _run_task_by_local_task_job
    ret = run_job(job=job_runner.job, execute_callable=job_runner._execute)
  File "/home/***/.local/lib/python3.10/site-packages/***/utils/session.py", line 97, in wrapper
    return func(*args, session=session, **kwargs)
  File "/home/***/.local/lib/python3.10/site-packages/***/jobs/job.py", line 421, in run_job
    return execute_job(job, execute_callable=execute_callable)
  File "/home/***/.local/lib/python3.10/site-packages/***/jobs/job.py", line 450, in execute_job
    ret = execute_callable()
  File "/home/***/.local/lib/python3.10/site-packages/***/jobs/local_task_job_runner.py", line 171, in _execute
    self.task_runner.start()
  File "/home/***/.local/lib/python3.10/site-packages/***/task/task_runner/standard_task_runner.py", line 55, in start
    self.process = self._start_by_fork()
  File "/home/***/.local/lib/python3.10/site-packages/***/task/task_runner/standard_task_runner.py", line 117, in _start_by_fork
    ret = args.func(args, dag=self.dag)
  File "/home/***/.local/lib/python3.10/site-packages/***/cli/cli_config.py", line 49, in command
    return func(*args, **kwargs)
  File "/home/***/.local/lib/python3.10/site-packages/***/utils/cli.py", line 116, in wrapper
    return f(*args, **kwargs)
  File "/home/***/.local/lib/python3.10/site-packages/***/cli/commands/task_command.py", line 483, in task_run
    task_return_code = _run_task_by_selected_method(args, _dag, ti)
  File "/home/***/.local/lib/python3.10/site-packages/***/cli/commands/task_command.py", line 256, in _run_task_by_selected_method
    return _run_raw_task(args, ti)
  File "/home/***/.local/lib/python3.10/site-packages/***/cli/commands/task_command.py", line 341, in _run_raw_task
    return ti._run_raw_task(
  File "/home/***/.local/lib/python3.10/site-packages/***/utils/session.py", line 97, in wrapper
    return func(*args, session=session, **kwargs)
  File "/home/***/.local/lib/python3.10/site-packages/***/models/taskinstance.py", line 3006, in _run_raw_task
    return _run_raw_task(
  File "/home/***/.local/lib/python3.10/site-packages/***/models/taskinstance.py", line 274, in _run_raw_task
    TaskInstance._execute_task_with_callbacks(
  File "/home/***/.local/lib/python3.10/site-packages/***/models/taskinstance.py", line 3161, in _execute_task_with_callbacks
    result = self._execute_task(context, task_orig)
  File "/home/***/.local/lib/python3.10/site-packages/***/models/taskinstance.py", line 3185, in _execute_task
    return _execute_task(self, context, task_orig)
  File "/home/***/.local/lib/python3.10/site-packages/***/models/taskinstance.py", line 763, in _execute_task
    result = _execute_callable(context=context, **execute_callable_kwargs)
  File "/home/***/.local/lib/python3.10/site-packages/***/models/taskinstance.py", line 734, in _execute_callable
    return ExecutionCallableRunner(
  File "/home/***/.local/lib/python3.10/site-packages/***/utils/operator_helpers.py", line 252, in run
    return self.func(*args, **kwargs)
  File "/home/***/.local/lib/python3.10/site-packages/***/models/baseoperator.py", line 424, in wrapper
    return func(self, *args, **kwargs)
  File "/home/***/.local/lib/python3.10/site-packages/***/operators/python.py", line 238, in execute
    return_value = self.execute_callable()
  File "/home/***/.local/lib/python3.10/site-packages/***/operators/python.py", line 256, in execute_callable
    return runner.run(*self.op_args, **self.op_kwargs)
  File "/home/***/.local/lib/python3.10/site-packages/***/utils/operator_helpers.py", line 252, in run
    return self.func(*args, **kwargs)
  File "/opt/***/dags/split_web_scraping.py", line 186, in run_scraper
    daerah, negeri, harga_min, harga_maks = scrape_additional_data(link)
  File "/opt/***/dags/split_web_scraping.py", line 41, in scrape_additional_data
    response = requests.get(link, timeout=10)
  File "/home/***/.local/lib/python3.10/site-packages/requests/api.py", line 73, in get
    return request("get", url, params=params, **kwargs)
  File "/home/***/.local/lib/python3.10/site-packages/requests/api.py", line 59, in request
    return session.request(method=method, url=url, **kwargs)
  File "/home/***/.local/lib/python3.10/site-packages/requests/sessions.py", line 589, in request
    resp = self.send(prep, **send_kwargs)
  File "/home/***/.local/lib/python3.10/site-packages/requests/sessions.py", line 703, in send
    r = adapter.send(request, **kwargs)
  File "/home/***/.local/lib/python3.10/site-packages/requests/adapters.py", line 667, in send
    resp = conn.urlopen(
  File "/home/***/.local/lib/python3.10/site-packages/urllib3/connectionpool.py", line 787, in urlopen
    response = self._make_request(
  File "/home/***/.local/lib/python3.10/site-packages/urllib3/connectionpool.py", line 464, in _make_request
    self._validate_conn(conn)
  File "/home/***/.local/lib/python3.10/site-packages/urllib3/connectionpool.py", line 1093, in _validate_conn
    conn.connect()
  File "/home/***/.local/lib/python3.10/site-packages/urllib3/connection.py", line 741, in connect
    sock_and_verified = _ssl_wrap_socket_and_match_hostname(
  File "/home/***/.local/lib/python3.10/site-packages/urllib3/connection.py", line 920, in _ssl_wrap_socket_and_match_hostname
    ssl_sock = ssl_wrap_socket(
  File "/home/***/.local/lib/python3.10/site-packages/urllib3/util/ssl_.py", line 460, in ssl_wrap_socket
    ssl_sock = _ssl_wrap_socket_impl(sock, context, tls_in_tls, server_hostname)
  File "/home/***/.local/lib/python3.10/site-packages/urllib3/util/ssl_.py", line 504, in _ssl_wrap_socket_impl
    return ssl_context.wrap_socket(sock, server_hostname=server_hostname)
  File "/usr/local/lib/python3.10/ssl.py", line 513, in wrap_socket
    return self.sslsocket_class._create(
  File "/usr/local/lib/python3.10/ssl.py", line 1104, in _create
    self.do_handshake()
  File "/usr/local/lib/python3.10/ssl.py", line 1375, in do_handshake
    self._sslobj.do_handshake()
  File "/home/***/.local/lib/python3.10/site-packages/***/models/taskinstance.py", line 3095, in signal_handler
    self.log.error("Stacktrace: \n%s", "".join(traceback.format_stack()))

[2025-03-27T17:01:59.701+0000] {taskinstance.py:3313} ERROR - Task failed with exception
Traceback (most recent call last):
  File "/home/airflow/.local/lib/python3.10/site-packages/airflow/models/taskinstance.py", line 763, in _execute_task
    result = _execute_callable(context=context, **execute_callable_kwargs)
  File "/home/airflow/.local/lib/python3.10/site-packages/airflow/models/taskinstance.py", line 734, in _execute_callable
    return ExecutionCallableRunner(
  File "/home/airflow/.local/lib/python3.10/site-packages/airflow/utils/operator_helpers.py", line 252, in run
    return self.func(*args, **kwargs)
  File "/home/airflow/.local/lib/python3.10/site-packages/airflow/models/baseoperator.py", line 424, in wrapper
    return func(self, *args, **kwargs)
  File "/home/airflow/.local/lib/python3.10/site-packages/airflow/operators/python.py", line 238, in execute
    return_value = self.execute_callable()
  File "/home/airflow/.local/lib/python3.10/site-packages/airflow/operators/python.py", line 256, in execute_callable
    return runner.run(*self.op_args, **self.op_kwargs)
  File "/home/airflow/.local/lib/python3.10/site-packages/airflow/utils/operator_helpers.py", line 252, in run
    return self.func(*args, **kwargs)
  File "/opt/airflow/dags/split_web_scraping.py", line 186, in run_scraper
    daerah, negeri, harga_min, harga_maks = scrape_additional_data(link)
  File "/opt/airflow/dags/split_web_scraping.py", line 41, in scrape_additional_data
    response = requests.get(link, timeout=10)
  File "/home/airflow/.local/lib/python3.10/site-packages/requests/api.py", line 73, in get
    return request("get", url, params=params, **kwargs)
  File "/home/airflow/.local/lib/python3.10/site-packages/requests/api.py", line 59, in request
    return session.request(method=method, url=url, **kwargs)
  File "/home/airflow/.local/lib/python3.10/site-packages/requests/sessions.py", line 589, in request
    resp = self.send(prep, **send_kwargs)
  File "/home/airflow/.local/lib/python3.10/site-packages/requests/sessions.py", line 703, in send
    r = adapter.send(request, **kwargs)
  File "/home/airflow/.local/lib/python3.10/site-packages/requests/adapters.py", line 667, in send
    resp = conn.urlopen(
  File "/home/airflow/.local/lib/python3.10/site-packages/urllib3/connectionpool.py", line 787, in urlopen
    response = self._make_request(
  File "/home/airflow/.local/lib/python3.10/site-packages/urllib3/connectionpool.py", line 464, in _make_request
    self._validate_conn(conn)
  File "/home/airflow/.local/lib/python3.10/site-packages/urllib3/connectionpool.py", line 1093, in _validate_conn
    conn.connect()
  File "/home/airflow/.local/lib/python3.10/site-packages/urllib3/connection.py", line 741, in connect
    sock_and_verified = _ssl_wrap_socket_and_match_hostname(
  File "/home/airflow/.local/lib/python3.10/site-packages/urllib3/connection.py", line 920, in _ssl_wrap_socket_and_match_hostname
    ssl_sock = ssl_wrap_socket(
  File "/home/airflow/.local/lib/python3.10/site-packages/urllib3/util/ssl_.py", line 460, in ssl_wrap_socket
    ssl_sock = _ssl_wrap_socket_impl(sock, context, tls_in_tls, server_hostname)
  File "/home/airflow/.local/lib/python3.10/site-packages/urllib3/util/ssl_.py", line 504, in _ssl_wrap_socket_impl
    return ssl_context.wrap_socket(sock, server_hostname=server_hostname)
  File "/usr/local/lib/python3.10/ssl.py", line 513, in wrap_socket
    return self.sslsocket_class._create(
  File "/usr/local/lib/python3.10/ssl.py", line 1104, in _create
    self.do_handshake()
  File "/usr/local/lib/python3.10/ssl.py", line 1375, in do_handshake
    self._sslobj.do_handshake()
  File "/home/airflow/.local/lib/python3.10/site-packages/airflow/models/taskinstance.py", line 3097, in signal_handler
    raise AirflowTaskTerminated("Task received SIGTERM signal")
airflow.exceptions.AirflowTaskTerminated: Task received SIGTERM signal
[2025-03-27T17:01:59.858+0000] {taskinstance.py:1226} INFO - Marking task as UP_FOR_RETRY. dag_id=split_web_scraping_v01, task_id=scrape_and_store, run_id=manual__2025-03-27T15:09:22.551183+00:00, execution_date=20250327T150922, start_date=20250327T161928, end_date=20250327T170159
[2025-03-27T17:02:02.192+0000] {taskinstance.py:341} INFO - ::group::Post task execution logs
[2025-03-27T17:02:02.339+0000] {process_utils.py:80} INFO - Process psutil.Process(pid=20271, status='terminated', exitcode=2, started='16:19:27') (20271) terminated with exit code 2
