[2025-03-27T17:42:10.217+0000] {local_task_job_runner.py:123} INFO - ::group::Pre task execution logs
[2025-03-27T17:42:10.240+0000] {taskinstance.py:2614} INFO - Dependencies all met for dep_context=non-requeueable deps ti=<TaskInstance: split_web_scraping_v01.scrape_and_store manual__2025-03-27T15:09:22.551183+00:00 [queued]>
[2025-03-27T17:42:10.249+0000] {taskinstance.py:2614} INFO - Dependencies all met for dep_context=requeueable deps ti=<TaskInstance: split_web_scraping_v01.scrape_and_store manual__2025-03-27T15:09:22.551183+00:00 [queued]>
[2025-03-27T17:42:10.250+0000] {taskinstance.py:2867} INFO - Starting attempt 5 of 6
[2025-03-27T17:42:10.267+0000] {taskinstance.py:2890} INFO - Executing <Task(PythonOperator): scrape_and_store> on 2025-03-27 15:09:22.551183+00:00
[2025-03-27T17:42:10.272+0000] {standard_task_runner.py:72} INFO - Started process 22421 to run task
[2025-03-27T17:42:10.277+0000] {standard_task_runner.py:104} INFO - Running: ['***', 'tasks', 'run', 'split_web_scraping_v01', 'scrape_and_store', 'manual__2025-03-27T15:09:22.551183+00:00', '--job-id', '81', '--raw', '--subdir', 'DAGS_FOLDER/split_web_scraping.py', '--cfg-path', '/tmp/tmplawxpvf0']
[2025-03-27T17:42:10.282+0000] {standard_task_runner.py:105} INFO - Job 81: Subtask scrape_and_store
[2025-03-27T17:42:10.345+0000] {task_command.py:467} INFO - Running <TaskInstance: split_web_scraping_v01.scrape_and_store manual__2025-03-27T15:09:22.551183+00:00 [running]> on host c79bd584e644
[2025-03-27T17:42:10.449+0000] {taskinstance.py:3134} INFO - Exporting env vars: AIRFLOW_CTX_DAG_OWNER='waiyong' AIRFLOW_CTX_DAG_ID='split_web_scraping_v01' AIRFLOW_CTX_TASK_ID='scrape_and_store' AIRFLOW_CTX_EXECUTION_DATE='2025-03-27T15:09:22.551183+00:00' AIRFLOW_CTX_TRY_NUMBER='5' AIRFLOW_CTX_DAG_RUN_ID='manual__2025-03-27T15:09:22.551183+00:00'
[2025-03-27T17:42:10.452+0000] {taskinstance.py:732} INFO - ::endgroup::
[2025-03-27T17:42:10.481+0000] {logging_mixin.py:190} INFO - Processing batch 1: pages 1 to 10
[2025-03-27T17:42:10.482+0000] {logging_mixin.py:190} INFO - Scraping page 1...
[2025-03-27T17:42:25.056+0000] {logging_mixin.py:190} INFO - Scraping page 2...
[2025-03-27T17:42:40.531+0000] {logging_mixin.py:190} INFO - Scraping page 3...
[2025-03-27T17:43:00.375+0000] {logging_mixin.py:190} INFO - Scraping page 4...
[2025-03-27T17:43:15.922+0000] {logging_mixin.py:190} INFO - Scraping page 5...
[2025-03-27T17:43:34.159+0000] {logging_mixin.py:190} INFO - Scraping page 6...
[2025-03-27T17:43:48.861+0000] {logging_mixin.py:190} INFO - Scraping page 7...
[2025-03-27T17:44:03.274+0000] {logging_mixin.py:190} INFO - Scraping page 8...
[2025-03-27T17:44:18.227+0000] {logging_mixin.py:190} INFO - Scraping page 9...
[2025-03-27T17:44:32.963+0000] {logging_mixin.py:190} INFO - Scraping page 10...
[2025-03-27T17:44:54.172+0000] {logging_mixin.py:190} INFO - Error scraping https://teduh.kpkt.gov.my/project-swasta/30563-1: HTTPSConnectionPool(host='teduh.kpkt.gov.my', port=443): Max retries exceeded with url: /project-swasta/30563-1 (Caused by ConnectTimeoutError(<urllib3.connection.HTTPSConnection object at 0x7fca6876cc40>, 'Connection to teduh.kpkt.gov.my timed out. (connect timeout=10)'))
[2025-03-27T17:44:57.277+0000] {logging_mixin.py:190} INFO - Columns before rename: ['BIL.', 'KOD PROJEK', 'PEMAJU', 'PROJEK', 'NO. PERMIT', 'STATUS PROJEK KESELURUHAN', 'RINGKASAN PROJEK', 'Daerah Projek', 'Negeri Projek', 'Harga Minimum (RM)', 'Harga Maksimum (RM)']
[2025-03-27T17:44:57.294+0000] {logging_mixin.py:190} INFO -   Bil  ...                                  RINGKASAN PROJEK
0   1  ...  https://teduh.kpkt.gov.my/project-swasta/30969-1
1   2  ...  https://teduh.kpkt.gov.my/project-swasta/30946-1
2   3  ...  https://teduh.kpkt.gov.my/project-swasta/30937-1
3   4  ...  https://teduh.kpkt.gov.my/project-swasta/30921-1
4   5  ...  https://teduh.kpkt.gov.my/project-swasta/30920-1
5   6  ...  https://teduh.kpkt.gov.my/project-swasta/30914-1
6   7  ...  https://teduh.kpkt.gov.my/project-swasta/30913-1
7   8  ...  https://teduh.kpkt.gov.my/project-swasta/30909-1
8   9  ...  https://teduh.kpkt.gov.my/project-swasta/30908-1
9  10  ...  https://teduh.kpkt.gov.my/project-swasta/30902-1

[10 rows x 11 columns]
[2025-03-27T17:44:57.300+0000] {logging_mixin.py:190} INFO - CSV file created: /tmp/construction_20250327_batch_1_pages_1_10.csv
[2025-03-27T17:44:57.365+0000] {logging_mixin.py:190} INFO - Uploaded /tmp/construction_20250327_batch_1_pages_1_10.csv to minio://construction-web-scraping/teduh/construction_20250327_batch_1_pages_1_10.csv
[2025-03-27T17:44:57.366+0000] {logging_mixin.py:190} INFO - Batch 1 processed with 250 rows.
[2025-03-27T17:44:57.381+0000] {logging_mixin.py:190} INFO - Processing batch 2: pages 11 to 20
[2025-03-27T17:44:57.383+0000] {logging_mixin.py:190} INFO - Scraping page 11...
[2025-03-27T17:45:12.006+0000] {logging_mixin.py:190} INFO - Scraping page 12...
[2025-03-27T17:45:27.202+0000] {logging_mixin.py:190} INFO - Scraping page 13...
[2025-03-27T17:45:41.057+0000] {logging_mixin.py:190} INFO - Scraping page 14...
[2025-03-27T17:45:59.103+0000] {logging_mixin.py:190} INFO - Scraping page 15...
[2025-03-27T17:46:14.831+0000] {logging_mixin.py:190} INFO - Scraping page 16...
[2025-03-27T17:46:30.001+0000] {logging_mixin.py:190} INFO - Scraping page 17...
[2025-03-27T17:46:44.518+0000] {logging_mixin.py:190} INFO - Scraping page 18...
[2025-03-27T17:47:03.577+0000] {logging_mixin.py:190} INFO - Scraping page 19...
[2025-03-27T17:47:17.438+0000] {logging_mixin.py:190} INFO - Scraping page 20...
[2025-03-27T17:47:32.568+0000] {logging_mixin.py:190} INFO - Columns before rename: ['BIL.', 'KOD PROJEK', 'PEMAJU', 'PROJEK', 'NO. PERMIT', 'STATUS PROJEK KESELURUHAN', 'RINGKASAN PROJEK', 'Daerah Projek', 'Negeri Projek', 'Harga Minimum (RM)', 'Harga Maksimum (RM)']
[2025-03-27T17:47:32.583+0000] {logging_mixin.py:190} INFO -    Bil  ...                                  RINGKASAN PROJEK
0  251  ...  https://teduh.kpkt.gov.my/project-swasta/30557-1
1  252  ...  https://teduh.kpkt.gov.my/project-swasta/30555-1
2  253  ...  https://teduh.kpkt.gov.my/project-swasta/30552-2
3  254  ...  https://teduh.kpkt.gov.my/project-swasta/30552-1
4  255  ...  https://teduh.kpkt.gov.my/project-swasta/30550-1
5  256  ...  https://teduh.kpkt.gov.my/project-swasta/30549-1
6  257  ...  https://teduh.kpkt.gov.my/project-swasta/30548-4
7  258  ...  https://teduh.kpkt.gov.my/project-swasta/30548-3
8  259  ...  https://teduh.kpkt.gov.my/project-swasta/30548-2
9  260  ...  https://teduh.kpkt.gov.my/project-swasta/30548-1

[10 rows x 11 columns]
[2025-03-27T17:47:32.586+0000] {logging_mixin.py:190} INFO - CSV file created: /tmp/construction_20250327_batch_2_pages_11_20.csv
[2025-03-27T17:47:32.668+0000] {logging_mixin.py:190} INFO - Uploaded /tmp/construction_20250327_batch_2_pages_11_20.csv to minio://construction-web-scraping/teduh/construction_20250327_batch_2_pages_11_20.csv
[2025-03-27T17:47:32.669+0000] {logging_mixin.py:190} INFO - Batch 2 processed with 250 rows.
[2025-03-27T17:47:32.687+0000] {logging_mixin.py:190} INFO - Processing batch 3: pages 21 to 30
[2025-03-27T17:47:32.689+0000] {logging_mixin.py:190} INFO - Scraping page 21...
[2025-03-27T17:47:49.922+0000] {logging_mixin.py:190} INFO - Scraping page 22...
[2025-03-27T17:48:08.255+0000] {logging_mixin.py:190} INFO - Scraping page 23...
[2025-03-27T17:48:28.953+0000] {logging_mixin.py:190} INFO - Scraping page 24...
[2025-03-27T17:48:44.687+0000] {logging_mixin.py:190} INFO - Scraping page 25...
[2025-03-27T17:48:58.842+0000] {logging_mixin.py:190} INFO - Scraping page 26...
[2025-03-27T17:49:13.787+0000] {logging_mixin.py:190} INFO - Scraping page 27...
[2025-03-27T17:49:29.983+0000] {logging_mixin.py:190} INFO - Scraping page 28...
[2025-03-27T17:49:45.405+0000] {logging_mixin.py:190} INFO - Scraping page 29...
[2025-03-27T17:50:00.830+0000] {logging_mixin.py:190} INFO - Scraping page 30...
[2025-03-27T17:50:15.578+0000] {logging_mixin.py:190} INFO - Columns before rename: ['BIL.', 'KOD PROJEK', 'PEMAJU', 'PROJEK', 'NO. PERMIT', 'STATUS PROJEK KESELURUHAN', 'RINGKASAN PROJEK', 'Daerah Projek', 'Negeri Projek', 'Harga Minimum (RM)', 'Harga Maksimum (RM)']
[2025-03-27T17:50:15.596+0000] {logging_mixin.py:190} INFO -    Bil  ...                                  RINGKASAN PROJEK
0  501  ...  https://teduh.kpkt.gov.my/project-swasta/30306-4
1  502  ...  https://teduh.kpkt.gov.my/project-swasta/30306-3
2  503  ...  https://teduh.kpkt.gov.my/project-swasta/30306-2
3  504  ...  https://teduh.kpkt.gov.my/project-swasta/30306-1
4  505  ...  https://teduh.kpkt.gov.my/project-swasta/30305-1
5  506  ...  https://teduh.kpkt.gov.my/project-swasta/30304-1
6  507  ...  https://teduh.kpkt.gov.my/project-swasta/30303-1
7  508  ...  https://teduh.kpkt.gov.my/project-swasta/30302-1
8  509  ...  https://teduh.kpkt.gov.my/project-swasta/30301-1
9  510  ...  https://teduh.kpkt.gov.my/project-swasta/30300-2

[10 rows x 11 columns]
[2025-03-27T17:50:15.600+0000] {logging_mixin.py:190} INFO - CSV file created: /tmp/construction_20250327_batch_3_pages_21_30.csv
[2025-03-27T17:50:15.663+0000] {logging_mixin.py:190} INFO - Uploaded /tmp/construction_20250327_batch_3_pages_21_30.csv to minio://construction-web-scraping/teduh/construction_20250327_batch_3_pages_21_30.csv
[2025-03-27T17:50:15.664+0000] {logging_mixin.py:190} INFO - Batch 3 processed with 250 rows.
[2025-03-27T17:50:15.678+0000] {logging_mixin.py:190} INFO - Processing batch 4: pages 31 to 40
[2025-03-27T17:50:15.680+0000] {logging_mixin.py:190} INFO - Scraping page 31...
[2025-03-27T17:50:30.863+0000] {logging_mixin.py:190} INFO - Scraping page 32...
[2025-03-27T17:50:44.901+0000] {logging_mixin.py:190} INFO - Scraping page 33...
[2025-03-27T17:50:59.803+0000] {logging_mixin.py:190} INFO - Scraping page 34...
[2025-03-27T17:51:16.117+0000] {logging_mixin.py:190} INFO - Scraping page 35...
[2025-03-27T17:51:35.146+0000] {logging_mixin.py:190} INFO - Error scraping https://teduh.kpkt.gov.my/project-swasta/30004-1: HTTPSConnectionPool(host='teduh.kpkt.gov.my', port=443): Max retries exceeded with url: /project-swasta/30004-1 (Caused by ConnectTimeoutError(<urllib3.connection.HTTPSConnection object at 0x7fca68648e80>, 'Connection to teduh.kpkt.gov.my timed out. (connect timeout=10)'))
[2025-03-27T17:51:39.123+0000] {logging_mixin.py:190} INFO - Scraping page 36...
[2025-03-27T17:51:53.098+0000] {logging_mixin.py:190} INFO - Scraping page 37...
[2025-03-27T17:52:09.454+0000] {logging_mixin.py:190} INFO - Scraping page 38...
[2025-03-27T17:52:22.283+0000] {logging_mixin.py:190} INFO - Scraping page 39...
[2025-03-27T17:52:35.330+0000] {logging_mixin.py:190} INFO - Scraping page 40...
[2025-03-27T17:52:47.861+0000] {logging_mixin.py:190} INFO - Columns before rename: ['BIL.', 'KOD PROJEK', 'PEMAJU', 'PROJEK', 'NO. PERMIT', 'STATUS PROJEK KESELURUHAN', 'RINGKASAN PROJEK', 'Daerah Projek', 'Negeri Projek', 'Harga Minimum (RM)', 'Harga Maksimum (RM)']
[2025-03-27T17:52:47.880+0000] {logging_mixin.py:190} INFO -    Bil  ...                                  RINGKASAN PROJEK
0  751  ...  https://teduh.kpkt.gov.my/project-swasta/30101-3
1  752  ...  https://teduh.kpkt.gov.my/project-swasta/30101-2
2  753  ...  https://teduh.kpkt.gov.my/project-swasta/30101-1
3  754  ...  https://teduh.kpkt.gov.my/project-swasta/30100-3
4  755  ...  https://teduh.kpkt.gov.my/project-swasta/30100-2
5  756  ...  https://teduh.kpkt.gov.my/project-swasta/30100-1
6  757  ...  https://teduh.kpkt.gov.my/project-swasta/30099-1
7  758  ...  https://teduh.kpkt.gov.my/project-swasta/30097-1
8  759  ...  https://teduh.kpkt.gov.my/project-swasta/30096-1
9  760  ...  https://teduh.kpkt.gov.my/project-swasta/30095-1

[10 rows x 11 columns]
[2025-03-27T17:52:47.883+0000] {logging_mixin.py:190} INFO - CSV file created: /tmp/construction_20250327_batch_4_pages_31_40.csv
[2025-03-27T17:52:47.948+0000] {logging_mixin.py:190} INFO - Uploaded /tmp/construction_20250327_batch_4_pages_31_40.csv to minio://construction-web-scraping/teduh/construction_20250327_batch_4_pages_31_40.csv
[2025-03-27T17:52:47.949+0000] {logging_mixin.py:190} INFO - Batch 4 processed with 250 rows.
[2025-03-27T17:52:47.962+0000] {logging_mixin.py:190} INFO - Processing batch 5: pages 41 to 50
[2025-03-27T17:52:47.964+0000] {logging_mixin.py:190} INFO - Scraping page 41...
[2025-03-27T17:53:00.783+0000] {logging_mixin.py:190} INFO - Scraping page 42...
[2025-03-27T17:53:14.425+0000] {logging_mixin.py:190} INFO - Scraping page 43...
[2025-03-27T17:53:27.103+0000] {logging_mixin.py:190} INFO - Scraping page 44...
[2025-03-27T17:53:39.717+0000] {logging_mixin.py:190} INFO - Scraping page 45...
[2025-03-27T17:53:53.216+0000] {logging_mixin.py:190} INFO - Scraping page 46...
[2025-03-27T17:54:05.961+0000] {logging_mixin.py:190} INFO - Scraping page 47...
[2025-03-27T17:54:18.930+0000] {logging_mixin.py:190} INFO - Scraping page 48...
[2025-03-27T17:54:31.142+0000] {logging_mixin.py:190} INFO - Scraping page 49...
[2025-03-27T17:54:47.907+0000] {logging_mixin.py:190} INFO - Error scraping https://teduh.kpkt.gov.my/project-swasta/20053-1: HTTPSConnectionPool(host='teduh.kpkt.gov.my', port=443): Max retries exceeded with url: /project-swasta/20053-1 (Caused by ConnectTimeoutError(<urllib3.connection.HTTPSConnection object at 0x7fca685a7c40>, 'Connection to teduh.kpkt.gov.my timed out. (connect timeout=10)'))
[2025-03-27T17:54:54.439+0000] {logging_mixin.py:190} INFO - Scraping page 50...
[2025-03-27T17:55:07.384+0000] {logging_mixin.py:190} INFO - Columns before rename: ['BIL.', 'KOD PROJEK', 'PEMAJU', 'PROJEK', 'NO. PERMIT', 'STATUS PROJEK KESELURUHAN', 'RINGKASAN PROJEK', 'Daerah Projek', 'Negeri Projek', 'Harga Minimum (RM)', 'Harga Maksimum (RM)']
[2025-03-27T17:55:07.398+0000] {logging_mixin.py:190} INFO -     Bil  ...                                  RINGKASAN PROJEK
0  1001  ...  https://teduh.kpkt.gov.my/project-swasta/20179-1
1  1002  ...  https://teduh.kpkt.gov.my/project-swasta/20178-2
2  1003  ...  https://teduh.kpkt.gov.my/project-swasta/20178-1
3  1004  ...  https://teduh.kpkt.gov.my/project-swasta/20177-1
4  1005  ...  https://teduh.kpkt.gov.my/project-swasta/20176-1
5  1006  ...  https://teduh.kpkt.gov.my/project-swasta/20175-2
6  1007  ...  https://teduh.kpkt.gov.my/project-swasta/20175-1
7  1008  ...  https://teduh.kpkt.gov.my/project-swasta/20174-1
8  1009  ...  https://teduh.kpkt.gov.my/project-swasta/20173-3
9  1010  ...  https://teduh.kpkt.gov.my/project-swasta/20173-2

[10 rows x 11 columns]
[2025-03-27T17:55:07.401+0000] {logging_mixin.py:190} INFO - CSV file created: /tmp/construction_20250327_batch_5_pages_41_50.csv
[2025-03-27T17:55:07.464+0000] {logging_mixin.py:190} INFO - Uploaded /tmp/construction_20250327_batch_5_pages_41_50.csv to minio://construction-web-scraping/teduh/construction_20250327_batch_5_pages_41_50.csv
[2025-03-27T17:55:07.465+0000] {logging_mixin.py:190} INFO - Batch 5 processed with 250 rows.
[2025-03-27T17:55:07.477+0000] {logging_mixin.py:190} INFO - Processing batch 6: pages 51 to 60
[2025-03-27T17:55:07.479+0000] {logging_mixin.py:190} INFO - Scraping page 51...
[2025-03-27T17:55:20.418+0000] {logging_mixin.py:190} INFO - Scraping page 52...
[2025-03-27T17:55:33.592+0000] {logging_mixin.py:190} INFO - Scraping page 53...
[2025-03-27T17:55:46.686+0000] {logging_mixin.py:190} INFO - Scraping page 54...
[2025-03-27T17:56:02.376+0000] {logging_mixin.py:190} INFO - Scraping page 55...
[2025-03-27T17:56:15.399+0000] {logging_mixin.py:190} INFO - Scraping page 56...
[2025-03-27T17:56:28.046+0000] {logging_mixin.py:190} INFO - Scraping page 57...
[2025-03-27T17:56:42.076+0000] {logging_mixin.py:190} INFO - Scraping page 58...
[2025-03-27T17:56:56.509+0000] {logging_mixin.py:190} INFO - Scraping page 59...
[2025-03-27T17:57:10.334+0000] {logging_mixin.py:190} INFO - Scraping page 60...
[2025-03-27T17:57:24.525+0000] {logging_mixin.py:190} INFO - Columns before rename: ['BIL.', 'KOD PROJEK', 'PEMAJU', 'PROJEK', 'NO. PERMIT', 'STATUS PROJEK KESELURUHAN', 'RINGKASAN PROJEK', 'Daerah Projek', 'Negeri Projek', 'Harga Minimum (RM)', 'Harga Maksimum (RM)']
[2025-03-27T17:57:24.542+0000] {logging_mixin.py:190} INFO -     Bil  ...                                  RINGKASAN PROJEK
0  1251  ...  https://teduh.kpkt.gov.my/project-swasta/20030-1
1  1252  ...  https://teduh.kpkt.gov.my/project-swasta/20029-1
2  1253  ...  https://teduh.kpkt.gov.my/project-swasta/20028-1
3  1254  ...  https://teduh.kpkt.gov.my/project-swasta/20027-2
4  1255  ...  https://teduh.kpkt.gov.my/project-swasta/20027-1
5  1256  ...  https://teduh.kpkt.gov.my/project-swasta/20026-3
6  1257  ...  https://teduh.kpkt.gov.my/project-swasta/20026-2
7  1258  ...  https://teduh.kpkt.gov.my/project-swasta/20026-1
8  1259  ...  https://teduh.kpkt.gov.my/project-swasta/20025-1
9  1260  ...  https://teduh.kpkt.gov.my/project-swasta/20024-1

[10 rows x 11 columns]
[2025-03-27T17:57:24.545+0000] {logging_mixin.py:190} INFO - CSV file created: /tmp/construction_20250327_batch_6_pages_51_60.csv
[2025-03-27T17:57:24.612+0000] {logging_mixin.py:190} INFO - Uploaded /tmp/construction_20250327_batch_6_pages_51_60.csv to minio://construction-web-scraping/teduh/construction_20250327_batch_6_pages_51_60.csv
[2025-03-27T17:57:24.613+0000] {logging_mixin.py:190} INFO - Batch 6 processed with 250 rows.
[2025-03-27T17:57:24.625+0000] {logging_mixin.py:190} INFO - Processing batch 7: pages 61 to 70
[2025-03-27T17:57:24.627+0000] {logging_mixin.py:190} INFO - Scraping page 61...
[2025-03-27T17:57:39.665+0000] {logging_mixin.py:190} INFO - Scraping page 62...
[2025-03-27T17:57:55.006+0000] {logging_mixin.py:190} INFO - Scraping page 63...
[2025-03-27T17:58:11.571+0000] {logging_mixin.py:190} INFO - Scraping page 64...
[2025-03-27T17:58:27.077+0000] {logging_mixin.py:190} INFO - Scraping page 65...
[2025-03-27T17:58:42.059+0000] {logging_mixin.py:190} INFO - Scraping page 66...
[2025-03-27T17:58:56.205+0000] {logging_mixin.py:190} INFO - Scraping page 67...
[2025-03-27T17:59:09.631+0000] {logging_mixin.py:190} INFO - Scraping page 68...
[2025-03-27T17:59:24.451+0000] {logging_mixin.py:190} INFO - Scraping page 69...
[2025-03-27T17:59:38.892+0000] {logging_mixin.py:190} INFO - Scraping page 70...
[2025-03-27T17:59:51.950+0000] {logging_mixin.py:190} INFO - Columns before rename: ['BIL.', 'KOD PROJEK', 'PEMAJU', 'PROJEK', 'NO. PERMIT', 'STATUS PROJEK KESELURUHAN', 'RINGKASAN PROJEK', 'Daerah Projek', 'Negeri Projek', 'Harga Minimum (RM)', 'Harga Maksimum (RM)']
[2025-03-27T17:59:51.964+0000] {logging_mixin.py:190} INFO -     Bil  ...                                  RINGKASAN PROJEK
0  1501  ...  https://teduh.kpkt.gov.my/project-swasta/19878-1
1  1502  ...  https://teduh.kpkt.gov.my/project-swasta/19877-1
2  1503  ...  https://teduh.kpkt.gov.my/project-swasta/19876-1
3  1504  ...  https://teduh.kpkt.gov.my/project-swasta/19875-1
4  1505  ...  https://teduh.kpkt.gov.my/project-swasta/19874-1
5  1506  ...  https://teduh.kpkt.gov.my/project-swasta/19873-2
6  1507  ...  https://teduh.kpkt.gov.my/project-swasta/19873-1
7  1508  ...  https://teduh.kpkt.gov.my/project-swasta/19872-1
8  1509  ...  https://teduh.kpkt.gov.my/project-swasta/19871-2
9  1510  ...  https://teduh.kpkt.gov.my/project-swasta/19871-1

[10 rows x 11 columns]
[2025-03-27T17:59:51.968+0000] {logging_mixin.py:190} INFO - CSV file created: /tmp/construction_20250327_batch_7_pages_61_70.csv
[2025-03-27T17:59:52.029+0000] {logging_mixin.py:190} INFO - Uploaded /tmp/construction_20250327_batch_7_pages_61_70.csv to minio://construction-web-scraping/teduh/construction_20250327_batch_7_pages_61_70.csv
[2025-03-27T17:59:52.031+0000] {logging_mixin.py:190} INFO - Batch 7 processed with 250 rows.
[2025-03-27T17:59:52.044+0000] {logging_mixin.py:190} INFO - Processing batch 8: pages 71 to 80
[2025-03-27T17:59:52.045+0000] {logging_mixin.py:190} INFO - Scraping page 71...
[2025-03-27T18:00:09.291+0000] {logging_mixin.py:190} INFO - Scraping page 72...
[2025-03-27T18:00:23.598+0000] {logging_mixin.py:190} INFO - Scraping page 73...
[2025-03-27T18:00:50.412+0000] {logging_mixin.py:190} INFO - Error scraping https://teduh.kpkt.gov.my/project-swasta/19712-1: HTTPSConnectionPool(host='teduh.kpkt.gov.my', port=443): Max retries exceeded with url: /project-swasta/19712-1 (Caused by ConnectTimeoutError(<urllib3.connection.HTTPSConnection object at 0x7fca68649120>, 'Connection to teduh.kpkt.gov.my timed out. (connect timeout=10)'))
[2025-03-27T18:00:52.585+0000] {logging_mixin.py:190} INFO - Scraping page 74...
[2025-03-27T18:01:12.899+0000] {logging_mixin.py:190} INFO - Scraping page 75...
[2025-03-27T18:01:26.481+0000] {logging_mixin.py:190} INFO - Scraping page 76...
[2025-03-27T18:01:39.266+0000] {logging_mixin.py:190} INFO - Scraping page 77...
[2025-03-27T18:01:53.862+0000] {logging_mixin.py:190} INFO - Scraping page 78...
[2025-03-27T18:02:11.804+0000] {logging_mixin.py:190} INFO - Scraping page 79...
[2025-03-27T18:02:26.122+0000] {logging_mixin.py:190} INFO - Scraping page 80...
[2025-03-27T18:02:41.102+0000] {logging_mixin.py:190} INFO - Columns before rename: ['BIL.', 'KOD PROJEK', 'PEMAJU', 'PROJEK', 'NO. PERMIT', 'STATUS PROJEK KESELURUHAN', 'RINGKASAN PROJEK', 'Daerah Projek', 'Negeri Projek', 'Harga Minimum (RM)', 'Harga Maksimum (RM)']
[2025-03-27T18:02:41.116+0000] {logging_mixin.py:190} INFO -     Bil  ...                                   RINGKASAN PROJEK
0  1751  ...   https://teduh.kpkt.gov.my/project-swasta/19738-1
1  1752  ...   https://teduh.kpkt.gov.my/project-swasta/19737-3
2  1753  ...   https://teduh.kpkt.gov.my/project-swasta/19737-2
3  1754  ...   https://teduh.kpkt.gov.my/project-swasta/19737-1
4  1755  ...   https://teduh.kpkt.gov.my/project-swasta/19736-1
5  1756  ...  https://teduh.kpkt.gov.my/project-swasta/19735-16
6  1757  ...  https://teduh.kpkt.gov.my/project-swasta/19735-15
7  1758  ...  https://teduh.kpkt.gov.my/project-swasta/19735-14
8  1759  ...  https://teduh.kpkt.gov.my/project-swasta/19735-13
9  1760  ...  https://teduh.kpkt.gov.my/project-swasta/19735-12

[10 rows x 11 columns]
[2025-03-27T18:02:41.120+0000] {logging_mixin.py:190} INFO - CSV file created: /tmp/construction_20250327_batch_8_pages_71_80.csv
[2025-03-27T18:02:41.188+0000] {logging_mixin.py:190} INFO - Uploaded /tmp/construction_20250327_batch_8_pages_71_80.csv to minio://construction-web-scraping/teduh/construction_20250327_batch_8_pages_71_80.csv
[2025-03-27T18:02:41.189+0000] {logging_mixin.py:190} INFO - Batch 8 processed with 250 rows.
[2025-03-27T18:02:41.202+0000] {logging_mixin.py:190} INFO - Processing batch 9: pages 81 to 90
[2025-03-27T18:02:41.204+0000] {logging_mixin.py:190} INFO - Scraping page 81...
[2025-03-27T18:18:05.272+0000] {logging_mixin.py:190} INFO - Error scraping https://teduh.kpkt.gov.my/project-swasta/19596-1: HTTPSConnectionPool(host='teduh.kpkt.gov.my', port=443): Read timed out. (read timeout=10)
[2025-03-27T18:18:05.574+0000] {job.py:229} INFO - Heartbeat recovered after 902.80 seconds
[2025-03-27T18:18:06.756+0000] {logging_mixin.py:190} INFO - Scraping page 82...
[2025-03-27T18:18:32.995+0000] {logging_mixin.py:190} INFO - Error scraping https://teduh.kpkt.gov.my/project-swasta/19588-11: HTTPSConnectionPool(host='teduh.kpkt.gov.my', port=443): Max retries exceeded with url: /project-swasta/19588-11 (Caused by NameResolutionError("<urllib3.connection.HTTPSConnection object at 0x7fca681404c0>: Failed to resolve 'teduh.kpkt.gov.my' ([Errno -2] Name or service not known)"))
[2025-03-28T03:15:48.583+0000] {job.py:229} INFO - Heartbeat recovered after 32257.95 seconds
[2025-03-28T03:15:48.801+0000] {local_task_job_runner.py:228} ERROR - Heartbeat time limit exceeded!
[2025-03-28T03:15:48.839+0000] {logging_mixin.py:190} INFO - Error scraping https://teduh.kpkt.gov.my/project-swasta/19588-10: HTTPSConnectionPool(host='teduh.kpkt.gov.my', port=443): Max retries exceeded with url: /project-swasta/19588-10 (Caused by NameResolutionError("<urllib3.connection.HTTPSConnection object at 0x7fca6864af20>: Failed to resolve 'teduh.kpkt.gov.my' ([Errno -2] Name or service not known)"))
[2025-03-28T03:15:48.883+0000] {local_task_job_runner.py:245} INFO - ::endgroup::
[2025-03-28T03:15:48.916+0000] {process_utils.py:132} INFO - Sending 15 to group 22421. PIDs of all processes in the group: [22421]
[2025-03-28T03:15:48.962+0000] {logging_mixin.py:190} INFO - Error scraping https://teduh.kpkt.gov.my/project-swasta/19588-9: HTTPSConnectionPool(host='teduh.kpkt.gov.my', port=443): Max retries exceeded with url: /project-swasta/19588-9 (Caused by NameResolutionError("<urllib3.connection.HTTPSConnection object at 0x7fca68d95ae0>: Failed to resolve 'teduh.kpkt.gov.my' ([Errno -2] Name or service not known)"))
[2025-03-28T03:15:49.026+0000] {process_utils.py:87} INFO - Sending the signal 15 to group 22421
[2025-03-28T03:15:49.080+0000] {taskinstance.py:3094} ERROR - Received SIGTERM. Terminating subprocesses.
[2025-03-28T03:15:49.252+0000] {taskinstance.py:3095} ERROR - Stacktrace: 
  File "/home/***/.local/bin/***", line 8, in <module>
    sys.exit(main())
  File "/home/***/.local/lib/python3.10/site-packages/***/__main__.py", line 62, in main
    args.func(args)
  File "/home/***/.local/lib/python3.10/site-packages/***/cli/cli_config.py", line 49, in command
    return func(*args, **kwargs)
  File "/home/***/.local/lib/python3.10/site-packages/***/utils/cli.py", line 116, in wrapper
    return f(*args, **kwargs)
  File "/home/***/.local/lib/python3.10/site-packages/***/utils/providers_configuration_loader.py", line 55, in wrapped_function
    return func(*args, **kwargs)
  File "/home/***/.local/lib/python3.10/site-packages/***/cli/commands/scheduler_command.py", line 56, in scheduler
    run_command_with_daemon_option(
  File "/home/***/.local/lib/python3.10/site-packages/***/cli/commands/daemon_utils.py", line 86, in run_command_with_daemon_option
    callback()
  File "/home/***/.local/lib/python3.10/site-packages/***/cli/commands/scheduler_command.py", line 59, in <lambda>
    callback=lambda: _run_scheduler_job(args),
  File "/home/***/.local/lib/python3.10/site-packages/***/cli/commands/scheduler_command.py", line 47, in _run_scheduler_job
    run_job(job=job_runner.job, execute_callable=job_runner._execute)
  File "/home/***/.local/lib/python3.10/site-packages/***/utils/session.py", line 97, in wrapper
    return func(*args, session=session, **kwargs)
  File "/home/***/.local/lib/python3.10/site-packages/***/jobs/job.py", line 421, in run_job
    return execute_job(job, execute_callable=execute_callable)
  File "/home/***/.local/lib/python3.10/site-packages/***/jobs/job.py", line 450, in execute_job
    ret = execute_callable()
  File "/home/***/.local/lib/python3.10/site-packages/***/jobs/scheduler_job_runner.py", line 990, in _execute
    executor.start()
  File "/home/***/.local/lib/python3.10/site-packages/***/executors/local_executor.py", line 392, in start
    self.impl.start()
  File "/home/***/.local/lib/python3.10/site-packages/***/executors/local_executor.py", line 330, in start
    worker.start()
  File "/usr/local/lib/python3.10/multiprocessing/process.py", line 121, in start
    self._popen = self._Popen(self)
  File "/usr/local/lib/python3.10/multiprocessing/context.py", line 224, in _Popen
    return _default_context.get_context().Process._Popen(process_obj)
  File "/usr/local/lib/python3.10/multiprocessing/context.py", line 281, in _Popen
    return Popen(process_obj)
  File "/usr/local/lib/python3.10/multiprocessing/popen_fork.py", line 19, in __init__
    self._launch(process_obj)
  File "/usr/local/lib/python3.10/multiprocessing/popen_fork.py", line 71, in _launch
    code = process_obj._bootstrap(parent_sentinel=child_r)
  File "/usr/local/lib/python3.10/multiprocessing/process.py", line 314, in _bootstrap
    self.run()
  File "/home/***/.local/lib/python3.10/site-packages/***/executors/local_executor.py", line 80, in run
    return super().run()
  File "/usr/local/lib/python3.10/multiprocessing/process.py", line 108, in run
    self._target(*self._args, **self._kwargs)
  File "/home/***/.local/lib/python3.10/site-packages/***/traces/tracer.py", line 58, in wrapper
    return func(*args, **kwargs)
  File "/home/***/.local/lib/python3.10/site-packages/***/executors/local_executor.py", line 211, in do_work
    self.execute_work(key=key, command=command)
  File "/home/***/.local/lib/python3.10/site-packages/***/traces/tracer.py", line 58, in wrapper
    return func(*args, **kwargs)
  File "/home/***/.local/lib/python3.10/site-packages/***/executors/local_executor.py", line 100, in execute_work
    state = self._execute_work_in_fork(command)
  File "/home/***/.local/lib/python3.10/site-packages/***/traces/tracer.py", line 58, in wrapper
    return func(*args, **kwargs)
  File "/home/***/.local/lib/python3.10/site-packages/***/executors/local_executor.py", line 142, in _execute_work_in_fork
    args.func(args)
  File "/home/***/.local/lib/python3.10/site-packages/***/cli/cli_config.py", line 49, in command
    return func(*args, **kwargs)
  File "/home/***/.local/lib/python3.10/site-packages/***/utils/cli.py", line 116, in wrapper
    return f(*args, **kwargs)
  File "/home/***/.local/lib/python3.10/site-packages/***/cli/commands/task_command.py", line 483, in task_run
    task_return_code = _run_task_by_selected_method(args, _dag, ti)
  File "/home/***/.local/lib/python3.10/site-packages/***/cli/commands/task_command.py", line 254, in _run_task_by_selected_method
    return _run_task_by_local_task_job(args, ti)
  File "/home/***/.local/lib/python3.10/site-packages/***/cli/commands/task_command.py", line 322, in _run_task_by_local_task_job
    ret = run_job(job=job_runner.job, execute_callable=job_runner._execute)
  File "/home/***/.local/lib/python3.10/site-packages/***/utils/session.py", line 97, in wrapper
    return func(*args, session=session, **kwargs)
  File "/home/***/.local/lib/python3.10/site-packages/***/jobs/job.py", line 421, in run_job
    return execute_job(job, execute_callable=execute_callable)
  File "/home/***/.local/lib/python3.10/site-packages/***/jobs/job.py", line 450, in execute_job
    ret = execute_callable()
  File "/home/***/.local/lib/python3.10/site-packages/***/jobs/local_task_job_runner.py", line 171, in _execute
    self.task_runner.start()
  File "/home/***/.local/lib/python3.10/site-packages/***/task/task_runner/standard_task_runner.py", line 55, in start
    self.process = self._start_by_fork()
  File "/home/***/.local/lib/python3.10/site-packages/***/task/task_runner/standard_task_runner.py", line 117, in _start_by_fork
    ret = args.func(args, dag=self.dag)
  File "/home/***/.local/lib/python3.10/site-packages/***/cli/cli_config.py", line 49, in command
    return func(*args, **kwargs)
  File "/home/***/.local/lib/python3.10/site-packages/***/utils/cli.py", line 116, in wrapper
    return f(*args, **kwargs)
  File "/home/***/.local/lib/python3.10/site-packages/***/cli/commands/task_command.py", line 483, in task_run
    task_return_code = _run_task_by_selected_method(args, _dag, ti)
  File "/home/***/.local/lib/python3.10/site-packages/***/cli/commands/task_command.py", line 256, in _run_task_by_selected_method
    return _run_raw_task(args, ti)
  File "/home/***/.local/lib/python3.10/site-packages/***/cli/commands/task_command.py", line 341, in _run_raw_task
    return ti._run_raw_task(
  File "/home/***/.local/lib/python3.10/site-packages/***/utils/session.py", line 97, in wrapper
    return func(*args, session=session, **kwargs)
  File "/home/***/.local/lib/python3.10/site-packages/***/models/taskinstance.py", line 3006, in _run_raw_task
    return _run_raw_task(
  File "/home/***/.local/lib/python3.10/site-packages/***/models/taskinstance.py", line 274, in _run_raw_task
    TaskInstance._execute_task_with_callbacks(
  File "/home/***/.local/lib/python3.10/site-packages/***/models/taskinstance.py", line 3161, in _execute_task_with_callbacks
    result = self._execute_task(context, task_orig)
  File "/home/***/.local/lib/python3.10/site-packages/***/models/taskinstance.py", line 3185, in _execute_task
    return _execute_task(self, context, task_orig)
  File "/home/***/.local/lib/python3.10/site-packages/***/models/taskinstance.py", line 763, in _execute_task
    result = _execute_callable(context=context, **execute_callable_kwargs)
  File "/home/***/.local/lib/python3.10/site-packages/***/models/taskinstance.py", line 734, in _execute_callable
    return ExecutionCallableRunner(
  File "/home/***/.local/lib/python3.10/site-packages/***/utils/operator_helpers.py", line 252, in run
    return self.func(*args, **kwargs)
  File "/home/***/.local/lib/python3.10/site-packages/***/models/baseoperator.py", line 424, in wrapper
    return func(self, *args, **kwargs)
  File "/home/***/.local/lib/python3.10/site-packages/***/operators/python.py", line 238, in execute
    return_value = self.execute_callable()
  File "/home/***/.local/lib/python3.10/site-packages/***/operators/python.py", line 256, in execute_callable
    return runner.run(*self.op_args, **self.op_kwargs)
  File "/home/***/.local/lib/python3.10/site-packages/***/utils/operator_helpers.py", line 252, in run
    return self.func(*args, **kwargs)
  File "/opt/***/dags/split_web_scraping.py", line 186, in run_scraper
    daerah, negeri, harga_min, harga_maks = scrape_additional_data(link)
  File "/opt/***/dags/split_web_scraping.py", line 41, in scrape_additional_data
    response = requests.get(link, timeout=10)
  File "/home/***/.local/lib/python3.10/site-packages/requests/api.py", line 73, in get
    return request("get", url, params=params, **kwargs)
  File "/home/***/.local/lib/python3.10/site-packages/requests/api.py", line 59, in request
    return session.request(method=method, url=url, **kwargs)
  File "/home/***/.local/lib/python3.10/site-packages/requests/sessions.py", line 589, in request
    resp = self.send(prep, **send_kwargs)
  File "/home/***/.local/lib/python3.10/site-packages/requests/sessions.py", line 703, in send
    r = adapter.send(request, **kwargs)
  File "/home/***/.local/lib/python3.10/site-packages/requests/adapters.py", line 667, in send
    resp = conn.urlopen(
  File "/home/***/.local/lib/python3.10/site-packages/urllib3/connectionpool.py", line 787, in urlopen
    response = self._make_request(
  File "/home/***/.local/lib/python3.10/site-packages/urllib3/connectionpool.py", line 464, in _make_request
    self._validate_conn(conn)
  File "/home/***/.local/lib/python3.10/site-packages/urllib3/connectionpool.py", line 1093, in _validate_conn
    conn.connect()
  File "/home/***/.local/lib/python3.10/site-packages/urllib3/connection.py", line 704, in connect
    self.sock = sock = self._new_conn()
  File "/home/***/.local/lib/python3.10/site-packages/urllib3/connection.py", line 198, in _new_conn
    sock = connection.create_connection(
  File "/home/***/.local/lib/python3.10/site-packages/***/models/taskinstance.py", line 3095, in signal_handler
    self.log.error("Stacktrace: \n%s", "".join(traceback.format_stack()))

[2025-03-28T03:15:49.280+0000] {taskinstance.py:3313} ERROR - Task failed with exception
Traceback (most recent call last):
  File "/home/airflow/.local/lib/python3.10/site-packages/urllib3/connection.py", line 198, in _new_conn
    sock = connection.create_connection(
  File "/home/airflow/.local/lib/python3.10/site-packages/urllib3/util/connection.py", line 60, in create_connection
    for res in socket.getaddrinfo(host, port, family, socket.SOCK_STREAM):
  File "/usr/local/lib/python3.10/socket.py", line 967, in getaddrinfo
    for res in _socket.getaddrinfo(host, port, family, type, proto, flags):
socket.gaierror: [Errno -2] Name or service not known

During handling of the above exception, another exception occurred:

Traceback (most recent call last):
  File "/home/airflow/.local/lib/python3.10/site-packages/airflow/models/taskinstance.py", line 763, in _execute_task
    result = _execute_callable(context=context, **execute_callable_kwargs)
  File "/home/airflow/.local/lib/python3.10/site-packages/airflow/models/taskinstance.py", line 734, in _execute_callable
    return ExecutionCallableRunner(
  File "/home/airflow/.local/lib/python3.10/site-packages/airflow/utils/operator_helpers.py", line 252, in run
    return self.func(*args, **kwargs)
  File "/home/airflow/.local/lib/python3.10/site-packages/airflow/models/baseoperator.py", line 424, in wrapper
    return func(self, *args, **kwargs)
  File "/home/airflow/.local/lib/python3.10/site-packages/airflow/operators/python.py", line 238, in execute
    return_value = self.execute_callable()
  File "/home/airflow/.local/lib/python3.10/site-packages/airflow/operators/python.py", line 256, in execute_callable
    return runner.run(*self.op_args, **self.op_kwargs)
  File "/home/airflow/.local/lib/python3.10/site-packages/airflow/utils/operator_helpers.py", line 252, in run
    return self.func(*args, **kwargs)
  File "/opt/airflow/dags/split_web_scraping.py", line 186, in run_scraper
    daerah, negeri, harga_min, harga_maks = scrape_additional_data(link)
  File "/opt/airflow/dags/split_web_scraping.py", line 41, in scrape_additional_data
    response = requests.get(link, timeout=10)
  File "/home/airflow/.local/lib/python3.10/site-packages/requests/api.py", line 73, in get
    return request("get", url, params=params, **kwargs)
  File "/home/airflow/.local/lib/python3.10/site-packages/requests/api.py", line 59, in request
    return session.request(method=method, url=url, **kwargs)
  File "/home/airflow/.local/lib/python3.10/site-packages/requests/sessions.py", line 589, in request
    resp = self.send(prep, **send_kwargs)
  File "/home/airflow/.local/lib/python3.10/site-packages/requests/sessions.py", line 703, in send
    r = adapter.send(request, **kwargs)
  File "/home/airflow/.local/lib/python3.10/site-packages/requests/adapters.py", line 667, in send
    resp = conn.urlopen(
  File "/home/airflow/.local/lib/python3.10/site-packages/urllib3/connectionpool.py", line 787, in urlopen
    response = self._make_request(
  File "/home/airflow/.local/lib/python3.10/site-packages/urllib3/connectionpool.py", line 464, in _make_request
    self._validate_conn(conn)
  File "/home/airflow/.local/lib/python3.10/site-packages/urllib3/connectionpool.py", line 1093, in _validate_conn
    conn.connect()
  File "/home/airflow/.local/lib/python3.10/site-packages/urllib3/connection.py", line 704, in connect
    self.sock = sock = self._new_conn()
  File "/home/airflow/.local/lib/python3.10/site-packages/urllib3/connection.py", line 198, in _new_conn
    sock = connection.create_connection(
  File "/home/airflow/.local/lib/python3.10/site-packages/airflow/models/taskinstance.py", line 3097, in signal_handler
    raise AirflowTaskTerminated("Task received SIGTERM signal")
airflow.exceptions.AirflowTaskTerminated: Task received SIGTERM signal
[2025-03-28T03:15:49.294+0000] {taskinstance.py:1226} INFO - Marking task as UP_FOR_RETRY. dag_id=split_web_scraping_v01, task_id=scrape_and_store, run_id=manual__2025-03-27T15:09:22.551183+00:00, execution_date=20250327T150922, start_date=20250327T174210, end_date=20250328T031549
[2025-03-28T03:15:49.351+0000] {taskinstance.py:341} INFO - ::group::Post task execution logs
[2025-03-28T03:15:49.400+0000] {process_utils.py:80} INFO - Process psutil.Process(pid=22421, status='terminated', exitcode=2, started='17:42:09') (22421) terminated with exit code 2
